[ 2018-12-19T08:58:11+08:00 ] ::1 /PHPstormProject/thinkphp/Hotel/index.php/admin/login/index
INFO: [ app_init ] --START--
INFO: Run Behavior\BuildLiteBehavior [ RunTime:0.000016s ]
INFO: [ app_init ] --END-- [ RunTime:0.000513s ]
INFO: [ app_begin ] --START--
INFO: Run Behavior\ReadHtmlCacheBehavior [ RunTime:0.001040s ]
INFO: [ app_begin ] --END-- [ RunTime:0.001121s ]
INFO: [ view_parse ] --START--
INFO: [ template_filter ] --START--
INFO: Run Behavior\ContentReplaceBehavior [ RunTime:0.001242s ]
INFO: [ template_filter ] --END-- [ RunTime:0.001319s ]
INFO: Run Behavior\ParseTemplateBehavior [ RunTime:0.014047s ]
INFO: [ view_parse ] --END-- [ RunTime:0.014105s ]
INFO: [ view_filter ] --START--
INFO: Run Behavior\WriteHtmlCacheBehavior [ RunTime:0.000381s ]
INFO: [ view_filter ] --END-- [ RunTime:0.000408s ]
INFO: [ app_end ] --START--
INFO: Run Behavior\ShowPageTraceBehavior [ RunTime:0.000446s ]
INFO: [ app_end ] --END-- [ RunTime:0.000477s ]

[ 2018-12-19T08:58:16+08:00 ] ::1 /PHPstormProject/thinkphp/Hotel/index.php/admin/login/adminLogin
INFO: [ app_init ] --START--
INFO: Run Behavior\BuildLiteBehavior [ RunTime:0.000014s ]
INFO: [ app_init ] --END-- [ RunTime:0.000517s ]
INFO: [ app_begin ] --START--
INFO: Run Behavior\ReadHtmlCacheBehavior [ RunTime:0.000966s ]
INFO: [ app_begin ] --END-- [ RunTime:0.001054s ]
SQL: SHOW COLUMNS FROM `m_admin` [ RunTime:0.0259s ]
SQL: SELECT * FROM `m_admin` WHERE ( Aname='admin' ) LIMIT 1   [ RunTime:0.0036s ]
INFO: [ view_parse ] --START--
INFO: [ template_filter ] --START--
INFO: Run Behavior\ContentReplaceBehavior [ RunTime:0.000030s ]
INFO: [ template_filter ] --END-- [ RunTime:0.000071s ]
INFO: Run Behavior\ParseTemplateBehavior [ RunTime:0.007421s ]
INFO: [ view_parse ] --END-- [ RunTime:0.007486s ]
INFO: [ view_filter ] --START--
INFO: Run Behavior\WriteHtmlCacheBehavior [ RunTime:0.000417s ]
INFO: [ view_filter ] --END-- [ RunTime:0.000463s ]
INFO: [ app_end ] --START--
INFO: Run Behavior\ShowPageTraceBehavior [ RunTime:0.000717s ]
INFO: [ app_end ] --END-- [ RunTime:0.000769s ]

[ 2018-12-19T08:58:17+08:00 ] ::1 /PHPstormProject/thinkphp/Hotel/index.php/Admin/Room/index.html
INFO: [ app_init ] --START--
INFO: Run Behavior\BuildLiteBehavior [ RunTime:0.000028s ]
INFO: [ app_init ] --END-- [ RunTime:0.000545s ]
INFO: [ app_begin ] --START--
INFO: Run Behavior\ReadHtmlCacheBehavior [ RunTime:0.000568s ]
INFO: [ app_begin ] --END-- [ RunTime:0.000628s ]
SQL: SHOW COLUMNS FROM `m_room` [ RunTime:0.0084s ]
SQL: SELECT COUNT(*) AS tp_count FROM `m_room` LIMIT 1   [ RunTime:0.0017s ]
SQL: SELECT * FROM `m_room` LIMIT 0,5   [ RunTime:0.0004s ]
INFO: [ view_parse ] --START--
INFO: [ template_filter ] --START--
INFO: Run Behavior\ContentReplaceBehavior [ RunTime:0.000050s ]
INFO: [ template_filter ] --END-- [ RunTime:0.000089s ]
NOTIC: [8] Undefined variable: emp D:\XAMPP\htdocs\PHPstormProject\thinkphp\Hotel\Application\Runtime\Cache\Admin\78d1d27db5d632d58daa3a77f8a974bb.php 第 81 行.
NOTIC: [8] Undefined variable: emp D:\XAMPP\htdocs\PHPstormProject\thinkphp\Hotel\Application\Runtime\Cache\Admin\78d1d27db5d632d58daa3a77f8a974bb.php 第 84 行.
NOTIC: [8] Undefined variable: emp D:\XAMPP\htdocs\PHPstormProject\thinkphp\Hotel\Application\Runtime\Cache\Admin\78d1d27db5d632d58daa3a77f8a974bb.php 第 81 行.
NOTIC: [8] Undefined variable: emp D:\XAMPP\htdocs\PHPstormProject\thinkphp\Hotel\Application\Runtime\Cache\Admin\78d1d27db5d632d58daa3a77f8a974bb.php 第 84 行.
INFO: Run Behavior\ParseTemplateBehavior [ RunTime:0.012235s ]
INFO: [ view_parse ] --END-- [ RunTime:0.012275s ]
INFO: [ view_filter ] --START--
INFO: Run Behavior\WriteHtmlCacheBehavior [ RunTime:0.000226s ]
INFO: [ view_filter ] --END-- [ RunTime:0.000267s ]
INFO: [ app_end ] --START--
INFO: Run Behavior\ShowPageTraceBehavior [ RunTime:0.000340s ]
INFO: [ app_end ] --END-- [ RunTime:0.000371s ]

[ 2018-12-19T16:43:47+08:00 ] ::1 /PHPstormProject/thinkphp/Hotel/index.php/admin/login/index
INFO: [ app_init ] --START--
INFO: Run Behavior\BuildLiteBehavior [ RunTime:0.000013s ]
INFO: [ app_init ] --END-- [ RunTime:0.000477s ]
INFO: [ app_begin ] --START--
INFO: Run Behavior\ReadHtmlCacheBehavior [ RunTime:0.000840s ]
INFO: [ app_begin ] --END-- [ RunTime:0.000925s ]
INFO: [ view_parse ] --START--
INFO: [ template_filter ] --START--
INFO: Run Behavior\ContentReplaceBehavior [ RunTime:0.001418s ]
INFO: [ template_filter ] --END-- [ RunTime:0.001500s ]
INFO: Run Behavior\ParseTemplateBehavior [ RunTime:0.013637s ]
INFO: [ view_parse ] --END-- [ RunTime:0.013701s ]
INFO: [ view_filter ] --START--
INFO: Run Behavior\WriteHtmlCacheBehavior [ RunTime:0.000351s ]
INFO: [ view_filter ] --END-- [ RunTime:0.000380s ]
INFO: [ app_end ] --START--
INFO: Run Behavior\ShowPageTraceBehavior [ RunTime:0.000469s ]
INFO: [ app_end ] --END-- [ RunTime:0.000499s ]

[ 2018-12-19T16:43:50+08:00 ] ::1 /PHPstormProject/thinkphp/Hotel/index.php/admin/login/adminLogin
INFO: [ app_init ] --START--
INFO: Run Behavior\BuildLiteBehavior [ RunTime:0.000010s ]
INFO: [ app_init ] --END-- [ RunTime:0.000383s ]
INFO: [ app_begin ] --START--
INFO: Run Behavior\ReadHtmlCacheBehavior [ RunTime:0.000526s ]
INFO: [ app_begin ] --END-- [ RunTime:0.000565s ]
SQL: SHOW COLUMNS FROM `m_admin` [ RunTime:0.0276s ]
SQL: SELECT * FROM `m_admin` WHERE ( Aname='admin' ) LIMIT 1   [ RunTime:0.0035s ]
INFO: [ view_parse ] --START--
INFO: [ template_filter ] --START--
INFO: Run Behavior\ContentReplaceBehavior [ RunTime:0.000029s ]
INFO: [ template_filter ] --END-- [ RunTime:0.000067s ]
INFO: Run Behavior\ParseTemplateBehavior [ RunTime:0.006465s ]
INFO: [ view_parse ] --END-- [ RunTime:0.006515s ]
INFO: [ view_filter ] --START--
INFO: Run Behavior\WriteHtmlCacheBehavior [ RunTime:0.000318s ]
INFO: [ view_filter ] --END-- [ RunTime:0.000360s ]
INFO: [ app_end ] --START--
INFO: Run Behavior\ShowPageTraceBehavior [ RunTime:0.000457s ]
INFO: [ app_end ] --END-- [ RunTime:0.000485s ]

[ 2018-12-19T16:43:51+08:00 ] ::1 /PHPstormProject/thinkphp/Hotel/index.php/Admin/Room/index.html
INFO: [ app_init ] --START--
INFO: Run Behavior\BuildLiteBehavior [ RunTime:0.000010s ]
INFO: [ app_init ] --END-- [ RunTime:0.000314s ]
INFO: [ app_begin ] --START--
INFO: Run Behavior\ReadHtmlCacheBehavior [ RunTime:0.000794s ]
INFO: [ app_begin ] --END-- [ RunTime:0.000892s ]
SQL: SHOW COLUMNS FROM `m_room` [ RunTime:0.0070s ]
SQL: SELECT COUNT(*) AS tp_count FROM `m_room` LIMIT 1   [ RunTime:0.0019s ]
SQL: SELECT * FROM `m_room` LIMIT 0,5   [ RunTime:0.0004s ]
INFO: [ view_parse ] --START--
INFO: [ template_filter ] --START--
INFO: Run Behavior\ContentReplaceBehavior [ RunTime:0.000048s ]
INFO: [ template_filter ] --END-- [ RunTime:0.000105s ]
NOTIC: [8] Undefined variable: emp D:\XAMPP\htdocs\PHPstormProject\thinkphp\Hotel\Application\Runtime\Cache\Admin\78d1d27db5d632d58daa3a77f8a974bb.php 第 81 行.
NOTIC: [8] Undefined variable: emp D:\XAMPP\htdocs\PHPstormProject\thinkphp\Hotel\Application\Runtime\Cache\Admin\78d1d27db5d632d58daa3a77f8a974bb.php 第 84 行.
NOTIC: [8] Undefined variable: emp D:\XAMPP\htdocs\PHPstormProject\thinkphp\Hotel\Application\Runtime\Cache\Admin\78d1d27db5d632d58daa3a77f8a974bb.php 第 81 行.
NOTIC: [8] Undefined variable: emp D:\XAMPP\htdocs\PHPstormProject\thinkphp\Hotel\Application\Runtime\Cache\Admin\78d1d27db5d632d58daa3a77f8a974bb.php 第 84 行.
INFO: Run Behavior\ParseTemplateBehavior [ RunTime:0.013630s ]
INFO: [ view_parse ] --END-- [ RunTime:0.013687s ]
INFO: [ view_filter ] --START--
INFO: Run Behavior\WriteHtmlCacheBehavior [ RunTime:0.000231s ]
INFO: [ view_filter ] --END-- [ RunTime:0.000256s ]
INFO: [ app_end ] --START--
INFO: Run Behavior\ShowPageTraceBehavior [ RunTime:0.000391s ]
INFO: [ app_end ] --END-- [ RunTime:0.000419s ]

[ 2018-12-19T16:43:53+08:00 ] ::1 /PHPstormProject/thinkphp/Hotel/index.php/Admin/room/add.html
INFO: [ app_init ] --START--
INFO: Run Behavior\BuildLiteBehavior [ RunTime:0.000009s ]
INFO: [ app_init ] --END-- [ RunTime:0.000264s ]
INFO: [ app_begin ] --START--
INFO: Run Behavior\ReadHtmlCacheBehavior [ RunTime:0.000756s ]
INFO: [ app_begin ] --END-- [ RunTime:0.000861s ]
INFO: [ view_parse ] --START--
INFO: [ template_filter ] --START--
INFO: Run Behavior\ContentReplaceBehavior [ RunTime:0.000039s ]
INFO: [ template_filter ] --END-- [ RunTime:0.000105s ]
INFO: Run Behavior\ParseTemplateBehavior [ RunTime:0.010467s ]
INFO: [ view_parse ] --END-- [ RunTime:0.010528s ]
INFO: [ view_filter ] --START--
INFO: Run Behavior\WriteHtmlCacheBehavior [ RunTime:0.000204s ]
INFO: [ view_filter ] --END-- [ RunTime:0.000230s ]
INFO: [ app_end ] --START--
INFO: Run Behavior\ShowPageTraceBehavior [ RunTime:0.000344s ]
INFO: [ app_end ] --END-- [ RunTime:0.000374s ]

[ 2018-12-19T16:43:57+08:00 ] ::1 /PHPstormProject/thinkphp/Hotel/index.php/Admin/room/doadd
INFO: [ app_init ] --START--
INFO: Run Behavior\BuildLiteBehavior [ RunTime:0.000014s ]
INFO: [ app_init ] --END-- [ RunTime:0.000484s ]
INFO: [ app_begin ] --START--
INFO: Run Behavior\ReadHtmlCacheBehavior [ RunTime:0.000557s ]
INFO: [ app_begin ] --END-- [ RunTime:0.000630s ]
SQL: SHOW COLUMNS FROM `m_room` [ RunTime:0.0082s ]
NOTIC: [8] Undefined index: validate D:\XAMPP\htdocs\PHPstormProject\thinkphp\Hotel\ThinkPHP\Library\Think\Model.class.php 第 1185 行.
NOTIC: [8] Undefined index: auto D:\XAMPP\htdocs\PHPstormProject\thinkphp\Hotel\ThinkPHP\Library\Think\Model.class.php 第 1128 行.
SQL: INSERT INTO `m_room` (`Rname`,`Rprice`,`Rpicture`) VALUES ('套房','111','') [ RunTime:0.0042s ]
INFO: [ view_parse ] --START--
INFO: [ template_filter ] --START--
INFO: Run Behavior\ContentReplaceBehavior [ RunTime:0.000042s ]
INFO: [ template_filter ] --END-- [ RunTime:0.000080s ]
INFO: Run Behavior\ParseTemplateBehavior [ RunTime:0.005026s ]
INFO: [ view_parse ] --END-- [ RunTime:0.005072s ]
INFO: [ view_filter ] --START--
INFO: Run Behavior\WriteHtmlCacheBehavior [ RunTime:0.000195s ]
INFO: [ view_filter ] --END-- [ RunTime:0.000220s ]
INFO: [ app_end ] --START--
INFO: Run Behavior\ShowPageTraceBehavior [ RunTime:0.000392s ]
INFO: [ app_end ] --END-- [ RunTime:0.000420s ]

[ 2018-12-19T16:43:58+08:00 ] ::1 /PHPstormProject/thinkphp/Hotel/index.php/Admin/room/index.html
INFO: [ app_init ] --START--
INFO: Run Behavior\BuildLiteBehavior [ RunTime:0.000010s ]
INFO: [ app_init ] --END-- [ RunTime:0.000293s ]
INFO: [ app_begin ] --START--
INFO: Run Behavior\ReadHtmlCacheBehavior [ RunTime:0.000785s ]
INFO: [ app_begin ] --END-- [ RunTime:0.000859s ]
SQL: SHOW COLUMNS FROM `m_room` [ RunTime:0.0073s ]
SQL: SELECT COUNT(*) AS tp_count FROM `m_room` LIMIT 1   [ RunTime:0.0003s ]
SQL: SELECT * FROM `m_room` LIMIT 0,5   [ RunTime:0.0005s ]
INFO: [ view_parse ] --START--
INFO: [ template_filter ] --START--
INFO: Run Behavior\ContentReplaceBehavior [ RunTime:0.000077s ]
INFO: [ template_filter ] --END-- [ RunTime:0.000227s ]
NOTIC: [8] Undefined variable: emp D:\XAMPP\htdocs\PHPstormProject\thinkphp\Hotel\Application\Runtime\Cache\Admin\78d1d27db5d632d58daa3a77f8a974bb.php 第 81 行.
NOTIC: [8] Undefined variable: emp D:\XAMPP\htdocs\PHPstormProject\thinkphp\Hotel\Application\Runtime\Cache\Admin\78d1d27db5d632d58daa3a77f8a974bb.php 第 84 行.
NOTIC: [8] Undefined variable: emp D:\XAMPP\htdocs\PHPstormProject\thinkphp\Hotel\Application\Runtime\Cache\Admin\78d1d27db5d632d58daa3a77f8a974bb.php 第 81 行.
NOTIC: [8] Undefined variable: emp D:\XAMPP\htdocs\PHPstormProject\thinkphp\Hotel\Application\Runtime\Cache\Admin\78d1d27db5d632d58daa3a77f8a974bb.php 第 84 行.
NOTIC: [8] Undefined variable: emp D:\XAMPP\htdocs\PHPstormProject\thinkphp\Hotel\Application\Runtime\Cache\Admin\78d1d27db5d632d58daa3a77f8a974bb.php 第 81 行.
NOTIC: [8] Undefined variable: emp D:\XAMPP\htdocs\PHPstormProject\thinkphp\Hotel\Application\Runtime\Cache\Admin\78d1d27db5d632d58daa3a77f8a974bb.php 第 84 行.
INFO: Run Behavior\ParseTemplateBehavior [ RunTime:0.010015s ]
INFO: [ view_parse ] --END-- [ RunTime:0.010071s ]
INFO: [ view_filter ] --START--
INFO: Run Behavior\WriteHtmlCacheBehavior [ RunTime:0.000303s ]
INFO: [ view_filter ] --END-- [ RunTime:0.000349s ]
INFO: [ app_end ] --START--
INFO: Run Behavior\ShowPageTraceBehavior [ RunTime:0.000448s ]
INFO: [ app_end ] --END-- [ RunTime:0.000489s ]

[ 2018-12-19T16:44:02+08:00 ] ::1 /PHPstormProject/thinkphp/Hotel/index.php/Admin/room/delete?no=10
INFO: [ app_init ] --START--
INFO: Run Behavior\BuildLiteBehavior [ RunTime:0.000015s ]
INFO: [ app_init ] --END-- [ RunTime:0.000448s ]
INFO: [ app_begin ] --START--
INFO: Run Behavior\ReadHtmlCacheBehavior [ RunTime:0.000613s ]
INFO: [ app_begin ] --END-- [ RunTime:0.000695s ]
SQL: SHOW COLUMNS FROM `m_room` [ RunTime:0.0080s ]
SQL: DELETE FROM `m_room` WHERE `Rid` = 10 [ RunTime:0.0037s ]
INFO: [ view_parse ] --START--
INFO: [ template_filter ] --START--
INFO: Run Behavior\ContentReplaceBehavior [ RunTime:0.000031s ]
INFO: [ template_filter ] --END-- [ RunTime:0.000070s ]
INFO: Run Behavior\ParseTemplateBehavior [ RunTime:0.005884s ]
INFO: [ view_parse ] --END-- [ RunTime:0.005930s ]
INFO: [ view_filter ] --START--
INFO: Run Behavior\WriteHtmlCacheBehavior [ RunTime:0.000412s ]
INFO: [ view_filter ] --END-- [ RunTime:0.000462s ]
INFO: [ app_end ] --START--
INFO: Run Behavior\ShowPageTraceBehavior [ RunTime:0.001049s ]
INFO: [ app_end ] --END-- [ RunTime:0.001091s ]

[ 2018-12-19T16:44:03+08:00 ] ::1 /PHPstormProject/thinkphp/Hotel/index.php/Admin/room/index.html
INFO: [ app_init ] --START--
INFO: Run Behavior\BuildLiteBehavior [ RunTime:0.000018s ]
INFO: [ app_init ] --END-- [ RunTime:0.000712s ]
INFO: [ app_begin ] --START--
INFO: Run Behavior\ReadHtmlCacheBehavior [ RunTime:0.000584s ]
INFO: [ app_begin ] --END-- [ RunTime:0.000645s ]
SQL: SHOW COLUMNS FROM `m_room` [ RunTime:0.0085s ]
SQL: SELECT COUNT(*) AS tp_count FROM `m_room` LIMIT 1   [ RunTime:0.0002s ]
SQL: SELECT * FROM `m_room` LIMIT 0,5   [ RunTime:0.0002s ]
INFO: [ view_parse ] --START--
INFO: [ template_filter ] --START--
INFO: Run Behavior\ContentReplaceBehavior [ RunTime:0.000064s ]
INFO: [ template_filter ] --END-- [ RunTime:0.000104s ]
NOTIC: [8] Undefined variable: emp D:\XAMPP\htdocs\PHPstormProject\thinkphp\Hotel\Application\Runtime\Cache\Admin\78d1d27db5d632d58daa3a77f8a974bb.php 第 81 行.
NOTIC: [8] Undefined variable: emp D:\XAMPP\htdocs\PHPstormProject\thinkphp\Hotel\Application\Runtime\Cache\Admin\78d1d27db5d632d58daa3a77f8a974bb.php 第 84 行.
NOTIC: [8] Undefined variable: emp D:\XAMPP\htdocs\PHPstormProject\thinkphp\Hotel\Application\Runtime\Cache\Admin\78d1d27db5d632d58daa3a77f8a974bb.php 第 81 行.
NOTIC: [8] Undefined variable: emp D:\XAMPP\htdocs\PHPstormProject\thinkphp\Hotel\Application\Runtime\Cache\Admin\78d1d27db5d632d58daa3a77f8a974bb.php 第 84 行.
INFO: Run Behavior\ParseTemplateBehavior [ RunTime:0.009751s ]
INFO: [ view_parse ] --END-- [ RunTime:0.009798s ]
INFO: [ view_filter ] --START--
INFO: Run Behavior\WriteHtmlCacheBehavior [ RunTime:0.000221s ]
INFO: [ view_filter ] --END-- [ RunTime:0.000247s ]
INFO: [ app_end ] --START--
INFO: Run Behavior\ShowPageTraceBehavior [ RunTime:0.000385s ]
INFO: [ app_end ] --END-- [ RunTime:0.000414s ]

[ 2018-12-19T17:02:53+08:00 ] ::1 /PHPstormProject/thinkphp/Hotel/index.php/Admin/room/edit?Rno=9
INFO: [ app_init ] --START--
INFO: Run Behavior\BuildLiteBehavior [ RunTime:0.000020s ]
INFO: [ app_init ] --END-- [ RunTime:0.000644s ]
INFO: [ app_begin ] --START--
INFO: Run Behavior\ReadHtmlCacheBehavior [ RunTime:0.000893s ]
INFO: [ app_begin ] --END-- [ RunTime:0.000972s ]
SQL: SHOW COLUMNS FROM `m_room` [ RunTime:0.0079s ]
SQL: SELECT * FROM `m_room` WHERE ( Rid=9 ) LIMIT 1   [ RunTime:0.0010s ]
INFO: [ view_parse ] --START--
INFO: [ template_filter ] --START--
INFO: Run Behavior\ContentReplaceBehavior [ RunTime:0.000062s ]
INFO: [ template_filter ] --END-- [ RunTime:0.000098s ]
NOTIC: [8] Undefined variable: depts D:\XAMPP\htdocs\PHPstormProject\thinkphp\Hotel\Application\Runtime\Cache\Admin\ee2c4da0a1c9e245b7fdcb243804faa8.php 第 75 行.
INFO: Run Behavior\ParseTemplateBehavior [ RunTime:0.011598s ]
INFO: [ view_parse ] --END-- [ RunTime:0.011638s ]
INFO: [ view_filter ] --START--
INFO: Run Behavior\WriteHtmlCacheBehavior [ RunTime:0.000323s ]
INFO: [ view_filter ] --END-- [ RunTime:0.000350s ]
INFO: [ app_end ] --START--
INFO: Run Behavior\ShowPageTraceBehavior [ RunTime:0.000519s ]
INFO: [ app_end ] --END-- [ RunTime:0.000549s ]

[ 2018-12-19T17:03:03+08:00 ] ::1 /PHPstormProject/thinkphp/Hotel/index.php/Admin/room/doedit
INFO: [ app_init ] --START--
INFO: Run Behavior\BuildLiteBehavior [ RunTime:0.000009s ]
INFO: [ app_init ] --END-- [ RunTime:0.000318s ]
INFO: [ app_begin ] --START--
INFO: Run Behavior\ReadHtmlCacheBehavior [ RunTime:0.000512s ]
INFO: [ app_begin ] --END-- [ RunTime:0.000551s ]
SQL: SHOW COLUMNS FROM `m_room` [ RunTime:0.0079s ]
NOTIC: [8] Undefined index: validate D:\XAMPP\htdocs\PHPstormProject\thinkphp\Hotel\ThinkPHP\Library\Think\Model.class.php 第 1185 行.
NOTIC: [8] Undefined index: auto D:\XAMPP\htdocs\PHPstormProject\thinkphp\Hotel\ThinkPHP\Library\Think\Model.class.php 第 1128 行.
SQL: UPDATE `m_room` SET `Rname`='套房',`Rprice`='250.00',`Rpicture`='' WHERE `Rid` = 9 [ RunTime:0.0042s ]
INFO: [ view_parse ] --START--
INFO: [ template_filter ] --START--
INFO: Run Behavior\ContentReplaceBehavior [ RunTime:0.000054s ]
INFO: [ template_filter ] --END-- [ RunTime:0.000130s ]
INFO: Run Behavior\ParseTemplateBehavior [ RunTime:0.006898s ]
INFO: [ view_parse ] --END-- [ RunTime:0.006955s ]
INFO: [ view_filter ] --START--
INFO: Run Behavior\WriteHtmlCacheBehavior [ RunTime:0.000454s ]
INFO: [ view_filter ] --END-- [ RunTime:0.000508s ]
INFO: [ app_end ] --START--
INFO: Run Behavior\ShowPageTraceBehavior [ RunTime:0.000820s ]
INFO: [ app_end ] --END-- [ RunTime:0.000899s ]

[ 2018-12-19T17:03:04+08:00 ] ::1 /PHPstormProject/thinkphp/Hotel/index.php/Admin/Room/index.html
INFO: [ app_init ] --START--
INFO: Run Behavior\BuildLiteBehavior [ RunTime:0.000009s ]
INFO: [ app_init ] --END-- [ RunTime:0.000262s ]
INFO: [ app_begin ] --START--
INFO: Run Behavior\ReadHtmlCacheBehavior [ RunTime:0.000343s ]
INFO: [ app_begin ] --END-- [ RunTime:0.000379s ]
SQL: SHOW COLUMNS FROM `m_room` [ RunTime:0.0081s ]
SQL: SELECT COUNT(*) AS tp_count FROM `m_room` LIMIT 1   [ RunTime:0.0003s ]
SQL: SELECT * FROM `m_room` LIMIT 0,5   [ RunTime:0.0003s ]
INFO: [ view_parse ] --START--
INFO: [ template_filter ] --START--
INFO: Run Behavior\ContentReplaceBehavior [ RunTime:0.000047s ]
INFO: [ template_filter ] --END-- [ RunTime:0.000081s ]
NOTIC: [8] Undefined variable: emp D:\XAMPP\htdocs\PHPstormProject\thinkphp\Hotel\Application\Runtime\Cache\Admin\78d1d27db5d632d58daa3a77f8a974bb.php 第 81 行.
NOTIC: [8] Undefined variable: emp D:\XAMPP\htdocs\PHPstormProject\thinkphp\Hotel\Application\Runtime\Cache\Admin\78d1d27db5d632d58daa3a77f8a974bb.php 第 84 行.
NOTIC: [8] Undefined variable: emp D:\XAMPP\htdocs\PHPstormProject\thinkphp\Hotel\Application\Runtime\Cache\Admin\78d1d27db5d632d58daa3a77f8a974bb.php 第 81 行.
NOTIC: [8] Undefined variable: emp D:\XAMPP\htdocs\PHPstormProject\thinkphp\Hotel\Application\Runtime\Cache\Admin\78d1d27db5d632d58daa3a77f8a974bb.php 第 84 行.
INFO: Run Behavior\ParseTemplateBehavior [ RunTime:0.007732s ]
INFO: [ view_parse ] --END-- [ RunTime:0.007776s ]
INFO: [ view_filter ] --START--
INFO: Run Behavior\WriteHtmlCacheBehavior [ RunTime:0.000261s ]
INFO: [ view_filter ] --END-- [ RunTime:0.000288s ]
INFO: [ app_end ] --START--
INFO: Run Behavior\ShowPageTraceBehavior [ RunTime:0.004221s ]
INFO: [ app_end ] --END-- [ RunTime:0.004281s ]

