[ 2018-12-21T11:26:03+08:00 ] ::1 /PHPstormProject/thinkphp/Hotel/index.php/admin/login/index
INFO: [ app_init ] --START--
INFO: Run Behavior\BuildLiteBehavior [ RunTime:0.000010s ]
INFO: [ app_init ] --END-- [ RunTime:0.000417s ]
INFO: [ app_begin ] --START--
INFO: Run Behavior\ReadHtmlCacheBehavior [ RunTime:0.001050s ]
INFO: [ app_begin ] --END-- [ RunTime:0.001107s ]
INFO: [ view_parse ] --START--
INFO: [ template_filter ] --START--
INFO: Run Behavior\ContentReplaceBehavior [ RunTime:0.000072s ]
INFO: [ template_filter ] --END-- [ RunTime:0.000139s ]
INFO: Run Behavior\ParseTemplateBehavior [ RunTime:0.010241s ]
INFO: [ view_parse ] --END-- [ RunTime:0.010293s ]
INFO: [ view_filter ] --START--
INFO: Run Behavior\WriteHtmlCacheBehavior [ RunTime:0.000587s ]
INFO: [ view_filter ] --END-- [ RunTime:0.000621s ]
INFO: [ app_end ] --START--
INFO: Run Behavior\ShowPageTraceBehavior [ RunTime:0.000718s ]
INFO: [ app_end ] --END-- [ RunTime:0.000751s ]

[ 2018-12-21T11:26:07+08:00 ] ::1 /PHPstormProject/thinkphp/Hotel/index.php/admin/login/adminLogin
INFO: [ app_init ] --START--
INFO: Run Behavior\BuildLiteBehavior [ RunTime:0.000010s ]
INFO: [ app_init ] --END-- [ RunTime:0.000430s ]
INFO: [ app_begin ] --START--
INFO: Run Behavior\ReadHtmlCacheBehavior [ RunTime:0.000976s ]
INFO: [ app_begin ] --END-- [ RunTime:0.001053s ]
SQL: SHOW COLUMNS FROM `m_admin` [ RunTime:0.0088s ]
SQL: SELECT * FROM `m_admin` WHERE ( Aname='admin' ) LIMIT 1   [ RunTime:0.0004s ]
INFO: [ view_parse ] --START--
INFO: [ template_filter ] --START--
INFO: Run Behavior\ContentReplaceBehavior [ RunTime:0.000031s ]
INFO: [ template_filter ] --END-- [ RunTime:0.000070s ]
INFO: Run Behavior\ParseTemplateBehavior [ RunTime:0.008600s ]
INFO: [ view_parse ] --END-- [ RunTime:0.008660s ]
INFO: [ view_filter ] --START--
INFO: Run Behavior\WriteHtmlCacheBehavior [ RunTime:0.000575s ]
INFO: [ view_filter ] --END-- [ RunTime:0.000603s ]
INFO: [ app_end ] --START--
INFO: Run Behavior\ShowPageTraceBehavior [ RunTime:0.000735s ]
INFO: [ app_end ] --END-- [ RunTime:0.000782s ]

[ 2018-12-21T11:26:08+08:00 ] ::1 /PHPstormProject/thinkphp/Hotel/index.php/Admin/Room/index.html
INFO: [ app_init ] --START--
INFO: Run Behavior\BuildLiteBehavior [ RunTime:0.000015s ]
INFO: [ app_init ] --END-- [ RunTime:0.000665s ]
INFO: [ app_begin ] --START--
INFO: Run Behavior\ReadHtmlCacheBehavior [ RunTime:0.000957s ]
INFO: [ app_begin ] --END-- [ RunTime:0.001022s ]
SQL: SHOW COLUMNS FROM `m_room` [ RunTime:0.0067s ]
SQL: SELECT COUNT(*) AS tp_count FROM `m_room` LIMIT 1   [ RunTime:0.0005s ]
SQL: SELECT * FROM `m_room` LIMIT 0,5   [ RunTime:0.0002s ]
INFO: [ view_parse ] --START--
INFO: [ template_filter ] --START--
INFO: Run Behavior\ContentReplaceBehavior [ RunTime:0.000047s ]
INFO: [ template_filter ] --END-- [ RunTime:0.000090s ]
NOTIC: [8] Undefined variable: emp D:\XAMPP\htdocs\PHPstormProject\thinkphp\Hotel\Application\Runtime\Cache\Admin\78d1d27db5d632d58daa3a77f8a974bb.php 第 81 行.
NOTIC: [8] Undefined variable: emp D:\XAMPP\htdocs\PHPstormProject\thinkphp\Hotel\Application\Runtime\Cache\Admin\78d1d27db5d632d58daa3a77f8a974bb.php 第 84 行.
NOTIC: [8] Undefined variable: emp D:\XAMPP\htdocs\PHPstormProject\thinkphp\Hotel\Application\Runtime\Cache\Admin\78d1d27db5d632d58daa3a77f8a974bb.php 第 81 行.
NOTIC: [8] Undefined variable: emp D:\XAMPP\htdocs\PHPstormProject\thinkphp\Hotel\Application\Runtime\Cache\Admin\78d1d27db5d632d58daa3a77f8a974bb.php 第 84 行.
INFO: Run Behavior\ParseTemplateBehavior [ RunTime:0.015802s ]
INFO: [ view_parse ] --END-- [ RunTime:0.015844s ]
INFO: [ view_filter ] --START--
INFO: Run Behavior\WriteHtmlCacheBehavior [ RunTime:0.000944s ]
INFO: [ view_filter ] --END-- [ RunTime:0.000996s ]
INFO: [ app_end ] --START--
INFO: Run Behavior\ShowPageTraceBehavior [ RunTime:0.000822s ]
INFO: [ app_end ] --END-- [ RunTime:0.000865s ]

