[ 2019-04-11T16:36:43+08:00 ] ::1 /untitled/Hotel/index.php/admin/login/index.html
INFO: [ app_init ] --START--
INFO: Run Behavior\BuildLiteBehavior [ RunTime:0.000008s ]
INFO: [ app_init ] --END-- [ RunTime:0.000425s ]
INFO: [ app_begin ] --START--
INFO: Run Behavior\ReadHtmlCacheBehavior [ RunTime:0.000727s ]
INFO: [ app_begin ] --END-- [ RunTime:0.000759s ]
INFO: [ view_parse ] --START--
INFO: [ template_filter ] --START--
INFO: Run Behavior\ContentReplaceBehavior [ RunTime:0.000039s ]
INFO: [ template_filter ] --END-- [ RunTime:0.000079s ]
INFO: Run Behavior\ParseTemplateBehavior [ RunTime:0.030198s ]
INFO: [ view_parse ] --END-- [ RunTime:0.030232s ]
INFO: [ view_filter ] --START--
INFO: Run Behavior\WriteHtmlCacheBehavior [ RunTime:0.000450s ]
INFO: [ view_filter ] --END-- [ RunTime:0.000471s ]
INFO: [ app_end ] --START--
INFO: Run Behavior\ShowPageTraceBehavior [ RunTime:0.000706s ]
INFO: [ app_end ] --END-- [ RunTime:0.000734s ]

[ 2019-04-11T16:37:14+08:00 ] ::1 /untitled/Hotel/index.php/admin/login/adminLogin
INFO: [ app_init ] --START--
INFO: Run Behavior\BuildLiteBehavior [ RunTime:0.000010s ]
INFO: [ app_init ] --END-- [ RunTime:0.000573s ]
INFO: [ app_begin ] --START--
INFO: Run Behavior\ReadHtmlCacheBehavior [ RunTime:0.001004s ]
INFO: [ app_begin ] --END-- [ RunTime:0.001056s ]
SQL: SHOW COLUMNS FROM `m_admin` [ RunTime:0.0353s ]
SQL: SELECT * FROM `m_admin` WHERE ( Aname='Admin' ) LIMIT 1   [ RunTime:0.0003s ]
INFO: [ view_parse ] --START--
INFO: [ template_filter ] --START--
INFO: Run Behavior\ContentReplaceBehavior [ RunTime:0.000108s ]
INFO: [ template_filter ] --END-- [ RunTime:0.000154s ]
INFO: Run Behavior\ParseTemplateBehavior [ RunTime:0.011964s ]
INFO: [ view_parse ] --END-- [ RunTime:0.012004s ]
INFO: [ view_filter ] --START--
INFO: Run Behavior\WriteHtmlCacheBehavior [ RunTime:0.000712s ]
INFO: [ view_filter ] --END-- [ RunTime:0.000759s ]
INFO: [ app_end ] --START--
INFO: Run Behavior\ShowPageTraceBehavior [ RunTime:0.001094s ]
INFO: [ app_end ] --END-- [ RunTime:0.001138s ]

[ 2019-04-11T16:37:15+08:00 ] ::1 /untitled/Hotel/index.php/Admin/Room/index.html
INFO: [ app_init ] --START--
INFO: Run Behavior\BuildLiteBehavior [ RunTime:0.000010s ]
INFO: [ app_init ] --END-- [ RunTime:0.000473s ]
INFO: [ app_begin ] --START--
INFO: Run Behavior\ReadHtmlCacheBehavior [ RunTime:0.000768s ]
INFO: [ app_begin ] --END-- [ RunTime:0.000813s ]
SQL: SHOW COLUMNS FROM `m_room` [ RunTime:0.0331s ]
SQL: SELECT COUNT(*) AS tp_count FROM `m_room` LIMIT 1   [ RunTime:0.0007s ]
SQL: SELECT * FROM `m_room` LIMIT 0,5   [ RunTime:0.0005s ]
INFO: [ view_parse ] --START--
INFO: [ template_filter ] --START--
INFO: Run Behavior\ContentReplaceBehavior [ RunTime:0.000048s ]
INFO: [ template_filter ] --END-- [ RunTime:0.000079s ]
NOTIC: [8] Undefined index: rpicture C:\xampp\htdocs\untitled\Hotel\Application\Runtime\Cache\Admin\78d1d27db5d632d58daa3a77f8a974bb.php 第 86 行.
NOTIC: [8] Undefined index: rpicture C:\xampp\htdocs\untitled\Hotel\Application\Runtime\Cache\Admin\78d1d27db5d632d58daa3a77f8a974bb.php 第 86 行.
NOTIC: [8] Undefined index: rpicture C:\xampp\htdocs\untitled\Hotel\Application\Runtime\Cache\Admin\78d1d27db5d632d58daa3a77f8a974bb.php 第 86 行.
NOTIC: [8] Undefined index: rpicture C:\xampp\htdocs\untitled\Hotel\Application\Runtime\Cache\Admin\78d1d27db5d632d58daa3a77f8a974bb.php 第 86 行.
NOTIC: [8] Undefined index: rpicture C:\xampp\htdocs\untitled\Hotel\Application\Runtime\Cache\Admin\78d1d27db5d632d58daa3a77f8a974bb.php 第 86 行.
INFO: Run Behavior\ParseTemplateBehavior [ RunTime:0.042428s ]
INFO: [ view_parse ] --END-- [ RunTime:0.042470s ]
INFO: [ view_filter ] --START--
INFO: Run Behavior\WriteHtmlCacheBehavior [ RunTime:0.000490s ]
INFO: [ view_filter ] --END-- [ RunTime:0.000523s ]
INFO: [ app_end ] --START--
INFO: Run Behavior\ShowPageTraceBehavior [ RunTime:0.000947s ]
INFO: [ app_end ] --END-- [ RunTime:0.000991s ]

[ 2019-04-11T16:38:04+08:00 ] ::1 /untitled/Hotel/index.php/Admin/Room/index.html
INFO: [ app_init ] --START--
INFO: Run Behavior\BuildLiteBehavior [ RunTime:0.000007s ]
INFO: [ app_init ] --END-- [ RunTime:0.000329s ]
INFO: [ app_begin ] --START--
INFO: Run Behavior\ReadHtmlCacheBehavior [ RunTime:0.000536s ]
INFO: [ app_begin ] --END-- [ RunTime:0.000574s ]
SQL: SHOW COLUMNS FROM `m_room` [ RunTime:0.0100s ]
SQL: SELECT COUNT(*) AS tp_count FROM `m_room` LIMIT 1   [ RunTime:0.0003s ]
SQL: SELECT * FROM `m_room` LIMIT 0,5   [ RunTime:0.0004s ]
INFO: [ view_parse ] --START--
INFO: [ template_filter ] --START--
INFO: Run Behavior\ContentReplaceBehavior [ RunTime:0.000044s ]
INFO: [ template_filter ] --END-- [ RunTime:0.000070s ]
NOTIC: [8] Undefined index: rpicture C:\xampp\htdocs\untitled\Hotel\Application\Runtime\Cache\Admin\78d1d27db5d632d58daa3a77f8a974bb.php 第 86 行.
NOTIC: [8] Undefined index: rpicture C:\xampp\htdocs\untitled\Hotel\Application\Runtime\Cache\Admin\78d1d27db5d632d58daa3a77f8a974bb.php 第 86 行.
NOTIC: [8] Undefined index: rpicture C:\xampp\htdocs\untitled\Hotel\Application\Runtime\Cache\Admin\78d1d27db5d632d58daa3a77f8a974bb.php 第 86 行.
NOTIC: [8] Undefined index: rpicture C:\xampp\htdocs\untitled\Hotel\Application\Runtime\Cache\Admin\78d1d27db5d632d58daa3a77f8a974bb.php 第 86 行.
NOTIC: [8] Undefined index: rpicture C:\xampp\htdocs\untitled\Hotel\Application\Runtime\Cache\Admin\78d1d27db5d632d58daa3a77f8a974bb.php 第 86 行.
INFO: Run Behavior\ParseTemplateBehavior [ RunTime:0.009276s ]
INFO: [ view_parse ] --END-- [ RunTime:0.009310s ]
INFO: [ view_filter ] --START--
INFO: Run Behavior\WriteHtmlCacheBehavior [ RunTime:0.000401s ]
INFO: [ view_filter ] --END-- [ RunTime:0.000418s ]
INFO: [ app_end ] --START--
INFO: Run Behavior\ShowPageTraceBehavior [ RunTime:0.000784s ]
INFO: [ app_end ] --END-- [ RunTime:0.000809s ]

[ 2019-04-11T16:38:05+08:00 ] ::1 /untitled/Hotel/index.php/Admin/login/logout.html
INFO: [ app_init ] --START--
INFO: Run Behavior\BuildLiteBehavior [ RunTime:0.000053s ]
INFO: [ app_init ] --END-- [ RunTime:0.001222s ]
INFO: [ app_begin ] --START--
INFO: Run Behavior\ReadHtmlCacheBehavior [ RunTime:0.000538s ]
INFO: [ app_begin ] --END-- [ RunTime:0.000564s ]
INFO: [ view_parse ] --START--
INFO: [ template_filter ] --START--
INFO: Run Behavior\ContentReplaceBehavior [ RunTime:0.000076s ]
INFO: [ template_filter ] --END-- [ RunTime:0.000100s ]
INFO: Run Behavior\ParseTemplateBehavior [ RunTime:0.006936s ]
INFO: [ view_parse ] --END-- [ RunTime:0.006980s ]
INFO: [ view_filter ] --START--
INFO: Run Behavior\WriteHtmlCacheBehavior [ RunTime:0.000289s ]
INFO: [ view_filter ] --END-- [ RunTime:0.000307s ]
INFO: [ app_end ] --START--
INFO: Run Behavior\ShowPageTraceBehavior [ RunTime:0.001095s ]
INFO: [ app_end ] --END-- [ RunTime:0.001140s ]

[ 2019-04-11T16:38:06+08:00 ] ::1 /untitled/Hotel/index.php/Admin/login/index.html
INFO: [ app_init ] --START--
INFO: Run Behavior\BuildLiteBehavior [ RunTime:0.000007s ]
INFO: [ app_init ] --END-- [ RunTime:0.000357s ]
INFO: [ app_begin ] --START--
INFO: Run Behavior\ReadHtmlCacheBehavior [ RunTime:0.000515s ]
INFO: [ app_begin ] --END-- [ RunTime:0.000546s ]
INFO: [ view_parse ] --START--
INFO: [ template_filter ] --START--
INFO: Run Behavior\ContentReplaceBehavior [ RunTime:0.000029s ]
INFO: [ template_filter ] --END-- [ RunTime:0.000059s ]
INFO: Run Behavior\ParseTemplateBehavior [ RunTime:0.007303s ]
INFO: [ view_parse ] --END-- [ RunTime:0.007343s ]
INFO: [ view_filter ] --START--
INFO: Run Behavior\WriteHtmlCacheBehavior [ RunTime:0.000573s ]
INFO: [ view_filter ] --END-- [ RunTime:0.000609s ]
INFO: [ app_end ] --START--
INFO: Run Behavior\ShowPageTraceBehavior [ RunTime:0.000821s ]
INFO: [ app_end ] --END-- [ RunTime:0.000855s ]

