[ 2019-04-19T16:06:36+08:00 ] ::1 /untitled/Hotel/index.php/admin/login/index.html
INFO: [ app_init ] --START--
INFO: Run Behavior\BuildLiteBehavior [ RunTime:0.000009s ]
INFO: [ app_init ] --END-- [ RunTime:0.000361s ]
INFO: [ app_begin ] --START--
INFO: Run Behavior\ReadHtmlCacheBehavior [ RunTime:0.000741s ]
INFO: [ app_begin ] --END-- [ RunTime:0.000776s ]
INFO: [ view_parse ] --START--
INFO: [ template_filter ] --START--
INFO: Run Behavior\ContentReplaceBehavior [ RunTime:0.000029s ]
INFO: [ template_filter ] --END-- [ RunTime:0.000057s ]
INFO: Run Behavior\ParseTemplateBehavior [ RunTime:0.087959s ]
INFO: [ view_parse ] --END-- [ RunTime:0.087999s ]
INFO: [ view_filter ] --START--
INFO: Run Behavior\WriteHtmlCacheBehavior [ RunTime:0.000576s ]
INFO: [ view_filter ] --END-- [ RunTime:0.000606s ]
INFO: [ app_end ] --START--
INFO: Run Behavior\ShowPageTraceBehavior [ RunTime:0.000985s ]
INFO: [ app_end ] --END-- [ RunTime:0.001045s ]

[ 2019-04-19T16:06:51+08:00 ] ::1 /untitled/Hotel/index.php/admin/login/adminLogin
INFO: [ app_init ] --START--
INFO: Run Behavior\BuildLiteBehavior [ RunTime:0.000015s ]
INFO: [ app_init ] --END-- [ RunTime:0.000611s ]
INFO: [ app_begin ] --START--
INFO: Run Behavior\ReadHtmlCacheBehavior [ RunTime:0.000560s ]
INFO: [ app_begin ] --END-- [ RunTime:0.000602s ]
SQL: SHOW COLUMNS FROM `m_admin` [ RunTime:0.2596s ]
SQL: SELECT * FROM `m_admin` WHERE ( Aname='Admin' ) LIMIT 1   [ RunTime:0.0004s ]
INFO: [ view_parse ] --START--
INFO: [ template_filter ] --START--
INFO: Run Behavior\ContentReplaceBehavior [ RunTime:0.000091s ]
INFO: [ template_filter ] --END-- [ RunTime:0.000122s ]
INFO: Run Behavior\ParseTemplateBehavior [ RunTime:0.123388s ]
INFO: [ view_parse ] --END-- [ RunTime:0.123446s ]
INFO: [ view_filter ] --START--
INFO: Run Behavior\WriteHtmlCacheBehavior [ RunTime:0.000328s ]
INFO: [ view_filter ] --END-- [ RunTime:0.000350s ]
INFO: [ app_end ] --START--
INFO: Run Behavior\ShowPageTraceBehavior [ RunTime:0.000830s ]
INFO: [ app_end ] --END-- [ RunTime:0.000868s ]

[ 2019-04-19T16:06:53+08:00 ] ::1 /untitled/Hotel/index.php/Admin/Room/index.html
INFO: [ app_init ] --START--
INFO: Run Behavior\BuildLiteBehavior [ RunTime:0.000006s ]
INFO: [ app_init ] --END-- [ RunTime:0.000360s ]
INFO: [ app_begin ] --START--
INFO: Run Behavior\ReadHtmlCacheBehavior [ RunTime:0.000541s ]
INFO: [ app_begin ] --END-- [ RunTime:0.000563s ]
SQL: SHOW COLUMNS FROM `m_room` [ RunTime:0.0446s ]
SQL: SELECT COUNT(*) AS tp_count FROM `m_room` LIMIT 1   [ RunTime:0.0007s ]
SQL: SELECT * FROM `m_room` LIMIT 0,5   [ RunTime:0.0003s ]
INFO: [ view_parse ] --START--
INFO: [ template_filter ] --START--
INFO: Run Behavior\ContentReplaceBehavior [ RunTime:0.000047s ]
INFO: [ template_filter ] --END-- [ RunTime:0.000075s ]
NOTIC: [8] Undefined index: rpicture C:\xampp\htdocs\untitled\Hotel\Application\Runtime\Cache\Admin\78d1d27db5d632d58daa3a77f8a974bb.php 第 86 行.
NOTIC: [8] Undefined index: rpicture C:\xampp\htdocs\untitled\Hotel\Application\Runtime\Cache\Admin\78d1d27db5d632d58daa3a77f8a974bb.php 第 86 行.
NOTIC: [8] Undefined index: rpicture C:\xampp\htdocs\untitled\Hotel\Application\Runtime\Cache\Admin\78d1d27db5d632d58daa3a77f8a974bb.php 第 86 行.
NOTIC: [8] Undefined index: rpicture C:\xampp\htdocs\untitled\Hotel\Application\Runtime\Cache\Admin\78d1d27db5d632d58daa3a77f8a974bb.php 第 86 行.
NOTIC: [8] Undefined index: rpicture C:\xampp\htdocs\untitled\Hotel\Application\Runtime\Cache\Admin\78d1d27db5d632d58daa3a77f8a974bb.php 第 86 行.
INFO: Run Behavior\ParseTemplateBehavior [ RunTime:0.078618s ]
INFO: [ view_parse ] --END-- [ RunTime:0.078656s ]
INFO: [ view_filter ] --START--
INFO: Run Behavior\WriteHtmlCacheBehavior [ RunTime:0.000400s ]
INFO: [ view_filter ] --END-- [ RunTime:0.000423s ]
INFO: [ app_end ] --START--
INFO: Run Behavior\ShowPageTraceBehavior [ RunTime:0.000765s ]
INFO: [ app_end ] --END-- [ RunTime:0.000802s ]

[ 2019-04-19T16:07:07+08:00 ] ::1 /untitled/Hotel/index.php/Admin/room/index.html
INFO: [ app_init ] --START--
INFO: Run Behavior\BuildLiteBehavior [ RunTime:0.000009s ]
INFO: [ app_init ] --END-- [ RunTime:0.000753s ]
INFO: [ app_begin ] --START--
INFO: Run Behavior\ReadHtmlCacheBehavior [ RunTime:0.000588s ]
INFO: [ app_begin ] --END-- [ RunTime:0.000617s ]
SQL: SHOW COLUMNS FROM `m_room` [ RunTime:0.0145s ]
SQL: SELECT COUNT(*) AS tp_count FROM `m_room` LIMIT 1   [ RunTime:0.0002s ]
SQL: SELECT * FROM `m_room` LIMIT 0,5   [ RunTime:0.0002s ]
INFO: [ view_parse ] --START--
INFO: [ template_filter ] --START--
INFO: Run Behavior\ContentReplaceBehavior [ RunTime:0.000075s ]
INFO: [ template_filter ] --END-- [ RunTime:0.000130s ]
NOTIC: [8] Undefined index: rpicture C:\xampp\htdocs\untitled\Hotel\Application\Runtime\Cache\Admin\78d1d27db5d632d58daa3a77f8a974bb.php 第 86 行.
NOTIC: [8] Undefined index: rpicture C:\xampp\htdocs\untitled\Hotel\Application\Runtime\Cache\Admin\78d1d27db5d632d58daa3a77f8a974bb.php 第 86 行.
NOTIC: [8] Undefined index: rpicture C:\xampp\htdocs\untitled\Hotel\Application\Runtime\Cache\Admin\78d1d27db5d632d58daa3a77f8a974bb.php 第 86 行.
NOTIC: [8] Undefined index: rpicture C:\xampp\htdocs\untitled\Hotel\Application\Runtime\Cache\Admin\78d1d27db5d632d58daa3a77f8a974bb.php 第 86 行.
NOTIC: [8] Undefined index: rpicture C:\xampp\htdocs\untitled\Hotel\Application\Runtime\Cache\Admin\78d1d27db5d632d58daa3a77f8a974bb.php 第 86 行.
INFO: Run Behavior\ParseTemplateBehavior [ RunTime:0.012273s ]
INFO: [ view_parse ] --END-- [ RunTime:0.012305s ]
INFO: [ view_filter ] --START--
INFO: Run Behavior\WriteHtmlCacheBehavior [ RunTime:0.000316s ]
INFO: [ view_filter ] --END-- [ RunTime:0.000335s ]
INFO: [ app_end ] --START--
INFO: Run Behavior\ShowPageTraceBehavior [ RunTime:0.000588s ]
INFO: [ app_end ] --END-- [ RunTime:0.000619s ]

[ 2019-04-19T16:07:08+08:00 ] ::1 /untitled/Hotel/index.php/Admin/room/index.html
INFO: [ app_init ] --START--
INFO: Run Behavior\BuildLiteBehavior [ RunTime:0.000009s ]
INFO: [ app_init ] --END-- [ RunTime:0.000511s ]
INFO: [ app_begin ] --START--
INFO: Run Behavior\ReadHtmlCacheBehavior [ RunTime:0.000793s ]
INFO: [ app_begin ] --END-- [ RunTime:0.000835s ]
SQL: SHOW COLUMNS FROM `m_room` [ RunTime:0.0336s ]
SQL: SELECT COUNT(*) AS tp_count FROM `m_room` LIMIT 1   [ RunTime:0.0003s ]
SQL: SELECT * FROM `m_room` LIMIT 0,5   [ RunTime:0.0003s ]
INFO: [ view_parse ] --START--
INFO: [ template_filter ] --START--
INFO: Run Behavior\ContentReplaceBehavior [ RunTime:0.000048s ]
INFO: [ template_filter ] --END-- [ RunTime:0.000076s ]
NOTIC: [8] Undefined index: rpicture C:\xampp\htdocs\untitled\Hotel\Application\Runtime\Cache\Admin\78d1d27db5d632d58daa3a77f8a974bb.php 第 86 行.
NOTIC: [8] Undefined index: rpicture C:\xampp\htdocs\untitled\Hotel\Application\Runtime\Cache\Admin\78d1d27db5d632d58daa3a77f8a974bb.php 第 86 行.
NOTIC: [8] Undefined index: rpicture C:\xampp\htdocs\untitled\Hotel\Application\Runtime\Cache\Admin\78d1d27db5d632d58daa3a77f8a974bb.php 第 86 行.
NOTIC: [8] Undefined index: rpicture C:\xampp\htdocs\untitled\Hotel\Application\Runtime\Cache\Admin\78d1d27db5d632d58daa3a77f8a974bb.php 第 86 行.
NOTIC: [8] Undefined index: rpicture C:\xampp\htdocs\untitled\Hotel\Application\Runtime\Cache\Admin\78d1d27db5d632d58daa3a77f8a974bb.php 第 86 行.
INFO: Run Behavior\ParseTemplateBehavior [ RunTime:0.008805s ]
INFO: [ view_parse ] --END-- [ RunTime:0.008832s ]
INFO: [ view_filter ] --START--
INFO: Run Behavior\WriteHtmlCacheBehavior [ RunTime:0.000468s ]
INFO: [ view_filter ] --END-- [ RunTime:0.000493s ]
INFO: [ app_end ] --START--
INFO: Run Behavior\ShowPageTraceBehavior [ RunTime:0.000909s ]
INFO: [ app_end ] --END-- [ RunTime:0.000969s ]

[ 2019-04-19T16:07:09+08:00 ] ::1 /untitled/Hotel/index.php/Admin/room/add.html
INFO: [ app_init ] --START--
INFO: Run Behavior\BuildLiteBehavior [ RunTime:0.000006s ]
INFO: [ app_init ] --END-- [ RunTime:0.000308s ]
INFO: [ app_begin ] --START--
INFO: Run Behavior\ReadHtmlCacheBehavior [ RunTime:0.000542s ]
INFO: [ app_begin ] --END-- [ RunTime:0.000565s ]
INFO: [ view_parse ] --START--
INFO: [ template_filter ] --START--
INFO: Run Behavior\ContentReplaceBehavior [ RunTime:0.000037s ]
INFO: [ template_filter ] --END-- [ RunTime:0.000064s ]
INFO: Run Behavior\ParseTemplateBehavior [ RunTime:0.017353s ]
INFO: [ view_parse ] --END-- [ RunTime:0.017388s ]
INFO: [ view_filter ] --START--
INFO: Run Behavior\WriteHtmlCacheBehavior [ RunTime:0.000459s ]
INFO: [ view_filter ] --END-- [ RunTime:0.000494s ]
INFO: [ app_end ] --START--
INFO: Run Behavior\ShowPageTraceBehavior [ RunTime:0.000827s ]
INFO: [ app_end ] --END-- [ RunTime:0.000869s ]

[ 2019-04-19T16:07:11+08:00 ] ::1 /untitled/Hotel/index.php/Admin/room/index.html
INFO: [ app_init ] --START--
INFO: Run Behavior\BuildLiteBehavior [ RunTime:0.000011s ]
INFO: [ app_init ] --END-- [ RunTime:0.000529s ]
INFO: [ app_begin ] --START--
INFO: Run Behavior\ReadHtmlCacheBehavior [ RunTime:0.000921s ]
INFO: [ app_begin ] --END-- [ RunTime:0.000966s ]
SQL: SHOW COLUMNS FROM `m_room` [ RunTime:0.0229s ]
SQL: SELECT COUNT(*) AS tp_count FROM `m_room` LIMIT 1   [ RunTime:0.0003s ]
SQL: SELECT * FROM `m_room` LIMIT 0,5   [ RunTime:0.0003s ]
INFO: [ view_parse ] --START--
INFO: [ template_filter ] --START--
INFO: Run Behavior\ContentReplaceBehavior [ RunTime:0.000090s ]
INFO: [ template_filter ] --END-- [ RunTime:0.000127s ]
NOTIC: [8] Undefined index: rpicture C:\xampp\htdocs\untitled\Hotel\Application\Runtime\Cache\Admin\78d1d27db5d632d58daa3a77f8a974bb.php 第 86 行.
NOTIC: [8] Undefined index: rpicture C:\xampp\htdocs\untitled\Hotel\Application\Runtime\Cache\Admin\78d1d27db5d632d58daa3a77f8a974bb.php 第 86 行.
NOTIC: [8] Undefined index: rpicture C:\xampp\htdocs\untitled\Hotel\Application\Runtime\Cache\Admin\78d1d27db5d632d58daa3a77f8a974bb.php 第 86 行.
NOTIC: [8] Undefined index: rpicture C:\xampp\htdocs\untitled\Hotel\Application\Runtime\Cache\Admin\78d1d27db5d632d58daa3a77f8a974bb.php 第 86 行.
NOTIC: [8] Undefined index: rpicture C:\xampp\htdocs\untitled\Hotel\Application\Runtime\Cache\Admin\78d1d27db5d632d58daa3a77f8a974bb.php 第 86 行.
INFO: Run Behavior\ParseTemplateBehavior [ RunTime:0.009175s ]
INFO: [ view_parse ] --END-- [ RunTime:0.009199s ]
INFO: [ view_filter ] --START--
INFO: Run Behavior\WriteHtmlCacheBehavior [ RunTime:0.000349s ]
INFO: [ view_filter ] --END-- [ RunTime:0.000367s ]
INFO: [ app_end ] --START--
INFO: Run Behavior\ShowPageTraceBehavior [ RunTime:0.000773s ]
INFO: [ app_end ] --END-- [ RunTime:0.000808s ]

[ 2019-04-19T16:07:12+08:00 ] ::1 /untitled/Hotel/index.php/Admin/room/index.html
INFO: [ app_init ] --START--
INFO: Run Behavior\BuildLiteBehavior [ RunTime:0.000007s ]
INFO: [ app_init ] --END-- [ RunTime:0.000373s ]
INFO: [ app_begin ] --START--
INFO: Run Behavior\ReadHtmlCacheBehavior [ RunTime:0.000466s ]
INFO: [ app_begin ] --END-- [ RunTime:0.000489s ]
SQL: SHOW COLUMNS FROM `m_room` [ RunTime:0.0105s ]
SQL: SELECT COUNT(*) AS tp_count FROM `m_room` LIMIT 1   [ RunTime:0.0003s ]
SQL: SELECT * FROM `m_room` LIMIT 0,5   [ RunTime:0.0003s ]
INFO: [ view_parse ] --START--
INFO: [ template_filter ] --START--
INFO: Run Behavior\ContentReplaceBehavior [ RunTime:0.000047s ]
INFO: [ template_filter ] --END-- [ RunTime:0.000076s ]
NOTIC: [8] Undefined index: rpicture C:\xampp\htdocs\untitled\Hotel\Application\Runtime\Cache\Admin\78d1d27db5d632d58daa3a77f8a974bb.php 第 86 行.
NOTIC: [8] Undefined index: rpicture C:\xampp\htdocs\untitled\Hotel\Application\Runtime\Cache\Admin\78d1d27db5d632d58daa3a77f8a974bb.php 第 86 行.
NOTIC: [8] Undefined index: rpicture C:\xampp\htdocs\untitled\Hotel\Application\Runtime\Cache\Admin\78d1d27db5d632d58daa3a77f8a974bb.php 第 86 行.
NOTIC: [8] Undefined index: rpicture C:\xampp\htdocs\untitled\Hotel\Application\Runtime\Cache\Admin\78d1d27db5d632d58daa3a77f8a974bb.php 第 86 行.
NOTIC: [8] Undefined index: rpicture C:\xampp\htdocs\untitled\Hotel\Application\Runtime\Cache\Admin\78d1d27db5d632d58daa3a77f8a974bb.php 第 86 行.
INFO: Run Behavior\ParseTemplateBehavior [ RunTime:0.008842s ]
INFO: [ view_parse ] --END-- [ RunTime:0.008877s ]
INFO: [ view_filter ] --START--
INFO: Run Behavior\WriteHtmlCacheBehavior [ RunTime:0.000705s ]
INFO: [ view_filter ] --END-- [ RunTime:0.000802s ]
INFO: [ app_end ] --START--
INFO: Run Behavior\ShowPageTraceBehavior [ RunTime:0.000804s ]
INFO: [ app_end ] --END-- [ RunTime:0.000872s ]

[ 2019-04-19T16:10:20+08:00 ] ::1 /untitled/Hotel/index.php/Admin/room/index.html
INFO: [ app_init ] --START--
INFO: Run Behavior\BuildLiteBehavior [ RunTime:0.000008s ]
INFO: [ app_init ] --END-- [ RunTime:0.000441s ]
INFO: [ app_begin ] --START--
INFO: Run Behavior\ReadHtmlCacheBehavior [ RunTime:0.000733s ]
INFO: [ app_begin ] --END-- [ RunTime:0.000774s ]
SQL: SHOW COLUMNS FROM `m_room` [ RunTime:0.0106s ]
SQL: SELECT COUNT(*) AS tp_count FROM `m_room` LIMIT 1   [ RunTime:0.0003s ]
SQL: SELECT * FROM `m_room` LIMIT 0,5   [ RunTime:0.0003s ]
INFO: [ view_parse ] --START--
INFO: [ template_filter ] --START--
INFO: Run Behavior\ContentReplaceBehavior [ RunTime:0.000052s ]
INFO: [ template_filter ] --END-- [ RunTime:0.000083s ]
NOTIC: [8] Undefined index: rpicture C:\xampp\htdocs\untitled\Hotel\Application\Runtime\Cache\Admin\78d1d27db5d632d58daa3a77f8a974bb.php 第 86 行.
NOTIC: [8] Undefined index: rpicture C:\xampp\htdocs\untitled\Hotel\Application\Runtime\Cache\Admin\78d1d27db5d632d58daa3a77f8a974bb.php 第 86 行.
NOTIC: [8] Undefined index: rpicture C:\xampp\htdocs\untitled\Hotel\Application\Runtime\Cache\Admin\78d1d27db5d632d58daa3a77f8a974bb.php 第 86 行.
NOTIC: [8] Undefined index: rpicture C:\xampp\htdocs\untitled\Hotel\Application\Runtime\Cache\Admin\78d1d27db5d632d58daa3a77f8a974bb.php 第 86 行.
NOTIC: [8] Undefined index: rpicture C:\xampp\htdocs\untitled\Hotel\Application\Runtime\Cache\Admin\78d1d27db5d632d58daa3a77f8a974bb.php 第 86 行.
INFO: Run Behavior\ParseTemplateBehavior [ RunTime:0.017368s ]
INFO: [ view_parse ] --END-- [ RunTime:0.017400s ]
INFO: [ view_filter ] --START--
INFO: Run Behavior\WriteHtmlCacheBehavior [ RunTime:0.000520s ]
INFO: [ view_filter ] --END-- [ RunTime:0.000541s ]
INFO: [ app_end ] --START--
INFO: Run Behavior\ShowPageTraceBehavior [ RunTime:0.001054s ]
INFO: [ app_end ] --END-- [ RunTime:0.001083s ]

[ 2019-04-19T16:10:22+08:00 ] ::1 /untitled/Hotel/index.php/Admin/room/add.html
INFO: [ app_init ] --START--
INFO: Run Behavior\BuildLiteBehavior [ RunTime:0.000006s ]
INFO: [ app_init ] --END-- [ RunTime:0.000432s ]
INFO: [ app_begin ] --START--
INFO: Run Behavior\ReadHtmlCacheBehavior [ RunTime:0.001110s ]
INFO: [ app_begin ] --END-- [ RunTime:0.001197s ]
INFO: [ view_parse ] --START--
INFO: [ template_filter ] --START--
INFO: Run Behavior\ContentReplaceBehavior [ RunTime:0.000038s ]
INFO: [ template_filter ] --END-- [ RunTime:0.000066s ]
INFO: Run Behavior\ParseTemplateBehavior [ RunTime:0.007944s ]
INFO: [ view_parse ] --END-- [ RunTime:0.007986s ]
INFO: [ view_filter ] --START--
INFO: Run Behavior\WriteHtmlCacheBehavior [ RunTime:0.000308s ]
INFO: [ view_filter ] --END-- [ RunTime:0.000328s ]
INFO: [ app_end ] --START--
INFO: Run Behavior\ShowPageTraceBehavior [ RunTime:0.000499s ]
INFO: [ app_end ] --END-- [ RunTime:0.000517s ]

[ 2019-04-19T16:10:23+08:00 ] ::1 /untitled/Hotel/index.php/Admin/room/index.html
INFO: [ app_init ] --START--
INFO: Run Behavior\BuildLiteBehavior [ RunTime:0.000031s ]
INFO: [ app_init ] --END-- [ RunTime:0.000940s ]
INFO: [ app_begin ] --START--
INFO: Run Behavior\ReadHtmlCacheBehavior [ RunTime:0.001111s ]
INFO: [ app_begin ] --END-- [ RunTime:0.001200s ]
SQL: SHOW COLUMNS FROM `m_room` [ RunTime:0.0120s ]
SQL: SELECT COUNT(*) AS tp_count FROM `m_room` LIMIT 1   [ RunTime:0.0003s ]
SQL: SELECT * FROM `m_room` LIMIT 0,5   [ RunTime:0.0003s ]
INFO: [ view_parse ] --START--
INFO: [ template_filter ] --START--
INFO: Run Behavior\ContentReplaceBehavior [ RunTime:0.000061s ]
INFO: [ template_filter ] --END-- [ RunTime:0.000101s ]
NOTIC: [8] Undefined index: rpicture C:\xampp\htdocs\untitled\Hotel\Application\Runtime\Cache\Admin\78d1d27db5d632d58daa3a77f8a974bb.php 第 86 行.
NOTIC: [8] Undefined index: rpicture C:\xampp\htdocs\untitled\Hotel\Application\Runtime\Cache\Admin\78d1d27db5d632d58daa3a77f8a974bb.php 第 86 行.
NOTIC: [8] Undefined index: rpicture C:\xampp\htdocs\untitled\Hotel\Application\Runtime\Cache\Admin\78d1d27db5d632d58daa3a77f8a974bb.php 第 86 行.
NOTIC: [8] Undefined index: rpicture C:\xampp\htdocs\untitled\Hotel\Application\Runtime\Cache\Admin\78d1d27db5d632d58daa3a77f8a974bb.php 第 86 行.
NOTIC: [8] Undefined index: rpicture C:\xampp\htdocs\untitled\Hotel\Application\Runtime\Cache\Admin\78d1d27db5d632d58daa3a77f8a974bb.php 第 86 行.
INFO: Run Behavior\ParseTemplateBehavior [ RunTime:0.011862s ]
INFO: [ view_parse ] --END-- [ RunTime:0.011894s ]
INFO: [ view_filter ] --START--
INFO: Run Behavior\WriteHtmlCacheBehavior [ RunTime:0.000765s ]
INFO: [ view_filter ] --END-- [ RunTime:0.000800s ]
INFO: [ app_end ] --START--
INFO: Run Behavior\ShowPageTraceBehavior [ RunTime:0.001069s ]
INFO: [ app_end ] --END-- [ RunTime:0.001111s ]

[ 2019-04-19T16:10:30+08:00 ] ::1 /untitled/Hotel/index.php/Admin/room/index/curpage/2.html
INFO: [ app_init ] --START--
INFO: Run Behavior\BuildLiteBehavior [ RunTime:0.000007s ]
INFO: [ app_init ] --END-- [ RunTime:0.000398s ]
INFO: [ app_begin ] --START--
INFO: Run Behavior\ReadHtmlCacheBehavior [ RunTime:0.000664s ]
INFO: [ app_begin ] --END-- [ RunTime:0.000686s ]
SQL: SHOW COLUMNS FROM `m_room` [ RunTime:0.0184s ]
SQL: SELECT COUNT(*) AS tp_count FROM `m_room` LIMIT 1   [ RunTime:0.0003s ]
SQL: SELECT * FROM `m_room` LIMIT 5,5   [ RunTime:0.0003s ]
INFO: [ view_parse ] --START--
INFO: [ template_filter ] --START--
INFO: Run Behavior\ContentReplaceBehavior [ RunTime:0.000045s ]
INFO: [ template_filter ] --END-- [ RunTime:0.000072s ]
NOTIC: [8] Undefined index: rpicture C:\xampp\htdocs\untitled\Hotel\Application\Runtime\Cache\Admin\78d1d27db5d632d58daa3a77f8a974bb.php 第 86 行.
NOTIC: [8] Undefined index: rpicture C:\xampp\htdocs\untitled\Hotel\Application\Runtime\Cache\Admin\78d1d27db5d632d58daa3a77f8a974bb.php 第 86 行.
NOTIC: [8] Undefined index: rpicture C:\xampp\htdocs\untitled\Hotel\Application\Runtime\Cache\Admin\78d1d27db5d632d58daa3a77f8a974bb.php 第 86 行.
NOTIC: [8] Undefined index: rpicture C:\xampp\htdocs\untitled\Hotel\Application\Runtime\Cache\Admin\78d1d27db5d632d58daa3a77f8a974bb.php 第 86 行.
NOTIC: [8] Undefined index: rpicture C:\xampp\htdocs\untitled\Hotel\Application\Runtime\Cache\Admin\78d1d27db5d632d58daa3a77f8a974bb.php 第 86 行.
INFO: Run Behavior\ParseTemplateBehavior [ RunTime:0.009039s ]
INFO: [ view_parse ] --END-- [ RunTime:0.009079s ]
INFO: [ view_filter ] --START--
INFO: Run Behavior\WriteHtmlCacheBehavior [ RunTime:0.000606s ]
INFO: [ view_filter ] --END-- [ RunTime:0.000632s ]
INFO: [ app_end ] --START--
INFO: Run Behavior\ShowPageTraceBehavior [ RunTime:0.001011s ]
INFO: [ app_end ] --END-- [ RunTime:0.001041s ]

[ 2019-04-19T16:10:33+08:00 ] ::1 /untitled/Hotel/index.php/Admin/room/index/curpage/3.html
INFO: [ app_init ] --START--
INFO: Run Behavior\BuildLiteBehavior [ RunTime:0.000007s ]
INFO: [ app_init ] --END-- [ RunTime:0.000341s ]
INFO: [ app_begin ] --START--
INFO: Run Behavior\ReadHtmlCacheBehavior [ RunTime:0.000502s ]
INFO: [ app_begin ] --END-- [ RunTime:0.000530s ]
SQL: SHOW COLUMNS FROM `m_room` [ RunTime:0.0110s ]
SQL: SELECT COUNT(*) AS tp_count FROM `m_room` LIMIT 1   [ RunTime:0.0004s ]
SQL: SELECT * FROM `m_room` LIMIT 10,5   [ RunTime:0.0002s ]
INFO: [ view_parse ] --START--
INFO: [ template_filter ] --START--
INFO: Run Behavior\ContentReplaceBehavior [ RunTime:0.000075s ]
INFO: [ template_filter ] --END-- [ RunTime:0.000135s ]
NOTIC: [8] Undefined index: rpicture C:\xampp\htdocs\untitled\Hotel\Application\Runtime\Cache\Admin\78d1d27db5d632d58daa3a77f8a974bb.php 第 86 行.
INFO: Run Behavior\ParseTemplateBehavior [ RunTime:0.008824s ]
INFO: [ view_parse ] --END-- [ RunTime:0.008851s ]
INFO: [ view_filter ] --START--
INFO: Run Behavior\WriteHtmlCacheBehavior [ RunTime:0.000338s ]
INFO: [ view_filter ] --END-- [ RunTime:0.000366s ]
INFO: [ app_end ] --START--
INFO: Run Behavior\ShowPageTraceBehavior [ RunTime:0.000582s ]
INFO: [ app_end ] --END-- [ RunTime:0.000611s ]

[ 2019-04-19T16:10:35+08:00 ] ::1 /untitled/Hotel/index.php/Admin/room/index/curpage/2.html
INFO: [ app_init ] --START--
INFO: Run Behavior\BuildLiteBehavior [ RunTime:0.000007s ]
INFO: [ app_init ] --END-- [ RunTime:0.000384s ]
INFO: [ app_begin ] --START--
INFO: Run Behavior\ReadHtmlCacheBehavior [ RunTime:0.000884s ]
INFO: [ app_begin ] --END-- [ RunTime:0.000917s ]
SQL: SHOW COLUMNS FROM `m_room` [ RunTime:0.0101s ]
SQL: SELECT COUNT(*) AS tp_count FROM `m_room` LIMIT 1   [ RunTime:0.0003s ]
SQL: SELECT * FROM `m_room` LIMIT 5,5   [ RunTime:0.0002s ]
INFO: [ view_parse ] --START--
INFO: [ template_filter ] --START--
INFO: Run Behavior\ContentReplaceBehavior [ RunTime:0.000048s ]
INFO: [ template_filter ] --END-- [ RunTime:0.000075s ]
NOTIC: [8] Undefined index: rpicture C:\xampp\htdocs\untitled\Hotel\Application\Runtime\Cache\Admin\78d1d27db5d632d58daa3a77f8a974bb.php 第 86 行.
NOTIC: [8] Undefined index: rpicture C:\xampp\htdocs\untitled\Hotel\Application\Runtime\Cache\Admin\78d1d27db5d632d58daa3a77f8a974bb.php 第 86 行.
NOTIC: [8] Undefined index: rpicture C:\xampp\htdocs\untitled\Hotel\Application\Runtime\Cache\Admin\78d1d27db5d632d58daa3a77f8a974bb.php 第 86 行.
NOTIC: [8] Undefined index: rpicture C:\xampp\htdocs\untitled\Hotel\Application\Runtime\Cache\Admin\78d1d27db5d632d58daa3a77f8a974bb.php 第 86 行.
NOTIC: [8] Undefined index: rpicture C:\xampp\htdocs\untitled\Hotel\Application\Runtime\Cache\Admin\78d1d27db5d632d58daa3a77f8a974bb.php 第 86 行.
INFO: Run Behavior\ParseTemplateBehavior [ RunTime:0.009833s ]
INFO: [ view_parse ] --END-- [ RunTime:0.009858s ]
INFO: [ view_filter ] --START--
INFO: Run Behavior\WriteHtmlCacheBehavior [ RunTime:0.000333s ]
INFO: [ view_filter ] --END-- [ RunTime:0.000352s ]
INFO: [ app_end ] --START--
INFO: Run Behavior\ShowPageTraceBehavior [ RunTime:0.001004s ]
INFO: [ app_end ] --END-- [ RunTime:0.001057s ]

[ 2019-04-19T16:12:27+08:00 ] ::1 /untitled/Hotel/index.php/Admin/room/index.html
INFO: [ app_init ] --START--
INFO: Run Behavior\BuildLiteBehavior [ RunTime:0.000006s ]
INFO: [ app_init ] --END-- [ RunTime:0.000433s ]
INFO: [ app_begin ] --START--
INFO: Run Behavior\ReadHtmlCacheBehavior [ RunTime:0.000656s ]
INFO: [ app_begin ] --END-- [ RunTime:0.000680s ]
INFO: [ view_parse ] --START--
INFO: [ template_filter ] --START--
INFO: Run Behavior\ContentReplaceBehavior [ RunTime:0.000151s ]
INFO: [ template_filter ] --END-- [ RunTime:0.000199s ]
INFO: Run Behavior\ParseTemplateBehavior [ RunTime:0.009268s ]
INFO: [ view_parse ] --END-- [ RunTime:0.009297s ]
INFO: [ view_filter ] --START--
INFO: Run Behavior\WriteHtmlCacheBehavior [ RunTime:0.000402s ]
INFO: [ view_filter ] --END-- [ RunTime:0.000421s ]

[ 2019-04-19T16:12:29+08:00 ] ::1 /untitled/Hotel/index.php/Admin/login/index.html
INFO: [ app_init ] --START--
INFO: Run Behavior\BuildLiteBehavior [ RunTime:0.000006s ]
INFO: [ app_init ] --END-- [ RunTime:0.000297s ]
INFO: [ app_begin ] --START--
INFO: Run Behavior\ReadHtmlCacheBehavior [ RunTime:0.000459s ]
INFO: [ app_begin ] --END-- [ RunTime:0.000483s ]
INFO: [ view_parse ] --START--
INFO: [ template_filter ] --START--
INFO: Run Behavior\ContentReplaceBehavior [ RunTime:0.000045s ]
INFO: [ template_filter ] --END-- [ RunTime:0.000175s ]
INFO: Run Behavior\ParseTemplateBehavior [ RunTime:0.006777s ]
INFO: [ view_parse ] --END-- [ RunTime:0.006819s ]
INFO: [ view_filter ] --START--
INFO: Run Behavior\WriteHtmlCacheBehavior [ RunTime:0.000595s ]
INFO: [ view_filter ] --END-- [ RunTime:0.000639s ]
INFO: [ app_end ] --START--
INFO: Run Behavior\ShowPageTraceBehavior [ RunTime:0.001466s ]
INFO: [ app_end ] --END-- [ RunTime:0.001497s ]

[ 2019-04-19T16:12:35+08:00 ] ::1 /untitled/Hotel/index.php/Admin/login/adminLogin
INFO: [ app_init ] --START--
INFO: Run Behavior\BuildLiteBehavior [ RunTime:0.000010s ]
INFO: [ app_init ] --END-- [ RunTime:0.000413s ]
INFO: [ app_begin ] --START--
INFO: Run Behavior\ReadHtmlCacheBehavior [ RunTime:0.000696s ]
INFO: [ app_begin ] --END-- [ RunTime:0.000743s ]
SQL: SHOW COLUMNS FROM `m_admin` [ RunTime:0.0211s ]
SQL: SELECT * FROM `m_admin` WHERE ( Aname='Admin' ) LIMIT 1   [ RunTime:0.0003s ]
INFO: [ view_parse ] --START--
INFO: [ template_filter ] --START--
INFO: Run Behavior\ContentReplaceBehavior [ RunTime:0.000108s ]
INFO: [ template_filter ] --END-- [ RunTime:0.000144s ]
INFO: Run Behavior\ParseTemplateBehavior [ RunTime:0.008622s ]
INFO: [ view_parse ] --END-- [ RunTime:0.008661s ]
INFO: [ view_filter ] --START--
INFO: Run Behavior\WriteHtmlCacheBehavior [ RunTime:0.000631s ]
INFO: [ view_filter ] --END-- [ RunTime:0.000746s ]
INFO: [ app_end ] --START--
INFO: Run Behavior\ShowPageTraceBehavior [ RunTime:0.001661s ]
INFO: [ app_end ] --END-- [ RunTime:0.001703s ]

[ 2019-04-19T16:12:36+08:00 ] ::1 /untitled/Hotel/index.php/Admin/Room/index.html
INFO: [ app_init ] --START--
INFO: Run Behavior\BuildLiteBehavior [ RunTime:0.000008s ]
INFO: [ app_init ] --END-- [ RunTime:0.000366s ]
INFO: [ app_begin ] --START--
INFO: Run Behavior\ReadHtmlCacheBehavior [ RunTime:0.000559s ]
INFO: [ app_begin ] --END-- [ RunTime:0.000585s ]
SQL: SHOW COLUMNS FROM `m_room` [ RunTime:0.0098s ]
SQL: SELECT COUNT(*) AS tp_count FROM `m_room` LIMIT 1   [ RunTime:0.0007s ]
SQL: SELECT * FROM `m_room` LIMIT 0,5   [ RunTime:0.0004s ]
INFO: [ view_parse ] --START--
INFO: [ template_filter ] --START--
INFO: Run Behavior\ContentReplaceBehavior [ RunTime:0.000046s ]
INFO: [ template_filter ] --END-- [ RunTime:0.000072s ]
NOTIC: [8] Undefined index: rpicture C:\xampp\htdocs\untitled\Hotel\Application\Runtime\Cache\Admin\78d1d27db5d632d58daa3a77f8a974bb.php 第 86 行.
NOTIC: [8] Undefined index: rpicture C:\xampp\htdocs\untitled\Hotel\Application\Runtime\Cache\Admin\78d1d27db5d632d58daa3a77f8a974bb.php 第 86 行.
NOTIC: [8] Undefined index: rpicture C:\xampp\htdocs\untitled\Hotel\Application\Runtime\Cache\Admin\78d1d27db5d632d58daa3a77f8a974bb.php 第 86 行.
NOTIC: [8] Undefined index: rpicture C:\xampp\htdocs\untitled\Hotel\Application\Runtime\Cache\Admin\78d1d27db5d632d58daa3a77f8a974bb.php 第 86 行.
NOTIC: [8] Undefined index: rpicture C:\xampp\htdocs\untitled\Hotel\Application\Runtime\Cache\Admin\78d1d27db5d632d58daa3a77f8a974bb.php 第 86 行.
INFO: Run Behavior\ParseTemplateBehavior [ RunTime:0.008543s ]
INFO: [ view_parse ] --END-- [ RunTime:0.008572s ]
INFO: [ view_filter ] --START--
INFO: Run Behavior\WriteHtmlCacheBehavior [ RunTime:0.000294s ]
INFO: [ view_filter ] --END-- [ RunTime:0.000311s ]
INFO: [ app_end ] --START--
INFO: Run Behavior\ShowPageTraceBehavior [ RunTime:0.000824s ]
INFO: [ app_end ] --END-- [ RunTime:0.000885s ]

[ 2019-04-19T16:12:50+08:00 ] ::1 /untitled/Hotel/index.php/Admin/emp/index.html
INFO: [ app_init ] --START--
INFO: Run Behavior\BuildLiteBehavior [ RunTime:0.000008s ]
INFO: [ app_init ] --END-- [ RunTime:0.000416s ]
INFO: [ app_begin ] --START--
INFO: Run Behavior\ReadHtmlCacheBehavior [ RunTime:0.008969s ]
INFO: [ app_begin ] --END-- [ RunTime:0.009011s ]
SQL: SHOW COLUMNS FROM `m_emp` [ RunTime:0.0371s ]
SQL: SELECT COUNT(*) AS tp_count FROM `m_emp` LIMIT 1   [ RunTime:0.0003s ]
SQL: SELECT * FROM `m_emp` LIMIT 0,5   [ RunTime:0.0004s ]
INFO: [ view_parse ] --START--
INFO: [ template_filter ] --START--
INFO: Run Behavior\ContentReplaceBehavior [ RunTime:0.000058s ]
INFO: [ template_filter ] --END-- [ RunTime:0.000105s ]
NOTIC: [8] Undefined variable: room C:\xampp\htdocs\untitled\Hotel\Application\Runtime\Cache\Admin\ce500a6006bc6bd22920d89f3f11df74.php 第 89 行.
NOTIC: [8] Undefined variable: room C:\xampp\htdocs\untitled\Hotel\Application\Runtime\Cache\Admin\ce500a6006bc6bd22920d89f3f11df74.php 第 89 行.
NOTIC: [8] Undefined variable: room C:\xampp\htdocs\untitled\Hotel\Application\Runtime\Cache\Admin\ce500a6006bc6bd22920d89f3f11df74.php 第 89 行.
NOTIC: [8] Undefined variable: room C:\xampp\htdocs\untitled\Hotel\Application\Runtime\Cache\Admin\ce500a6006bc6bd22920d89f3f11df74.php 第 89 行.
NOTIC: [8] Undefined variable: room C:\xampp\htdocs\untitled\Hotel\Application\Runtime\Cache\Admin\ce500a6006bc6bd22920d89f3f11df74.php 第 89 行.
INFO: Run Behavior\ParseTemplateBehavior [ RunTime:0.044545s ]
INFO: [ view_parse ] --END-- [ RunTime:0.044605s ]
INFO: [ view_filter ] --START--
INFO: Run Behavior\WriteHtmlCacheBehavior [ RunTime:0.000365s ]
INFO: [ view_filter ] --END-- [ RunTime:0.000389s ]
INFO: [ app_end ] --START--
INFO: Run Behavior\ShowPageTraceBehavior [ RunTime:0.000705s ]
INFO: [ app_end ] --END-- [ RunTime:0.000736s ]

[ 2019-04-19T16:12:59+08:00 ] ::1 /untitled/Hotel/index.php/Admin/emp/index/curpage/2.html
INFO: [ app_init ] --START--
INFO: Run Behavior\BuildLiteBehavior [ RunTime:0.000007s ]
INFO: [ app_init ] --END-- [ RunTime:0.000431s ]
INFO: [ app_begin ] --START--
INFO: Run Behavior\ReadHtmlCacheBehavior [ RunTime:0.000464s ]
INFO: [ app_begin ] --END-- [ RunTime:0.000487s ]
SQL: SHOW COLUMNS FROM `m_emp` [ RunTime:0.0298s ]
SQL: SELECT COUNT(*) AS tp_count FROM `m_emp` LIMIT 1   [ RunTime:0.0003s ]
SQL: SELECT * FROM `m_emp` LIMIT 5,5   [ RunTime:0.0003s ]
INFO: [ view_parse ] --START--
INFO: [ template_filter ] --START--
INFO: Run Behavior\ContentReplaceBehavior [ RunTime:0.000045s ]
INFO: [ template_filter ] --END-- [ RunTime:0.000069s ]
NOTIC: [8] Undefined variable: room C:\xampp\htdocs\untitled\Hotel\Application\Runtime\Cache\Admin\ce500a6006bc6bd22920d89f3f11df74.php 第 89 行.
NOTIC: [8] Undefined variable: room C:\xampp\htdocs\untitled\Hotel\Application\Runtime\Cache\Admin\ce500a6006bc6bd22920d89f3f11df74.php 第 89 行.
NOTIC: [8] Undefined variable: room C:\xampp\htdocs\untitled\Hotel\Application\Runtime\Cache\Admin\ce500a6006bc6bd22920d89f3f11df74.php 第 89 行.
INFO: Run Behavior\ParseTemplateBehavior [ RunTime:0.007536s ]
INFO: [ view_parse ] --END-- [ RunTime:0.007565s ]
INFO: [ view_filter ] --START--
INFO: Run Behavior\WriteHtmlCacheBehavior [ RunTime:0.000301s ]
INFO: [ view_filter ] --END-- [ RunTime:0.000318s ]
INFO: [ app_end ] --START--
INFO: Run Behavior\ShowPageTraceBehavior [ RunTime:0.000572s ]
INFO: [ app_end ] --END-- [ RunTime:0.000604s ]

[ 2019-04-19T16:13:03+08:00 ] ::1 /untitled/Hotel/index.php/Admin/emp/index/curpage/1.html
INFO: [ app_init ] --START--
INFO: Run Behavior\BuildLiteBehavior [ RunTime:0.000011s ]
INFO: [ app_init ] --END-- [ RunTime:0.000511s ]
INFO: [ app_begin ] --START--
INFO: Run Behavior\ReadHtmlCacheBehavior [ RunTime:0.000770s ]
INFO: [ app_begin ] --END-- [ RunTime:0.000832s ]
SQL: SHOW COLUMNS FROM `m_emp` [ RunTime:0.0838s ]
SQL: SELECT COUNT(*) AS tp_count FROM `m_emp` LIMIT 1   [ RunTime:0.0003s ]
SQL: SELECT * FROM `m_emp` LIMIT 0,5   [ RunTime:0.0003s ]
INFO: [ view_parse ] --START--
INFO: [ template_filter ] --START--
INFO: Run Behavior\ContentReplaceBehavior [ RunTime:0.000057s ]
INFO: [ template_filter ] --END-- [ RunTime:0.000101s ]
NOTIC: [8] Undefined variable: room C:\xampp\htdocs\untitled\Hotel\Application\Runtime\Cache\Admin\ce500a6006bc6bd22920d89f3f11df74.php 第 89 行.
NOTIC: [8] Undefined variable: room C:\xampp\htdocs\untitled\Hotel\Application\Runtime\Cache\Admin\ce500a6006bc6bd22920d89f3f11df74.php 第 89 行.
NOTIC: [8] Undefined variable: room C:\xampp\htdocs\untitled\Hotel\Application\Runtime\Cache\Admin\ce500a6006bc6bd22920d89f3f11df74.php 第 89 行.
NOTIC: [8] Undefined variable: room C:\xampp\htdocs\untitled\Hotel\Application\Runtime\Cache\Admin\ce500a6006bc6bd22920d89f3f11df74.php 第 89 行.
NOTIC: [8] Undefined variable: room C:\xampp\htdocs\untitled\Hotel\Application\Runtime\Cache\Admin\ce500a6006bc6bd22920d89f3f11df74.php 第 89 行.
INFO: Run Behavior\ParseTemplateBehavior [ RunTime:0.009700s ]
INFO: [ view_parse ] --END-- [ RunTime:0.009737s ]
INFO: [ view_filter ] --START--
INFO: Run Behavior\WriteHtmlCacheBehavior [ RunTime:0.012515s ]
INFO: [ view_filter ] --END-- [ RunTime:0.012555s ]
INFO: [ app_end ] --START--
INFO: Run Behavior\ShowPageTraceBehavior [ RunTime:0.000946s ]
INFO: [ app_end ] --END-- [ RunTime:0.000993s ]

[ 2019-04-19T16:13:21+08:00 ] ::1 /untitled/Hotel/index.php/Admin/data/index.html
INFO: [ app_init ] --START--
INFO: Run Behavior\BuildLiteBehavior [ RunTime:0.000006s ]
INFO: [ app_init ] --END-- [ RunTime:0.000322s ]
INFO: [ app_begin ] --START--
INFO: Run Behavior\ReadHtmlCacheBehavior [ RunTime:0.000570s ]
INFO: [ app_begin ] --END-- [ RunTime:0.000602s ]
SQL: SHOW COLUMNS FROM `m_user` [ RunTime:0.0088s ]
SQL: SHOW COLUMNS FROM `m_room` [ RunTime:0.0115s ]
SQL: SHOW COLUMNS FROM `m_order` [ RunTime:0.0271s ]
SQL: SHOW COLUMNS FROM `m_emp` [ RunTime:0.0114s ]
SQL: SELECT COUNT(*) AS tp_count FROM `m_user` LIMIT 1   [ RunTime:0.0002s ]
SQL: SELECT COUNT(*) AS tp_count FROM `m_room` LIMIT 1   [ RunTime:0.0002s ]
SQL: SELECT COUNT(*) AS tp_count FROM `m_order` LIMIT 1   [ RunTime:0.0007s ]
SQL: SELECT COUNT(*) AS tp_count FROM `m_emp` LIMIT 1   [ RunTime:0.0002s ]
SQL: SELECT COUNT(*) AS tp_count FROM `m_emp` WHERE ( Esex='男' ) LIMIT 1   [ RunTime:0.0002s ]
SQL: SELECT COUNT(*) AS tp_count FROM `m_emp` WHERE ( Esex='女' ) LIMIT 1   [ RunTime:0.0002s ]
INFO: [ view_parse ] --START--
INFO: [ template_filter ] --START--
INFO: Run Behavior\ContentReplaceBehavior [ RunTime:0.000047s ]
INFO: [ template_filter ] --END-- [ RunTime:0.000076s ]
INFO: Run Behavior\ParseTemplateBehavior [ RunTime:0.019720s ]
INFO: [ view_parse ] --END-- [ RunTime:0.019758s ]
INFO: [ view_filter ] --START--
INFO: Run Behavior\WriteHtmlCacheBehavior [ RunTime:0.000384s ]
INFO: [ view_filter ] --END-- [ RunTime:0.000409s ]
INFO: [ app_end ] --START--
INFO: Run Behavior\ShowPageTraceBehavior [ RunTime:0.000729s ]
INFO: [ app_end ] --END-- [ RunTime:0.000766s ]

[ 2019-04-19T16:14:03+08:00 ] ::1 /untitled/Hotel/index.php/Admin/room/index.html
INFO: [ app_init ] --START--
INFO: Run Behavior\BuildLiteBehavior [ RunTime:0.000007s ]
INFO: [ app_init ] --END-- [ RunTime:0.000288s ]
INFO: [ app_begin ] --START--
INFO: Run Behavior\ReadHtmlCacheBehavior [ RunTime:0.000454s ]
INFO: [ app_begin ] --END-- [ RunTime:0.000477s ]
SQL: SHOW COLUMNS FROM `m_room` [ RunTime:0.0106s ]
SQL: SELECT COUNT(*) AS tp_count FROM `m_room` LIMIT 1   [ RunTime:0.0002s ]
SQL: SELECT * FROM `m_room` LIMIT 0,5   [ RunTime:0.0003s ]
INFO: [ view_parse ] --START--
INFO: [ template_filter ] --START--
INFO: Run Behavior\ContentReplaceBehavior [ RunTime:0.000044s ]
INFO: [ template_filter ] --END-- [ RunTime:0.000068s ]
NOTIC: [8] Undefined index: rpicture C:\xampp\htdocs\untitled\Hotel\Application\Runtime\Cache\Admin\78d1d27db5d632d58daa3a77f8a974bb.php 第 86 行.
NOTIC: [8] Undefined index: rpicture C:\xampp\htdocs\untitled\Hotel\Application\Runtime\Cache\Admin\78d1d27db5d632d58daa3a77f8a974bb.php 第 86 行.
NOTIC: [8] Undefined index: rpicture C:\xampp\htdocs\untitled\Hotel\Application\Runtime\Cache\Admin\78d1d27db5d632d58daa3a77f8a974bb.php 第 86 行.
NOTIC: [8] Undefined index: rpicture C:\xampp\htdocs\untitled\Hotel\Application\Runtime\Cache\Admin\78d1d27db5d632d58daa3a77f8a974bb.php 第 86 行.
NOTIC: [8] Undefined index: rpicture C:\xampp\htdocs\untitled\Hotel\Application\Runtime\Cache\Admin\78d1d27db5d632d58daa3a77f8a974bb.php 第 86 行.
INFO: Run Behavior\ParseTemplateBehavior [ RunTime:0.006917s ]
INFO: [ view_parse ] --END-- [ RunTime:0.006941s ]
INFO: [ view_filter ] --START--
INFO: Run Behavior\WriteHtmlCacheBehavior [ RunTime:0.000291s ]
INFO: [ view_filter ] --END-- [ RunTime:0.000308s ]
INFO: [ app_end ] --START--
INFO: Run Behavior\ShowPageTraceBehavior [ RunTime:0.000585s ]
INFO: [ app_end ] --END-- [ RunTime:0.000611s ]

[ 2019-04-19T16:14:16+08:00 ] ::1 /untitled/Hotel/index.php/Admin/room/add.html
INFO: [ app_init ] --START--
INFO: Run Behavior\BuildLiteBehavior [ RunTime:0.000006s ]
INFO: [ app_init ] --END-- [ RunTime:0.000308s ]
INFO: [ app_begin ] --START--
INFO: Run Behavior\ReadHtmlCacheBehavior [ RunTime:0.000453s ]
INFO: [ app_begin ] --END-- [ RunTime:0.000491s ]
INFO: [ view_parse ] --START--
INFO: [ template_filter ] --START--
INFO: Run Behavior\ContentReplaceBehavior [ RunTime:0.000038s ]
INFO: [ template_filter ] --END-- [ RunTime:0.000068s ]
INFO: Run Behavior\ParseTemplateBehavior [ RunTime:0.008070s ]
INFO: [ view_parse ] --END-- [ RunTime:0.008100s ]
INFO: [ view_filter ] --START--
INFO: Run Behavior\WriteHtmlCacheBehavior [ RunTime:0.000379s ]
INFO: [ view_filter ] --END-- [ RunTime:0.000397s ]
INFO: [ app_end ] --START--
INFO: Run Behavior\ShowPageTraceBehavior [ RunTime:0.000506s ]
INFO: [ app_end ] --END-- [ RunTime:0.000526s ]

[ 2019-04-19T16:14:42+08:00 ] ::1 /untitled/Hotel/index.php/Admin/room/add.html
INFO: [ app_init ] --START--
INFO: Run Behavior\BuildLiteBehavior [ RunTime:0.000006s ]
INFO: [ app_init ] --END-- [ RunTime:0.000438s ]
INFO: [ app_begin ] --START--
INFO: Run Behavior\ReadHtmlCacheBehavior [ RunTime:0.000671s ]
INFO: [ app_begin ] --END-- [ RunTime:0.000694s ]
INFO: [ view_parse ] --START--
INFO: [ template_filter ] --START--
INFO: Run Behavior\ContentReplaceBehavior [ RunTime:0.000054s ]
INFO: [ template_filter ] --END-- [ RunTime:0.000105s ]
INFO: Run Behavior\ParseTemplateBehavior [ RunTime:0.007994s ]
INFO: [ view_parse ] --END-- [ RunTime:0.008023s ]
INFO: [ view_filter ] --START--
INFO: Run Behavior\WriteHtmlCacheBehavior [ RunTime:0.000495s ]
INFO: [ view_filter ] --END-- [ RunTime:0.000515s ]
INFO: [ app_end ] --START--
INFO: Run Behavior\ShowPageTraceBehavior [ RunTime:0.000649s ]
INFO: [ app_end ] --END-- [ RunTime:0.000685s ]

[ 2019-04-19T16:17:16+08:00 ] ::1 /untitled/Hotel/index.php/Admin/room/add.html
INFO: [ app_init ] --START--
INFO: Run Behavior\BuildLiteBehavior [ RunTime:0.000015s ]
INFO: [ app_init ] --END-- [ RunTime:0.000552s ]
INFO: [ app_begin ] --START--
INFO: Run Behavior\ReadHtmlCacheBehavior [ RunTime:0.000678s ]
INFO: [ app_begin ] --END-- [ RunTime:0.000728s ]
INFO: [ view_parse ] --START--
INFO: [ template_filter ] --START--
INFO: Run Behavior\ContentReplaceBehavior [ RunTime:0.000056s ]
INFO: [ template_filter ] --END-- [ RunTime:0.000097s ]
INFO: Run Behavior\ParseTemplateBehavior [ RunTime:0.011131s ]
INFO: [ view_parse ] --END-- [ RunTime:0.011182s ]
INFO: [ view_filter ] --START--
INFO: Run Behavior\WriteHtmlCacheBehavior [ RunTime:0.000603s ]
INFO: [ view_filter ] --END-- [ RunTime:0.000634s ]
INFO: [ app_end ] --START--
INFO: Run Behavior\ShowPageTraceBehavior [ RunTime:0.001296s ]
INFO: [ app_end ] --END-- [ RunTime:0.001334s ]

[ 2019-04-19T16:17:17+08:00 ] ::1 /untitled/Hotel/index.php/Admin/room/add.html
INFO: [ app_init ] --START--
INFO: Run Behavior\BuildLiteBehavior [ RunTime:0.000021s ]
INFO: [ app_init ] --END-- [ RunTime:0.000361s ]
INFO: [ app_begin ] --START--
INFO: Run Behavior\ReadHtmlCacheBehavior [ RunTime:0.000453s ]
INFO: [ app_begin ] --END-- [ RunTime:0.000476s ]
INFO: [ view_parse ] --START--
INFO: [ template_filter ] --START--
INFO: Run Behavior\ContentReplaceBehavior [ RunTime:0.000035s ]
INFO: [ template_filter ] --END-- [ RunTime:0.000059s ]
INFO: Run Behavior\ParseTemplateBehavior [ RunTime:0.005984s ]
INFO: [ view_parse ] --END-- [ RunTime:0.006014s ]
INFO: [ view_filter ] --START--
INFO: Run Behavior\WriteHtmlCacheBehavior [ RunTime:0.000480s ]
INFO: [ view_filter ] --END-- [ RunTime:0.000504s ]
INFO: [ app_end ] --START--
INFO: Run Behavior\ShowPageTraceBehavior [ RunTime:0.000926s ]
INFO: [ app_end ] --END-- [ RunTime:0.000959s ]

[ 2019-04-19T16:17:18+08:00 ] ::1 /untitled/Hotel/index.php/Admin/room/add.html
INFO: [ app_init ] --START--
INFO: Run Behavior\BuildLiteBehavior [ RunTime:0.000006s ]
INFO: [ app_init ] --END-- [ RunTime:0.000299s ]
INFO: [ app_begin ] --START--
INFO: Run Behavior\ReadHtmlCacheBehavior [ RunTime:0.000469s ]
INFO: [ app_begin ] --END-- [ RunTime:0.000495s ]
INFO: [ view_parse ] --START--
INFO: [ template_filter ] --START--
INFO: Run Behavior\ContentReplaceBehavior [ RunTime:0.000043s ]
INFO: [ template_filter ] --END-- [ RunTime:0.000101s ]
INFO: Run Behavior\ParseTemplateBehavior [ RunTime:0.007502s ]
INFO: [ view_parse ] --END-- [ RunTime:0.007535s ]
INFO: [ view_filter ] --START--
INFO: Run Behavior\WriteHtmlCacheBehavior [ RunTime:0.000310s ]
INFO: [ view_filter ] --END-- [ RunTime:0.000329s ]
INFO: [ app_end ] --START--
INFO: Run Behavior\ShowPageTraceBehavior [ RunTime:0.000630s ]
INFO: [ app_end ] --END-- [ RunTime:0.000650s ]

[ 2019-04-19T16:17:18+08:00 ] ::1 /untitled/Hotel/index.php/Admin/room/add.html
INFO: [ app_init ] --START--
INFO: Run Behavior\BuildLiteBehavior [ RunTime:0.000006s ]
INFO: [ app_init ] --END-- [ RunTime:0.000309s ]
INFO: [ app_begin ] --START--
INFO: Run Behavior\ReadHtmlCacheBehavior [ RunTime:0.000488s ]
INFO: [ app_begin ] --END-- [ RunTime:0.000511s ]
INFO: [ view_parse ] --START--
INFO: [ template_filter ] --START--
INFO: Run Behavior\ContentReplaceBehavior [ RunTime:0.000036s ]
INFO: [ template_filter ] --END-- [ RunTime:0.000061s ]
INFO: Run Behavior\ParseTemplateBehavior [ RunTime:0.005911s ]
INFO: [ view_parse ] --END-- [ RunTime:0.005937s ]
INFO: [ view_filter ] --START--
INFO: Run Behavior\WriteHtmlCacheBehavior [ RunTime:0.000280s ]
INFO: [ view_filter ] --END-- [ RunTime:0.000298s ]
INFO: [ app_end ] --START--
INFO: Run Behavior\ShowPageTraceBehavior [ RunTime:0.000561s ]
INFO: [ app_end ] --END-- [ RunTime:0.000580s ]

[ 2019-04-19T16:17:18+08:00 ] ::1 /untitled/Hotel/index.php/Admin/room/add.html
INFO: [ app_init ] --START--
INFO: Run Behavior\BuildLiteBehavior [ RunTime:0.000024s ]
INFO: [ app_init ] --END-- [ RunTime:0.000687s ]
INFO: [ app_begin ] --START--
INFO: Run Behavior\ReadHtmlCacheBehavior [ RunTime:0.000675s ]
INFO: [ app_begin ] --END-- [ RunTime:0.000715s ]
INFO: [ view_parse ] --START--
INFO: [ template_filter ] --START--
INFO: Run Behavior\ContentReplaceBehavior [ RunTime:0.000036s ]
INFO: [ template_filter ] --END-- [ RunTime:0.000061s ]
INFO: Run Behavior\ParseTemplateBehavior [ RunTime:0.005923s ]
INFO: [ view_parse ] --END-- [ RunTime:0.005951s ]
INFO: [ view_filter ] --START--
INFO: Run Behavior\WriteHtmlCacheBehavior [ RunTime:0.000357s ]
INFO: [ view_filter ] --END-- [ RunTime:0.000376s ]
INFO: [ app_end ] --START--
INFO: Run Behavior\ShowPageTraceBehavior [ RunTime:0.000503s ]
INFO: [ app_end ] --END-- [ RunTime:0.000521s ]

[ 2019-04-19T16:17:19+08:00 ] ::1 /untitled/Hotel/index.php/Admin/room/add.html
INFO: [ app_init ] --START--
INFO: Run Behavior\BuildLiteBehavior [ RunTime:0.000007s ]
INFO: [ app_init ] --END-- [ RunTime:0.000354s ]
INFO: [ app_begin ] --START--
INFO: Run Behavior\ReadHtmlCacheBehavior [ RunTime:0.000504s ]
INFO: [ app_begin ] --END-- [ RunTime:0.000537s ]
INFO: [ view_parse ] --START--
INFO: [ template_filter ] --START--
INFO: Run Behavior\ContentReplaceBehavior [ RunTime:0.000036s ]
INFO: [ template_filter ] --END-- [ RunTime:0.000062s ]
INFO: Run Behavior\ParseTemplateBehavior [ RunTime:0.005973s ]
INFO: [ view_parse ] --END-- [ RunTime:0.005998s ]
INFO: [ view_filter ] --START--
INFO: Run Behavior\WriteHtmlCacheBehavior [ RunTime:0.000281s ]
INFO: [ view_filter ] --END-- [ RunTime:0.000298s ]
INFO: [ app_end ] --START--
INFO: Run Behavior\ShowPageTraceBehavior [ RunTime:0.000641s ]
INFO: [ app_end ] --END-- [ RunTime:0.000666s ]

[ 2019-04-19T16:54:26+08:00 ] ::1 /untitled/Hotel/index.php/Admin/room/add.html
INFO: [ app_init ] --START--
INFO: Run Behavior\BuildLiteBehavior [ RunTime:0.000011s ]
INFO: [ app_init ] --END-- [ RunTime:0.000663s ]
INFO: [ app_begin ] --START--
INFO: Run Behavior\ReadHtmlCacheBehavior [ RunTime:0.000601s ]
INFO: [ app_begin ] --END-- [ RunTime:0.000639s ]
INFO: [ view_parse ] --START--
INFO: [ template_filter ] --START--
INFO: Run Behavior\ContentReplaceBehavior [ RunTime:0.000151s ]
INFO: [ template_filter ] --END-- [ RunTime:0.000349s ]
INFO: Run Behavior\ParseTemplateBehavior [ RunTime:0.010064s ]
INFO: [ view_parse ] --END-- [ RunTime:0.010114s ]
INFO: [ view_filter ] --START--
INFO: Run Behavior\WriteHtmlCacheBehavior [ RunTime:0.000617s ]
INFO: [ view_filter ] --END-- [ RunTime:0.000647s ]

[ 2019-04-19T16:54:29+08:00 ] ::1 /untitled/Hotel/index.php/Admin/login/index.html
INFO: [ app_init ] --START--
INFO: Run Behavior\BuildLiteBehavior [ RunTime:0.000012s ]
INFO: [ app_init ] --END-- [ RunTime:0.000562s ]
INFO: [ app_begin ] --START--
INFO: Run Behavior\ReadHtmlCacheBehavior [ RunTime:0.000795s ]
INFO: [ app_begin ] --END-- [ RunTime:0.000848s ]
INFO: [ view_parse ] --START--
INFO: [ template_filter ] --START--
INFO: Run Behavior\ContentReplaceBehavior [ RunTime:0.000030s ]
INFO: [ template_filter ] --END-- [ RunTime:0.000061s ]
INFO: Run Behavior\ParseTemplateBehavior [ RunTime:0.007057s ]
INFO: [ view_parse ] --END-- [ RunTime:0.007112s ]
INFO: [ view_filter ] --START--
INFO: Run Behavior\WriteHtmlCacheBehavior [ RunTime:0.000367s ]
INFO: [ view_filter ] --END-- [ RunTime:0.000396s ]
INFO: [ app_end ] --START--
INFO: Run Behavior\ShowPageTraceBehavior [ RunTime:0.001151s ]
INFO: [ app_end ] --END-- [ RunTime:0.001192s ]

[ 2019-04-19T16:54:44+08:00 ] ::1 /untitled/Hotel/index.php/Admin/login/logout.html
INFO: [ app_init ] --START--
INFO: Run Behavior\BuildLiteBehavior [ RunTime:0.000007s ]
INFO: [ app_init ] --END-- [ RunTime:0.000291s ]
INFO: [ app_begin ] --START--
INFO: Run Behavior\ReadHtmlCacheBehavior [ RunTime:0.000577s ]
INFO: [ app_begin ] --END-- [ RunTime:0.000616s ]
INFO: [ view_parse ] --START--
INFO: [ template_filter ] --START--
INFO: Run Behavior\ContentReplaceBehavior [ RunTime:0.000077s ]
INFO: [ template_filter ] --END-- [ RunTime:0.000103s ]
INFO: Run Behavior\ParseTemplateBehavior [ RunTime:0.008668s ]
INFO: [ view_parse ] --END-- [ RunTime:0.008697s ]
INFO: [ view_filter ] --START--
INFO: Run Behavior\WriteHtmlCacheBehavior [ RunTime:0.000294s ]
INFO: [ view_filter ] --END-- [ RunTime:0.000312s ]
INFO: [ app_end ] --START--
INFO: Run Behavior\ShowPageTraceBehavior [ RunTime:0.000872s ]
INFO: [ app_end ] --END-- [ RunTime:0.000901s ]

[ 2019-04-19T16:54:46+08:00 ] ::1 /untitled/Hotel/index.php/Admin/login/index.html
INFO: [ app_init ] --START--
INFO: Run Behavior\BuildLiteBehavior [ RunTime:0.000009s ]
INFO: [ app_init ] --END-- [ RunTime:0.000517s ]
INFO: [ app_begin ] --START--
INFO: Run Behavior\ReadHtmlCacheBehavior [ RunTime:0.000854s ]
INFO: [ app_begin ] --END-- [ RunTime:0.000896s ]
INFO: [ view_parse ] --START--
INFO: [ template_filter ] --START--
INFO: Run Behavior\ContentReplaceBehavior [ RunTime:0.000028s ]
INFO: [ template_filter ] --END-- [ RunTime:0.000053s ]
INFO: Run Behavior\ParseTemplateBehavior [ RunTime:0.005942s ]
INFO: [ view_parse ] --END-- [ RunTime:0.005971s ]
INFO: [ view_filter ] --START--
INFO: Run Behavior\WriteHtmlCacheBehavior [ RunTime:0.000286s ]
INFO: [ view_filter ] --END-- [ RunTime:0.000304s ]
INFO: [ app_end ] --START--
INFO: Run Behavior\ShowPageTraceBehavior [ RunTime:0.000587s ]
INFO: [ app_end ] --END-- [ RunTime:0.000609s ]

[ 2019-04-19T16:54:49+08:00 ] ::1 /untitled/Hotel/index.php/Admin/login/adminLogin
INFO: [ app_init ] --START--
INFO: Run Behavior\BuildLiteBehavior [ RunTime:0.000013s ]
INFO: [ app_init ] --END-- [ RunTime:0.000528s ]
INFO: [ app_begin ] --START--
INFO: Run Behavior\ReadHtmlCacheBehavior [ RunTime:0.000545s ]
INFO: [ app_begin ] --END-- [ RunTime:0.000577s ]
SQL: SHOW COLUMNS FROM `m_admin` [ RunTime:0.0112s ]
SQL: SELECT * FROM `m_admin` WHERE ( Aname='我想拥着你' ) LIMIT 1   [ RunTime:0.0003s ]
INFO: [ view_parse ] --START--
INFO: [ template_filter ] --START--
INFO: Run Behavior\ContentReplaceBehavior [ RunTime:0.000088s ]
INFO: [ template_filter ] --END-- [ RunTime:0.000123s ]
INFO: Run Behavior\ParseTemplateBehavior [ RunTime:0.012905s ]
INFO: [ view_parse ] --END-- [ RunTime:0.012937s ]
INFO: [ view_filter ] --START--
INFO: Run Behavior\WriteHtmlCacheBehavior [ RunTime:0.000300s ]
INFO: [ view_filter ] --END-- [ RunTime:0.000319s ]

[ 2019-04-19T16:54:51+08:00 ] ::1 /untitled/Hotel/index.php/Admin/Login/index.html
INFO: [ app_init ] --START--
INFO: Run Behavior\BuildLiteBehavior [ RunTime:0.000006s ]
INFO: [ app_init ] --END-- [ RunTime:0.000289s ]
INFO: [ app_begin ] --START--
INFO: Run Behavior\ReadHtmlCacheBehavior [ RunTime:0.000471s ]
INFO: [ app_begin ] --END-- [ RunTime:0.000494s ]
INFO: [ view_parse ] --START--
INFO: [ template_filter ] --START--
INFO: Run Behavior\ContentReplaceBehavior [ RunTime:0.000028s ]
INFO: [ template_filter ] --END-- [ RunTime:0.000059s ]
INFO: Run Behavior\ParseTemplateBehavior [ RunTime:0.007661s ]
INFO: [ view_parse ] --END-- [ RunTime:0.007690s ]
INFO: [ view_filter ] --START--
INFO: Run Behavior\WriteHtmlCacheBehavior [ RunTime:0.000389s ]
INFO: [ view_filter ] --END-- [ RunTime:0.000407s ]
INFO: [ app_end ] --START--
INFO: Run Behavior\ShowPageTraceBehavior [ RunTime:0.000500s ]
INFO: [ app_end ] --END-- [ RunTime:0.000519s ]

[ 2019-04-19T16:55:08+08:00 ] ::1 /untitled/Hotel/index.php/Admin/login/index.html
INFO: [ app_init ] --START--
INFO: Run Behavior\BuildLiteBehavior [ RunTime:0.000012s ]
INFO: [ app_init ] --END-- [ RunTime:0.000674s ]
INFO: [ app_begin ] --START--
INFO: Run Behavior\ReadHtmlCacheBehavior [ RunTime:0.002540s ]
INFO: [ app_begin ] --END-- [ RunTime:0.002605s ]
INFO: [ view_parse ] --START--
INFO: [ template_filter ] --START--
INFO: Run Behavior\ContentReplaceBehavior [ RunTime:0.000027s ]
INFO: [ template_filter ] --END-- [ RunTime:0.000055s ]
INFO: Run Behavior\ParseTemplateBehavior [ RunTime:0.007232s ]
INFO: [ view_parse ] --END-- [ RunTime:0.007266s ]
INFO: [ view_filter ] --START--
INFO: Run Behavior\WriteHtmlCacheBehavior [ RunTime:0.000434s ]
INFO: [ view_filter ] --END-- [ RunTime:0.000468s ]
INFO: [ app_end ] --START--
INFO: Run Behavior\ShowPageTraceBehavior [ RunTime:0.000655s ]
INFO: [ app_end ] --END-- [ RunTime:0.000693s ]

[ 2019-04-19T16:55:11+08:00 ] ::1 /untitled/Hotel/index.php/Admin/room/add.html
INFO: [ app_init ] --START--
INFO: Run Behavior\BuildLiteBehavior [ RunTime:0.000011s ]
INFO: [ app_init ] --END-- [ RunTime:0.000523s ]
INFO: [ app_begin ] --START--
INFO: Run Behavior\ReadHtmlCacheBehavior [ RunTime:0.001088s ]
INFO: [ app_begin ] --END-- [ RunTime:0.001141s ]
INFO: [ view_parse ] --START--
INFO: [ template_filter ] --START--
INFO: Run Behavior\ContentReplaceBehavior [ RunTime:0.000106s ]
INFO: [ template_filter ] --END-- [ RunTime:0.000157s ]
INFO: Run Behavior\ParseTemplateBehavior [ RunTime:0.010821s ]
INFO: [ view_parse ] --END-- [ RunTime:0.010859s ]
INFO: [ view_filter ] --START--
INFO: Run Behavior\WriteHtmlCacheBehavior [ RunTime:0.000552s ]
INFO: [ view_filter ] --END-- [ RunTime:0.000580s ]

[ 2019-04-19T17:17:54+08:00 ] ::1 /untitled/Hotel/index.php/admin/login/index.html
INFO: [ app_init ] --START--
INFO: Run Behavior\BuildLiteBehavior [ RunTime:0.000007s ]
INFO: [ app_init ] --END-- [ RunTime:0.000360s ]
INFO: [ app_begin ] --START--
INFO: Run Behavior\ReadHtmlCacheBehavior [ RunTime:0.000668s ]
INFO: [ app_begin ] --END-- [ RunTime:0.000692s ]
INFO: [ view_parse ] --START--
INFO: [ template_filter ] --START--
INFO: Run Behavior\ContentReplaceBehavior [ RunTime:0.000032s ]
INFO: [ template_filter ] --END-- [ RunTime:0.000070s ]
INFO: Run Behavior\ParseTemplateBehavior [ RunTime:0.007936s ]
INFO: [ view_parse ] --END-- [ RunTime:0.007966s ]
INFO: [ view_filter ] --START--
INFO: Run Behavior\WriteHtmlCacheBehavior [ RunTime:0.000572s ]
INFO: [ view_filter ] --END-- [ RunTime:0.000597s ]
INFO: [ app_end ] --START--
INFO: Run Behavior\ShowPageTraceBehavior [ RunTime:0.000810s ]
INFO: [ app_end ] --END-- [ RunTime:0.000838s ]

[ 2019-04-19T17:18:48+08:00 ] ::1 /untitled/Hotel/index.php/admin/login/adminLogin
INFO: [ app_init ] --START--
INFO: Run Behavior\BuildLiteBehavior [ RunTime:0.000010s ]
INFO: [ app_init ] --END-- [ RunTime:0.000727s ]
INFO: [ app_begin ] --START--
INFO: Run Behavior\ReadHtmlCacheBehavior [ RunTime:0.000706s ]
INFO: [ app_begin ] --END-- [ RunTime:0.000733s ]
SQL: SHOW COLUMNS FROM `m_admin` [ RunTime:0.0206s ]
SQL: SELECT * FROM `m_admin` WHERE ( Aname='我想拥着你' ) LIMIT 1   [ RunTime:0.0003s ]
INFO: [ view_parse ] --START--
INFO: [ template_filter ] --START--
INFO: Run Behavior\ContentReplaceBehavior [ RunTime:0.000123s ]
INFO: [ template_filter ] --END-- [ RunTime:0.000176s ]
INFO: Run Behavior\ParseTemplateBehavior [ RunTime:0.009146s ]
INFO: [ view_parse ] --END-- [ RunTime:0.009189s ]
INFO: [ view_filter ] --START--
INFO: Run Behavior\WriteHtmlCacheBehavior [ RunTime:0.001116s ]
INFO: [ view_filter ] --END-- [ RunTime:0.001147s ]

[ 2019-04-19T17:18:51+08:00 ] ::1 /untitled/Hotel/index.php/Admin/Login/index.html
INFO: [ app_init ] --START--
INFO: Run Behavior\BuildLiteBehavior [ RunTime:0.000008s ]
INFO: [ app_init ] --END-- [ RunTime:0.000412s ]
INFO: [ app_begin ] --START--
INFO: Run Behavior\ReadHtmlCacheBehavior [ RunTime:0.000694s ]
INFO: [ app_begin ] --END-- [ RunTime:0.000728s ]
INFO: [ view_parse ] --START--
INFO: [ template_filter ] --START--
INFO: Run Behavior\ContentReplaceBehavior [ RunTime:0.000027s ]
INFO: [ template_filter ] --END-- [ RunTime:0.000054s ]
INFO: Run Behavior\ParseTemplateBehavior [ RunTime:0.006456s ]
INFO: [ view_parse ] --END-- [ RunTime:0.006487s ]
INFO: [ view_filter ] --START--
INFO: Run Behavior\WriteHtmlCacheBehavior [ RunTime:0.000278s ]
INFO: [ view_filter ] --END-- [ RunTime:0.000297s ]
INFO: [ app_end ] --START--
INFO: Run Behavior\ShowPageTraceBehavior [ RunTime:0.000659s ]
INFO: [ app_end ] --END-- [ RunTime:0.000678s ]

[ 2019-04-19T17:22:25+08:00 ] 127.0.0.1 /untitled/Hotel/index.php/admin/Login/adminLogin
INFO: [ app_init ] --START--
INFO: Run Behavior\BuildLiteBehavior [ RunTime:0.000009s ]
INFO: [ app_init ] --END-- [ RunTime:0.000573s ]
INFO: [ app_begin ] --START--
INFO: Run Behavior\ReadHtmlCacheBehavior [ RunTime:0.001421s ]
INFO: [ app_begin ] --END-- [ RunTime:0.001497s ]
SQL: SHOW COLUMNS FROM `m_admin` [ RunTime:0.0094s ]
SQL: SELECT * FROM `m_admin` WHERE ( Aname='' ) LIMIT 1   [ RunTime:0.0003s ]

[ 2019-04-19T17:22:43+08:00 ] 127.0.0.1 /untitled/Hotel/index.php/admin/Login/adminLogin
INFO: [ app_init ] --START--
INFO: Run Behavior\BuildLiteBehavior [ RunTime:0.000009s ]
INFO: [ app_init ] --END-- [ RunTime:0.000702s ]
INFO: [ app_begin ] --START--
INFO: Run Behavior\ReadHtmlCacheBehavior [ RunTime:0.000540s ]
INFO: [ app_begin ] --END-- [ RunTime:0.000583s ]
SQL: SHOW COLUMNS FROM `m_admin` [ RunTime:0.0086s ]
SQL: SELECT * FROM `m_admin` WHERE ( Aname='' ) LIMIT 1   [ RunTime:0.0003s ]

[ 2019-04-19T17:23:03+08:00 ] 127.0.0.1 /untitled/Hotel/index.php/admin/Login/adminLogin
INFO: [ app_init ] --START--
INFO: Run Behavior\BuildLiteBehavior [ RunTime:0.000007s ]
INFO: [ app_init ] --END-- [ RunTime:0.000413s ]
INFO: [ app_begin ] --START--
INFO: Run Behavior\ReadHtmlCacheBehavior [ RunTime:0.000508s ]
INFO: [ app_begin ] --END-- [ RunTime:0.000532s ]
SQL: SHOW COLUMNS FROM `m_admin` [ RunTime:0.0087s ]
SQL: SELECT * FROM `m_admin` WHERE ( Aname='' ) LIMIT 1   [ RunTime:0.0004s ]

[ 2019-04-19T17:25:09+08:00 ] 127.0.0.1 /untitled/Hotel/index.php/admin/Login/adminLogin
INFO: [ app_init ] --START--
INFO: Run Behavior\BuildLiteBehavior [ RunTime:0.000007s ]
INFO: [ app_init ] --END-- [ RunTime:0.000350s ]
INFO: [ app_begin ] --START--
INFO: Run Behavior\ReadHtmlCacheBehavior [ RunTime:0.000601s ]
INFO: [ app_begin ] --END-- [ RunTime:0.000626s ]
SQL: SHOW COLUMNS FROM `m_admin` [ RunTime:0.0098s ]
SQL: SELECT * FROM `m_admin` WHERE ( Aname='Admin' ) LIMIT 1   [ RunTime:0.0004s ]

[ 2019-04-19T17:27:44+08:00 ] ::1 /untitled/Hotel/index.php/Admin/Login/adminLogin
INFO: [ app_init ] --START--
INFO: Run Behavior\BuildLiteBehavior [ RunTime:0.000007s ]
INFO: [ app_init ] --END-- [ RunTime:0.000429s ]
INFO: [ app_begin ] --START--
INFO: Run Behavior\ReadHtmlCacheBehavior [ RunTime:0.000647s ]
INFO: [ app_begin ] --END-- [ RunTime:0.000693s ]
SQL: SHOW COLUMNS FROM `m_admin` [ RunTime:0.1387s ]
SQL: SELECT * FROM `m_admin` WHERE ( Aname='Admin' ) LIMIT 1   [ RunTime:0.0003s ]

[ 2019-04-19T17:28:06+08:00 ] ::1 /untitled/Hotel/index.php/Admin/home/index
INFO: [ app_init ] --START--
INFO: Run Behavior\BuildLiteBehavior [ RunTime:0.000006s ]
INFO: [ app_init ] --END-- [ RunTime:0.000355s ]
INFO: [ app_begin ] --START--
INFO: Run Behavior\ReadHtmlCacheBehavior [ RunTime:0.000642s ]
INFO: [ app_begin ] --END-- [ RunTime:0.000667s ]
ERR: 无法加载控制器:Home

[ 2019-04-19T17:28:21+08:00 ] ::1 /untitled/Hotel/index.php/Admin/room/index
INFO: [ app_init ] --START--
INFO: Run Behavior\BuildLiteBehavior [ RunTime:0.000009s ]
INFO: [ app_init ] --END-- [ RunTime:0.000450s ]
INFO: [ app_begin ] --START--
INFO: Run Behavior\ReadHtmlCacheBehavior [ RunTime:0.000615s ]
INFO: [ app_begin ] --END-- [ RunTime:0.000656s ]
SQL: SHOW COLUMNS FROM `m_room` [ RunTime:0.0157s ]
SQL: SELECT COUNT(*) AS tp_count FROM `m_room` LIMIT 1   [ RunTime:0.0004s ]
SQL: SELECT * FROM `m_room` LIMIT 0,5   [ RunTime:0.0003s ]
INFO: [ view_parse ] --START--
INFO: [ template_filter ] --START--
INFO: Run Behavior\ContentReplaceBehavior [ RunTime:0.000048s ]
INFO: [ template_filter ] --END-- [ RunTime:0.000075s ]
NOTIC: [8] Undefined index: rpicture C:\xampp\htdocs\untitled\Hotel\Application\Runtime\Cache\Admin\78d1d27db5d632d58daa3a77f8a974bb.php 第 86 行.
NOTIC: [8] Undefined index: rpicture C:\xampp\htdocs\untitled\Hotel\Application\Runtime\Cache\Admin\78d1d27db5d632d58daa3a77f8a974bb.php 第 86 行.
NOTIC: [8] Undefined index: rpicture C:\xampp\htdocs\untitled\Hotel\Application\Runtime\Cache\Admin\78d1d27db5d632d58daa3a77f8a974bb.php 第 86 行.
NOTIC: [8] Undefined index: rpicture C:\xampp\htdocs\untitled\Hotel\Application\Runtime\Cache\Admin\78d1d27db5d632d58daa3a77f8a974bb.php 第 86 行.
NOTIC: [8] Undefined index: rpicture C:\xampp\htdocs\untitled\Hotel\Application\Runtime\Cache\Admin\78d1d27db5d632d58daa3a77f8a974bb.php 第 86 行.
INFO: Run Behavior\ParseTemplateBehavior [ RunTime:0.012181s ]
INFO: [ view_parse ] --END-- [ RunTime:0.012207s ]
INFO: [ view_filter ] --START--
INFO: Run Behavior\WriteHtmlCacheBehavior [ RunTime:0.000423s ]
INFO: [ view_filter ] --END-- [ RunTime:0.000442s ]
INFO: [ app_end ] --START--
INFO: Run Behavior\ShowPageTraceBehavior [ RunTime:0.000765s ]
INFO: [ app_end ] --END-- [ RunTime:0.000817s ]

[ 2019-04-19T17:29:11+08:00 ] 127.0.0.1 /untitled/Hotel/index.php/admin/Login/adminLogin
INFO: [ app_init ] --START--
INFO: Run Behavior\BuildLiteBehavior [ RunTime:0.000006s ]
INFO: [ app_init ] --END-- [ RunTime:0.000292s ]
INFO: [ app_begin ] --START--
INFO: Run Behavior\ReadHtmlCacheBehavior [ RunTime:0.000446s ]
INFO: [ app_begin ] --END-- [ RunTime:0.000471s ]
SQL: SHOW COLUMNS FROM `m_admin` [ RunTime:0.0088s ]
SQL: SELECT * FROM `m_admin` WHERE ( Aname='admin' ) LIMIT 1   [ RunTime:0.0004s ]

[ 2019-04-19T17:29:11+08:00 ] ::1 /untitled/Hotel/index.php/Admin/room/index
INFO: [ app_init ] --START--
INFO: Run Behavior\BuildLiteBehavior [ RunTime:0.000009s ]
INFO: [ app_init ] --END-- [ RunTime:0.000405s ]
INFO: [ app_begin ] --START--
INFO: Run Behavior\ReadHtmlCacheBehavior [ RunTime:0.000521s ]
INFO: [ app_begin ] --END-- [ RunTime:0.000545s ]
SQL: SHOW COLUMNS FROM `m_room` [ RunTime:0.0255s ]
SQL: SELECT COUNT(*) AS tp_count FROM `m_room` LIMIT 1   [ RunTime:0.0003s ]
SQL: SELECT * FROM `m_room` LIMIT 0,5   [ RunTime:0.0003s ]
INFO: [ view_parse ] --START--
INFO: [ template_filter ] --START--
INFO: Run Behavior\ContentReplaceBehavior [ RunTime:0.000045s ]
INFO: [ template_filter ] --END-- [ RunTime:0.000071s ]
NOTIC: [8] Undefined index: rpicture C:\xampp\htdocs\untitled\Hotel\Application\Runtime\Cache\Admin\78d1d27db5d632d58daa3a77f8a974bb.php 第 86 行.
NOTIC: [8] Undefined index: rpicture C:\xampp\htdocs\untitled\Hotel\Application\Runtime\Cache\Admin\78d1d27db5d632d58daa3a77f8a974bb.php 第 86 行.
NOTIC: [8] Undefined index: rpicture C:\xampp\htdocs\untitled\Hotel\Application\Runtime\Cache\Admin\78d1d27db5d632d58daa3a77f8a974bb.php 第 86 行.
NOTIC: [8] Undefined index: rpicture C:\xampp\htdocs\untitled\Hotel\Application\Runtime\Cache\Admin\78d1d27db5d632d58daa3a77f8a974bb.php 第 86 行.
NOTIC: [8] Undefined index: rpicture C:\xampp\htdocs\untitled\Hotel\Application\Runtime\Cache\Admin\78d1d27db5d632d58daa3a77f8a974bb.php 第 86 行.
INFO: Run Behavior\ParseTemplateBehavior [ RunTime:0.010107s ]
INFO: [ view_parse ] --END-- [ RunTime:0.010168s ]
INFO: [ view_filter ] --START--
INFO: Run Behavior\WriteHtmlCacheBehavior [ RunTime:0.000420s ]
INFO: [ view_filter ] --END-- [ RunTime:0.000438s ]
INFO: [ app_end ] --START--
INFO: Run Behavior\ShowPageTraceBehavior [ RunTime:0.000994s ]
INFO: [ app_end ] --END-- [ RunTime:0.001023s ]

[ 2019-04-19T17:29:22+08:00 ] ::1 /untitled/Hotel/index.php/Admin/room/index.html
INFO: [ app_init ] --START--
INFO: Run Behavior\BuildLiteBehavior [ RunTime:0.000007s ]
INFO: [ app_init ] --END-- [ RunTime:0.000402s ]
INFO: [ app_begin ] --START--
INFO: Run Behavior\ReadHtmlCacheBehavior [ RunTime:0.000731s ]
INFO: [ app_begin ] --END-- [ RunTime:0.000772s ]
SQL: SHOW COLUMNS FROM `m_room` [ RunTime:0.0117s ]
SQL: SELECT COUNT(*) AS tp_count FROM `m_room` LIMIT 1   [ RunTime:0.0003s ]
SQL: SELECT * FROM `m_room` LIMIT 0,5   [ RunTime:0.0003s ]
INFO: [ view_parse ] --START--
INFO: [ template_filter ] --START--
INFO: Run Behavior\ContentReplaceBehavior [ RunTime:0.000060s ]
INFO: [ template_filter ] --END-- [ RunTime:0.000112s ]
NOTIC: [8] Undefined index: rpicture C:\xampp\htdocs\untitled\Hotel\Application\Runtime\Cache\Admin\78d1d27db5d632d58daa3a77f8a974bb.php 第 86 行.
NOTIC: [8] Undefined index: rpicture C:\xampp\htdocs\untitled\Hotel\Application\Runtime\Cache\Admin\78d1d27db5d632d58daa3a77f8a974bb.php 第 86 行.
NOTIC: [8] Undefined index: rpicture C:\xampp\htdocs\untitled\Hotel\Application\Runtime\Cache\Admin\78d1d27db5d632d58daa3a77f8a974bb.php 第 86 行.
NOTIC: [8] Undefined index: rpicture C:\xampp\htdocs\untitled\Hotel\Application\Runtime\Cache\Admin\78d1d27db5d632d58daa3a77f8a974bb.php 第 86 行.
NOTIC: [8] Undefined index: rpicture C:\xampp\htdocs\untitled\Hotel\Application\Runtime\Cache\Admin\78d1d27db5d632d58daa3a77f8a974bb.php 第 86 行.
INFO: Run Behavior\ParseTemplateBehavior [ RunTime:0.010018s ]
INFO: [ view_parse ] --END-- [ RunTime:0.010042s ]
INFO: [ view_filter ] --START--
INFO: Run Behavior\WriteHtmlCacheBehavior [ RunTime:0.000412s ]
INFO: [ view_filter ] --END-- [ RunTime:0.000430s ]
INFO: [ app_end ] --START--
INFO: Run Behavior\ShowPageTraceBehavior [ RunTime:0.000960s ]
INFO: [ app_end ] --END-- [ RunTime:0.001006s ]

[ 2019-04-19T17:29:23+08:00 ] ::1 /untitled/Hotel/index.php/Admin/data/echarts.html
INFO: [ app_init ] --START--
INFO: Run Behavior\BuildLiteBehavior [ RunTime:0.000010s ]
INFO: [ app_init ] --END-- [ RunTime:0.000405s ]
INFO: [ app_begin ] --START--
INFO: Run Behavior\ReadHtmlCacheBehavior [ RunTime:0.000798s ]
INFO: [ app_begin ] --END-- [ RunTime:0.000843s ]
INFO: [ view_parse ] --START--
INFO: [ template_filter ] --START--
INFO: Run Behavior\ContentReplaceBehavior [ RunTime:0.000048s ]
INFO: [ template_filter ] --END-- [ RunTime:0.000082s ]
INFO: Run Behavior\ParseTemplateBehavior [ RunTime:0.018585s ]
INFO: [ view_parse ] --END-- [ RunTime:0.018616s ]
INFO: [ view_filter ] --START--
INFO: Run Behavior\WriteHtmlCacheBehavior [ RunTime:0.000302s ]
INFO: [ view_filter ] --END-- [ RunTime:0.000321s ]
INFO: [ app_end ] --START--
INFO: Run Behavior\ShowPageTraceBehavior [ RunTime:0.000592s ]
INFO: [ app_end ] --END-- [ RunTime:0.000617s ]

[ 2019-04-19T17:29:29+08:00 ] ::1 /untitled/Hotel/index.php/Admin/login/logout.html
INFO: [ app_init ] --START--
INFO: Run Behavior\BuildLiteBehavior [ RunTime:0.000006s ]
INFO: [ app_init ] --END-- [ RunTime:0.000342s ]
INFO: [ app_begin ] --START--
INFO: Run Behavior\ReadHtmlCacheBehavior [ RunTime:0.000707s ]
INFO: [ app_begin ] --END-- [ RunTime:0.000731s ]
INFO: [ view_parse ] --START--
INFO: [ template_filter ] --START--
INFO: Run Behavior\ContentReplaceBehavior [ RunTime:0.000093s ]
INFO: [ template_filter ] --END-- [ RunTime:0.000125s ]
INFO: Run Behavior\ParseTemplateBehavior [ RunTime:0.008041s ]
INFO: [ view_parse ] --END-- [ RunTime:0.008089s ]
INFO: [ view_filter ] --START--
INFO: Run Behavior\WriteHtmlCacheBehavior [ RunTime:0.000457s ]
INFO: [ view_filter ] --END-- [ RunTime:0.000476s ]
INFO: [ app_end ] --START--
INFO: Run Behavior\ShowPageTraceBehavior [ RunTime:0.000847s ]
INFO: [ app_end ] --END-- [ RunTime:0.000879s ]

[ 2019-04-19T17:29:31+08:00 ] ::1 /untitled/Hotel/index.php/Admin/login/index.html
INFO: [ app_init ] --START--
INFO: Run Behavior\BuildLiteBehavior [ RunTime:0.000008s ]
INFO: [ app_init ] --END-- [ RunTime:0.000402s ]
INFO: [ app_begin ] --START--
INFO: Run Behavior\ReadHtmlCacheBehavior [ RunTime:0.000479s ]
INFO: [ app_begin ] --END-- [ RunTime:0.000503s ]
INFO: [ view_parse ] --START--
INFO: [ template_filter ] --START--
INFO: Run Behavior\ContentReplaceBehavior [ RunTime:0.000037s ]
INFO: [ template_filter ] --END-- [ RunTime:0.000077s ]
INFO: Run Behavior\ParseTemplateBehavior [ RunTime:0.007975s ]
INFO: [ view_parse ] --END-- [ RunTime:0.008003s ]
INFO: [ view_filter ] --START--
INFO: Run Behavior\WriteHtmlCacheBehavior [ RunTime:0.000286s ]
INFO: [ view_filter ] --END-- [ RunTime:0.000305s ]
INFO: [ app_end ] --START--
INFO: Run Behavior\ShowPageTraceBehavior [ RunTime:0.000616s ]
INFO: [ app_end ] --END-- [ RunTime:0.000642s ]

[ 2019-04-19T17:31:40+08:00 ] 127.0.0.1 /untitled/Hotel/index.php/admin/Login/adminLogin
INFO: [ app_init ] --START--
INFO: Run Behavior\BuildLiteBehavior [ RunTime:0.000009s ]
INFO: [ app_init ] --END-- [ RunTime:0.000525s ]
INFO: [ app_begin ] --START--
INFO: Run Behavior\ReadHtmlCacheBehavior [ RunTime:0.000678s ]
INFO: [ app_begin ] --END-- [ RunTime:0.000711s ]
SQL: SHOW COLUMNS FROM `m_admin` [ RunTime:0.0085s ]
SQL: SELECT * FROM `m_admin` WHERE ( Aname='Admin' ) LIMIT 1   [ RunTime:0.0002s ]

[ 2019-04-19T17:31:40+08:00 ] ::1 /untitled/Hotel/index.php/Admin/room/index
INFO: [ app_init ] --START--
INFO: Run Behavior\BuildLiteBehavior [ RunTime:0.000008s ]
INFO: [ app_init ] --END-- [ RunTime:0.000462s ]
INFO: [ app_begin ] --START--
INFO: Run Behavior\ReadHtmlCacheBehavior [ RunTime:0.000667s ]
INFO: [ app_begin ] --END-- [ RunTime:0.000701s ]
SQL: SHOW COLUMNS FROM `m_room` [ RunTime:0.4483s ]
SQL: SELECT COUNT(*) AS tp_count FROM `m_room` LIMIT 1   [ RunTime:0.0002s ]
SQL: SELECT * FROM `m_room` LIMIT 0,5   [ RunTime:0.0002s ]
INFO: [ view_parse ] --START--
INFO: [ template_filter ] --START--
INFO: Run Behavior\ContentReplaceBehavior [ RunTime:0.000096s ]
INFO: [ template_filter ] --END-- [ RunTime:0.000185s ]
NOTIC: [8] Undefined index: rpicture C:\xampp\htdocs\untitled\Hotel\Application\Runtime\Cache\Admin\78d1d27db5d632d58daa3a77f8a974bb.php 第 86 行.
NOTIC: [8] Undefined index: rpicture C:\xampp\htdocs\untitled\Hotel\Application\Runtime\Cache\Admin\78d1d27db5d632d58daa3a77f8a974bb.php 第 86 行.
NOTIC: [8] Undefined index: rpicture C:\xampp\htdocs\untitled\Hotel\Application\Runtime\Cache\Admin\78d1d27db5d632d58daa3a77f8a974bb.php 第 86 行.
NOTIC: [8] Undefined index: rpicture C:\xampp\htdocs\untitled\Hotel\Application\Runtime\Cache\Admin\78d1d27db5d632d58daa3a77f8a974bb.php 第 86 行.
NOTIC: [8] Undefined index: rpicture C:\xampp\htdocs\untitled\Hotel\Application\Runtime\Cache\Admin\78d1d27db5d632d58daa3a77f8a974bb.php 第 86 行.
INFO: Run Behavior\ParseTemplateBehavior [ RunTime:0.010909s ]
INFO: [ view_parse ] --END-- [ RunTime:0.010943s ]
INFO: [ view_filter ] --START--
INFO: Run Behavior\WriteHtmlCacheBehavior [ RunTime:0.000703s ]
INFO: [ view_filter ] --END-- [ RunTime:0.000737s ]
INFO: [ app_end ] --START--
INFO: Run Behavior\ShowPageTraceBehavior [ RunTime:0.000992s ]
INFO: [ app_end ] --END-- [ RunTime:0.001032s ]

[ 2019-04-19T17:32:40+08:00 ] 127.0.0.1 /untitled/Hotel/index.php/admin/Login/adminLogin
INFO: [ app_init ] --START--
INFO: Run Behavior\BuildLiteBehavior [ RunTime:0.000007s ]
INFO: [ app_init ] --END-- [ RunTime:0.000293s ]
INFO: [ app_begin ] --START--
INFO: Run Behavior\ReadHtmlCacheBehavior [ RunTime:0.000749s ]
INFO: [ app_begin ] --END-- [ RunTime:0.000793s ]
SQL: SHOW COLUMNS FROM `m_admin` [ RunTime:0.0095s ]
SQL: SELECT * FROM `m_admin` WHERE ( Aname='Admin' ) LIMIT 1   [ RunTime:0.0003s ]

[ 2019-04-19T17:32:40+08:00 ] ::1 /untitled/Hotel/index.php/Admin/room/index
INFO: [ app_init ] --START--
INFO: Run Behavior\BuildLiteBehavior [ RunTime:0.000006s ]
INFO: [ app_init ] --END-- [ RunTime:0.000341s ]
INFO: [ app_begin ] --START--
INFO: Run Behavior\ReadHtmlCacheBehavior [ RunTime:0.000689s ]
INFO: [ app_begin ] --END-- [ RunTime:0.000719s ]
SQL: SHOW COLUMNS FROM `m_room` [ RunTime:0.0186s ]
SQL: SELECT COUNT(*) AS tp_count FROM `m_room` LIMIT 1   [ RunTime:0.0002s ]
SQL: SELECT * FROM `m_room` LIMIT 0,5   [ RunTime:0.0003s ]
INFO: [ view_parse ] --START--
INFO: [ template_filter ] --START--
INFO: Run Behavior\ContentReplaceBehavior [ RunTime:0.000061s ]
INFO: [ template_filter ] --END-- [ RunTime:0.000092s ]
NOTIC: [8] Undefined index: rpicture C:\xampp\htdocs\untitled\Hotel\Application\Runtime\Cache\Admin\78d1d27db5d632d58daa3a77f8a974bb.php 第 86 行.
NOTIC: [8] Undefined index: rpicture C:\xampp\htdocs\untitled\Hotel\Application\Runtime\Cache\Admin\78d1d27db5d632d58daa3a77f8a974bb.php 第 86 行.
NOTIC: [8] Undefined index: rpicture C:\xampp\htdocs\untitled\Hotel\Application\Runtime\Cache\Admin\78d1d27db5d632d58daa3a77f8a974bb.php 第 86 行.
NOTIC: [8] Undefined index: rpicture C:\xampp\htdocs\untitled\Hotel\Application\Runtime\Cache\Admin\78d1d27db5d632d58daa3a77f8a974bb.php 第 86 行.
NOTIC: [8] Undefined index: rpicture C:\xampp\htdocs\untitled\Hotel\Application\Runtime\Cache\Admin\78d1d27db5d632d58daa3a77f8a974bb.php 第 86 行.
INFO: Run Behavior\ParseTemplateBehavior [ RunTime:0.009055s ]
INFO: [ view_parse ] --END-- [ RunTime:0.009090s ]
INFO: [ view_filter ] --START--
INFO: Run Behavior\WriteHtmlCacheBehavior [ RunTime:0.000701s ]
INFO: [ view_filter ] --END-- [ RunTime:0.000737s ]
INFO: [ app_end ] --START--
INFO: Run Behavior\ShowPageTraceBehavior [ RunTime:0.001134s ]
INFO: [ app_end ] --END-- [ RunTime:0.001178s ]

[ 2019-04-19T17:32:44+08:00 ] ::1 /untitled/Hotel/index.php/Admin/login/logout.html
INFO: [ app_init ] --START--
INFO: Run Behavior\BuildLiteBehavior [ RunTime:0.000006s ]
INFO: [ app_init ] --END-- [ RunTime:0.000345s ]
INFO: [ app_begin ] --START--
INFO: Run Behavior\ReadHtmlCacheBehavior [ RunTime:0.000485s ]
INFO: [ app_begin ] --END-- [ RunTime:0.000508s ]
INFO: [ view_parse ] --START--
INFO: [ template_filter ] --START--
INFO: Run Behavior\ContentReplaceBehavior [ RunTime:0.000094s ]
INFO: [ template_filter ] --END-- [ RunTime:0.000139s ]
INFO: Run Behavior\ParseTemplateBehavior [ RunTime:0.008642s ]
INFO: [ view_parse ] --END-- [ RunTime:0.008672s ]
INFO: [ view_filter ] --START--
INFO: Run Behavior\WriteHtmlCacheBehavior [ RunTime:0.000279s ]
INFO: [ view_filter ] --END-- [ RunTime:0.000299s ]
INFO: [ app_end ] --START--
INFO: Run Behavior\ShowPageTraceBehavior [ RunTime:0.000754s ]
INFO: [ app_end ] --END-- [ RunTime:0.000804s ]

[ 2019-04-19T17:32:55+08:00 ] ::1 /untitled/Hotel/index.php/Admin/login/logout.html
INFO: [ app_init ] --START--
INFO: Run Behavior\BuildLiteBehavior [ RunTime:0.000006s ]
INFO: [ app_init ] --END-- [ RunTime:0.000359s ]
INFO: [ app_begin ] --START--
INFO: Run Behavior\ReadHtmlCacheBehavior [ RunTime:0.000643s ]
INFO: [ app_begin ] --END-- [ RunTime:0.000686s ]
INFO: [ view_parse ] --START--
INFO: [ template_filter ] --START--
INFO: Run Behavior\ContentReplaceBehavior [ RunTime:0.000091s ]
INFO: [ template_filter ] --END-- [ RunTime:0.000133s ]
INFO: Run Behavior\ParseTemplateBehavior [ RunTime:0.009001s ]
INFO: [ view_parse ] --END-- [ RunTime:0.009082s ]
INFO: [ view_filter ] --START--
INFO: Run Behavior\WriteHtmlCacheBehavior [ RunTime:0.000579s ]
INFO: [ view_filter ] --END-- [ RunTime:0.000608s ]
INFO: [ app_end ] --START--
INFO: Run Behavior\ShowPageTraceBehavior [ RunTime:0.000870s ]
INFO: [ app_end ] --END-- [ RunTime:0.000901s ]

[ 2019-04-19T17:32:55+08:00 ] ::1 /untitled/Hotel/index.php/Admin/room/index
INFO: [ app_init ] --START--
INFO: Run Behavior\BuildLiteBehavior [ RunTime:0.000007s ]
INFO: [ app_init ] --END-- [ RunTime:0.000300s ]
INFO: [ app_begin ] --START--
INFO: Run Behavior\ReadHtmlCacheBehavior [ RunTime:0.000484s ]
INFO: [ app_begin ] --END-- [ RunTime:0.000508s ]
INFO: [ view_parse ] --START--
INFO: [ template_filter ] --START--
INFO: Run Behavior\ContentReplaceBehavior [ RunTime:0.000082s ]
INFO: [ template_filter ] --END-- [ RunTime:0.000117s ]
INFO: Run Behavior\ParseTemplateBehavior [ RunTime:0.007337s ]
INFO: [ view_parse ] --END-- [ RunTime:0.007384s ]
INFO: [ view_filter ] --START--
INFO: Run Behavior\WriteHtmlCacheBehavior [ RunTime:0.000946s ]
INFO: [ view_filter ] --END-- [ RunTime:0.000980s ]

[ 2019-04-19T17:32:58+08:00 ] ::1 /untitled/Hotel/index.php/Admin/login/index.html
INFO: [ app_init ] --START--
INFO: Run Behavior\BuildLiteBehavior [ RunTime:0.000005s ]
INFO: [ app_init ] --END-- [ RunTime:0.000290s ]
INFO: [ app_begin ] --START--
INFO: Run Behavior\ReadHtmlCacheBehavior [ RunTime:0.000484s ]
INFO: [ app_begin ] --END-- [ RunTime:0.000508s ]
INFO: [ view_parse ] --START--
INFO: [ template_filter ] --START--
INFO: Run Behavior\ContentReplaceBehavior [ RunTime:0.000033s ]
INFO: [ template_filter ] --END-- [ RunTime:0.000081s ]
INFO: Run Behavior\ParseTemplateBehavior [ RunTime:0.005280s ]
INFO: [ view_parse ] --END-- [ RunTime:0.005307s ]
INFO: [ view_filter ] --START--
INFO: Run Behavior\WriteHtmlCacheBehavior [ RunTime:0.000345s ]
INFO: [ view_filter ] --END-- [ RunTime:0.000366s ]
INFO: [ app_end ] --START--
INFO: Run Behavior\ShowPageTraceBehavior [ RunTime:0.000495s ]
INFO: [ app_end ] --END-- [ RunTime:0.000514s ]

[ 2019-04-19T17:33:10+08:00 ] ::1 /untitled/Hotel/index.php/Admin/login/adminLogin
INFO: [ app_init ] --START--
INFO: Run Behavior\BuildLiteBehavior [ RunTime:0.000007s ]
INFO: [ app_init ] --END-- [ RunTime:0.000450s ]
INFO: [ app_begin ] --START--
INFO: Run Behavior\ReadHtmlCacheBehavior [ RunTime:0.000618s ]
INFO: [ app_begin ] --END-- [ RunTime:0.000652s ]
SQL: SHOW COLUMNS FROM `m_admin` [ RunTime:0.0395s ]
SQL: SELECT * FROM `m_admin` WHERE ( Aname='Admin' ) LIMIT 1   [ RunTime:0.0004s ]

[ 2019-04-19T17:33:21+08:00 ] ::1 /untitled/Hotel/index.php/Admin/room/index.html
INFO: [ app_init ] --START--
INFO: Run Behavior\BuildLiteBehavior [ RunTime:0.000007s ]
INFO: [ app_init ] --END-- [ RunTime:0.000331s ]
INFO: [ app_begin ] --START--
INFO: Run Behavior\ReadHtmlCacheBehavior [ RunTime:0.001263s ]
INFO: [ app_begin ] --END-- [ RunTime:0.001297s ]
SQL: SHOW COLUMNS FROM `m_room` [ RunTime:0.0414s ]
SQL: SELECT COUNT(*) AS tp_count FROM `m_room` LIMIT 1   [ RunTime:0.0003s ]
SQL: SELECT * FROM `m_room` LIMIT 0,5   [ RunTime:0.0003s ]
INFO: [ view_parse ] --START--
INFO: [ template_filter ] --START--
INFO: Run Behavior\ContentReplaceBehavior [ RunTime:0.000046s ]
INFO: [ template_filter ] --END-- [ RunTime:0.000070s ]
NOTIC: [8] Undefined index: rpicture C:\xampp\htdocs\untitled\Hotel\Application\Runtime\Cache\Admin\78d1d27db5d632d58daa3a77f8a974bb.php 第 86 行.
NOTIC: [8] Undefined index: rpicture C:\xampp\htdocs\untitled\Hotel\Application\Runtime\Cache\Admin\78d1d27db5d632d58daa3a77f8a974bb.php 第 86 行.
NOTIC: [8] Undefined index: rpicture C:\xampp\htdocs\untitled\Hotel\Application\Runtime\Cache\Admin\78d1d27db5d632d58daa3a77f8a974bb.php 第 86 行.
NOTIC: [8] Undefined index: rpicture C:\xampp\htdocs\untitled\Hotel\Application\Runtime\Cache\Admin\78d1d27db5d632d58daa3a77f8a974bb.php 第 86 行.
NOTIC: [8] Undefined index: rpicture C:\xampp\htdocs\untitled\Hotel\Application\Runtime\Cache\Admin\78d1d27db5d632d58daa3a77f8a974bb.php 第 86 行.
INFO: Run Behavior\ParseTemplateBehavior [ RunTime:0.007084s ]
INFO: [ view_parse ] --END-- [ RunTime:0.007107s ]
INFO: [ view_filter ] --START--
INFO: Run Behavior\WriteHtmlCacheBehavior [ RunTime:0.000327s ]
INFO: [ view_filter ] --END-- [ RunTime:0.000345s ]
INFO: [ app_end ] --START--
INFO: Run Behavior\ShowPageTraceBehavior [ RunTime:0.000670s ]
INFO: [ app_end ] --END-- [ RunTime:0.000710s ]

[ 2019-04-19T17:34:29+08:00 ] ::1 /untitled/Hotel/index.php/Admin/room/index.html
INFO: [ app_init ] --START--
INFO: Run Behavior\BuildLiteBehavior [ RunTime:0.000017s ]
INFO: [ app_init ] --END-- [ RunTime:0.000603s ]
INFO: [ app_begin ] --START--
INFO: Run Behavior\ReadHtmlCacheBehavior [ RunTime:0.000933s ]
INFO: [ app_begin ] --END-- [ RunTime:0.000970s ]
SQL: SHOW COLUMNS FROM `m_room` [ RunTime:0.0093s ]
SQL: SELECT COUNT(*) AS tp_count FROM `m_room` LIMIT 1   [ RunTime:0.0003s ]
SQL: SELECT * FROM `m_room` LIMIT 0,5   [ RunTime:0.0003s ]
INFO: [ view_parse ] --START--
INFO: [ template_filter ] --START--
INFO: Run Behavior\ContentReplaceBehavior [ RunTime:0.000046s ]
INFO: [ template_filter ] --END-- [ RunTime:0.000070s ]
NOTIC: [8] Undefined index: rpicture C:\xampp\htdocs\untitled\Hotel\Application\Runtime\Cache\Admin\78d1d27db5d632d58daa3a77f8a974bb.php 第 86 行.
NOTIC: [8] Undefined index: rpicture C:\xampp\htdocs\untitled\Hotel\Application\Runtime\Cache\Admin\78d1d27db5d632d58daa3a77f8a974bb.php 第 86 行.
NOTIC: [8] Undefined index: rpicture C:\xampp\htdocs\untitled\Hotel\Application\Runtime\Cache\Admin\78d1d27db5d632d58daa3a77f8a974bb.php 第 86 行.
NOTIC: [8] Undefined index: rpicture C:\xampp\htdocs\untitled\Hotel\Application\Runtime\Cache\Admin\78d1d27db5d632d58daa3a77f8a974bb.php 第 86 行.
NOTIC: [8] Undefined index: rpicture C:\xampp\htdocs\untitled\Hotel\Application\Runtime\Cache\Admin\78d1d27db5d632d58daa3a77f8a974bb.php 第 86 行.
INFO: Run Behavior\ParseTemplateBehavior [ RunTime:0.008519s ]
INFO: [ view_parse ] --END-- [ RunTime:0.008562s ]
INFO: [ view_filter ] --START--
INFO: Run Behavior\WriteHtmlCacheBehavior [ RunTime:0.000408s ]
INFO: [ view_filter ] --END-- [ RunTime:0.000425s ]
INFO: [ app_end ] --START--
INFO: Run Behavior\ShowPageTraceBehavior [ RunTime:0.000906s ]
INFO: [ app_end ] --END-- [ RunTime:0.000944s ]

[ 2019-04-19T17:34:31+08:00 ] ::1 /untitled/Hotel/index.php/Admin/login/logout.html
INFO: [ app_init ] --START--
INFO: Run Behavior\BuildLiteBehavior [ RunTime:0.000008s ]
INFO: [ app_init ] --END-- [ RunTime:0.000447s ]
INFO: [ app_begin ] --START--
INFO: Run Behavior\ReadHtmlCacheBehavior [ RunTime:0.000516s ]
INFO: [ app_begin ] --END-- [ RunTime:0.000542s ]

