[ 2018-12-22T09:16:23+08:00 ] ::1 /PHPstormProject/thinkphp/Hotel/Public/css/bootstrap.css.map
INFO: [ app_init ] --START--
INFO: Run Behavior\BuildLiteBehavior [ RunTime:0.000018s ]
INFO: [ app_init ] --END-- [ RunTime:0.000615s ]
ERR: 无法加载模块:Public

[ 2018-12-22T09:17:08+08:00 ] ::1 /PHPstormProject/thinkphp/Hotel/Public/css/bootstrap.css.map
INFO: [ app_init ] --START--
INFO: Run Behavior\BuildLiteBehavior [ RunTime:0.000021s ]
INFO: [ app_init ] --END-- [ RunTime:0.000855s ]
ERR: 无法加载模块:Public

[ 2018-12-22T09:17:49+08:00 ] ::1 /PHPstormProject/thinkphp/Hotel/Public/css/bootstrap.css.map
INFO: [ app_init ] --START--
INFO: Run Behavior\BuildLiteBehavior [ RunTime:0.000018s ]
INFO: [ app_init ] --END-- [ RunTime:0.000482s ]
ERR: 无法加载模块:Public

[ 2018-12-22T17:17:56+08:00 ] ::1 /PHPstormProject/thinkphp/Hotel/Application/Home/View/Demo/js/jquery-3.1.1.min.js
INFO: [ app_init ] --START--
INFO: Run Behavior\BuildLiteBehavior [ RunTime:0.000016s ]
INFO: [ app_init ] --END-- [ RunTime:0.000521s ]
ERR: 无法加载模块:Application

[ 2018-12-22T17:17:56+08:00 ] ::1 /PHPstormProject/thinkphp/Hotel/Application/Home/View/Demo/img/bg.jpg
INFO: [ app_init ] --START--
INFO: Run Behavior\BuildLiteBehavior [ RunTime:0.000015s ]
INFO: [ app_init ] --END-- [ RunTime:0.000590s ]
ERR: 无法加载模块:Application

[ 2018-12-22T17:17:56+08:00 ] ::1 /PHPstormProject/thinkphp/Hotel/Application/Home/View/Demo/img/rot.png
INFO: [ app_init ] --START--
INFO: Run Behavior\BuildLiteBehavior [ RunTime:0.000016s ]
INFO: [ app_init ] --END-- [ RunTime:0.000633s ]
ERR: 无法加载模块:Application

