[ 2019-04-11T14:29:32+08:00 ] ::1 /untitled/Hotel/index.php/static/mock/index.json
INFO: [ app_init ] --START--
INFO: Run Behavior\BuildLiteBehavior [ RunTime:0.000009s ]
INFO: [ app_init ] --END-- [ RunTime:0.000410s ]
ERR: 无法加载模块:Static

[ 2019-04-11T14:58:53+08:00 ] ::1 /untitled/Hotel/index.php/static/mock/index.json
INFO: [ app_init ] --START--
INFO: Run Behavior\BuildLiteBehavior [ RunTime:0.000006s ]
INFO: [ app_init ] --END-- [ RunTime:0.000406s ]
ERR: 无法加载模块:Static

[ 2019-04-11T15:01:04+08:00 ] ::1 /untitled/Hotel/index.php/static/mock/index.json
INFO: [ app_init ] --START--
INFO: Run Behavior\BuildLiteBehavior [ RunTime:0.000009s ]
INFO: [ app_init ] --END-- [ RunTime:0.000465s ]
ERR: 无法加载模块:Static

[ 2019-04-11T15:04:27+08:00 ] ::1 /untitled/Hotel/index.php/static/mock/index.json
INFO: [ app_init ] --START--
INFO: Run Behavior\BuildLiteBehavior [ RunTime:0.000012s ]
INFO: [ app_init ] --END-- [ RunTime:0.000742s ]
ERR: 无法加载模块:Static

[ 2019-04-11T15:04:32+08:00 ] ::1 /untitled/Hotel/index.php/static/mock/index.json
INFO: [ app_init ] --START--
INFO: Run Behavior\BuildLiteBehavior [ RunTime:0.000012s ]
INFO: [ app_init ] --END-- [ RunTime:0.000657s ]
ERR: 无法加载模块:Static

[ 2019-04-11T15:04:36+08:00 ] ::1 /untitled/Hotel/index.php/static/mock/index.json
INFO: [ app_init ] --START--
INFO: Run Behavior\BuildLiteBehavior [ RunTime:0.000010s ]
INFO: [ app_init ] --END-- [ RunTime:0.000520s ]
ERR: 无法加载模块:Static

[ 2019-04-11T15:04:46+08:00 ] ::1 /untitled/Hotel/index.php/static/mock/index.json
INFO: [ app_init ] --START--
INFO: Run Behavior\BuildLiteBehavior [ RunTime:0.000010s ]
INFO: [ app_init ] --END-- [ RunTime:0.000486s ]
ERR: 无法加载模块:Static

[ 2019-04-11T15:05:13+08:00 ] ::1 /untitled/Hotel/index.php/static/mock/index.json
INFO: [ app_init ] --START--
INFO: Run Behavior\BuildLiteBehavior [ RunTime:0.000013s ]
INFO: [ app_init ] --END-- [ RunTime:0.000634s ]
ERR: 无法加载模块:Static

[ 2019-04-11T15:05:17+08:00 ] ::1 /untitled/Hotel/index.php/static/mock/index.json
INFO: [ app_init ] --START--
INFO: Run Behavior\BuildLiteBehavior [ RunTime:0.000010s ]
INFO: [ app_init ] --END-- [ RunTime:0.000469s ]
ERR: 无法加载模块:Static

[ 2019-04-11T15:06:18+08:00 ] ::1 /untitled/Hotel/index.php/static/mock/index.json
INFO: [ app_init ] --START--
INFO: Run Behavior\BuildLiteBehavior [ RunTime:0.000009s ]
INFO: [ app_init ] --END-- [ RunTime:0.000438s ]
ERR: 无法加载模块:Static

[ 2019-04-11T15:06:21+08:00 ] ::1 /untitled/Hotel/index.php/static/mock/index.json
INFO: [ app_init ] --START--
INFO: Run Behavior\BuildLiteBehavior [ RunTime:0.000011s ]
INFO: [ app_init ] --END-- [ RunTime:0.000542s ]
ERR: 无法加载模块:Static

