[ 2018-12-31T18:21:11+08:00 ] ::1 /PHPstormProject/thinkphp/Hotel/index.php/home/login/index
INFO: [ app_init ] --START--
INFO: Run Behavior\BuildLiteBehavior [ RunTime:0.000015s ]
INFO: [ app_init ] --END-- [ RunTime:0.000588s ]
INFO: [ app_begin ] --START--
INFO: Run Behavior\ReadHtmlCacheBehavior [ RunTime:0.000953s ]
INFO: [ app_begin ] --END-- [ RunTime:0.001204s ]
INFO: [ view_parse ] --START--
INFO: [ template_filter ] --START--
INFO: Run Behavior\ContentReplaceBehavior [ RunTime:0.001030s ]
INFO: [ template_filter ] --END-- [ RunTime:0.001082s ]
INFO: Run Behavior\ParseTemplateBehavior [ RunTime:0.009132s ]
INFO: [ view_parse ] --END-- [ RunTime:0.009224s ]
INFO: [ view_filter ] --START--
INFO: Run Behavior\WriteHtmlCacheBehavior [ RunTime:0.000413s ]
INFO: [ view_filter ] --END-- [ RunTime:0.000451s ]
INFO: [ app_end ] --START--
INFO: Run Behavior\ShowPageTraceBehavior [ RunTime:0.000483s ]
INFO: [ app_end ] --END-- [ RunTime:0.000518s ]

[ 2018-12-31T18:21:13+08:00 ] ::1 /PHPstormProject/thinkphp/Hotel/index.php/Home/homepage/index.html
INFO: [ app_init ] --START--
INFO: Run Behavior\BuildLiteBehavior [ RunTime:0.000022s ]
INFO: [ app_init ] --END-- [ RunTime:0.000506s ]
INFO: [ app_begin ] --START--
INFO: Run Behavior\ReadHtmlCacheBehavior [ RunTime:0.000486s ]
INFO: [ app_begin ] --END-- [ RunTime:0.000537s ]
INFO: [ view_parse ] --START--
INFO: [ template_filter ] --START--
INFO: Run Behavior\ContentReplaceBehavior [ RunTime:0.000156s ]
INFO: [ template_filter ] --END-- [ RunTime:0.000224s ]
NOTIC: [8] Undefined variable: personal D:\XAMPP\htdocs\PHPstormProject\thinkphp\Hotel\Application\Runtime\Cache\Home\ea5813382b22a8b3fd387828107dc05d.php 第 126 行.
NOTIC: [8] Undefined variable: logout D:\XAMPP\htdocs\PHPstormProject\thinkphp\Hotel\Application\Runtime\Cache\Home\ea5813382b22a8b3fd387828107dc05d.php 第 127 行.
INFO: Run Behavior\ParseTemplateBehavior [ RunTime:0.018922s ]
INFO: [ view_parse ] --END-- [ RunTime:0.018999s ]
INFO: [ view_filter ] --START--
INFO: Run Behavior\WriteHtmlCacheBehavior [ RunTime:0.000435s ]
INFO: [ view_filter ] --END-- [ RunTime:0.000483s ]
INFO: [ app_end ] --START--
INFO: Run Behavior\ShowPageTraceBehavior [ RunTime:0.001784s ]
INFO: [ app_end ] --END-- [ RunTime:0.001889s ]

[ 2018-12-31T18:21:20+08:00 ] ::1 /PHPstormProject/thinkphp/Hotel/index.php/Home/homepage/search.html?Ogtime=&Oltime=
INFO: [ app_init ] --START--
INFO: Run Behavior\BuildLiteBehavior [ RunTime:0.000016s ]
INFO: [ app_init ] --END-- [ RunTime:0.000426s ]
INFO: [ app_begin ] --START--
INFO: Run Behavior\ReadHtmlCacheBehavior [ RunTime:0.000538s ]
INFO: [ app_begin ] --END-- [ RunTime:0.000614s ]
SQL: SHOW COLUMNS FROM `m_room` [ RunTime:0.0102s ]
SQL: SELECT * FROM `m_room`  [ RunTime:0.0004s ]
INFO: [ view_parse ] --START--
INFO: [ template_filter ] --START--
INFO: Run Behavior\ContentReplaceBehavior [ RunTime:0.000138s ]
INFO: [ template_filter ] --END-- [ RunTime:0.000209s ]
NOTIC: [8] Undefined index: rfood D:\XAMPP\htdocs\PHPstormProject\thinkphp\Hotel\Application\Runtime\Cache\Home\8da998c08e8e162e9192cae6487f07ba.php 第 143 行.
NOTIC: [8] Undefined index: rfood D:\XAMPP\htdocs\PHPstormProject\thinkphp\Hotel\Application\Runtime\Cache\Home\8da998c08e8e162e9192cae6487f07ba.php 第 143 行.
NOTIC: [8] Undefined index: rfood D:\XAMPP\htdocs\PHPstormProject\thinkphp\Hotel\Application\Runtime\Cache\Home\8da998c08e8e162e9192cae6487f07ba.php 第 143 行.
NOTIC: [8] Undefined index: rfood D:\XAMPP\htdocs\PHPstormProject\thinkphp\Hotel\Application\Runtime\Cache\Home\8da998c08e8e162e9192cae6487f07ba.php 第 143 行.
NOTIC: [8] Undefined index: rfood D:\XAMPP\htdocs\PHPstormProject\thinkphp\Hotel\Application\Runtime\Cache\Home\8da998c08e8e162e9192cae6487f07ba.php 第 143 行.
NOTIC: [8] Undefined index: rfood D:\XAMPP\htdocs\PHPstormProject\thinkphp\Hotel\Application\Runtime\Cache\Home\8da998c08e8e162e9192cae6487f07ba.php 第 143 行.
NOTIC: [8] Undefined index: rfood D:\XAMPP\htdocs\PHPstormProject\thinkphp\Hotel\Application\Runtime\Cache\Home\8da998c08e8e162e9192cae6487f07ba.php 第 143 行.
NOTIC: [8] Undefined index: rfood D:\XAMPP\htdocs\PHPstormProject\thinkphp\Hotel\Application\Runtime\Cache\Home\8da998c08e8e162e9192cae6487f07ba.php 第 143 行.
NOTIC: [8] Undefined index: rfood D:\XAMPP\htdocs\PHPstormProject\thinkphp\Hotel\Application\Runtime\Cache\Home\8da998c08e8e162e9192cae6487f07ba.php 第 143 行.
NOTIC: [8] Undefined index: rfood D:\XAMPP\htdocs\PHPstormProject\thinkphp\Hotel\Application\Runtime\Cache\Home\8da998c08e8e162e9192cae6487f07ba.php 第 143 行.
NOTIC: [8] Undefined index: rfood D:\XAMPP\htdocs\PHPstormProject\thinkphp\Hotel\Application\Runtime\Cache\Home\8da998c08e8e162e9192cae6487f07ba.php 第 143 行.
INFO: Run Behavior\ParseTemplateBehavior [ RunTime:0.015416s ]
INFO: [ view_parse ] --END-- [ RunTime:0.015466s ]
INFO: [ view_filter ] --START--
INFO: Run Behavior\WriteHtmlCacheBehavior [ RunTime:0.000242s ]
INFO: [ view_filter ] --END-- [ RunTime:0.000273s ]
INFO: [ app_end ] --START--
INFO: Run Behavior\ShowPageTraceBehavior [ RunTime:0.000571s ]
INFO: [ app_end ] --END-- [ RunTime:0.000626s ]

[ 2018-12-31T18:21:31+08:00 ] ::1 /PHPstormProject/thinkphp/Hotel/index.php/Home/homepage/book.html
INFO: [ app_init ] --START--
INFO: Run Behavior\BuildLiteBehavior [ RunTime:0.000009s ]
INFO: [ app_init ] --END-- [ RunTime:0.000364s ]
INFO: [ app_begin ] --START--
INFO: Run Behavior\ReadHtmlCacheBehavior [ RunTime:0.000546s ]
INFO: [ app_begin ] --END-- [ RunTime:0.000597s ]
SQL: SHOW COLUMNS FROM `m_room` [ RunTime:0.0072s ]
SQL: SELECT * FROM `m_room` LIMIT 1   [ RunTime:0.0003s ]
SQL: SHOW COLUMNS FROM `m_user` [ RunTime:0.0076s ]
SQL: SELECT * FROM `m_user` WHERE ( Uname='' ) LIMIT 1   [ RunTime:0.0003s ]
INFO: [ view_parse ] --START--
INFO: [ template_filter ] --START--
INFO: Run Behavior\ContentReplaceBehavior [ RunTime:0.000044s ]
INFO: [ template_filter ] --END-- [ RunTime:0.000093s ]
INFO: Run Behavior\ParseTemplateBehavior [ RunTime:0.009862s ]
INFO: [ view_parse ] --END-- [ RunTime:0.009908s ]
INFO: [ view_filter ] --START--
INFO: Run Behavior\WriteHtmlCacheBehavior [ RunTime:0.000932s ]
INFO: [ view_filter ] --END-- [ RunTime:0.000988s ]
INFO: [ app_end ] --START--
INFO: Run Behavior\ShowPageTraceBehavior [ RunTime:0.000816s ]
INFO: [ app_end ] --END-- [ RunTime:0.000864s ]

[ 2018-12-31T18:21:34+08:00 ] ::1 /PHPstormProject/thinkphp/Hotel/index.php/Home/homepage/dobook.html?Rname=%E7%BB%8F%E6%B5%8E%E5%8F%8C%E4%BA%BA%E9%97%B4&Ogtime=&Oltime=&Rprice=191.00&Ename=&Ename=
INFO: [ app_init ] --START--
INFO: Run Behavior\BuildLiteBehavior [ RunTime:0.000009s ]
INFO: [ app_init ] --END-- [ RunTime:0.000275s ]
INFO: [ app_begin ] --START--
INFO: Run Behavior\ReadHtmlCacheBehavior [ RunTime:0.000354s ]
INFO: [ app_begin ] --END-- [ RunTime:0.000394s ]
SQL: SHOW COLUMNS FROM `m_order` [ RunTime:0.0092s ]
INFO: [ view_parse ] --START--
INFO: [ template_filter ] --START--
INFO: Run Behavior\ContentReplaceBehavior [ RunTime:0.000116s ]
INFO: [ template_filter ] --END-- [ RunTime:0.000156s ]
INFO: Run Behavior\ParseTemplateBehavior [ RunTime:0.010002s ]
INFO: [ view_parse ] --END-- [ RunTime:0.010065s ]
INFO: [ view_filter ] --START--
INFO: Run Behavior\WriteHtmlCacheBehavior [ RunTime:0.000274s ]
INFO: [ view_filter ] --END-- [ RunTime:0.000306s ]

[ 2018-12-31T18:21:37+08:00 ] ::1 /PHPstormProject/thinkphp/Hotel/index.php/Home/personal/index.html
INFO: [ app_init ] --START--
INFO: Run Behavior\BuildLiteBehavior [ RunTime:0.000022s ]
INFO: [ app_init ] --END-- [ RunTime:0.000510s ]
INFO: [ app_begin ] --START--
INFO: Run Behavior\ReadHtmlCacheBehavior [ RunTime:0.000462s ]
INFO: [ app_begin ] --END-- [ RunTime:0.000511s ]
INFO: [ view_parse ] --START--
INFO: [ template_filter ] --START--
INFO: Run Behavior\ContentReplaceBehavior [ RunTime:0.000128s ]
INFO: [ template_filter ] --END-- [ RunTime:0.000177s ]
INFO: Run Behavior\ParseTemplateBehavior [ RunTime:0.007384s ]
INFO: [ view_parse ] --END-- [ RunTime:0.007441s ]
INFO: [ view_filter ] --START--
INFO: Run Behavior\WriteHtmlCacheBehavior [ RunTime:0.000276s ]
INFO: [ view_filter ] --END-- [ RunTime:0.000316s ]

[ 2018-12-31T18:21:38+08:00 ] ::1 /PHPstormProject/thinkphp/Hotel/index.php/Home/login/index.html
INFO: [ app_init ] --START--
INFO: Run Behavior\BuildLiteBehavior [ RunTime:0.000011s ]
INFO: [ app_init ] --END-- [ RunTime:0.000441s ]
INFO: [ app_begin ] --START--
INFO: Run Behavior\ReadHtmlCacheBehavior [ RunTime:0.000617s ]
INFO: [ app_begin ] --END-- [ RunTime:0.000686s ]
INFO: [ view_parse ] --START--
INFO: [ template_filter ] --START--
INFO: Run Behavior\ContentReplaceBehavior [ RunTime:0.000042s ]
INFO: [ template_filter ] --END-- [ RunTime:0.000088s ]
INFO: Run Behavior\ParseTemplateBehavior [ RunTime:0.006789s ]
INFO: [ view_parse ] --END-- [ RunTime:0.006851s ]
INFO: [ view_filter ] --START--
INFO: Run Behavior\WriteHtmlCacheBehavior [ RunTime:0.000207s ]
INFO: [ view_filter ] --END-- [ RunTime:0.000235s ]
INFO: [ app_end ] --START--
INFO: Run Behavior\ShowPageTraceBehavior [ RunTime:0.000565s ]
INFO: [ app_end ] --END-- [ RunTime:0.000598s ]

[ 2018-12-31T18:21:42+08:00 ] ::1 /PHPstormProject/thinkphp/Hotel/index.php/Home/homepage/index.html
INFO: [ app_init ] --START--
INFO: Run Behavior\BuildLiteBehavior [ RunTime:0.000021s ]
INFO: [ app_init ] --END-- [ RunTime:0.000523s ]
INFO: [ app_begin ] --START--
INFO: Run Behavior\ReadHtmlCacheBehavior [ RunTime:0.000628s ]
INFO: [ app_begin ] --END-- [ RunTime:0.000708s ]
INFO: [ view_parse ] --START--
INFO: [ template_filter ] --START--
INFO: Run Behavior\ContentReplaceBehavior [ RunTime:0.000127s ]
INFO: [ template_filter ] --END-- [ RunTime:0.000168s ]
NOTIC: [8] Undefined variable: personal D:\XAMPP\htdocs\PHPstormProject\thinkphp\Hotel\Application\Runtime\Cache\Home\ea5813382b22a8b3fd387828107dc05d.php 第 126 行.
NOTIC: [8] Undefined variable: logout D:\XAMPP\htdocs\PHPstormProject\thinkphp\Hotel\Application\Runtime\Cache\Home\ea5813382b22a8b3fd387828107dc05d.php 第 127 行.
INFO: Run Behavior\ParseTemplateBehavior [ RunTime:0.014026s ]
INFO: [ view_parse ] --END-- [ RunTime:0.014092s ]
INFO: [ view_filter ] --START--
INFO: Run Behavior\WriteHtmlCacheBehavior [ RunTime:0.000534s ]
INFO: [ view_filter ] --END-- [ RunTime:0.000654s ]
INFO: [ app_end ] --START--
INFO: Run Behavior\ShowPageTraceBehavior [ RunTime:0.002386s ]
INFO: [ app_end ] --END-- [ RunTime:0.002487s ]

[ 2018-12-31T18:22:50+08:00 ] ::1 /PHPstormProject/thinkphp/Hotel/index.php/Home/login/index.html
INFO: [ app_init ] --START--
INFO: Run Behavior\BuildLiteBehavior [ RunTime:0.000009s ]
INFO: [ app_init ] --END-- [ RunTime:0.000327s ]
INFO: [ app_begin ] --START--
INFO: Run Behavior\ReadHtmlCacheBehavior [ RunTime:0.000490s ]
INFO: [ app_begin ] --END-- [ RunTime:0.000528s ]
INFO: [ view_parse ] --START--
INFO: [ template_filter ] --START--
INFO: Run Behavior\ContentReplaceBehavior [ RunTime:0.000061s ]
INFO: [ template_filter ] --END-- [ RunTime:0.000126s ]
INFO: Run Behavior\ParseTemplateBehavior [ RunTime:0.009582s ]
INFO: [ view_parse ] --END-- [ RunTime:0.009683s ]
INFO: [ view_filter ] --START--
INFO: Run Behavior\WriteHtmlCacheBehavior [ RunTime:0.000686s ]
INFO: [ view_filter ] --END-- [ RunTime:0.000752s ]
INFO: [ app_end ] --START--
INFO: Run Behavior\ShowPageTraceBehavior [ RunTime:0.001316s ]
INFO: [ app_end ] --END-- [ RunTime:0.001393s ]

[ 2018-12-31T18:22:53+08:00 ] ::1 /PHPstormProject/thinkphp/Hotel/index.php/Home/login/userLogin
INFO: [ app_init ] --START--
INFO: Run Behavior\BuildLiteBehavior [ RunTime:0.000021s ]
INFO: [ app_init ] --END-- [ RunTime:0.000605s ]
INFO: [ app_begin ] --START--
INFO: Run Behavior\ReadHtmlCacheBehavior [ RunTime:0.000677s ]
INFO: [ app_begin ] --END-- [ RunTime:0.000767s ]
SQL: SHOW COLUMNS FROM `m_user` [ RunTime:0.0106s ]
SQL: SELECT * FROM `m_user` WHERE ( Uname='1' ) LIMIT 1   [ RunTime:0.0004s ]
INFO: [ view_parse ] --START--
INFO: [ template_filter ] --START--
INFO: Run Behavior\ContentReplaceBehavior [ RunTime:0.000100s ]
INFO: [ template_filter ] --END-- [ RunTime:0.000139s ]
INFO: Run Behavior\ParseTemplateBehavior [ RunTime:0.008585s ]
INFO: [ view_parse ] --END-- [ RunTime:0.008635s ]
INFO: [ view_filter ] --START--
INFO: Run Behavior\WriteHtmlCacheBehavior [ RunTime:0.000201s ]
INFO: [ view_filter ] --END-- [ RunTime:0.000229s ]
INFO: [ app_end ] --START--
INFO: Run Behavior\ShowPageTraceBehavior [ RunTime:0.000587s ]
INFO: [ app_end ] --END-- [ RunTime:0.000641s ]

[ 2018-12-31T18:22:54+08:00 ] ::1 /PHPstormProject/thinkphp/Hotel/index.php/Home/Homepage/index.html
INFO: [ app_init ] --START--
INFO: Run Behavior\BuildLiteBehavior [ RunTime:0.000015s ]
INFO: [ app_init ] --END-- [ RunTime:0.000442s ]
INFO: [ app_begin ] --START--
INFO: Run Behavior\ReadHtmlCacheBehavior [ RunTime:0.000456s ]
INFO: [ app_begin ] --END-- [ RunTime:0.000508s ]
INFO: [ view_parse ] --START--
INFO: [ template_filter ] --START--
INFO: Run Behavior\ContentReplaceBehavior [ RunTime:0.000178s ]
INFO: [ template_filter ] --END-- [ RunTime:0.000238s ]
NOTIC: [8] Undefined variable: login D:\XAMPP\htdocs\PHPstormProject\thinkphp\Hotel\Application\Runtime\Cache\Home\ea5813382b22a8b3fd387828107dc05d.php 第 124 行.
NOTIC: [8] Undefined variable: register D:\XAMPP\htdocs\PHPstormProject\thinkphp\Hotel\Application\Runtime\Cache\Home\ea5813382b22a8b3fd387828107dc05d.php 第 125 行.
INFO: Run Behavior\ParseTemplateBehavior [ RunTime:0.011058s ]
INFO: [ view_parse ] --END-- [ RunTime:0.011120s ]
INFO: [ view_filter ] --START--
INFO: Run Behavior\WriteHtmlCacheBehavior [ RunTime:0.000425s ]
INFO: [ view_filter ] --END-- [ RunTime:0.000482s ]
INFO: [ app_end ] --START--
INFO: Run Behavior\ShowPageTraceBehavior [ RunTime:0.000595s ]
INFO: [ app_end ] --END-- [ RunTime:0.000661s ]

[ 2018-12-31T18:22:55+08:00 ] ::1 /PHPstormProject/thinkphp/Hotel/index.php/Home/personal/index.html
INFO: [ app_init ] --START--
INFO: Run Behavior\BuildLiteBehavior [ RunTime:0.000009s ]
INFO: [ app_init ] --END-- [ RunTime:0.000274s ]
INFO: [ app_begin ] --START--
INFO: Run Behavior\ReadHtmlCacheBehavior [ RunTime:0.000347s ]
INFO: [ app_begin ] --END-- [ RunTime:0.000381s ]
SQL: SHOW COLUMNS FROM `m_user` [ RunTime:0.0087s ]
SQL: SELECT * FROM `m_user` WHERE ( Uname='1' ) LIMIT 1   [ RunTime:0.0003s ]
SQL: SELECT * FROM `m_user` WHERE ( Uname='1' ) LIMIT 1   [ RunTime:0.0003s ]
SQL: SHOW COLUMNS FROM `m_order` [ RunTime:0.0085s ]
SQL: SELECT * FROM `m_order` LEFT JOIN m_user ON m_user.Uoid = m_order.Ouid INNER JOIN m_room ON m_order.Orid = m_room.Rid  WHERE ( Uname='1' )  [ RunTime:0.0008s ]
INFO: [ view_parse ] --START--
INFO: [ template_filter ] --START--
INFO: Run Behavior\ContentReplaceBehavior [ RunTime:0.000071s ]
INFO: [ template_filter ] --END-- [ RunTime:0.000109s ]
NOTIC: [8] Undefined variable: order D:\XAMPP\htdocs\PHPstormProject\thinkphp\Hotel\Application\Runtime\Cache\Home\234c96bd7cd8162248b6749002ab886c.php 第 87 行.
NOTIC: [8] Undefined variable: order D:\XAMPP\htdocs\PHPstormProject\thinkphp\Hotel\Application\Runtime\Cache\Home\234c96bd7cd8162248b6749002ab886c.php 第 88 行.
INFO: Run Behavior\ParseTemplateBehavior [ RunTime:0.011151s ]
INFO: [ view_parse ] --END-- [ RunTime:0.011220s ]
INFO: [ view_filter ] --START--
INFO: Run Behavior\WriteHtmlCacheBehavior [ RunTime:0.000571s ]
INFO: [ view_filter ] --END-- [ RunTime:0.000644s ]
INFO: [ app_end ] --START--
INFO: Run Behavior\ShowPageTraceBehavior [ RunTime:0.000814s ]
INFO: [ app_end ] --END-- [ RunTime:0.000902s ]

[ 2018-12-31T18:23:04+08:00 ] ::1 /PHPstormProject/thinkphp/Hotel/index.php/Home/personal/unevaluate.html
INFO: [ app_init ] --START--
INFO: Run Behavior\BuildLiteBehavior [ RunTime:0.000011s ]
INFO: [ app_init ] --END-- [ RunTime:0.000461s ]
INFO: [ app_begin ] --START--
INFO: Run Behavior\ReadHtmlCacheBehavior [ RunTime:0.002757s ]
INFO: [ app_begin ] --END-- [ RunTime:0.002803s ]
SQL: SHOW COLUMNS FROM `m_order` [ RunTime:0.0072s ]
SQL: SELECT COUNT(*) AS tp_count FROM `m_order` LEFT JOIN m_user ON m_user.Uoid = m_order.Ouid INNER JOIN m_room ON m_order.Orid = m_room.Rid  WHERE ( Uname='1' ) LIMIT 1   [ RunTime:0.0006s ]
SQL: SELECT * FROM `m_order` LEFT JOIN m_user ON m_user.Uoid = m_order.Ouid INNER JOIN m_room ON m_order.Orid = m_room.Rid  WHERE ( Uname='1' )  [ RunTime:0.0004s ]
INFO: [ view_parse ] --START--
INFO: [ template_filter ] --START--
INFO: Run Behavior\ContentReplaceBehavior [ RunTime:0.000060s ]
INFO: [ template_filter ] --END-- [ RunTime:0.000095s ]
NOTIC: [8] Undefined variable: unres D:\XAMPP\htdocs\PHPstormProject\thinkphp\Hotel\Application\Runtime\Cache\Home\883c243554297774634e2135c66533c4.php 第 84 行.
NOTIC: [8] Undefined variable: unres D:\XAMPP\htdocs\PHPstormProject\thinkphp\Hotel\Application\Runtime\Cache\Home\883c243554297774634e2135c66533c4.php 第 86 行.
NOTIC: [8] Undefined variable: order D:\XAMPP\htdocs\PHPstormProject\thinkphp\Hotel\Application\Runtime\Cache\Home\883c243554297774634e2135c66533c4.php 第 146 行.
INFO: Run Behavior\ParseTemplateBehavior [ RunTime:0.012304s ]
INFO: [ view_parse ] --END-- [ RunTime:0.012358s ]
INFO: [ view_filter ] --START--
INFO: Run Behavior\WriteHtmlCacheBehavior [ RunTime:0.000261s ]
INFO: [ view_filter ] --END-- [ RunTime:0.000290s ]
INFO: [ app_end ] --START--
INFO: Run Behavior\ShowPageTraceBehavior [ RunTime:0.000657s ]
INFO: [ app_end ] --END-- [ RunTime:0.000710s ]

[ 2018-12-31T18:23:04+08:00 ] ::1 /PHPstormProject/thinkphp/Hotel/index.php/Home/personal/orderlist.html
INFO: [ app_init ] --START--
INFO: Run Behavior\BuildLiteBehavior [ RunTime:0.000010s ]
INFO: [ app_init ] --END-- [ RunTime:0.000323s ]
INFO: [ app_begin ] --START--
INFO: Run Behavior\ReadHtmlCacheBehavior [ RunTime:0.000334s ]
INFO: [ app_begin ] --END-- [ RunTime:0.000367s ]
SQL: SHOW COLUMNS FROM `m_order` [ RunTime:0.0079s ]
SQL: SELECT * FROM `m_order` LEFT JOIN m_user ON m_user.Uoid = m_order.Ouid INNER JOIN m_room ON m_order.Orid = m_room.Rid  WHERE ( Uname='1' )  [ RunTime:0.0006s ]
INFO: [ view_parse ] --START--
INFO: [ template_filter ] --START--
INFO: Run Behavior\ContentReplaceBehavior [ RunTime:0.000054s ]
INFO: [ template_filter ] --END-- [ RunTime:0.000090s ]
NOTIC: [8] Undefined variable: order D:\XAMPP\htdocs\PHPstormProject\thinkphp\Hotel\Application\Runtime\Cache\Home\2d395a9dfdfe514a574b646d6e45eef9.php 第 84 行.
NOTIC: [8] Undefined variable: order D:\XAMPP\htdocs\PHPstormProject\thinkphp\Hotel\Application\Runtime\Cache\Home\2d395a9dfdfe514a574b646d6e45eef9.php 第 85 行.
INFO: Run Behavior\ParseTemplateBehavior [ RunTime:0.009952s ]
INFO: [ view_parse ] --END-- [ RunTime:0.010005s ]
INFO: [ view_filter ] --START--
INFO: Run Behavior\WriteHtmlCacheBehavior [ RunTime:0.000399s ]
INFO: [ view_filter ] --END-- [ RunTime:0.000448s ]
INFO: [ app_end ] --START--
INFO: Run Behavior\ShowPageTraceBehavior [ RunTime:0.001208s ]
INFO: [ app_end ] --END-- [ RunTime:0.001298s ]

[ 2018-12-31T18:23:05+08:00 ] ::1 /PHPstormProject/thinkphp/Hotel/index.php/Home/personal/evaluated.html
INFO: [ app_init ] --START--
INFO: Run Behavior\BuildLiteBehavior [ RunTime:0.000028s ]
INFO: [ app_init ] --END-- [ RunTime:0.000518s ]
INFO: [ app_begin ] --START--
INFO: Run Behavior\ReadHtmlCacheBehavior [ RunTime:0.000390s ]
INFO: [ app_begin ] --END-- [ RunTime:0.000429s ]
SQL: SHOW COLUMNS FROM `m_order` [ RunTime:0.0070s ]
SQL: SELECT COUNT(*) AS tp_count FROM `m_order` LEFT JOIN m_user ON m_user.Uoid = m_order.Ouid INNER JOIN m_room ON m_order.Orid = m_room.Rid  WHERE ( Uname='1' ) LIMIT 1   [ RunTime:0.0005s ]
SQL: SELECT * FROM `m_order` LEFT JOIN m_user ON m_user.Uoid = m_order.Ouid INNER JOIN m_room ON m_order.Orid = m_room.Rid  WHERE ( Uname='1' )  [ RunTime:0.0004s ]
INFO: [ view_parse ] --START--
INFO: [ template_filter ] --START--
INFO: Run Behavior\ContentReplaceBehavior [ RunTime:0.000053s ]
INFO: [ template_filter ] --END-- [ RunTime:0.000088s ]
NOTIC: [8] Undefined variable: order D:\XAMPP\htdocs\PHPstormProject\thinkphp\Hotel\Application\Runtime\Cache\Home\30da7e4da436d52cb0a636a8f4e80879.php 第 84 行.
NOTIC: [8] Undefined variable: order D:\XAMPP\htdocs\PHPstormProject\thinkphp\Hotel\Application\Runtime\Cache\Home\30da7e4da436d52cb0a636a8f4e80879.php 第 110 行.
NOTIC: [8] Undefined variable: order D:\XAMPP\htdocs\PHPstormProject\thinkphp\Hotel\Application\Runtime\Cache\Home\30da7e4da436d52cb0a636a8f4e80879.php 第 110 行.
NOTIC: [8] Undefined variable: order D:\XAMPP\htdocs\PHPstormProject\thinkphp\Hotel\Application\Runtime\Cache\Home\30da7e4da436d52cb0a636a8f4e80879.php 第 143 行.
INFO: Run Behavior\ParseTemplateBehavior [ RunTime:0.009912s ]
INFO: [ view_parse ] --END-- [ RunTime:0.009968s ]
INFO: [ view_filter ] --START--
INFO: Run Behavior\WriteHtmlCacheBehavior [ RunTime:0.000221s ]
INFO: [ view_filter ] --END-- [ RunTime:0.000249s ]
INFO: [ app_end ] --START--
INFO: Run Behavior\ShowPageTraceBehavior [ RunTime:0.000832s ]
INFO: [ app_end ] --END-- [ RunTime:0.000913s ]

[ 2018-12-31T18:23:06+08:00 ] ::1 /PHPstormProject/thinkphp/Hotel/index.php/Home/personal/orderlist.html
INFO: [ app_init ] --START--
INFO: Run Behavior\BuildLiteBehavior [ RunTime:0.000009s ]
INFO: [ app_init ] --END-- [ RunTime:0.000276s ]
INFO: [ app_begin ] --START--
INFO: Run Behavior\ReadHtmlCacheBehavior [ RunTime:0.000396s ]
INFO: [ app_begin ] --END-- [ RunTime:0.000439s ]
SQL: SHOW COLUMNS FROM `m_order` [ RunTime:0.0088s ]
SQL: SELECT * FROM `m_order` LEFT JOIN m_user ON m_user.Uoid = m_order.Ouid INNER JOIN m_room ON m_order.Orid = m_room.Rid  WHERE ( Uname='1' )  [ RunTime:0.0005s ]
INFO: [ view_parse ] --START--
INFO: [ template_filter ] --START--
INFO: Run Behavior\ContentReplaceBehavior [ RunTime:0.000098s ]
INFO: [ template_filter ] --END-- [ RunTime:0.000158s ]
NOTIC: [8] Undefined variable: order D:\XAMPP\htdocs\PHPstormProject\thinkphp\Hotel\Application\Runtime\Cache\Home\2d395a9dfdfe514a574b646d6e45eef9.php 第 84 行.
NOTIC: [8] Undefined variable: order D:\XAMPP\htdocs\PHPstormProject\thinkphp\Hotel\Application\Runtime\Cache\Home\2d395a9dfdfe514a574b646d6e45eef9.php 第 85 行.
INFO: Run Behavior\ParseTemplateBehavior [ RunTime:0.010724s ]
INFO: [ view_parse ] --END-- [ RunTime:0.010774s ]
INFO: [ view_filter ] --START--
INFO: Run Behavior\WriteHtmlCacheBehavior [ RunTime:0.000223s ]
INFO: [ view_filter ] --END-- [ RunTime:0.000252s ]
INFO: [ app_end ] --START--
INFO: Run Behavior\ShowPageTraceBehavior [ RunTime:0.001331s ]
INFO: [ app_end ] --END-- [ RunTime:0.001398s ]

[ 2018-12-31T18:23:07+08:00 ] ::1 /PHPstormProject/thinkphp/Hotel/index.php/Home/personal/unevaluate.html
INFO: [ app_init ] --START--
INFO: Run Behavior\BuildLiteBehavior [ RunTime:0.000015s ]
INFO: [ app_init ] --END-- [ RunTime:0.000412s ]
INFO: [ app_begin ] --START--
INFO: Run Behavior\ReadHtmlCacheBehavior [ RunTime:0.000564s ]
INFO: [ app_begin ] --END-- [ RunTime:0.000630s ]
SQL: SHOW COLUMNS FROM `m_order` [ RunTime:0.0077s ]
SQL: SELECT COUNT(*) AS tp_count FROM `m_order` LEFT JOIN m_user ON m_user.Uoid = m_order.Ouid INNER JOIN m_room ON m_order.Orid = m_room.Rid  WHERE ( Uname='1' ) LIMIT 1   [ RunTime:0.0004s ]
SQL: SELECT * FROM `m_order` LEFT JOIN m_user ON m_user.Uoid = m_order.Ouid INNER JOIN m_room ON m_order.Orid = m_room.Rid  WHERE ( Uname='1' )  [ RunTime:0.0004s ]
INFO: [ view_parse ] --START--
INFO: [ template_filter ] --START--
INFO: Run Behavior\ContentReplaceBehavior [ RunTime:0.000095s ]
INFO: [ template_filter ] --END-- [ RunTime:0.000148s ]
NOTIC: [8] Undefined variable: unres D:\XAMPP\htdocs\PHPstormProject\thinkphp\Hotel\Application\Runtime\Cache\Home\883c243554297774634e2135c66533c4.php 第 84 行.
NOTIC: [8] Undefined variable: unres D:\XAMPP\htdocs\PHPstormProject\thinkphp\Hotel\Application\Runtime\Cache\Home\883c243554297774634e2135c66533c4.php 第 86 行.
NOTIC: [8] Undefined variable: order D:\XAMPP\htdocs\PHPstormProject\thinkphp\Hotel\Application\Runtime\Cache\Home\883c243554297774634e2135c66533c4.php 第 146 行.
INFO: Run Behavior\ParseTemplateBehavior [ RunTime:0.011288s ]
INFO: [ view_parse ] --END-- [ RunTime:0.011355s ]
INFO: [ view_filter ] --START--
INFO: Run Behavior\WriteHtmlCacheBehavior [ RunTime:0.000394s ]
INFO: [ view_filter ] --END-- [ RunTime:0.000451s ]
INFO: [ app_end ] --START--
INFO: Run Behavior\ShowPageTraceBehavior [ RunTime:0.000791s ]
INFO: [ app_end ] --END-- [ RunTime:0.000843s ]

[ 2018-12-31T18:23:08+08:00 ] ::1 /PHPstormProject/thinkphp/Hotel/index.php/Home/personal/evaluated.html
INFO: [ app_init ] --START--
INFO: Run Behavior\BuildLiteBehavior [ RunTime:0.000010s ]
INFO: [ app_init ] --END-- [ RunTime:0.000303s ]
INFO: [ app_begin ] --START--
INFO: Run Behavior\ReadHtmlCacheBehavior [ RunTime:0.000370s ]
INFO: [ app_begin ] --END-- [ RunTime:0.000413s ]
SQL: SHOW COLUMNS FROM `m_order` [ RunTime:0.0075s ]
SQL: SELECT COUNT(*) AS tp_count FROM `m_order` LEFT JOIN m_user ON m_user.Uoid = m_order.Ouid INNER JOIN m_room ON m_order.Orid = m_room.Rid  WHERE ( Uname='1' ) LIMIT 1   [ RunTime:0.0005s ]
SQL: SELECT * FROM `m_order` LEFT JOIN m_user ON m_user.Uoid = m_order.Ouid INNER JOIN m_room ON m_order.Orid = m_room.Rid  WHERE ( Uname='1' )  [ RunTime:0.0005s ]
INFO: [ view_parse ] --START--
INFO: [ template_filter ] --START--
INFO: Run Behavior\ContentReplaceBehavior [ RunTime:0.000087s ]
INFO: [ template_filter ] --END-- [ RunTime:0.000164s ]
NOTIC: [8] Undefined variable: order D:\XAMPP\htdocs\PHPstormProject\thinkphp\Hotel\Application\Runtime\Cache\Home\30da7e4da436d52cb0a636a8f4e80879.php 第 84 行.
NOTIC: [8] Undefined variable: order D:\XAMPP\htdocs\PHPstormProject\thinkphp\Hotel\Application\Runtime\Cache\Home\30da7e4da436d52cb0a636a8f4e80879.php 第 110 行.
NOTIC: [8] Undefined variable: order D:\XAMPP\htdocs\PHPstormProject\thinkphp\Hotel\Application\Runtime\Cache\Home\30da7e4da436d52cb0a636a8f4e80879.php 第 110 行.
NOTIC: [8] Undefined variable: order D:\XAMPP\htdocs\PHPstormProject\thinkphp\Hotel\Application\Runtime\Cache\Home\30da7e4da436d52cb0a636a8f4e80879.php 第 143 行.
INFO: Run Behavior\ParseTemplateBehavior [ RunTime:0.009698s ]
INFO: [ view_parse ] --END-- [ RunTime:0.009775s ]
INFO: [ view_filter ] --START--
INFO: Run Behavior\WriteHtmlCacheBehavior [ RunTime:0.000241s ]
INFO: [ view_filter ] --END-- [ RunTime:0.000269s ]
INFO: [ app_end ] --START--
INFO: Run Behavior\ShowPageTraceBehavior [ RunTime:0.000884s ]
INFO: [ app_end ] --END-- [ RunTime:0.000969s ]

[ 2018-12-31T18:23:09+08:00 ] ::1 /PHPstormProject/thinkphp/Hotel/index.php/Home/personal/edit.html
INFO: [ app_init ] --START--
INFO: Run Behavior\BuildLiteBehavior [ RunTime:0.000011s ]
INFO: [ app_init ] --END-- [ RunTime:0.000300s ]
INFO: [ app_begin ] --START--
INFO: Run Behavior\ReadHtmlCacheBehavior [ RunTime:0.000359s ]
INFO: [ app_begin ] --END-- [ RunTime:0.000396s ]
SQL: SHOW COLUMNS FROM `m_user` [ RunTime:0.0081s ]
SQL: SELECT * FROM `m_user` WHERE ( Uname='1' ) LIMIT 1   [ RunTime:0.0005s ]
SQL: SELECT * FROM `m_user` WHERE ( Uname='1' ) LIMIT 1   [ RunTime:0.0007s ]
INFO: [ view_parse ] --START--
INFO: [ template_filter ] --START--
INFO: Run Behavior\ContentReplaceBehavior [ RunTime:0.000055s ]
INFO: [ template_filter ] --END-- [ RunTime:0.000095s ]
INFO: Run Behavior\ParseTemplateBehavior [ RunTime:0.010553s ]
INFO: [ view_parse ] --END-- [ RunTime:0.010636s ]
INFO: [ view_filter ] --START--
INFO: Run Behavior\WriteHtmlCacheBehavior [ RunTime:0.000214s ]
INFO: [ view_filter ] --END-- [ RunTime:0.000242s ]
INFO: [ app_end ] --START--
INFO: Run Behavior\ShowPageTraceBehavior [ RunTime:0.000854s ]
INFO: [ app_end ] --END-- [ RunTime:0.000897s ]

[ 2018-12-31T18:23:10+08:00 ] ::1 /PHPstormProject/thinkphp/Hotel/index.php/Home/personal/safe.html
INFO: [ app_init ] --START--
INFO: Run Behavior\BuildLiteBehavior [ RunTime:0.000025s ]
INFO: [ app_init ] --END-- [ RunTime:0.000306s ]
INFO: [ app_begin ] --START--
INFO: Run Behavior\ReadHtmlCacheBehavior [ RunTime:0.000340s ]
INFO: [ app_begin ] --END-- [ RunTime:0.000375s ]
SQL: SHOW COLUMNS FROM `m_user` [ RunTime:0.0075s ]
SQL: SELECT * FROM `m_user` WHERE ( Uname='1' ) LIMIT 1   [ RunTime:0.0003s ]
INFO: [ view_parse ] --START--
INFO: [ template_filter ] --START--
INFO: Run Behavior\ContentReplaceBehavior [ RunTime:0.000061s ]
INFO: [ template_filter ] --END-- [ RunTime:0.000099s ]
INFO: Run Behavior\ParseTemplateBehavior [ RunTime:0.009089s ]
INFO: [ view_parse ] --END-- [ RunTime:0.009160s ]
INFO: [ view_filter ] --START--
INFO: Run Behavior\WriteHtmlCacheBehavior [ RunTime:0.000284s ]
INFO: [ view_filter ] --END-- [ RunTime:0.000345s ]
INFO: [ app_end ] --START--
INFO: Run Behavior\ShowPageTraceBehavior [ RunTime:0.000915s ]
INFO: [ app_end ] --END-- [ RunTime:0.000987s ]

[ 2018-12-31T18:23:12+08:00 ] ::1 /PHPstormProject/thinkphp/Hotel/index.php/Home/personal/help.html
INFO: [ app_init ] --START--
INFO: Run Behavior\BuildLiteBehavior [ RunTime:0.000016s ]
INFO: [ app_init ] --END-- [ RunTime:0.000493s ]
INFO: [ app_begin ] --START--
INFO: Run Behavior\ReadHtmlCacheBehavior [ RunTime:0.000602s ]
INFO: [ app_begin ] --END-- [ RunTime:0.000667s ]
INFO: [ view_parse ] --START--
INFO: [ template_filter ] --START--
INFO: Run Behavior\ContentReplaceBehavior [ RunTime:0.000064s ]
INFO: [ template_filter ] --END-- [ RunTime:0.000108s ]
INFO: Run Behavior\ParseTemplateBehavior [ RunTime:0.012062s ]
INFO: [ view_parse ] --END-- [ RunTime:0.012159s ]
INFO: [ view_filter ] --START--
INFO: Run Behavior\WriteHtmlCacheBehavior [ RunTime:0.000383s ]
INFO: [ view_filter ] --END-- [ RunTime:0.000438s ]
INFO: [ app_end ] --START--
INFO: Run Behavior\ShowPageTraceBehavior [ RunTime:0.001552s ]
INFO: [ app_end ] --END-- [ RunTime:0.001729s ]

[ 2018-12-31T18:23:12+08:00 ] ::1 /PHPstormProject/thinkphp/Hotel/index.php/Home/personal/help.html
INFO: [ app_init ] --START--
INFO: Run Behavior\BuildLiteBehavior [ RunTime:0.000014s ]
INFO: [ app_init ] --END-- [ RunTime:0.000492s ]
INFO: [ app_begin ] --START--
INFO: Run Behavior\ReadHtmlCacheBehavior [ RunTime:0.000353s ]
INFO: [ app_begin ] --END-- [ RunTime:0.000388s ]
INFO: [ view_parse ] --START--
INFO: [ template_filter ] --START--
INFO: Run Behavior\ContentReplaceBehavior [ RunTime:0.000080s ]
INFO: [ template_filter ] --END-- [ RunTime:0.000119s ]
INFO: Run Behavior\ParseTemplateBehavior [ RunTime:0.007348s ]
INFO: [ view_parse ] --END-- [ RunTime:0.007403s ]
INFO: [ view_filter ] --START--
INFO: Run Behavior\WriteHtmlCacheBehavior [ RunTime:0.000274s ]
INFO: [ view_filter ] --END-- [ RunTime:0.000313s ]
INFO: [ app_end ] --START--
INFO: Run Behavior\ShowPageTraceBehavior [ RunTime:0.000919s ]
INFO: [ app_end ] --END-- [ RunTime:0.000992s ]

[ 2018-12-31T18:23:12+08:00 ] ::1 /PHPstormProject/thinkphp/Hotel/index.php/Home/personal/vip.html
INFO: [ app_init ] --START--
INFO: Run Behavior\BuildLiteBehavior [ RunTime:0.000012s ]
INFO: [ app_init ] --END-- [ RunTime:0.000571s ]
INFO: [ app_begin ] --START--
INFO: Run Behavior\ReadHtmlCacheBehavior [ RunTime:0.000522s ]
INFO: [ app_begin ] --END-- [ RunTime:0.000598s ]
SQL: SHOW COLUMNS FROM `m_order` [ RunTime:0.0070s ]
SQL: SELECT * FROM `m_order`  [ RunTime:0.0004s ]
INFO: [ view_parse ] --START--
INFO: [ template_filter ] --START--
INFO: Run Behavior\ContentReplaceBehavior [ RunTime:0.000056s ]
INFO: [ template_filter ] --END-- [ RunTime:0.000092s ]
INFO: Run Behavior\ParseTemplateBehavior [ RunTime:0.016114s ]
INFO: [ view_parse ] --END-- [ RunTime:0.016174s ]
INFO: [ view_filter ] --START--
INFO: Run Behavior\WriteHtmlCacheBehavior [ RunTime:0.000238s ]
INFO: [ view_filter ] --END-- [ RunTime:0.000265s ]
INFO: [ app_end ] --START--
INFO: Run Behavior\ShowPageTraceBehavior [ RunTime:0.001203s ]
INFO: [ app_end ] --END-- [ RunTime:0.001311s ]

