[ 2019-04-24T14:08:26+08:00 ] 127.0.0.1 /zxh/zhongjiezhe/TP_hotel/Hotel/index.php/home/Homepage/lanjie
INFO: [ app_init ] --START--
INFO: Run Behavior\BuildLiteBehavior [ RunTime:0.000023s ]
INFO: [ app_init ] --END-- [ RunTime:0.033725s ]
INFO: [ app_begin ] --START--
INFO: Run Behavior\ReadHtmlCacheBehavior [ RunTime:0.045222s ]
INFO: [ app_begin ] --END-- [ RunTime:0.045442s ]

[ 2019-04-24T14:08:33+08:00 ] 127.0.0.1 /zxh/zhongjiezhe/TP_hotel/Hotel/index.php/home/Homepage/lanjie
INFO: [ app_init ] --START--
INFO: Run Behavior\BuildLiteBehavior [ RunTime:0.000026s ]
INFO: [ app_init ] --END-- [ RunTime:0.003774s ]
INFO: [ app_begin ] --START--
INFO: Run Behavior\ReadHtmlCacheBehavior [ RunTime:0.002341s ]
INFO: [ app_begin ] --END-- [ RunTime:0.002394s ]

[ 2019-04-24T14:08:37+08:00 ] 127.0.0.1 /zxh/zhongjiezhe/TP_hotel/Hotel/index.php/home/Homepage/lanjie
INFO: [ app_init ] --START--
INFO: Run Behavior\BuildLiteBehavior [ RunTime:0.000024s ]
INFO: [ app_init ] --END-- [ RunTime:0.003009s ]
INFO: [ app_begin ] --START--
INFO: Run Behavior\ReadHtmlCacheBehavior [ RunTime:0.005060s ]
INFO: [ app_begin ] --END-- [ RunTime:0.005131s ]

[ 2019-04-24T14:08:43+08:00 ] 127.0.0.1 /zxh/zhongjiezhe/TP_hotel/Hotel/index.php/home/Homepage/lanjie
INFO: [ app_init ] --START--
INFO: Run Behavior\BuildLiteBehavior [ RunTime:0.000051s ]
INFO: [ app_init ] --END-- [ RunTime:0.003598s ]
INFO: [ app_begin ] --START--
INFO: Run Behavior\ReadHtmlCacheBehavior [ RunTime:0.005041s ]
INFO: [ app_begin ] --END-- [ RunTime:0.005266s ]

[ 2019-04-24T14:09:00+08:00 ] 127.0.0.1 /zxh/zhongjiezhe/TP_hotel/Hotel/index.php/home/Homepage/lanjie
INFO: [ app_init ] --START--
INFO: Run Behavior\BuildLiteBehavior [ RunTime:0.000016s ]
INFO: [ app_init ] --END-- [ RunTime:0.003099s ]
INFO: [ app_begin ] --START--
INFO: Run Behavior\ReadHtmlCacheBehavior [ RunTime:0.005283s ]
INFO: [ app_begin ] --END-- [ RunTime:0.005363s ]

[ 2019-04-24T14:09:11+08:00 ] 127.0.0.1 /zxh/zhongjiezhe/TP_hotel/Hotel/index.php/home/Homepage/lanjie
INFO: [ app_init ] --START--
INFO: Run Behavior\BuildLiteBehavior [ RunTime:0.000015s ]
INFO: [ app_init ] --END-- [ RunTime:0.001558s ]
INFO: [ app_begin ] --START--
INFO: Run Behavior\ReadHtmlCacheBehavior [ RunTime:0.001784s ]
INFO: [ app_begin ] --END-- [ RunTime:0.001844s ]

[ 2019-04-24T14:09:14+08:00 ] 127.0.0.1 /zxh/zhongjiezhe/TP_hotel/Hotel/index.php/home/Homepage/lanjie
INFO: [ app_init ] --START--
INFO: Run Behavior\BuildLiteBehavior [ RunTime:0.000014s ]
INFO: [ app_init ] --END-- [ RunTime:0.000987s ]
INFO: [ app_begin ] --START--
INFO: Run Behavior\ReadHtmlCacheBehavior [ RunTime:0.001734s ]
INFO: [ app_begin ] --END-- [ RunTime:0.001789s ]

[ 2019-04-24T14:09:16+08:00 ] 127.0.0.1 /zxh/zhongjiezhe/TP_hotel/Hotel/index.php/home/Homepage/lanjie
INFO: [ app_init ] --START--
INFO: Run Behavior\BuildLiteBehavior [ RunTime:0.000011s ]
INFO: [ app_init ] --END-- [ RunTime:0.000821s ]
INFO: [ app_begin ] --START--
INFO: Run Behavior\ReadHtmlCacheBehavior [ RunTime:0.002042s ]
INFO: [ app_begin ] --END-- [ RunTime:0.002109s ]

[ 2019-04-24T14:09:24+08:00 ] 127.0.0.1 /zxh/zhongjiezhe/TP_hotel/Hotel/index.php/home/Homepage/lanjie
INFO: [ app_init ] --START--
INFO: Run Behavior\BuildLiteBehavior [ RunTime:0.000015s ]
INFO: [ app_init ] --END-- [ RunTime:0.001171s ]
INFO: [ app_begin ] --START--
INFO: Run Behavior\ReadHtmlCacheBehavior [ RunTime:0.005476s ]
INFO: [ app_begin ] --END-- [ RunTime:0.005770s ]

[ 2019-04-24T14:09:33+08:00 ] 127.0.0.1 /zxh/zhongjiezhe/TP_hotel/Hotel/index.php/home/Homepage/lanjie
INFO: [ app_init ] --START--
INFO: Run Behavior\BuildLiteBehavior [ RunTime:0.000011s ]
INFO: [ app_init ] --END-- [ RunTime:0.000858s ]
INFO: [ app_begin ] --START--
INFO: Run Behavior\ReadHtmlCacheBehavior [ RunTime:0.001956s ]
INFO: [ app_begin ] --END-- [ RunTime:0.002040s ]

[ 2019-04-24T14:09:36+08:00 ] 127.0.0.1 /zxh/zhongjiezhe/TP_hotel/Hotel/index.php/home/Homepage/lanjie
INFO: [ app_init ] --START--
INFO: Run Behavior\BuildLiteBehavior [ RunTime:0.000040s ]
INFO: [ app_init ] --END-- [ RunTime:0.003156s ]
INFO: [ app_begin ] --START--
INFO: Run Behavior\ReadHtmlCacheBehavior [ RunTime:0.004401s ]
INFO: [ app_begin ] --END-- [ RunTime:0.004507s ]

[ 2019-04-24T14:09:59+08:00 ] 127.0.0.1 /zxh/zhongjiezhe/TP_hotel/Hotel/index.php/home/Homepage/lanjie
INFO: [ app_init ] --START--
INFO: Run Behavior\BuildLiteBehavior [ RunTime:0.000015s ]
INFO: [ app_init ] --END-- [ RunTime:0.001387s ]
INFO: [ app_begin ] --START--
INFO: Run Behavior\ReadHtmlCacheBehavior [ RunTime:0.003793s ]
INFO: [ app_begin ] --END-- [ RunTime:0.003853s ]

[ 2019-04-24T14:10:06+08:00 ] 127.0.0.1 /zxh/zhongjiezhe/TP_hotel/Hotel/index.php/home/Homepage/lanjie
INFO: [ app_init ] --START--
INFO: Run Behavior\BuildLiteBehavior [ RunTime:0.000013s ]
INFO: [ app_init ] --END-- [ RunTime:0.001388s ]
INFO: [ app_begin ] --START--
INFO: Run Behavior\ReadHtmlCacheBehavior [ RunTime:0.002361s ]
INFO: [ app_begin ] --END-- [ RunTime:0.002510s ]

[ 2019-04-24T14:11:20+08:00 ] 127.0.0.1 /zxh/zhongjiezhe/TP_hotel/Hotel/index.php/home/Homepage/lanjie
INFO: [ app_init ] --START--
INFO: Run Behavior\BuildLiteBehavior [ RunTime:0.000014s ]
INFO: [ app_init ] --END-- [ RunTime:0.001089s ]
INFO: [ app_begin ] --START--
INFO: Run Behavior\ReadHtmlCacheBehavior [ RunTime:0.003239s ]
INFO: [ app_begin ] --END-- [ RunTime:0.003329s ]

[ 2019-04-24T14:15:31+08:00 ] 127.0.0.1 /zxh/zhongjiezhe/TP_hotel/Hotel/index.php/home/Homepage/lanjie
INFO: [ app_init ] --START--
INFO: Run Behavior\BuildLiteBehavior [ RunTime:0.000035s ]
INFO: [ app_init ] --END-- [ RunTime:0.001975s ]
INFO: [ app_begin ] --START--
INFO: Run Behavior\ReadHtmlCacheBehavior [ RunTime:0.005104s ]
INFO: [ app_begin ] --END-- [ RunTime:0.005334s ]

[ 2019-04-24T14:23:31+08:00 ] 127.0.0.1 /zxh/zhongjiezhe/TP_hotel/Hotel/index.php/home/Homepage/lanjie
INFO: [ app_init ] --START--
INFO: Run Behavior\BuildLiteBehavior [ RunTime:0.000027s ]
INFO: [ app_init ] --END-- [ RunTime:0.004584s ]
INFO: [ app_begin ] --START--
INFO: Run Behavior\ReadHtmlCacheBehavior [ RunTime:0.006615s ]
INFO: [ app_begin ] --END-- [ RunTime:0.007281s ]

[ 2019-04-24T14:28:26+08:00 ] 127.0.0.1 /zxh/zhongjiezhe/TP_hotel/Hotel/index.php/home/Homepage/lanjie
INFO: [ app_init ] --START--
INFO: Run Behavior\BuildLiteBehavior [ RunTime:0.000024s ]
INFO: [ app_init ] --END-- [ RunTime:0.004057s ]
INFO: [ app_begin ] --START--
INFO: Run Behavior\ReadHtmlCacheBehavior [ RunTime:0.013118s ]
INFO: [ app_begin ] --END-- [ RunTime:0.013399s ]

[ 2019-04-24T14:28:29+08:00 ] 127.0.0.1 /zxh/zhongjiezhe/TP_hotel/Hotel/index.php/home/homepage/getdingdan
INFO: [ app_init ] --START--
INFO: Run Behavior\BuildLiteBehavior [ RunTime:0.000017s ]
INFO: [ app_init ] --END-- [ RunTime:0.002021s ]
INFO: [ app_begin ] --START--
INFO: Run Behavior\ReadHtmlCacheBehavior [ RunTime:0.006949s ]
INFO: [ app_begin ] --END-- [ RunTime:0.007115s ]
SQL: SHOW COLUMNS FROM `m_order` [ RunTime:0.0691s ]
SQL: SELECT * FROM `m_order`  [ RunTime:0.0020s ]

[ 2019-04-24T14:28:33+08:00 ] 127.0.0.1 /zxh/zhongjiezhe/TP_hotel/Hotel/index.php/home/homepage/yipj
INFO: [ app_init ] --START--
INFO: Run Behavior\BuildLiteBehavior [ RunTime:0.000013s ]
INFO: [ app_init ] --END-- [ RunTime:0.000928s ]
INFO: [ app_begin ] --START--
INFO: Run Behavior\ReadHtmlCacheBehavior [ RunTime:0.005339s ]
INFO: [ app_begin ] --END-- [ RunTime:0.005502s ]
SQL: SHOW COLUMNS FROM `m_order` [ RunTime:0.0401s ]
SQL: SELECT * FROM `m_order` WHERE ( pj='-1' )  [ RunTime:0.0005s ]

[ 2019-04-24T14:28:35+08:00 ] 127.0.0.1 /zxh/zhongjiezhe/TP_hotel/Hotel/index.php/home/homepage/getdingdan
INFO: [ app_init ] --START--
INFO: Run Behavior\BuildLiteBehavior [ RunTime:0.000015s ]
INFO: [ app_init ] --END-- [ RunTime:0.001003s ]
INFO: [ app_begin ] --START--
INFO: Run Behavior\ReadHtmlCacheBehavior [ RunTime:0.001768s ]
INFO: [ app_begin ] --END-- [ RunTime:0.001825s ]
SQL: SHOW COLUMNS FROM `m_order` [ RunTime:0.0410s ]
SQL: SELECT * FROM `m_order`  [ RunTime:0.0014s ]

[ 2019-04-24T14:28:37+08:00 ] 127.0.0.1 /zxh/zhongjiezhe/TP_hotel/Hotel/index.php/home/homepage/yipj
INFO: [ app_init ] --START--
INFO: Run Behavior\BuildLiteBehavior [ RunTime:0.000011s ]
INFO: [ app_init ] --END-- [ RunTime:0.000713s ]
INFO: [ app_begin ] --START--
INFO: Run Behavior\ReadHtmlCacheBehavior [ RunTime:0.002799s ]
INFO: [ app_begin ] --END-- [ RunTime:0.002857s ]
SQL: SHOW COLUMNS FROM `m_order` [ RunTime:0.0351s ]
SQL: SELECT * FROM `m_order` WHERE ( pj='-1' )  [ RunTime:0.0006s ]

[ 2019-04-24T14:28:38+08:00 ] 127.0.0.1 /zxh/zhongjiezhe/TP_hotel/Hotel/index.php/home/homepage/pinglun
INFO: [ app_init ] --START--
INFO: Run Behavior\BuildLiteBehavior [ RunTime:0.000008s ]
INFO: [ app_init ] --END-- [ RunTime:0.000777s ]
INFO: [ app_begin ] --START--
INFO: Run Behavior\ReadHtmlCacheBehavior [ RunTime:0.002202s ]
INFO: [ app_begin ] --END-- [ RunTime:0.002533s ]
SQL: SHOW COLUMNS FROM `m_pinglun` [ RunTime:0.0345s ]
SQL: SELECT * FROM `m_pinglun`  [ RunTime:0.0017s ]

[ 2019-04-24T14:28:41+08:00 ] 127.0.0.1 /zxh/zhongjiezhe/TP_hotel/Hotel/index.php/home/homepage/pinglun
INFO: [ app_init ] --START--
INFO: Run Behavior\BuildLiteBehavior [ RunTime:0.000013s ]
INFO: [ app_init ] --END-- [ RunTime:0.000844s ]
INFO: [ app_begin ] --START--
INFO: Run Behavior\ReadHtmlCacheBehavior [ RunTime:0.003050s ]
INFO: [ app_begin ] --END-- [ RunTime:0.003153s ]
SQL: SHOW COLUMNS FROM `m_pinglun` [ RunTime:0.0365s ]
SQL: SELECT * FROM `m_pinglun`  [ RunTime:0.0010s ]

[ 2019-04-24T14:28:42+08:00 ] 127.0.0.1 /zxh/zhongjiezhe/TP_hotel/Hotel/index.php/home/homepage/yipj
INFO: [ app_init ] --START--
INFO: Run Behavior\BuildLiteBehavior [ RunTime:0.000016s ]
INFO: [ app_init ] --END-- [ RunTime:0.002086s ]
INFO: [ app_begin ] --START--
INFO: Run Behavior\ReadHtmlCacheBehavior [ RunTime:0.001296s ]
INFO: [ app_begin ] --END-- [ RunTime:0.001334s ]
SQL: SHOW COLUMNS FROM `m_order` [ RunTime:0.0314s ]
SQL: SELECT * FROM `m_order` WHERE ( pj='-1' )  [ RunTime:0.0010s ]

[ 2019-04-24T14:28:43+08:00 ] 127.0.0.1 /zxh/zhongjiezhe/TP_hotel/Hotel/index.php/home/homepage/getdingdan
INFO: [ app_init ] --START--
INFO: Run Behavior\BuildLiteBehavior [ RunTime:0.000014s ]
INFO: [ app_init ] --END-- [ RunTime:0.000940s ]
INFO: [ app_begin ] --START--
INFO: Run Behavior\ReadHtmlCacheBehavior [ RunTime:0.002031s ]
INFO: [ app_begin ] --END-- [ RunTime:0.002094s ]
SQL: SHOW COLUMNS FROM `m_order` [ RunTime:0.0726s ]
SQL: SELECT * FROM `m_order`  [ RunTime:0.0007s ]

[ 2019-04-24T14:28:49+08:00 ] 127.0.0.1 /zxh/zhongjiezhe/TP_hotel/Hotel/index.php/home/homepage/yipj
INFO: [ app_init ] --START--
INFO: Run Behavior\BuildLiteBehavior [ RunTime:0.000017s ]
INFO: [ app_init ] --END-- [ RunTime:0.001735s ]
INFO: [ app_begin ] --START--
INFO: Run Behavior\ReadHtmlCacheBehavior [ RunTime:0.004513s ]
INFO: [ app_begin ] --END-- [ RunTime:0.004728s ]
SQL: SHOW COLUMNS FROM `m_order` [ RunTime:0.0476s ]
SQL: SELECT * FROM `m_order` WHERE ( pj='-1' )  [ RunTime:0.0006s ]

[ 2019-04-24T14:28:50+08:00 ] 127.0.0.1 /zxh/zhongjiezhe/TP_hotel/Hotel/index.php/home/homepage/pinglun
INFO: [ app_init ] --START--
INFO: Run Behavior\BuildLiteBehavior [ RunTime:0.000044s ]
INFO: [ app_init ] --END-- [ RunTime:0.001492s ]
INFO: [ app_begin ] --START--
INFO: Run Behavior\ReadHtmlCacheBehavior [ RunTime:0.002187s ]
INFO: [ app_begin ] --END-- [ RunTime:0.002254s ]
SQL: SHOW COLUMNS FROM `m_pinglun` [ RunTime:0.0410s ]
SQL: SELECT * FROM `m_pinglun`  [ RunTime:0.0020s ]

[ 2019-04-24T14:28:56+08:00 ] 127.0.0.1 /zxh/zhongjiezhe/TP_hotel/Hotel/index.php/home/homepage/yipj
INFO: [ app_init ] --START--
INFO: Run Behavior\BuildLiteBehavior [ RunTime:0.000010s ]
INFO: [ app_init ] --END-- [ RunTime:0.000699s ]
INFO: [ app_begin ] --START--
INFO: Run Behavior\ReadHtmlCacheBehavior [ RunTime:0.002786s ]
INFO: [ app_begin ] --END-- [ RunTime:0.002848s ]
SQL: SHOW COLUMNS FROM `m_order` [ RunTime:0.0350s ]
SQL: SELECT * FROM `m_order` WHERE ( pj='-1' )  [ RunTime:0.0004s ]

[ 2019-04-24T14:29:01+08:00 ] 127.0.0.1 /zxh/zhongjiezhe/TP_hotel/Hotel/index.php/home/homepage/getdingdan
INFO: [ app_init ] --START--
INFO: Run Behavior\BuildLiteBehavior [ RunTime:0.000010s ]
INFO: [ app_init ] --END-- [ RunTime:0.000765s ]
INFO: [ app_begin ] --START--
INFO: Run Behavior\ReadHtmlCacheBehavior [ RunTime:0.003879s ]
INFO: [ app_begin ] --END-- [ RunTime:0.003976s ]
SQL: SHOW COLUMNS FROM `m_order` [ RunTime:0.0559s ]
SQL: SELECT * FROM `m_order`  [ RunTime:0.0005s ]

[ 2019-04-24T14:29:02+08:00 ] 127.0.0.1 /zxh/zhongjiezhe/TP_hotel/Hotel/index.php/home/homepage/yipj
INFO: [ app_init ] --START--
INFO: Run Behavior\BuildLiteBehavior [ RunTime:0.000047s ]
INFO: [ app_init ] --END-- [ RunTime:0.002256s ]
INFO: [ app_begin ] --START--
INFO: Run Behavior\ReadHtmlCacheBehavior [ RunTime:0.003075s ]
INFO: [ app_begin ] --END-- [ RunTime:0.003140s ]
SQL: SHOW COLUMNS FROM `m_order` [ RunTime:0.0496s ]
SQL: SELECT * FROM `m_order` WHERE ( pj='-1' )  [ RunTime:0.0007s ]

[ 2019-04-24T14:29:03+08:00 ] 127.0.0.1 /zxh/zhongjiezhe/TP_hotel/Hotel/index.php/home/homepage/getdingdan
INFO: [ app_init ] --START--
INFO: Run Behavior\BuildLiteBehavior [ RunTime:0.000011s ]
INFO: [ app_init ] --END-- [ RunTime:0.000864s ]
INFO: [ app_begin ] --START--
INFO: Run Behavior\ReadHtmlCacheBehavior [ RunTime:0.001775s ]
INFO: [ app_begin ] --END-- [ RunTime:0.001831s ]
SQL: SHOW COLUMNS FROM `m_order` [ RunTime:0.0420s ]
SQL: SELECT * FROM `m_order`  [ RunTime:0.0005s ]

[ 2019-04-24T14:29:03+08:00 ] 127.0.0.1 /zxh/zhongjiezhe/TP_hotel/Hotel/index.php/home/homepage/yipj
INFO: [ app_init ] --START--
INFO: Run Behavior\BuildLiteBehavior [ RunTime:0.000012s ]
INFO: [ app_init ] --END-- [ RunTime:0.000889s ]
INFO: [ app_begin ] --START--
INFO: Run Behavior\ReadHtmlCacheBehavior [ RunTime:0.002101s ]
INFO: [ app_begin ] --END-- [ RunTime:0.002182s ]
SQL: SHOW COLUMNS FROM `m_order` [ RunTime:0.0317s ]
SQL: SELECT * FROM `m_order` WHERE ( pj='-1' )  [ RunTime:0.0006s ]

[ 2019-04-24T14:29:04+08:00 ] 127.0.0.1 /zxh/zhongjiezhe/TP_hotel/Hotel/index.php/home/homepage/getdingdan
INFO: [ app_init ] --START--
INFO: Run Behavior\BuildLiteBehavior [ RunTime:0.000012s ]
INFO: [ app_init ] --END-- [ RunTime:0.002493s ]
INFO: [ app_begin ] --START--
INFO: Run Behavior\ReadHtmlCacheBehavior [ RunTime:0.003856s ]
INFO: [ app_begin ] --END-- [ RunTime:0.003936s ]
SQL: SHOW COLUMNS FROM `m_order` [ RunTime:0.0473s ]
SQL: SELECT * FROM `m_order`  [ RunTime:0.0004s ]

[ 2019-04-24T14:29:05+08:00 ] 127.0.0.1 /zxh/zhongjiezhe/TP_hotel/Hotel/index.php/home/homepage/yipj
INFO: [ app_init ] --START--
INFO: Run Behavior\BuildLiteBehavior [ RunTime:0.000012s ]
INFO: [ app_init ] --END-- [ RunTime:0.001127s ]
INFO: [ app_begin ] --START--
INFO: Run Behavior\ReadHtmlCacheBehavior [ RunTime:0.003866s ]
INFO: [ app_begin ] --END-- [ RunTime:0.003978s ]
SQL: SHOW COLUMNS FROM `m_order` [ RunTime:0.0760s ]
SQL: SELECT * FROM `m_order` WHERE ( pj='-1' )  [ RunTime:0.0005s ]

[ 2019-04-24T14:29:16+08:00 ] 127.0.0.1 /zxh/zhongjiezhe/TP_hotel/Hotel/index.php/home/homepage/dopinglun
INFO: [ app_init ] --START--
INFO: Run Behavior\BuildLiteBehavior [ RunTime:0.000020s ]
INFO: [ app_init ] --END-- [ RunTime:0.001590s ]
INFO: [ app_begin ] --START--
INFO: Run Behavior\ReadHtmlCacheBehavior [ RunTime:0.002752s ]
INFO: [ app_begin ] --END-- [ RunTime:0.002881s ]
SQL: SHOW COLUMNS FROM `m_pinglun` [ RunTime:0.0396s ]
SQL: insert into m_pinglun(name,touxiang,manyi,riqi,content,dianzanshu,hotelimg1,hotelimg2,hotelimg3,dianzan) VALUES ('Eager','https://ss0.baidu.com/6ONWsjip0QIZ8tyhnq/it/u=1569462993,172008204&fm=5','满意','2019-04-24','入住感觉如何？快来说说酒店的环境、服务、入住房间等情况吧','999+','','','','1') [ RunTime:0.0870s ]
INFO: [ app_end ] --START--
INFO: Run Behavior\ShowPageTraceBehavior [ RunTime:0.035196s ]
INFO: [ app_end ] --END-- [ RunTime:0.035300s ]

[ 2019-04-24T14:29:16+08:00 ] 127.0.0.1 /zxh/zhongjiezhe/TP_hotel/Hotel/index.php/home/homepage/pinglun
INFO: [ app_init ] --START--
INFO: Run Behavior\BuildLiteBehavior [ RunTime:0.000019s ]
INFO: [ app_init ] --END-- [ RunTime:0.001369s ]
INFO: [ app_begin ] --START--
INFO: Run Behavior\ReadHtmlCacheBehavior [ RunTime:0.003746s ]
INFO: [ app_begin ] --END-- [ RunTime:0.003829s ]
SQL: SHOW COLUMNS FROM `m_pinglun` [ RunTime:0.0361s ]
SQL: SELECT * FROM `m_pinglun`  [ RunTime:0.0005s ]

[ 2019-04-24T14:29:59+08:00 ] 127.0.0.1 /zxh/zhongjiezhe/TP_hotel/Hotel/index.php/home/homepage/pinglun
INFO: [ app_init ] --START--
INFO: Run Behavior\BuildLiteBehavior [ RunTime:0.000013s ]
INFO: [ app_init ] --END-- [ RunTime:0.000898s ]
INFO: [ app_begin ] --START--
INFO: Run Behavior\ReadHtmlCacheBehavior [ RunTime:0.002229s ]
INFO: [ app_begin ] --END-- [ RunTime:0.002302s ]
SQL: SHOW COLUMNS FROM `m_pinglun` [ RunTime:0.0528s ]
SQL: SELECT * FROM `m_pinglun`  [ RunTime:0.0009s ]

[ 2019-04-24T14:30:02+08:00 ] 127.0.0.1 /zxh/zhongjiezhe/TP_hotel/Hotel/index.php/home/homepage/yipj
INFO: [ app_init ] --START--
INFO: Run Behavior\BuildLiteBehavior [ RunTime:0.000016s ]
INFO: [ app_init ] --END-- [ RunTime:0.004196s ]
INFO: [ app_begin ] --START--
INFO: Run Behavior\ReadHtmlCacheBehavior [ RunTime:0.002133s ]
INFO: [ app_begin ] --END-- [ RunTime:0.002200s ]
SQL: SHOW COLUMNS FROM `m_order` [ RunTime:0.0795s ]
SQL: SELECT * FROM `m_order` WHERE ( pj='-1' )  [ RunTime:0.0010s ]

[ 2019-04-24T14:30:02+08:00 ] 127.0.0.1 /zxh/zhongjiezhe/TP_hotel/Hotel/index.php/home/Homepage/lanjie
INFO: [ app_init ] --START--
INFO: Run Behavior\BuildLiteBehavior [ RunTime:0.000010s ]
INFO: [ app_init ] --END-- [ RunTime:0.000653s ]
INFO: [ app_begin ] --START--
INFO: Run Behavior\ReadHtmlCacheBehavior [ RunTime:0.001542s ]
INFO: [ app_begin ] --END-- [ RunTime:0.001584s ]

[ 2019-04-24T14:30:05+08:00 ] 127.0.0.1 /zxh/zhongjiezhe/TP_hotel/Hotel/index.php/home/Homepage/lanjie
INFO: [ app_init ] --START--
INFO: Run Behavior\BuildLiteBehavior [ RunTime:0.000020s ]
INFO: [ app_init ] --END-- [ RunTime:0.001067s ]
INFO: [ app_begin ] --START--
INFO: Run Behavior\ReadHtmlCacheBehavior [ RunTime:0.001558s ]
INFO: [ app_begin ] --END-- [ RunTime:0.001610s ]

[ 2019-04-24T14:31:36+08:00 ] 127.0.0.1 /zxh/zhongjiezhe/TP_hotel/Hotel/index.php/home/homepage/getusermessage
INFO: [ app_init ] --START--
INFO: Run Behavior\BuildLiteBehavior [ RunTime:0.000025s ]
INFO: [ app_init ] --END-- [ RunTime:0.001856s ]
INFO: [ app_begin ] --START--
INFO: Run Behavior\ReadHtmlCacheBehavior [ RunTime:0.003034s ]
INFO: [ app_begin ] --END-- [ RunTime:0.003233s ]
SQL: SHOW COLUMNS FROM `m_user` [ RunTime:0.0435s ]
SQL: SELECT * FROM `m_user` WHERE ( Uname = '1' )  [ RunTime:0.0007s ]

[ 2019-04-24T14:32:20+08:00 ] 127.0.0.1 /zxh/zhongjiezhe/TP_hotel/Hotel/index.php/home/homepage/getusermessage
INFO: [ app_init ] --START--
INFO: Run Behavior\BuildLiteBehavior [ RunTime:0.000044s ]
INFO: [ app_init ] --END-- [ RunTime:0.001556s ]
INFO: [ app_begin ] --START--
INFO: Run Behavior\ReadHtmlCacheBehavior [ RunTime:0.004212s ]
INFO: [ app_begin ] --END-- [ RunTime:0.004283s ]
SQL: SHOW COLUMNS FROM `m_user` [ RunTime:0.0891s ]
SQL: SELECT * FROM `m_user` WHERE ( Uname = '1' )  [ RunTime:0.0004s ]

[ 2019-04-24T14:32:24+08:00 ] 127.0.0.1 /zxh/zhongjiezhe/TP_hotel/Hotel/index.php/home/homepage/getusermessage
INFO: [ app_init ] --START--
INFO: Run Behavior\BuildLiteBehavior [ RunTime:0.000015s ]
INFO: [ app_init ] --END-- [ RunTime:0.002118s ]
INFO: [ app_begin ] --START--
INFO: Run Behavior\ReadHtmlCacheBehavior [ RunTime:0.001813s ]
INFO: [ app_begin ] --END-- [ RunTime:0.001877s ]
SQL: SHOW COLUMNS FROM `m_user` [ RunTime:0.0527s ]
SQL: SELECT * FROM `m_user` WHERE ( Uname = '1' )  [ RunTime:0.0005s ]

[ 2019-04-24T14:32:29+08:00 ] 127.0.0.1 /zxh/zhongjiezhe/TP_hotel/Hotel/index.php/home/homepage/xgtouxiang
INFO: [ app_init ] --START--
INFO: Run Behavior\BuildLiteBehavior [ RunTime:0.000056s ]
INFO: [ app_init ] --END-- [ RunTime:0.002496s ]
INFO: [ app_begin ] --START--
INFO: Run Behavior\ReadHtmlCacheBehavior [ RunTime:0.005096s ]
INFO: [ app_begin ] --END-- [ RunTime:0.005227s ]
SQL: SHOW COLUMNS FROM `m_user` [ RunTime:0.0457s ]
SQL: update m_user set img = '2019-01-02/blob:http://localhost:8080/8c30b5b8-5d67-4146-b559-3cefd0ff0622' WHERE Uid = '1' [ RunTime:0.0781s ]
NOTIC: [2] Invalid argument supplied for foreach() D:\xampp\htdocs\ZXH\zhongjiezhe\TP_hotel\Hotel\Application\Common\Common\function.php 第 14 行.

[ 2019-04-24T14:32:30+08:00 ] 127.0.0.1 /zxh/zhongjiezhe/TP_hotel/Hotel/index.php/home/homepage/getusermessage
INFO: [ app_init ] --START--
INFO: Run Behavior\BuildLiteBehavior [ RunTime:0.000018s ]
INFO: [ app_init ] --END-- [ RunTime:0.001326s ]
INFO: [ app_begin ] --START--
INFO: Run Behavior\ReadHtmlCacheBehavior [ RunTime:0.002977s ]
INFO: [ app_begin ] --END-- [ RunTime:0.003034s ]
SQL: SHOW COLUMNS FROM `m_user` [ RunTime:0.0672s ]
SQL: SELECT * FROM `m_user` WHERE ( Uname = '1' )  [ RunTime:0.0004s ]

[ 2019-04-24T14:32:32+08:00 ] 127.0.0.1 /zxh/zhongjiezhe/TP_hotel/Hotel/index.php/home/homepage/getusermessage
INFO: [ app_init ] --START--
INFO: Run Behavior\BuildLiteBehavior [ RunTime:0.000016s ]
INFO: [ app_init ] --END-- [ RunTime:0.002522s ]
INFO: [ app_begin ] --START--
INFO: Run Behavior\ReadHtmlCacheBehavior [ RunTime:0.004232s ]
INFO: [ app_begin ] --END-- [ RunTime:0.004314s ]
SQL: SHOW COLUMNS FROM `m_user` [ RunTime:0.1295s ]
SQL: SELECT * FROM `m_user` WHERE ( Uname = '1' )  [ RunTime:0.0008s ]

[ 2019-04-24T14:32:34+08:00 ] 127.0.0.1 /zxh/zhongjiezhe/TP_hotel/Hotel/index.php/home/homepage/getusermessage
INFO: [ app_init ] --START--
INFO: Run Behavior\BuildLiteBehavior [ RunTime:0.000015s ]
INFO: [ app_init ] --END-- [ RunTime:0.000979s ]
INFO: [ app_begin ] --START--
INFO: Run Behavior\ReadHtmlCacheBehavior [ RunTime:0.004413s ]
INFO: [ app_begin ] --END-- [ RunTime:0.004480s ]
SQL: SHOW COLUMNS FROM `m_user` [ RunTime:0.0777s ]
SQL: SELECT * FROM `m_user` WHERE ( Uname = '1' )  [ RunTime:0.0017s ]

[ 2019-04-24T14:32:41+08:00 ] 127.0.0.1 /zxh/zhongjiezhe/TP_hotel/Hotel/index.php/home/homepage/xgname
INFO: [ app_init ] --START--
INFO: Run Behavior\BuildLiteBehavior [ RunTime:0.000013s ]
INFO: [ app_init ] --END-- [ RunTime:0.000911s ]
INFO: [ app_begin ] --START--
INFO: Run Behavior\ReadHtmlCacheBehavior [ RunTime:0.003536s ]
INFO: [ app_begin ] --END-- [ RunTime:0.003604s ]
SQL: SHOW COLUMNS FROM `m_user` [ RunTime:0.0490s ]
SQL: update m_user set Unickname = 'hahahahahah' WHERE Uname = '1' [ RunTime:0.0565s ]

[ 2019-04-24T14:32:41+08:00 ] 127.0.0.1 /zxh/zhongjiezhe/TP_hotel/Hotel/index.php/home/homepage/getusermessage
INFO: [ app_init ] --START--
INFO: Run Behavior\BuildLiteBehavior [ RunTime:0.000011s ]
INFO: [ app_init ] --END-- [ RunTime:0.000956s ]
INFO: [ app_begin ] --START--
INFO: Run Behavior\ReadHtmlCacheBehavior [ RunTime:0.001900s ]
INFO: [ app_begin ] --END-- [ RunTime:0.001965s ]
SQL: SHOW COLUMNS FROM `m_user` [ RunTime:0.0595s ]
SQL: SELECT * FROM `m_user` WHERE ( Uname = '1' )  [ RunTime:0.0043s ]

[ 2019-04-24T14:32:42+08:00 ] 127.0.0.1 /zxh/zhongjiezhe/TP_hotel/Hotel/index.php/home/homepage/getusermessage
INFO: [ app_init ] --START--
INFO: Run Behavior\BuildLiteBehavior [ RunTime:0.000015s ]
INFO: [ app_init ] --END-- [ RunTime:0.000891s ]
INFO: [ app_begin ] --START--
INFO: Run Behavior\ReadHtmlCacheBehavior [ RunTime:0.004581s ]
INFO: [ app_begin ] --END-- [ RunTime:0.004668s ]
SQL: SHOW COLUMNS FROM `m_user` [ RunTime:0.0602s ]
SQL: SELECT * FROM `m_user` WHERE ( Uname = '1' )  [ RunTime:0.0027s ]

[ 2019-04-24T14:33:58+08:00 ] 127.0.0.1 /zxh/zhongjiezhe/TP_hotel/Hotel/index.php/home/homepage/xgmima
INFO: [ app_init ] --START--
INFO: Run Behavior\BuildLiteBehavior [ RunTime:0.000071s ]
INFO: [ app_init ] --END-- [ RunTime:0.002759s ]
INFO: [ app_begin ] --START--
INFO: Run Behavior\ReadHtmlCacheBehavior [ RunTime:0.005228s ]
INFO: [ app_begin ] --END-- [ RunTime:0.005317s ]
SQL: SHOW COLUMNS FROM `m_user` [ RunTime:0.0673s ]
SQL: update m_user set Upassword = '122' WHERE Uname = '1' [ RunTime:0.0642s ]
INFO: [ app_end ] --START--
INFO: Run Behavior\ShowPageTraceBehavior [ RunTime:0.002750s ]
INFO: [ app_end ] --END-- [ RunTime:0.002802s ]

[ 2019-04-24T14:34:07+08:00 ] 127.0.0.1 /zxh/zhongjiezhe/TP_hotel/Hotel/index.php/home/homepage/xgmima
INFO: [ app_init ] --START--
INFO: Run Behavior\BuildLiteBehavior [ RunTime:0.000013s ]
INFO: [ app_init ] --END-- [ RunTime:0.000996s ]
INFO: [ app_begin ] --START--
INFO: Run Behavior\ReadHtmlCacheBehavior [ RunTime:0.001664s ]
INFO: [ app_begin ] --END-- [ RunTime:0.001720s ]
SQL: SHOW COLUMNS FROM `m_user` [ RunTime:0.0517s ]
SQL: update m_user set Upassword = '111' WHERE Uname = '1' [ RunTime:0.0841s ]
INFO: [ app_end ] --START--
INFO: Run Behavior\ShowPageTraceBehavior [ RunTime:0.001985s ]
INFO: [ app_end ] --END-- [ RunTime:0.002032s ]

[ 2019-04-24T14:34:21+08:00 ] 127.0.0.1 /zxh/zhongjiezhe/TP_hotel/Hotel/index.php/home/homepage/getusermessage
INFO: [ app_init ] --START--
INFO: Run Behavior\BuildLiteBehavior [ RunTime:0.000021s ]
INFO: [ app_init ] --END-- [ RunTime:0.003796s ]
INFO: [ app_begin ] --START--
INFO: Run Behavior\ReadHtmlCacheBehavior [ RunTime:0.003774s ]
INFO: [ app_begin ] --END-- [ RunTime:0.003882s ]
SQL: SHOW COLUMNS FROM `m_user` [ RunTime:0.0443s ]
SQL: SELECT * FROM `m_user` WHERE ( Uname = '1' )  [ RunTime:0.0004s ]

[ 2019-04-24T14:35:50+08:00 ] 127.0.0.1 /zxh/zhongjiezhe/TP_hotel/Hotel/index.php/home/homepage/getdingdan
INFO: [ app_init ] --START--
INFO: Run Behavior\BuildLiteBehavior [ RunTime:0.000031s ]
INFO: [ app_init ] --END-- [ RunTime:0.001149s ]
INFO: [ app_begin ] --START--
INFO: Run Behavior\ReadHtmlCacheBehavior [ RunTime:0.003666s ]
INFO: [ app_begin ] --END-- [ RunTime:0.003713s ]
SQL: SHOW COLUMNS FROM `m_order` [ RunTime:0.0295s ]
SQL: SELECT * FROM `m_order`  [ RunTime:0.0005s ]

[ 2019-04-24T14:35:53+08:00 ] 127.0.0.1 /zxh/zhongjiezhe/TP_hotel/Hotel/index.php/home/homepage/yipj
INFO: [ app_init ] --START--
INFO: Run Behavior\BuildLiteBehavior [ RunTime:0.000008s ]
INFO: [ app_init ] --END-- [ RunTime:0.000567s ]
INFO: [ app_begin ] --START--
INFO: Run Behavior\ReadHtmlCacheBehavior [ RunTime:0.002441s ]
INFO: [ app_begin ] --END-- [ RunTime:0.002489s ]
SQL: SHOW COLUMNS FROM `m_order` [ RunTime:0.0354s ]
SQL: SELECT * FROM `m_order` WHERE ( pj='-1' )  [ RunTime:0.0004s ]

[ 2019-04-24T14:35:54+08:00 ] 127.0.0.1 /zxh/zhongjiezhe/TP_hotel/Hotel/index.php/home/homepage/getdingdan
INFO: [ app_init ] --START--
INFO: Run Behavior\BuildLiteBehavior [ RunTime:0.000013s ]
INFO: [ app_init ] --END-- [ RunTime:0.000813s ]
INFO: [ app_begin ] --START--
INFO: Run Behavior\ReadHtmlCacheBehavior [ RunTime:0.001455s ]
INFO: [ app_begin ] --END-- [ RunTime:0.001543s ]
SQL: SHOW COLUMNS FROM `m_order` [ RunTime:0.0416s ]
SQL: SELECT * FROM `m_order`  [ RunTime:0.0004s ]

[ 2019-04-24T14:35:57+08:00 ] 127.0.0.1 /zxh/zhongjiezhe/TP_hotel/Hotel/index.php/home/homepage/delete
INFO: [ app_init ] --START--
INFO: Run Behavior\BuildLiteBehavior [ RunTime:0.000014s ]
INFO: [ app_init ] --END-- [ RunTime:0.000954s ]
INFO: [ app_begin ] --START--
INFO: Run Behavior\ReadHtmlCacheBehavior [ RunTime:0.001966s ]
INFO: [ app_begin ] --END-- [ RunTime:0.002034s ]
SQL: SHOW COLUMNS FROM `m_order` [ RunTime:0.0404s ]
SQL: delete from m_order where Orid = '8' [ RunTime:0.1732s ]
SQL: SELECT * FROM `m_order`  [ RunTime:0.0008s ]

[ 2019-04-24T14:35:59+08:00 ] 127.0.0.1 /zxh/zhongjiezhe/TP_hotel/Hotel/index.php/home/homepage/yipj
INFO: [ app_init ] --START--
INFO: Run Behavior\BuildLiteBehavior [ RunTime:0.000025s ]
INFO: [ app_init ] --END-- [ RunTime:0.001954s ]
INFO: [ app_begin ] --START--
INFO: Run Behavior\ReadHtmlCacheBehavior [ RunTime:0.003440s ]
INFO: [ app_begin ] --END-- [ RunTime:0.003498s ]
SQL: SHOW COLUMNS FROM `m_order` [ RunTime:0.0424s ]
SQL: SELECT * FROM `m_order` WHERE ( pj='-1' )  [ RunTime:0.0004s ]

[ 2019-04-24T14:36:00+08:00 ] 127.0.0.1 /zxh/zhongjiezhe/TP_hotel/Hotel/index.php/home/Homepage/lanjie
INFO: [ app_init ] --START--
INFO: Run Behavior\BuildLiteBehavior [ RunTime:0.000015s ]
INFO: [ app_init ] --END-- [ RunTime:0.000853s ]
INFO: [ app_begin ] --START--
INFO: Run Behavior\ReadHtmlCacheBehavior [ RunTime:0.001739s ]
INFO: [ app_begin ] --END-- [ RunTime:0.001795s ]

[ 2019-04-24T14:36:08+08:00 ] 127.0.0.1 /zxh/zhongjiezhe/TP_hotel/Hotel/index.php/home/homepage/getdingdan
INFO: [ app_init ] --START--
INFO: Run Behavior\BuildLiteBehavior [ RunTime:0.000010s ]
INFO: [ app_init ] --END-- [ RunTime:0.002244s ]
INFO: [ app_begin ] --START--
INFO: Run Behavior\ReadHtmlCacheBehavior [ RunTime:0.002597s ]
INFO: [ app_begin ] --END-- [ RunTime:0.002679s ]
SQL: SHOW COLUMNS FROM `m_order` [ RunTime:0.0322s ]
SQL: SELECT * FROM `m_order`  [ RunTime:0.0005s ]

[ 2019-04-24T14:36:09+08:00 ] 127.0.0.1 /zxh/zhongjiezhe/TP_hotel/Hotel/index.php/home/Homepage/lanjie
INFO: [ app_init ] --START--
INFO: Run Behavior\BuildLiteBehavior [ RunTime:0.000009s ]
INFO: [ app_init ] --END-- [ RunTime:0.000723s ]
INFO: [ app_begin ] --START--
INFO: Run Behavior\ReadHtmlCacheBehavior [ RunTime:0.002586s ]
INFO: [ app_begin ] --END-- [ RunTime:0.002650s ]

[ 2019-04-24T14:36:14+08:00 ] 127.0.0.1 /zxh/zhongjiezhe/TP_hotel/Hotel/index.php/home/homepage/getdingdan
INFO: [ app_init ] --START--
INFO: Run Behavior\BuildLiteBehavior [ RunTime:0.000009s ]
INFO: [ app_init ] --END-- [ RunTime:0.001677s ]
INFO: [ app_begin ] --START--
INFO: Run Behavior\ReadHtmlCacheBehavior [ RunTime:0.002188s ]
INFO: [ app_begin ] --END-- [ RunTime:0.002257s ]
SQL: SHOW COLUMNS FROM `m_order` [ RunTime:0.1131s ]
SQL: SELECT * FROM `m_order`  [ RunTime:0.0004s ]

[ 2019-04-24T14:36:16+08:00 ] 127.0.0.1 /zxh/zhongjiezhe/TP_hotel/Hotel/index.php/home/Homepage/lanjie
INFO: [ app_init ] --START--
INFO: Run Behavior\BuildLiteBehavior [ RunTime:0.000007s ]
INFO: [ app_init ] --END-- [ RunTime:0.000587s ]
INFO: [ app_begin ] --START--
INFO: Run Behavior\ReadHtmlCacheBehavior [ RunTime:0.002510s ]
INFO: [ app_begin ] --END-- [ RunTime:0.002666s ]

[ 2019-04-24T14:36:18+08:00 ] 127.0.0.1 /zxh/zhongjiezhe/TP_hotel/Hotel/index.php/home/homepage/getdingdan
INFO: [ app_init ] --START--
INFO: Run Behavior\BuildLiteBehavior [ RunTime:0.000009s ]
INFO: [ app_init ] --END-- [ RunTime:0.000725s ]
INFO: [ app_begin ] --START--
INFO: Run Behavior\ReadHtmlCacheBehavior [ RunTime:0.002714s ]
INFO: [ app_begin ] --END-- [ RunTime:0.002769s ]
SQL: SHOW COLUMNS FROM `m_order` [ RunTime:0.0301s ]
SQL: SELECT * FROM `m_order`  [ RunTime:0.0006s ]

[ 2019-04-24T14:36:30+08:00 ] 127.0.0.1 /zxh/zhongjiezhe/TP_hotel/Hotel/index.php/home/Homepage/lanjie
INFO: [ app_init ] --START--
INFO: Run Behavior\BuildLiteBehavior [ RunTime:0.000010s ]
INFO: [ app_init ] --END-- [ RunTime:0.000932s ]
INFO: [ app_begin ] --START--
INFO: Run Behavior\ReadHtmlCacheBehavior [ RunTime:0.004955s ]
INFO: [ app_begin ] --END-- [ RunTime:0.005049s ]

[ 2019-04-24T14:38:01+08:00 ] 127.0.0.1 /zxh/zhongjiezhe/TP_hotel/Hotel/index.php/home/homepage/pinglun
INFO: [ app_init ] --START--
INFO: Run Behavior\BuildLiteBehavior [ RunTime:0.000011s ]
INFO: [ app_init ] --END-- [ RunTime:0.000758s ]
INFO: [ app_begin ] --START--
INFO: Run Behavior\ReadHtmlCacheBehavior [ RunTime:0.001610s ]
INFO: [ app_begin ] --END-- [ RunTime:0.001657s ]
SQL: SHOW COLUMNS FROM `m_pinglun` [ RunTime:0.0407s ]
SQL: SELECT * FROM `m_pinglun`  [ RunTime:0.0025s ]

[ 2019-04-24T14:38:03+08:00 ] 127.0.0.1 /zxh/zhongjiezhe/TP_hotel/Hotel/index.php/home/homepage/yipj
INFO: [ app_init ] --START--
INFO: Run Behavior\BuildLiteBehavior [ RunTime:0.000141s ]
INFO: [ app_init ] --END-- [ RunTime:0.001486s ]
INFO: [ app_begin ] --START--
INFO: Run Behavior\ReadHtmlCacheBehavior [ RunTime:0.002508s ]
INFO: [ app_begin ] --END-- [ RunTime:0.002588s ]
SQL: SHOW COLUMNS FROM `m_order` [ RunTime:0.0430s ]
SQL: SELECT * FROM `m_order` WHERE ( pj='-1' )  [ RunTime:0.0017s ]

[ 2019-04-24T14:38:06+08:00 ] 127.0.0.1 /zxh/zhongjiezhe/TP_hotel/Hotel/index.php/home/Homepage/lanjie
INFO: [ app_init ] --START--
INFO: Run Behavior\BuildLiteBehavior [ RunTime:0.000020s ]
INFO: [ app_init ] --END-- [ RunTime:0.001947s ]
INFO: [ app_begin ] --START--
INFO: Run Behavior\ReadHtmlCacheBehavior [ RunTime:0.004651s ]
INFO: [ app_begin ] --END-- [ RunTime:0.004729s ]

[ 2019-04-24T14:38:09+08:00 ] 127.0.0.1 /zxh/zhongjiezhe/TP_hotel/Hotel/index.php/home/homepage/pinglun
INFO: [ app_init ] --START--
INFO: Run Behavior\BuildLiteBehavior [ RunTime:0.000021s ]
INFO: [ app_init ] --END-- [ RunTime:0.001864s ]
INFO: [ app_begin ] --START--
INFO: Run Behavior\ReadHtmlCacheBehavior [ RunTime:0.001965s ]
INFO: [ app_begin ] --END-- [ RunTime:0.002055s ]
SQL: SHOW COLUMNS FROM `m_pinglun` [ RunTime:0.0626s ]
SQL: SELECT * FROM `m_pinglun`  [ RunTime:0.0007s ]

[ 2019-04-24T14:38:10+08:00 ] 127.0.0.1 /zxh/zhongjiezhe/TP_hotel/Hotel/index.php/home/homepage/yipj
INFO: [ app_init ] --START--
INFO: Run Behavior\BuildLiteBehavior [ RunTime:0.000028s ]
INFO: [ app_init ] --END-- [ RunTime:0.002545s ]
INFO: [ app_begin ] --START--
INFO: Run Behavior\ReadHtmlCacheBehavior [ RunTime:0.001787s ]
INFO: [ app_begin ] --END-- [ RunTime:0.002093s ]
SQL: SHOW COLUMNS FROM `m_order` [ RunTime:0.0705s ]
SQL: SELECT * FROM `m_order` WHERE ( pj='-1' )  [ RunTime:0.0005s ]

[ 2019-04-24T14:38:10+08:00 ] 127.0.0.1 /zxh/zhongjiezhe/TP_hotel/Hotel/index.php/home/Homepage/lanjie
INFO: [ app_init ] --START--
INFO: Run Behavior\BuildLiteBehavior [ RunTime:0.000011s ]
INFO: [ app_init ] --END-- [ RunTime:0.000845s ]
INFO: [ app_begin ] --START--
INFO: Run Behavior\ReadHtmlCacheBehavior [ RunTime:0.001921s ]
INFO: [ app_begin ] --END-- [ RunTime:0.001979s ]

[ 2019-04-24T14:38:32+08:00 ] 127.0.0.1 /zxh/zhongjiezhe/TP_hotel/Hotel/index.php/home/Homepage/lanjie
INFO: [ app_init ] --START--
INFO: Run Behavior\BuildLiteBehavior [ RunTime:0.000008s ]
INFO: [ app_init ] --END-- [ RunTime:0.000858s ]
INFO: [ app_begin ] --START--
INFO: Run Behavior\ReadHtmlCacheBehavior [ RunTime:0.001889s ]
INFO: [ app_begin ] --END-- [ RunTime:0.001921s ]

[ 2019-04-24T14:38:34+08:00 ] 127.0.0.1 /zxh/zhongjiezhe/TP_hotel/Hotel/index.php/home/Homepage/lanjie
INFO: [ app_init ] --START--
INFO: Run Behavior\BuildLiteBehavior [ RunTime:0.000023s ]
INFO: [ app_init ] --END-- [ RunTime:0.001559s ]
INFO: [ app_begin ] --START--
INFO: Run Behavior\ReadHtmlCacheBehavior [ RunTime:0.001474s ]
INFO: [ app_begin ] --END-- [ RunTime:0.001509s ]

[ 2019-04-24T14:39:21+08:00 ] 127.0.0.1 /zxh/zhongjiezhe/TP_hotel/Hotel/index.php/home/Homepage/lanjie
INFO: [ app_init ] --START--
INFO: Run Behavior\BuildLiteBehavior [ RunTime:0.000011s ]
INFO: [ app_init ] --END-- [ RunTime:0.001104s ]
INFO: [ app_begin ] --START--
INFO: Run Behavior\ReadHtmlCacheBehavior [ RunTime:0.004391s ]
INFO: [ app_begin ] --END-- [ RunTime:0.004480s ]

[ 2019-04-24T14:42:21+08:00 ] 127.0.0.1 /zxh/zhongjiezhe/TP_hotel/Hotel/index.php/home/homepage/getdingdan
INFO: [ app_init ] --START--
INFO: Run Behavior\BuildLiteBehavior [ RunTime:0.000018s ]
INFO: [ app_init ] --END-- [ RunTime:0.001188s ]
INFO: [ app_begin ] --START--
INFO: Run Behavior\ReadHtmlCacheBehavior [ RunTime:0.002502s ]
INFO: [ app_begin ] --END-- [ RunTime:0.002566s ]
SQL: SHOW COLUMNS FROM `m_order` [ RunTime:0.0455s ]
SQL: SELECT * FROM `m_order`  [ RunTime:0.0006s ]

[ 2019-04-24T14:42:22+08:00 ] 127.0.0.1 /zxh/zhongjiezhe/TP_hotel/Hotel/index.php/home/Homepage/lanjie
INFO: [ app_init ] --START--
INFO: Run Behavior\BuildLiteBehavior [ RunTime:0.000021s ]
INFO: [ app_init ] --END-- [ RunTime:0.001989s ]
INFO: [ app_begin ] --START--
INFO: Run Behavior\ReadHtmlCacheBehavior [ RunTime:0.001922s ]
INFO: [ app_begin ] --END-- [ RunTime:0.001980s ]

[ 2019-04-24T14:42:26+08:00 ] 127.0.0.1 /zxh/zhongjiezhe/TP_hotel/Hotel/index.php/home/homepage/yipj
INFO: [ app_init ] --START--
INFO: Run Behavior\BuildLiteBehavior [ RunTime:0.000012s ]
INFO: [ app_init ] --END-- [ RunTime:0.001180s ]
INFO: [ app_begin ] --START--
INFO: Run Behavior\ReadHtmlCacheBehavior [ RunTime:0.003658s ]
INFO: [ app_begin ] --END-- [ RunTime:0.003724s ]
SQL: SHOW COLUMNS FROM `m_order` [ RunTime:0.0299s ]
SQL: SELECT * FROM `m_order` WHERE ( pj='-1' )  [ RunTime:0.0004s ]

[ 2019-04-24T14:42:28+08:00 ] 127.0.0.1 /zxh/zhongjiezhe/TP_hotel/Hotel/index.php/home/Homepage/lanjie
INFO: [ app_init ] --START--
INFO: Run Behavior\BuildLiteBehavior [ RunTime:0.000021s ]
INFO: [ app_init ] --END-- [ RunTime:0.001319s ]
INFO: [ app_begin ] --START--
INFO: Run Behavior\ReadHtmlCacheBehavior [ RunTime:0.002406s ]
INFO: [ app_begin ] --END-- [ RunTime:0.002488s ]

[ 2019-04-24T14:42:34+08:00 ] 127.0.0.1 /zxh/zhongjiezhe/TP_hotel/Hotel/index.php/home/homepage/getdingdan
INFO: [ app_init ] --START--
INFO: Run Behavior\BuildLiteBehavior [ RunTime:0.000065s ]
INFO: [ app_init ] --END-- [ RunTime:0.001718s ]
INFO: [ app_begin ] --START--
INFO: Run Behavior\ReadHtmlCacheBehavior [ RunTime:0.001808s ]
INFO: [ app_begin ] --END-- [ RunTime:0.001865s ]
SQL: SHOW COLUMNS FROM `m_order` [ RunTime:0.0589s ]
SQL: SELECT * FROM `m_order`  [ RunTime:0.0004s ]

[ 2019-04-24T14:44:26+08:00 ] 127.0.0.1 /zxh/zhongjiezhe/TP_hotel/Hotel/index.php/home/homepage/getdingdan
INFO: [ app_init ] --START--
INFO: Run Behavior\BuildLiteBehavior [ RunTime:0.000056s ]
INFO: [ app_init ] --END-- [ RunTime:0.001254s ]
INFO: [ app_begin ] --START--
INFO: Run Behavior\ReadHtmlCacheBehavior [ RunTime:0.005630s ]
INFO: [ app_begin ] --END-- [ RunTime:0.005723s ]
SQL: SHOW COLUMNS FROM `m_order` [ RunTime:0.0621s ]
SQL: SELECT * FROM `m_order`  [ RunTime:0.0005s ]

[ 2019-04-24T14:44:28+08:00 ] 127.0.0.1 /zxh/zhongjiezhe/TP_hotel/Hotel/index.php/home/Homepage/lanjie
INFO: [ app_init ] --START--
INFO: Run Behavior\BuildLiteBehavior [ RunTime:0.000021s ]
INFO: [ app_init ] --END-- [ RunTime:0.002170s ]
INFO: [ app_begin ] --START--
INFO: Run Behavior\ReadHtmlCacheBehavior [ RunTime:0.001534s ]
INFO: [ app_begin ] --END-- [ RunTime:0.001580s ]

[ 2019-04-24T14:44:30+08:00 ] 127.0.0.1 /zxh/zhongjiezhe/TP_hotel/Hotel/index.php/home/homepage/getdingdan
INFO: [ app_init ] --START--
INFO: Run Behavior\BuildLiteBehavior [ RunTime:0.000191s ]
INFO: [ app_init ] --END-- [ RunTime:0.001979s ]
INFO: [ app_begin ] --START--
INFO: Run Behavior\ReadHtmlCacheBehavior [ RunTime:0.002311s ]
INFO: [ app_begin ] --END-- [ RunTime:0.002359s ]
SQL: SHOW COLUMNS FROM `m_order` [ RunTime:0.0387s ]
SQL: SELECT * FROM `m_order`  [ RunTime:0.0007s ]

[ 2019-04-24T14:44:31+08:00 ] 127.0.0.1 /zxh/zhongjiezhe/TP_hotel/Hotel/index.php/home/Homepage/lanjie
INFO: [ app_init ] --START--
INFO: Run Behavior\BuildLiteBehavior [ RunTime:0.000025s ]
INFO: [ app_init ] --END-- [ RunTime:0.001270s ]
INFO: [ app_begin ] --START--
INFO: Run Behavior\ReadHtmlCacheBehavior [ RunTime:0.001421s ]
INFO: [ app_begin ] --END-- [ RunTime:0.001463s ]

[ 2019-04-24T14:44:33+08:00 ] 127.0.0.1 /zxh/zhongjiezhe/TP_hotel/Hotel/index.php/home/Homepage/lanjie
INFO: [ app_init ] --START--
INFO: Run Behavior\BuildLiteBehavior [ RunTime:0.000057s ]
INFO: [ app_init ] --END-- [ RunTime:0.002116s ]
INFO: [ app_begin ] --START--
INFO: Run Behavior\ReadHtmlCacheBehavior [ RunTime:0.003116s ]
INFO: [ app_begin ] --END-- [ RunTime:0.003178s ]

[ 2019-04-24T14:44:36+08:00 ] 127.0.0.1 /zxh/zhongjiezhe/TP_hotel/Hotel/index.php/home/Homepage/lanjie
INFO: [ app_init ] --START--
INFO: Run Behavior\BuildLiteBehavior [ RunTime:0.000009s ]
INFO: [ app_init ] --END-- [ RunTime:0.000681s ]
INFO: [ app_begin ] --START--
INFO: Run Behavior\ReadHtmlCacheBehavior [ RunTime:0.002487s ]
INFO: [ app_begin ] --END-- [ RunTime:0.002534s ]

[ 2019-04-24T14:44:38+08:00 ] 127.0.0.1 /zxh/zhongjiezhe/TP_hotel/Hotel/index.php/home/homepage/getdingdan
INFO: [ app_init ] --START--
INFO: Run Behavior\BuildLiteBehavior [ RunTime:0.000008s ]
INFO: [ app_init ] --END-- [ RunTime:0.000649s ]
INFO: [ app_begin ] --START--
INFO: Run Behavior\ReadHtmlCacheBehavior [ RunTime:0.001441s ]
INFO: [ app_begin ] --END-- [ RunTime:0.001484s ]
SQL: SHOW COLUMNS FROM `m_order` [ RunTime:0.0282s ]
SQL: SELECT * FROM `m_order`  [ RunTime:0.0004s ]

[ 2019-04-24T14:44:40+08:00 ] 127.0.0.1 /zxh/zhongjiezhe/TP_hotel/Hotel/index.php/home/Homepage/lanjie
INFO: [ app_init ] --START--
INFO: Run Behavior\BuildLiteBehavior [ RunTime:0.000007s ]
INFO: [ app_init ] --END-- [ RunTime:0.000546s ]
INFO: [ app_begin ] --START--
INFO: Run Behavior\ReadHtmlCacheBehavior [ RunTime:0.001492s ]
INFO: [ app_begin ] --END-- [ RunTime:0.001574s ]

[ 2019-04-24T14:44:42+08:00 ] 127.0.0.1 /zxh/zhongjiezhe/TP_hotel/Hotel/index.php/home/homepage/getdingdan
INFO: [ app_init ] --START--
INFO: Run Behavior\BuildLiteBehavior [ RunTime:0.000009s ]
INFO: [ app_init ] --END-- [ RunTime:0.000670s ]
INFO: [ app_begin ] --START--
INFO: Run Behavior\ReadHtmlCacheBehavior [ RunTime:0.002718s ]
INFO: [ app_begin ] --END-- [ RunTime:0.002797s ]
SQL: SHOW COLUMNS FROM `m_order` [ RunTime:0.0345s ]
SQL: SELECT * FROM `m_order`  [ RunTime:0.0005s ]

[ 2019-04-24T14:45:42+08:00 ] 127.0.0.1 /zxh/zhongjiezhe/TP_hotel/Hotel/index.php/home/homepage/yipj
INFO: [ app_init ] --START--
INFO: Run Behavior\BuildLiteBehavior [ RunTime:0.000015s ]
INFO: [ app_init ] --END-- [ RunTime:0.002522s ]
INFO: [ app_begin ] --START--
INFO: Run Behavior\ReadHtmlCacheBehavior [ RunTime:0.003878s ]
INFO: [ app_begin ] --END-- [ RunTime:0.003987s ]
SQL: SHOW COLUMNS FROM `m_order` [ RunTime:0.0461s ]
SQL: SELECT * FROM `m_order` WHERE ( pj='-1' )  [ RunTime:0.0017s ]

[ 2019-04-24T14:45:43+08:00 ] 127.0.0.1 /zxh/zhongjiezhe/TP_hotel/Hotel/index.php/home/homepage/getdingdan
INFO: [ app_init ] --START--
INFO: Run Behavior\BuildLiteBehavior [ RunTime:0.000014s ]
INFO: [ app_init ] --END-- [ RunTime:0.000789s ]
INFO: [ app_begin ] --START--
INFO: Run Behavior\ReadHtmlCacheBehavior [ RunTime:0.003179s ]
INFO: [ app_begin ] --END-- [ RunTime:0.003243s ]
SQL: SHOW COLUMNS FROM `m_order` [ RunTime:0.0407s ]
SQL: SELECT * FROM `m_order`  [ RunTime:0.0007s ]

[ 2019-04-24T14:45:44+08:00 ] 127.0.0.1 /zxh/zhongjiezhe/TP_hotel/Hotel/index.php/home/homepage/yipj
INFO: [ app_init ] --START--
INFO: Run Behavior\BuildLiteBehavior [ RunTime:0.000013s ]
INFO: [ app_init ] --END-- [ RunTime:0.000932s ]
INFO: [ app_begin ] --START--
INFO: Run Behavior\ReadHtmlCacheBehavior [ RunTime:0.001796s ]
INFO: [ app_begin ] --END-- [ RunTime:0.001888s ]
SQL: SHOW COLUMNS FROM `m_order` [ RunTime:0.0292s ]
SQL: SELECT * FROM `m_order` WHERE ( pj='-1' )  [ RunTime:0.0007s ]

[ 2019-04-24T14:45:46+08:00 ] 127.0.0.1 /zxh/zhongjiezhe/TP_hotel/Hotel/index.php/home/Homepage/lanjie
INFO: [ app_init ] --START--
INFO: Run Behavior\BuildLiteBehavior [ RunTime:0.000063s ]
INFO: [ app_init ] --END-- [ RunTime:0.001970s ]
INFO: [ app_begin ] --START--
INFO: Run Behavior\ReadHtmlCacheBehavior [ RunTime:0.001994s ]
INFO: [ app_begin ] --END-- [ RunTime:0.002098s ]

[ 2019-04-24T14:45:48+08:00 ] 127.0.0.1 /zxh/zhongjiezhe/TP_hotel/Hotel/index.php/home/homepage/getdingdan
INFO: [ app_init ] --START--
INFO: Run Behavior\BuildLiteBehavior [ RunTime:0.000016s ]
INFO: [ app_init ] --END-- [ RunTime:0.001099s ]
INFO: [ app_begin ] --START--
INFO: Run Behavior\ReadHtmlCacheBehavior [ RunTime:0.003099s ]
INFO: [ app_begin ] --END-- [ RunTime:0.003180s ]
SQL: SHOW COLUMNS FROM `m_order` [ RunTime:0.2420s ]
SQL: SELECT * FROM `m_order`  [ RunTime:0.0007s ]

[ 2019-04-24T14:45:49+08:00 ] 127.0.0.1 /zxh/zhongjiezhe/TP_hotel/Hotel/index.php/home/homepage/yipj
INFO: [ app_init ] --START--
INFO: Run Behavior\BuildLiteBehavior [ RunTime:0.000082s ]
INFO: [ app_init ] --END-- [ RunTime:0.003716s ]
INFO: [ app_begin ] --START--
INFO: Run Behavior\ReadHtmlCacheBehavior [ RunTime:0.003727s ]
INFO: [ app_begin ] --END-- [ RunTime:0.003798s ]
SQL: SHOW COLUMNS FROM `m_order` [ RunTime:0.0471s ]
SQL: SELECT * FROM `m_order` WHERE ( pj='-1' )  [ RunTime:0.0010s ]

[ 2019-04-24T14:45:53+08:00 ] 127.0.0.1 /zxh/zhongjiezhe/TP_hotel/Hotel/index.php/home/homepage/getdingdan
INFO: [ app_init ] --START--
INFO: Run Behavior\BuildLiteBehavior [ RunTime:0.000010s ]
INFO: [ app_init ] --END-- [ RunTime:0.000926s ]
INFO: [ app_begin ] --START--
INFO: Run Behavior\ReadHtmlCacheBehavior [ RunTime:0.002328s ]
INFO: [ app_begin ] --END-- [ RunTime:0.002377s ]
SQL: SHOW COLUMNS FROM `m_order` [ RunTime:0.0352s ]
SQL: SELECT * FROM `m_order`  [ RunTime:0.0015s ]

[ 2019-04-24T14:45:53+08:00 ] 127.0.0.1 /zxh/zhongjiezhe/TP_hotel/Hotel/index.php/home/homepage/yipj
INFO: [ app_init ] --START--
INFO: Run Behavior\BuildLiteBehavior [ RunTime:0.000012s ]
INFO: [ app_init ] --END-- [ RunTime:0.000966s ]
INFO: [ app_begin ] --START--
INFO: Run Behavior\ReadHtmlCacheBehavior [ RunTime:0.002754s ]
INFO: [ app_begin ] --END-- [ RunTime:0.002861s ]
SQL: SHOW COLUMNS FROM `m_order` [ RunTime:0.0239s ]
SQL: SELECT * FROM `m_order` WHERE ( pj='-1' )  [ RunTime:0.0013s ]

[ 2019-04-24T14:45:54+08:00 ] 127.0.0.1 /zxh/zhongjiezhe/TP_hotel/Hotel/index.php/home/homepage/getdingdan
INFO: [ app_init ] --START--
INFO: Run Behavior\BuildLiteBehavior [ RunTime:0.000008s ]
INFO: [ app_init ] --END-- [ RunTime:0.000650s ]
INFO: [ app_begin ] --START--
INFO: Run Behavior\ReadHtmlCacheBehavior [ RunTime:0.001447s ]
INFO: [ app_begin ] --END-- [ RunTime:0.001483s ]
SQL: SHOW COLUMNS FROM `m_order` [ RunTime:0.0306s ]
SQL: SELECT * FROM `m_order`  [ RunTime:0.0003s ]

[ 2019-04-24T14:45:56+08:00 ] 127.0.0.1 /zxh/zhongjiezhe/TP_hotel/Hotel/index.php/home/homepage/yipj
INFO: [ app_init ] --START--
INFO: Run Behavior\BuildLiteBehavior [ RunTime:0.000008s ]
INFO: [ app_init ] --END-- [ RunTime:0.000608s ]
INFO: [ app_begin ] --START--
INFO: Run Behavior\ReadHtmlCacheBehavior [ RunTime:0.001255s ]
INFO: [ app_begin ] --END-- [ RunTime:0.001297s ]
SQL: SHOW COLUMNS FROM `m_order` [ RunTime:0.0301s ]
SQL: SELECT * FROM `m_order` WHERE ( pj='-1' )  [ RunTime:0.0004s ]

[ 2019-04-24T14:45:57+08:00 ] 127.0.0.1 /zxh/zhongjiezhe/TP_hotel/Hotel/index.php/home/homepage/getdingdan
INFO: [ app_init ] --START--
INFO: Run Behavior\BuildLiteBehavior [ RunTime:0.000007s ]
INFO: [ app_init ] --END-- [ RunTime:0.000655s ]
INFO: [ app_begin ] --START--
INFO: Run Behavior\ReadHtmlCacheBehavior [ RunTime:0.002352s ]
INFO: [ app_begin ] --END-- [ RunTime:0.002407s ]
SQL: SHOW COLUMNS FROM `m_order` [ RunTime:0.0328s ]
SQL: SELECT * FROM `m_order`  [ RunTime:0.0003s ]

[ 2019-04-24T14:45:58+08:00 ] 127.0.0.1 /zxh/zhongjiezhe/TP_hotel/Hotel/index.php/home/homepage/yipj
INFO: [ app_init ] --START--
INFO: Run Behavior\BuildLiteBehavior [ RunTime:0.000009s ]
INFO: [ app_init ] --END-- [ RunTime:0.000618s ]
INFO: [ app_begin ] --START--
INFO: Run Behavior\ReadHtmlCacheBehavior [ RunTime:0.001851s ]
INFO: [ app_begin ] --END-- [ RunTime:0.001893s ]
SQL: SHOW COLUMNS FROM `m_order` [ RunTime:0.0308s ]
SQL: SELECT * FROM `m_order` WHERE ( pj='-1' )  [ RunTime:0.0007s ]

[ 2019-04-24T14:45:59+08:00 ] 127.0.0.1 /zxh/zhongjiezhe/TP_hotel/Hotel/index.php/home/homepage/getdingdan
INFO: [ app_init ] --START--
INFO: Run Behavior\BuildLiteBehavior [ RunTime:0.000018s ]
INFO: [ app_init ] --END-- [ RunTime:0.001730s ]
INFO: [ app_begin ] --START--
INFO: Run Behavior\ReadHtmlCacheBehavior [ RunTime:0.001461s ]
INFO: [ app_begin ] --END-- [ RunTime:0.001515s ]
SQL: SHOW COLUMNS FROM `m_order` [ RunTime:0.0317s ]
SQL: SELECT * FROM `m_order`  [ RunTime:0.0004s ]

[ 2019-04-24T14:46:01+08:00 ] 127.0.0.1 /zxh/zhongjiezhe/TP_hotel/Hotel/index.php/home/homepage/yipj
INFO: [ app_init ] --START--
INFO: Run Behavior\BuildLiteBehavior [ RunTime:0.000007s ]
INFO: [ app_init ] --END-- [ RunTime:0.000609s ]
INFO: [ app_begin ] --START--
INFO: Run Behavior\ReadHtmlCacheBehavior [ RunTime:0.002911s ]
INFO: [ app_begin ] --END-- [ RunTime:0.002964s ]
SQL: SHOW COLUMNS FROM `m_order` [ RunTime:0.0292s ]
SQL: SELECT * FROM `m_order` WHERE ( pj='-1' )  [ RunTime:0.0014s ]

[ 2019-04-24T14:46:02+08:00 ] 127.0.0.1 /zxh/zhongjiezhe/TP_hotel/Hotel/index.php/home/homepage/pinglun
INFO: [ app_init ] --START--
INFO: Run Behavior\BuildLiteBehavior [ RunTime:0.000011s ]
INFO: [ app_init ] --END-- [ RunTime:0.000831s ]
INFO: [ app_begin ] --START--
INFO: Run Behavior\ReadHtmlCacheBehavior [ RunTime:0.001274s ]
INFO: [ app_begin ] --END-- [ RunTime:0.001310s ]
SQL: SHOW COLUMNS FROM `m_pinglun` [ RunTime:0.0255s ]
SQL: SELECT * FROM `m_pinglun`  [ RunTime:0.0015s ]

[ 2019-04-24T14:46:04+08:00 ] 127.0.0.1 /zxh/zhongjiezhe/TP_hotel/Hotel/index.php/home/homepage/yipj
INFO: [ app_init ] --START--
INFO: Run Behavior\BuildLiteBehavior [ RunTime:0.000011s ]
INFO: [ app_init ] --END-- [ RunTime:0.000987s ]
INFO: [ app_begin ] --START--
INFO: Run Behavior\ReadHtmlCacheBehavior [ RunTime:0.001527s ]
INFO: [ app_begin ] --END-- [ RunTime:0.001570s ]
SQL: SHOW COLUMNS FROM `m_order` [ RunTime:0.0379s ]
SQL: SELECT * FROM `m_order` WHERE ( pj='-1' )  [ RunTime:0.0009s ]

[ 2019-04-24T14:46:06+08:00 ] 127.0.0.1 /zxh/zhongjiezhe/TP_hotel/Hotel/index.php/home/homepage/pinglun
INFO: [ app_init ] --START--
INFO: Run Behavior\BuildLiteBehavior [ RunTime:0.000016s ]
INFO: [ app_init ] --END-- [ RunTime:0.001874s ]
INFO: [ app_begin ] --START--
INFO: Run Behavior\ReadHtmlCacheBehavior [ RunTime:0.001417s ]
INFO: [ app_begin ] --END-- [ RunTime:0.001454s ]
SQL: SHOW COLUMNS FROM `m_pinglun` [ RunTime:0.0311s ]
SQL: SELECT * FROM `m_pinglun`  [ RunTime:0.0007s ]

[ 2019-04-24T14:46:09+08:00 ] 127.0.0.1 /zxh/zhongjiezhe/TP_hotel/Hotel/index.php/home/homepage/pinglun
INFO: [ app_init ] --START--
INFO: Run Behavior\BuildLiteBehavior [ RunTime:0.000007s ]
INFO: [ app_init ] --END-- [ RunTime:0.000571s ]
INFO: [ app_begin ] --START--
INFO: Run Behavior\ReadHtmlCacheBehavior [ RunTime:0.001488s ]
INFO: [ app_begin ] --END-- [ RunTime:0.001526s ]
SQL: SHOW COLUMNS FROM `m_pinglun` [ RunTime:0.0289s ]
SQL: SELECT * FROM `m_pinglun`  [ RunTime:0.0004s ]

[ 2019-04-24T14:46:12+08:00 ] 127.0.0.1 /zxh/zhongjiezhe/TP_hotel/Hotel/index.php/home/homepage/yipj
INFO: [ app_init ] --START--
INFO: Run Behavior\BuildLiteBehavior [ RunTime:0.000012s ]
INFO: [ app_init ] --END-- [ RunTime:0.000901s ]
INFO: [ app_begin ] --START--
INFO: Run Behavior\ReadHtmlCacheBehavior [ RunTime:0.001750s ]
INFO: [ app_begin ] --END-- [ RunTime:0.001895s ]
SQL: SHOW COLUMNS FROM `m_order` [ RunTime:0.0376s ]
SQL: SELECT * FROM `m_order` WHERE ( pj='-1' )  [ RunTime:0.0011s ]

[ 2019-04-24T14:46:13+08:00 ] 127.0.0.1 /zxh/zhongjiezhe/TP_hotel/Hotel/index.php/home/Homepage/lanjie
INFO: [ app_init ] --START--
INFO: Run Behavior\BuildLiteBehavior [ RunTime:0.000035s ]
INFO: [ app_init ] --END-- [ RunTime:0.000770s ]
INFO: [ app_begin ] --START--
INFO: Run Behavior\ReadHtmlCacheBehavior [ RunTime:0.002014s ]
INFO: [ app_begin ] --END-- [ RunTime:0.002122s ]

[ 2019-04-24T14:46:16+08:00 ] 127.0.0.1 /zxh/zhongjiezhe/TP_hotel/Hotel/index.php/home/homepage/getdingdan
INFO: [ app_init ] --START--
INFO: Run Behavior\BuildLiteBehavior [ RunTime:0.000007s ]
INFO: [ app_init ] --END-- [ RunTime:0.000599s ]
INFO: [ app_begin ] --START--
INFO: Run Behavior\ReadHtmlCacheBehavior [ RunTime:0.001842s ]
INFO: [ app_begin ] --END-- [ RunTime:0.001926s ]
SQL: SHOW COLUMNS FROM `m_order` [ RunTime:0.0460s ]
SQL: SELECT * FROM `m_order`  [ RunTime:0.0003s ]

[ 2019-04-24T14:46:19+08:00 ] 127.0.0.1 /zxh/zhongjiezhe/TP_hotel/Hotel/index.php/home/homepage/yipj
INFO: [ app_init ] --START--
INFO: Run Behavior\BuildLiteBehavior [ RunTime:0.000006s ]
INFO: [ app_init ] --END-- [ RunTime:0.000599s ]
INFO: [ app_begin ] --START--
INFO: Run Behavior\ReadHtmlCacheBehavior [ RunTime:0.002423s ]
INFO: [ app_begin ] --END-- [ RunTime:0.002469s ]
SQL: SHOW COLUMNS FROM `m_order` [ RunTime:0.0323s ]
SQL: SELECT * FROM `m_order` WHERE ( pj='-1' )  [ RunTime:0.0009s ]

[ 2019-04-24T14:46:24+08:00 ] 127.0.0.1 /zxh/zhongjiezhe/TP_hotel/Hotel/index.php/home/homepage/yipj
INFO: [ app_init ] --START--
INFO: Run Behavior\BuildLiteBehavior [ RunTime:0.000008s ]
INFO: [ app_init ] --END-- [ RunTime:0.000627s ]
INFO: [ app_begin ] --START--
INFO: Run Behavior\ReadHtmlCacheBehavior [ RunTime:0.001424s ]
INFO: [ app_begin ] --END-- [ RunTime:0.001492s ]
SQL: SHOW COLUMNS FROM `m_order` [ RunTime:0.0357s ]
SQL: SELECT * FROM `m_order` WHERE ( pj='-1' )  [ RunTime:0.0004s ]

[ 2019-04-24T14:46:28+08:00 ] 127.0.0.1 /zxh/zhongjiezhe/TP_hotel/Hotel/index.php/home/homepage/getdingdan
INFO: [ app_init ] --START--
INFO: Run Behavior\BuildLiteBehavior [ RunTime:0.000029s ]
INFO: [ app_init ] --END-- [ RunTime:0.001045s ]
INFO: [ app_begin ] --START--
INFO: Run Behavior\ReadHtmlCacheBehavior [ RunTime:0.001439s ]
INFO: [ app_begin ] --END-- [ RunTime:0.001482s ]
SQL: SHOW COLUMNS FROM `m_order` [ RunTime:0.0311s ]
SQL: SELECT * FROM `m_order`  [ RunTime:0.0003s ]

[ 2019-04-24T14:46:29+08:00 ] 127.0.0.1 /zxh/zhongjiezhe/TP_hotel/Hotel/index.php/home/Homepage/lanjie
INFO: [ app_init ] --START--
INFO: Run Behavior\BuildLiteBehavior [ RunTime:0.000008s ]
INFO: [ app_init ] --END-- [ RunTime:0.000598s ]
INFO: [ app_begin ] --START--
INFO: Run Behavior\ReadHtmlCacheBehavior [ RunTime:0.001204s ]
INFO: [ app_begin ] --END-- [ RunTime:0.001238s ]

[ 2019-04-24T14:46:31+08:00 ] 127.0.0.1 /zxh/zhongjiezhe/TP_hotel/Hotel/index.php/home/homepage/getdingdan
INFO: [ app_init ] --START--
INFO: Run Behavior\BuildLiteBehavior [ RunTime:0.000024s ]
INFO: [ app_init ] --END-- [ RunTime:0.002486s ]
INFO: [ app_begin ] --START--
INFO: Run Behavior\ReadHtmlCacheBehavior [ RunTime:0.003018s ]
INFO: [ app_begin ] --END-- [ RunTime:0.003062s ]
SQL: SHOW COLUMNS FROM `m_order` [ RunTime:0.0429s ]
SQL: SELECT * FROM `m_order`  [ RunTime:0.0017s ]

[ 2019-04-24T14:46:32+08:00 ] 127.0.0.1 /zxh/zhongjiezhe/TP_hotel/Hotel/index.php/home/homepage/yipj
INFO: [ app_init ] --START--
INFO: Run Behavior\BuildLiteBehavior [ RunTime:0.000013s ]
INFO: [ app_init ] --END-- [ RunTime:0.000771s ]
INFO: [ app_begin ] --START--
INFO: Run Behavior\ReadHtmlCacheBehavior [ RunTime:0.002182s ]
INFO: [ app_begin ] --END-- [ RunTime:0.002246s ]
SQL: SHOW COLUMNS FROM `m_order` [ RunTime:0.0353s ]
SQL: SELECT * FROM `m_order` WHERE ( pj='-1' )  [ RunTime:0.0004s ]

[ 2019-04-24T14:46:36+08:00 ] 127.0.0.1 /zxh/zhongjiezhe/TP_hotel/Hotel/index.php/home/homepage/getdingdan
INFO: [ app_init ] --START--
INFO: Run Behavior\BuildLiteBehavior [ RunTime:0.000010s ]
INFO: [ app_init ] --END-- [ RunTime:0.000653s ]
INFO: [ app_begin ] --START--
INFO: Run Behavior\ReadHtmlCacheBehavior [ RunTime:0.001719s ]
INFO: [ app_begin ] --END-- [ RunTime:0.001795s ]
SQL: SHOW COLUMNS FROM `m_order` [ RunTime:0.0366s ]
SQL: SELECT * FROM `m_order`  [ RunTime:0.0003s ]

[ 2019-04-24T14:46:39+08:00 ] 127.0.0.1 /zxh/zhongjiezhe/TP_hotel/Hotel/index.php/home/homepage/pinglun
INFO: [ app_init ] --START--
INFO: Run Behavior\BuildLiteBehavior [ RunTime:0.000007s ]
INFO: [ app_init ] --END-- [ RunTime:0.000643s ]
INFO: [ app_begin ] --START--
INFO: Run Behavior\ReadHtmlCacheBehavior [ RunTime:0.002074s ]
INFO: [ app_begin ] --END-- [ RunTime:0.002128s ]
SQL: SHOW COLUMNS FROM `m_pinglun` [ RunTime:0.0371s ]
SQL: SELECT * FROM `m_pinglun`  [ RunTime:0.0015s ]

[ 2019-04-24T14:46:41+08:00 ] 127.0.0.1 /zxh/zhongjiezhe/TP_hotel/Hotel/index.php/home/homepage/yipj
INFO: [ app_init ] --START--
INFO: Run Behavior\BuildLiteBehavior [ RunTime:0.000023s ]
INFO: [ app_init ] --END-- [ RunTime:0.002072s ]
INFO: [ app_begin ] --START--
INFO: Run Behavior\ReadHtmlCacheBehavior [ RunTime:0.001182s ]
INFO: [ app_begin ] --END-- [ RunTime:0.001214s ]
SQL: SHOW COLUMNS FROM `m_order` [ RunTime:0.0310s ]
SQL: SELECT * FROM `m_order` WHERE ( pj='-1' )  [ RunTime:0.0004s ]

[ 2019-04-24T14:46:47+08:00 ] 127.0.0.1 /zxh/zhongjiezhe/TP_hotel/Hotel/index.php/home/homepage/getusermessage
INFO: [ app_init ] --START--
INFO: Run Behavior\BuildLiteBehavior [ RunTime:0.000013s ]
INFO: [ app_init ] --END-- [ RunTime:0.000673s ]
INFO: [ app_begin ] --START--
INFO: Run Behavior\ReadHtmlCacheBehavior [ RunTime:0.002772s ]
INFO: [ app_begin ] --END-- [ RunTime:0.002846s ]
SQL: SHOW COLUMNS FROM `m_user` [ RunTime:0.0292s ]
SQL: SELECT * FROM `m_user` WHERE ( Uname = '1' )  [ RunTime:0.0003s ]

[ 2019-04-24T14:46:52+08:00 ] 127.0.0.1 /zxh/zhongjiezhe/TP_hotel/Hotel/index.php/home/homepage/getusermessage
INFO: [ app_init ] --START--
INFO: Run Behavior\BuildLiteBehavior [ RunTime:0.000009s ]
INFO: [ app_init ] --END-- [ RunTime:0.001020s ]
INFO: [ app_begin ] --START--
INFO: Run Behavior\ReadHtmlCacheBehavior [ RunTime:0.004864s ]
INFO: [ app_begin ] --END-- [ RunTime:0.005611s ]
SQL: SHOW COLUMNS FROM `m_user` [ RunTime:0.0375s ]
SQL: SELECT * FROM `m_user` WHERE ( Uname = '1' )  [ RunTime:0.0004s ]

[ 2019-04-24T14:46:53+08:00 ] 127.0.0.1 /zxh/zhongjiezhe/TP_hotel/Hotel/index.php/home/homepage/getusermessage
INFO: [ app_init ] --START--
INFO: Run Behavior\BuildLiteBehavior [ RunTime:0.000009s ]
INFO: [ app_init ] --END-- [ RunTime:0.000677s ]
INFO: [ app_begin ] --START--
INFO: Run Behavior\ReadHtmlCacheBehavior [ RunTime:0.001724s ]
INFO: [ app_begin ] --END-- [ RunTime:0.001791s ]
SQL: SHOW COLUMNS FROM `m_user` [ RunTime:0.0312s ]
SQL: SELECT * FROM `m_user` WHERE ( Uname = '1' )  [ RunTime:0.0004s ]

[ 2019-04-24T14:46:57+08:00 ] 127.0.0.1 /zxh/zhongjiezhe/TP_hotel/Hotel/index.php/home/homepage/xgtouxiang
INFO: [ app_init ] --START--
INFO: Run Behavior\BuildLiteBehavior [ RunTime:0.000014s ]
INFO: [ app_init ] --END-- [ RunTime:0.002277s ]
INFO: [ app_begin ] --START--
INFO: Run Behavior\ReadHtmlCacheBehavior [ RunTime:0.004152s ]
INFO: [ app_begin ] --END-- [ RunTime:0.004206s ]
SQL: SHOW COLUMNS FROM `m_user` [ RunTime:0.0930s ]
SQL: update m_user set img = '2019-01-02/blob:http://localhost:8080/df29dbac-20ea-4f5b-95a5-656d64fe5fe2' WHERE Uid = '1' [ RunTime:0.1220s ]
NOTIC: [2] Invalid argument supplied for foreach() D:\xampp\htdocs\ZXH\zhongjiezhe\TP_hotel\Hotel\Application\Common\Common\function.php 第 14 行.

[ 2019-04-24T14:46:57+08:00 ] 127.0.0.1 /zxh/zhongjiezhe/TP_hotel/Hotel/index.php/home/homepage/getusermessage
INFO: [ app_init ] --START--
INFO: Run Behavior\BuildLiteBehavior [ RunTime:0.000144s ]
INFO: [ app_init ] --END-- [ RunTime:0.001901s ]
INFO: [ app_begin ] --START--
INFO: Run Behavior\ReadHtmlCacheBehavior [ RunTime:0.001649s ]
INFO: [ app_begin ] --END-- [ RunTime:0.001707s ]
SQL: SHOW COLUMNS FROM `m_user` [ RunTime:0.0357s ]
SQL: SELECT * FROM `m_user` WHERE ( Uname = '1' )  [ RunTime:0.0004s ]

[ 2019-04-24T14:47:06+08:00 ] 127.0.0.1 /zxh/zhongjiezhe/TP_hotel/Hotel/index.php/home/homepage/xgname
INFO: [ app_init ] --START--
INFO: Run Behavior\BuildLiteBehavior [ RunTime:0.000011s ]
INFO: [ app_init ] --END-- [ RunTime:0.000667s ]
INFO: [ app_begin ] --START--
INFO: Run Behavior\ReadHtmlCacheBehavior [ RunTime:0.001544s ]
INFO: [ app_begin ] --END-- [ RunTime:0.001599s ]
SQL: SHOW COLUMNS FROM `m_user` [ RunTime:0.0308s ]
SQL: update m_user set Unickname = 'vv' WHERE Uname = '1' [ RunTime:0.0986s ]

[ 2019-04-24T14:47:06+08:00 ] 127.0.0.1 /zxh/zhongjiezhe/TP_hotel/Hotel/index.php/home/homepage/getusermessage
INFO: [ app_init ] --START--
INFO: Run Behavior\BuildLiteBehavior [ RunTime:0.000012s ]
INFO: [ app_init ] --END-- [ RunTime:0.000782s ]
INFO: [ app_begin ] --START--
INFO: Run Behavior\ReadHtmlCacheBehavior [ RunTime:0.001938s ]
INFO: [ app_begin ] --END-- [ RunTime:0.002001s ]
SQL: SHOW COLUMNS FROM `m_user` [ RunTime:0.0206s ]
SQL: SELECT * FROM `m_user` WHERE ( Uname = '1' )  [ RunTime:0.0003s ]

[ 2019-04-24T14:47:08+08:00 ] 127.0.0.1 /zxh/zhongjiezhe/TP_hotel/Hotel/index.php/home/homepage/getusermessage
INFO: [ app_init ] --START--
INFO: Run Behavior\BuildLiteBehavior [ RunTime:0.000013s ]
INFO: [ app_init ] --END-- [ RunTime:0.002352s ]
INFO: [ app_begin ] --START--
INFO: Run Behavior\ReadHtmlCacheBehavior [ RunTime:0.001301s ]
INFO: [ app_begin ] --END-- [ RunTime:0.001339s ]
SQL: SHOW COLUMNS FROM `m_user` [ RunTime:0.0333s ]
SQL: SELECT * FROM `m_user` WHERE ( Uname = '1' )  [ RunTime:0.0003s ]

[ 2019-04-24T22:19:02+08:00 ] 127.0.0.1 /PHPstormProject/TP_hotel/Hotel/index.php/home/Homepage/lanjie
INFO: [ app_init ] --START--
INFO: Run Behavior\BuildLiteBehavior [ RunTime:0.000019s ]
INFO: [ app_init ] --END-- [ RunTime:0.000953s ]
INFO: [ app_begin ] --START--
INFO: Run Behavior\ReadHtmlCacheBehavior [ RunTime:0.000654s ]
INFO: [ app_begin ] --END-- [ RunTime:0.000702s ]

[ 2019-04-24T22:19:05+08:00 ] 127.0.0.1 /PHPstormProject/TP_hotel/Hotel/index.php/home/Homepage/lanjie
INFO: [ app_init ] --START--
INFO: Run Behavior\BuildLiteBehavior [ RunTime:0.000018s ]
INFO: [ app_init ] --END-- [ RunTime:0.001399s ]
INFO: [ app_begin ] --START--
INFO: Run Behavior\ReadHtmlCacheBehavior [ RunTime:0.000983s ]
INFO: [ app_begin ] --END-- [ RunTime:0.001061s ]

[ 2019-04-24T22:19:22+08:00 ] 127.0.0.1 /PHPstormProject/TP_hotel/Hotel/index.php/home/homepage/dobook
INFO: [ app_init ] --START--
INFO: Run Behavior\BuildLiteBehavior [ RunTime:0.000010s ]
INFO: [ app_init ] --END-- [ RunTime:0.000350s ]
INFO: [ app_begin ] --START--
INFO: Run Behavior\ReadHtmlCacheBehavior [ RunTime:0.000454s ]
INFO: [ app_begin ] --END-- [ RunTime:0.000510s ]
SQL: SHOW COLUMNS FROM `m_order` [ RunTime:0.0060s ]
NOTIC: [8] Undefined index: validate D:\XAMPP\htdocs\PHPstormProject\TP_hotel\Hotel\ThinkPHP\Library\Think\Model.class.php 第 1185 行.
NOTIC: [8] Undefined index: auto D:\XAMPP\htdocs\PHPstormProject\TP_hotel\Hotel\ThinkPHP\Library\Think\Model.class.php 第 1128 行.
SQL: INSERT INTO `m_order` (`Ouid`,`Orid`,`Ophone`,`Osex`,`Oname`,`Ogtime`,`Oltime`,`Oprice`,`Ocard`) VALUES ('1','1','1','男','1','2019-04-24','2019-04-26','176','111111111111111111') [ RunTime:0.0021s ]
NOTIC: [2] Invalid argument supplied for foreach() D:\XAMPP\htdocs\PHPstormProject\TP_hotel\Hotel\Application\Common\Common\function.php 第 14 行.

[ 2019-04-24T22:19:26+08:00 ] 127.0.0.1 /PHPstormProject/TP_hotel/Hotel/index.php/home/Homepage/lanjie
INFO: [ app_init ] --START--
INFO: Run Behavior\BuildLiteBehavior [ RunTime:0.000030s ]
INFO: [ app_init ] --END-- [ RunTime:0.001126s ]
INFO: [ app_begin ] --START--
INFO: Run Behavior\ReadHtmlCacheBehavior [ RunTime:0.001414s ]
INFO: [ app_begin ] --END-- [ RunTime:0.001576s ]

[ 2019-04-24T22:19:28+08:00 ] 127.0.0.1 /PHPstormProject/TP_hotel/Hotel/index.php/home/homepage/getdingdan
INFO: [ app_init ] --START--
INFO: Run Behavior\BuildLiteBehavior [ RunTime:0.000010s ]
INFO: [ app_init ] --END-- [ RunTime:0.000297s ]
INFO: [ app_begin ] --START--
INFO: Run Behavior\ReadHtmlCacheBehavior [ RunTime:0.000368s ]
INFO: [ app_begin ] --END-- [ RunTime:0.000406s ]
SQL: SHOW COLUMNS FROM `m_order` [ RunTime:0.0055s ]
SQL: SELECT * FROM `m_order`  [ RunTime:0.0010s ]

[ 2019-04-24T22:19:37+08:00 ] 127.0.0.1 /PHPstormProject/TP_hotel/Hotel/index.php/home/homepage/yipj
INFO: [ app_init ] --START--
INFO: Run Behavior\BuildLiteBehavior [ RunTime:0.000021s ]
INFO: [ app_init ] --END-- [ RunTime:0.000753s ]
INFO: [ app_begin ] --START--
INFO: Run Behavior\ReadHtmlCacheBehavior [ RunTime:0.001170s ]
INFO: [ app_begin ] --END-- [ RunTime:0.001280s ]
SQL: SHOW COLUMNS FROM `m_order` [ RunTime:0.0066s ]
ERR: 1054:Unknown column 'pj' in 'where clause'
 [ SQL语句 ] : SELECT * FROM `m_order` WHERE ( pj='-1' ) 
ERR: 1054:Unknown column 'pj' in 'where clause'
 [ SQL语句 ] : SELECT * FROM `m_order` WHERE ( pj='-1' ) 

[ 2019-04-24T22:19:38+08:00 ] 127.0.0.1 /PHPstormProject/TP_hotel/Hotel/index.php/home/homepage/getdingdan
INFO: [ app_init ] --START--
INFO: Run Behavior\BuildLiteBehavior [ RunTime:0.000009s ]
INFO: [ app_init ] --END-- [ RunTime:0.000295s ]
INFO: [ app_begin ] --START--
INFO: Run Behavior\ReadHtmlCacheBehavior [ RunTime:0.000372s ]
INFO: [ app_begin ] --END-- [ RunTime:0.000410s ]
SQL: SHOW COLUMNS FROM `m_order` [ RunTime:0.0053s ]
SQL: SELECT * FROM `m_order`  [ RunTime:0.0004s ]

[ 2019-04-24T22:19:41+08:00 ] 127.0.0.1 /PHPstormProject/TP_hotel/Hotel/index.php/home/homepage/yipj
INFO: [ app_init ] --START--
INFO: Run Behavior\BuildLiteBehavior [ RunTime:0.000009s ]
INFO: [ app_init ] --END-- [ RunTime:0.000355s ]
INFO: [ app_begin ] --START--
INFO: Run Behavior\ReadHtmlCacheBehavior [ RunTime:0.000548s ]
INFO: [ app_begin ] --END-- [ RunTime:0.000588s ]
SQL: SHOW COLUMNS FROM `m_order` [ RunTime:0.0057s ]
ERR: 1054:Unknown column 'pj' in 'where clause'
 [ SQL语句 ] : SELECT * FROM `m_order` WHERE ( pj='-1' ) 
ERR: 1054:Unknown column 'pj' in 'where clause'
 [ SQL语句 ] : SELECT * FROM `m_order` WHERE ( pj='-1' ) 

[ 2019-04-24T22:19:43+08:00 ] 127.0.0.1 /PHPstormProject/TP_hotel/Hotel/index.php/home/homepage/getdingdan
INFO: [ app_init ] --START--
INFO: Run Behavior\BuildLiteBehavior [ RunTime:0.000009s ]
INFO: [ app_init ] --END-- [ RunTime:0.000284s ]
INFO: [ app_begin ] --START--
INFO: Run Behavior\ReadHtmlCacheBehavior [ RunTime:0.000363s ]
INFO: [ app_begin ] --END-- [ RunTime:0.000401s ]
SQL: SHOW COLUMNS FROM `m_order` [ RunTime:0.0054s ]
SQL: SELECT * FROM `m_order`  [ RunTime:0.0004s ]

[ 2019-04-24T22:19:46+08:00 ] 127.0.0.1 /PHPstormProject/TP_hotel/Hotel/index.php/home/homepage/yipj
INFO: [ app_init ] --START--
INFO: Run Behavior\BuildLiteBehavior [ RunTime:0.000012s ]
INFO: [ app_init ] --END-- [ RunTime:0.000508s ]
INFO: [ app_begin ] --START--
INFO: Run Behavior\ReadHtmlCacheBehavior [ RunTime:0.000363s ]
INFO: [ app_begin ] --END-- [ RunTime:0.000402s ]
SQL: SHOW COLUMNS FROM `m_order` [ RunTime:0.0058s ]
ERR: 1054:Unknown column 'pj' in 'where clause'
 [ SQL语句 ] : SELECT * FROM `m_order` WHERE ( pj='-1' ) 
ERR: 1054:Unknown column 'pj' in 'where clause'
 [ SQL语句 ] : SELECT * FROM `m_order` WHERE ( pj='-1' ) 

[ 2019-04-24T22:22:06+08:00 ] 127.0.0.1 /PHPstormProject/TP_hotel/Hotel/index.php/home/Homepage/lanjie
INFO: [ app_init ] --START--
INFO: Run Behavior\BuildLiteBehavior [ RunTime:0.000014s ]
INFO: [ app_init ] --END-- [ RunTime:0.000602s ]
INFO: [ app_begin ] --START--
INFO: Run Behavior\ReadHtmlCacheBehavior [ RunTime:0.000902s ]
INFO: [ app_begin ] --END-- [ RunTime:0.000982s ]

[ 2019-04-24T22:22:06+08:00 ] 127.0.0.1 /PHPstormProject/TP_hotel/Hotel/index.php/home/Homepage/lanjie
INFO: [ app_init ] --START--
INFO: Run Behavior\BuildLiteBehavior [ RunTime:0.000020s ]
INFO: [ app_init ] --END-- [ RunTime:0.000813s ]
INFO: [ app_begin ] --START--
INFO: Run Behavior\ReadHtmlCacheBehavior [ RunTime:0.000804s ]
INFO: [ app_begin ] --END-- [ RunTime:0.000886s ]

[ 2019-04-24T22:22:08+08:00 ] 127.0.0.1 /PHPstormProject/TP_hotel/Hotel/index.php/home/Homepage/lanjie
INFO: [ app_init ] --START--
INFO: Run Behavior\BuildLiteBehavior [ RunTime:0.000010s ]
INFO: [ app_init ] --END-- [ RunTime:0.000400s ]
INFO: [ app_begin ] --START--
INFO: Run Behavior\ReadHtmlCacheBehavior [ RunTime:0.000602s ]
INFO: [ app_begin ] --END-- [ RunTime:0.000643s ]

[ 2019-04-24T22:22:09+08:00 ] 127.0.0.1 /PHPstormProject/TP_hotel/Hotel/index.php/home/homepage/getdingdan
INFO: [ app_init ] --START--
INFO: Run Behavior\BuildLiteBehavior [ RunTime:0.000009s ]
INFO: [ app_init ] --END-- [ RunTime:0.000286s ]
INFO: [ app_begin ] --START--
INFO: Run Behavior\ReadHtmlCacheBehavior [ RunTime:0.000362s ]
INFO: [ app_begin ] --END-- [ RunTime:0.000400s ]
SQL: SHOW COLUMNS FROM `m_order` [ RunTime:0.0044s ]
SQL: SELECT * FROM `m_order`  [ RunTime:0.0004s ]

[ 2019-04-24T22:22:14+08:00 ] 127.0.0.1 /PHPstormProject/TP_hotel/Hotel/index.php/home/homepage/getdingdan
INFO: [ app_init ] --START--
INFO: Run Behavior\BuildLiteBehavior [ RunTime:0.000017s ]
INFO: [ app_init ] --END-- [ RunTime:0.001346s ]
INFO: [ app_begin ] --START--
INFO: Run Behavior\ReadHtmlCacheBehavior [ RunTime:0.000839s ]
INFO: [ app_begin ] --END-- [ RunTime:0.000907s ]
SQL: SHOW COLUMNS FROM `m_order` [ RunTime:0.0090s ]
SQL: SELECT * FROM `m_order`  [ RunTime:0.0005s ]

[ 2019-04-24T22:22:46+08:00 ] 127.0.0.1 /PHPstormProject/TP_hotel/Hotel/index.php/home/homepage/dopinglun
INFO: [ app_init ] --START--
INFO: Run Behavior\BuildLiteBehavior [ RunTime:0.000015s ]
INFO: [ app_init ] --END-- [ RunTime:0.000407s ]
INFO: [ app_begin ] --START--
INFO: Run Behavior\ReadHtmlCacheBehavior [ RunTime:0.000619s ]
INFO: [ app_begin ] --END-- [ RunTime:0.000672s ]
ERR: 1146:Table 'hotel.m_pinglun' doesn't exist
 [ SQL语句 ] : SHOW COLUMNS FROM `m_pinglun`
ERR: 1146:Table 'hotel.m_pinglun' doesn't exist
 [ SQL语句 ] : SHOW COLUMNS FROM `m_pinglun`

