[ 2019-04-16T12:02:27+08:00 ] 127.0.0.1 /untitled/Hotel/index.php/home/Login/userLogin
INFO: [ app_init ] --START--
INFO: Run Behavior\BuildLiteBehavior [ RunTime:0.000009s ]
INFO: [ app_init ] --END-- [ RunTime:0.000484s ]
INFO: [ app_begin ] --START--
INFO: Run Behavior\ReadHtmlCacheBehavior [ RunTime:0.001249s ]
INFO: [ app_begin ] --END-- [ RunTime:0.001294s ]
SQL: SHOW COLUMNS FROM `m_user` [ RunTime:0.5214s ]
SQL: SELECT * FROM `m_user` WHERE ( Uname='1' ) LIMIT 1   [ RunTime:0.0005s ]

[ 2019-04-16T12:02:43+08:00 ] 127.0.0.1 /untitled/Hotel/index.php/home/Login/userLogin
INFO: [ app_init ] --START--
INFO: Run Behavior\BuildLiteBehavior [ RunTime:0.000006s ]
INFO: [ app_init ] --END-- [ RunTime:0.000288s ]
INFO: [ app_begin ] --START--
INFO: Run Behavior\ReadHtmlCacheBehavior [ RunTime:0.000446s ]
INFO: [ app_begin ] --END-- [ RunTime:0.000469s ]
SQL: SHOW COLUMNS FROM `m_user` [ RunTime:0.1046s ]
SQL: SELECT * FROM `m_user` WHERE ( Uname='1' ) LIMIT 1   [ RunTime:0.0004s ]

[ 2019-04-16T16:23:32+08:00 ] 127.0.0.1 /untitled/Hotel/index.php/home/Login/userLogin
INFO: [ app_init ] --START--
INFO: Run Behavior\BuildLiteBehavior [ RunTime:0.000015s ]
INFO: [ app_init ] --END-- [ RunTime:0.022949s ]
INFO: [ app_begin ] --START--
INFO: Run Behavior\ReadHtmlCacheBehavior [ RunTime:0.001682s ]
INFO: [ app_begin ] --END-- [ RunTime:0.001758s ]
SQL: SHOW COLUMNS FROM `m_user` [ RunTime:0.0069s ]
SQL: SELECT * FROM `m_user` WHERE ( Uname='1' ) LIMIT 1   [ RunTime:0.0004s ]

[ 2019-04-16T17:26:06+08:00 ] 127.0.0.1 /untitled/Hotel/index.php/home/Login/userLogin
INFO: [ app_init ] --START--
INFO: Run Behavior\BuildLiteBehavior [ RunTime:0.000009s ]
INFO: [ app_init ] --END-- [ RunTime:0.000653s ]
INFO: [ app_begin ] --START--
INFO: Run Behavior\ReadHtmlCacheBehavior [ RunTime:0.001039s ]
INFO: [ app_begin ] --END-- [ RunTime:0.001077s ]
SQL: SHOW COLUMNS FROM `m_user` [ RunTime:0.0113s ]
SQL: SELECT * FROM `m_user` WHERE ( Uname='11' ) LIMIT 1   [ RunTime:0.0004s ]

[ 2019-04-16T17:33:21+08:00 ] 127.0.0.1 /untitled/Hotel/index.php/home/Login/userLogin
INFO: [ app_init ] --START--
INFO: Run Behavior\BuildLiteBehavior [ RunTime:0.000010s ]
INFO: [ app_init ] --END-- [ RunTime:0.000666s ]
INFO: [ app_begin ] --START--
INFO: Run Behavior\ReadHtmlCacheBehavior [ RunTime:0.001073s ]
INFO: [ app_begin ] --END-- [ RunTime:0.001127s ]
SQL: SHOW COLUMNS FROM `m_user` [ RunTime:0.0091s ]
SQL: SELECT * FROM `m_user` WHERE ( Uname='11' ) LIMIT 1   [ RunTime:0.0004s ]

[ 2019-04-16T17:34:25+08:00 ] 127.0.0.1 /untitled/Hotel/index.php/home/Login/userLogin
INFO: [ app_init ] --START--
INFO: Run Behavior\BuildLiteBehavior [ RunTime:0.000007s ]
INFO: [ app_init ] --END-- [ RunTime:0.000304s ]
INFO: [ app_begin ] --START--
INFO: Run Behavior\ReadHtmlCacheBehavior [ RunTime:0.001042s ]
INFO: [ app_begin ] --END-- [ RunTime:0.001085s ]
SQL: SHOW COLUMNS FROM `m_user` [ RunTime:0.0441s ]
SQL: SELECT * FROM `m_user` WHERE ( Uname='1' ) LIMIT 1   [ RunTime:0.0005s ]

[ 2019-04-16T17:39:37+08:00 ] 127.0.0.1 /untitled/Hotel/index.php/home/Login/userLogin
INFO: [ app_init ] --START--
INFO: Run Behavior\BuildLiteBehavior [ RunTime:0.000006s ]
INFO: [ app_init ] --END-- [ RunTime:0.000367s ]
INFO: [ app_begin ] --START--
INFO: Run Behavior\ReadHtmlCacheBehavior [ RunTime:0.000647s ]
INFO: [ app_begin ] --END-- [ RunTime:0.000671s ]
SQL: SHOW COLUMNS FROM `m_user` [ RunTime:0.0091s ]
SQL: SELECT * FROM `m_user` WHERE ( Uname='' ) LIMIT 1   [ RunTime:0.0004s ]

[ 2019-04-16T17:39:38+08:00 ] 127.0.0.1 /untitled/Hotel/index.php/home/Login/userLogin
INFO: [ app_init ] --START--
INFO: Run Behavior\BuildLiteBehavior [ RunTime:0.000006s ]
INFO: [ app_init ] --END-- [ RunTime:0.000296s ]
INFO: [ app_begin ] --START--
INFO: Run Behavior\ReadHtmlCacheBehavior [ RunTime:0.000527s ]
INFO: [ app_begin ] --END-- [ RunTime:0.000550s ]
SQL: SHOW COLUMNS FROM `m_user` [ RunTime:0.0089s ]
SQL: SELECT * FROM `m_user` WHERE ( Uname='' ) LIMIT 1   [ RunTime:0.0003s ]

[ 2019-04-16T17:39:38+08:00 ] 127.0.0.1 /untitled/Hotel/index.php/home/Login/userLogin
INFO: [ app_init ] --START--
INFO: Run Behavior\BuildLiteBehavior [ RunTime:0.000008s ]
INFO: [ app_init ] --END-- [ RunTime:0.000448s ]
INFO: [ app_begin ] --START--
INFO: Run Behavior\ReadHtmlCacheBehavior [ RunTime:0.000971s ]
INFO: [ app_begin ] --END-- [ RunTime:0.001024s ]
SQL: SHOW COLUMNS FROM `m_user` [ RunTime:0.0102s ]
SQL: SELECT * FROM `m_user` WHERE ( Uname='' ) LIMIT 1   [ RunTime:0.0002s ]

[ 2019-04-16T17:39:39+08:00 ] 127.0.0.1 /untitled/Hotel/index.php/home/Login/userLogin
INFO: [ app_init ] --START--
INFO: Run Behavior\BuildLiteBehavior [ RunTime:0.000006s ]
INFO: [ app_init ] --END-- [ RunTime:0.000292s ]
INFO: [ app_begin ] --START--
INFO: Run Behavior\ReadHtmlCacheBehavior [ RunTime:0.000463s ]
INFO: [ app_begin ] --END-- [ RunTime:0.000486s ]
SQL: SHOW COLUMNS FROM `m_user` [ RunTime:0.0088s ]
SQL: SELECT * FROM `m_user` WHERE ( Uname='' ) LIMIT 1   [ RunTime:0.0004s ]

[ 2019-04-16T17:40:12+08:00 ] 127.0.0.1 /untitled/Hotel/index.php/home/Login/userLogin
INFO: [ app_init ] --START--
INFO: Run Behavior\BuildLiteBehavior [ RunTime:0.000011s ]
INFO: [ app_init ] --END-- [ RunTime:0.000521s ]
INFO: [ app_begin ] --START--
INFO: Run Behavior\ReadHtmlCacheBehavior [ RunTime:0.000740s ]
INFO: [ app_begin ] --END-- [ RunTime:0.000781s ]
SQL: SHOW COLUMNS FROM `m_user` [ RunTime:0.0100s ]
SQL: SELECT * FROM `m_user` WHERE ( Uname='' ) LIMIT 1   [ RunTime:0.0004s ]

[ 2019-04-16T17:40:31+08:00 ] 127.0.0.1 /untitled/Hotel/index.php/home/Login/userLogin
INFO: [ app_init ] --START--
INFO: Run Behavior\BuildLiteBehavior [ RunTime:0.000012s ]
INFO: [ app_init ] --END-- [ RunTime:0.000535s ]
INFO: [ app_begin ] --START--
INFO: Run Behavior\ReadHtmlCacheBehavior [ RunTime:0.001014s ]
INFO: [ app_begin ] --END-- [ RunTime:0.001080s ]
SQL: SHOW COLUMNS FROM `m_user` [ RunTime:0.0085s ]
SQL: SELECT * FROM `m_user` WHERE ( Uname='' ) LIMIT 1   [ RunTime:0.0004s ]

[ 2019-04-16T17:41:05+08:00 ] 127.0.0.1 /untitled/Hotel/index.php/home/Login/userLogin
INFO: [ app_init ] --START--
INFO: Run Behavior\BuildLiteBehavior [ RunTime:0.000008s ]
INFO: [ app_init ] --END-- [ RunTime:0.000528s ]
INFO: [ app_begin ] --START--
INFO: Run Behavior\ReadHtmlCacheBehavior [ RunTime:0.000911s ]
INFO: [ app_begin ] --END-- [ RunTime:0.000968s ]
SQL: SHOW COLUMNS FROM `m_user` [ RunTime:0.0102s ]
SQL: SELECT * FROM `m_user` WHERE ( Uname='' ) LIMIT 1   [ RunTime:0.0004s ]

[ 2019-04-16T17:41:52+08:00 ] 127.0.0.1 /untitled/Hotel/index.php/home/Login/userLogin
INFO: [ app_init ] --START--
INFO: Run Behavior\BuildLiteBehavior [ RunTime:0.000015s ]
INFO: [ app_init ] --END-- [ RunTime:0.001115s ]
INFO: [ app_begin ] --START--
INFO: Run Behavior\ReadHtmlCacheBehavior [ RunTime:0.001123s ]
INFO: [ app_begin ] --END-- [ RunTime:0.001175s ]
SQL: SHOW COLUMNS FROM `m_user` [ RunTime:0.0230s ]
SQL: SELECT * FROM `m_user` WHERE ( Uname='1' ) LIMIT 1   [ RunTime:0.0003s ]

[ 2019-04-16T17:44:31+08:00 ] 127.0.0.1 /untitled/Hotel/index.php/home/Login/userLogin
INFO: [ app_init ] --START--
INFO: Run Behavior\BuildLiteBehavior [ RunTime:0.000009s ]
INFO: [ app_init ] --END-- [ RunTime:0.000608s ]
INFO: [ app_begin ] --START--
INFO: Run Behavior\ReadHtmlCacheBehavior [ RunTime:0.001079s ]
INFO: [ app_begin ] --END-- [ RunTime:0.001143s ]
SQL: SHOW COLUMNS FROM `m_user` [ RunTime:0.1254s ]
SQL: SELECT * FROM `m_user` WHERE ( Uname='' ) LIMIT 1   [ RunTime:0.0004s ]

[ 2019-04-16T17:44:52+08:00 ] 127.0.0.1 /untitled/Hotel/index.php/home/Login/userLogin
INFO: [ app_init ] --START--
INFO: Run Behavior\BuildLiteBehavior [ RunTime:0.000006s ]
INFO: [ app_init ] --END-- [ RunTime:0.000296s ]
INFO: [ app_begin ] --START--
INFO: Run Behavior\ReadHtmlCacheBehavior [ RunTime:0.000514s ]
INFO: [ app_begin ] --END-- [ RunTime:0.000539s ]
SQL: SHOW COLUMNS FROM `m_user` [ RunTime:0.0102s ]
SQL: SELECT * FROM `m_user` WHERE ( Uname='' ) LIMIT 1   [ RunTime:0.0003s ]

[ 2019-04-16T17:44:53+08:00 ] 127.0.0.1 /untitled/Hotel/index.php/home/Login/userLogin
INFO: [ app_init ] --START--
INFO: Run Behavior\BuildLiteBehavior [ RunTime:0.000010s ]
INFO: [ app_init ] --END-- [ RunTime:0.000476s ]
INFO: [ app_begin ] --START--
INFO: Run Behavior\ReadHtmlCacheBehavior [ RunTime:0.000682s ]
INFO: [ app_begin ] --END-- [ RunTime:0.000726s ]
SQL: SHOW COLUMNS FROM `m_user` [ RunTime:0.0138s ]
SQL: SELECT * FROM `m_user` WHERE ( Uname='' ) LIMIT 1   [ RunTime:0.0003s ]

[ 2019-04-16T17:44:55+08:00 ] 127.0.0.1 /untitled/Hotel/index.php/home/Login/userLogin
INFO: [ app_init ] --START--
INFO: Run Behavior\BuildLiteBehavior [ RunTime:0.000011s ]
INFO: [ app_init ] --END-- [ RunTime:0.005422s ]
INFO: [ app_begin ] --START--
INFO: Run Behavior\ReadHtmlCacheBehavior [ RunTime:0.000827s ]
INFO: [ app_begin ] --END-- [ RunTime:0.000873s ]
SQL: SHOW COLUMNS FROM `m_user` [ RunTime:0.1000s ]
SQL: SELECT * FROM `m_user` WHERE ( Uname='' ) LIMIT 1   [ RunTime:0.0004s ]

[ 2019-04-16T17:45:12+08:00 ] 127.0.0.1 /untitled/Hotel/index.php/home/Login/userLogin
INFO: [ app_init ] --START--
INFO: Run Behavior\BuildLiteBehavior [ RunTime:0.000009s ]
INFO: [ app_init ] --END-- [ RunTime:0.000493s ]
INFO: [ app_begin ] --START--
INFO: Run Behavior\ReadHtmlCacheBehavior [ RunTime:0.000825s ]
INFO: [ app_begin ] --END-- [ RunTime:0.000878s ]
SQL: SHOW COLUMNS FROM `m_user` [ RunTime:0.0134s ]
SQL: SELECT * FROM `m_user` WHERE ( Uname='' ) LIMIT 1   [ RunTime:0.0004s ]

[ 2019-04-16T17:45:13+08:00 ] 127.0.0.1 /untitled/Hotel/index.php/home/Login/userLogin
INFO: [ app_init ] --START--
INFO: Run Behavior\BuildLiteBehavior [ RunTime:0.000011s ]
INFO: [ app_init ] --END-- [ RunTime:0.000548s ]
INFO: [ app_begin ] --START--
INFO: Run Behavior\ReadHtmlCacheBehavior [ RunTime:0.000837s ]
INFO: [ app_begin ] --END-- [ RunTime:0.000933s ]
SQL: SHOW COLUMNS FROM `m_user` [ RunTime:0.0139s ]
SQL: SELECT * FROM `m_user` WHERE ( Uname='' ) LIMIT 1   [ RunTime:0.0004s ]

[ 2019-04-16T17:45:16+08:00 ] 127.0.0.1 /untitled/Hotel/index.php/home/Login/userLogin
INFO: [ app_init ] --START--
INFO: Run Behavior\BuildLiteBehavior [ RunTime:0.000008s ]
INFO: [ app_init ] --END-- [ RunTime:0.000411s ]
INFO: [ app_begin ] --START--
INFO: Run Behavior\ReadHtmlCacheBehavior [ RunTime:0.000814s ]
INFO: [ app_begin ] --END-- [ RunTime:0.000869s ]
SQL: SHOW COLUMNS FROM `m_user` [ RunTime:0.0496s ]
SQL: SELECT * FROM `m_user` WHERE ( Uname='' ) LIMIT 1   [ RunTime:0.0003s ]

[ 2019-04-16T17:45:16+08:00 ] 127.0.0.1 /untitled/Hotel/index.php/home/Login/userLogin
INFO: [ app_init ] --START--
INFO: Run Behavior\BuildLiteBehavior [ RunTime:0.000009s ]
INFO: [ app_init ] --END-- [ RunTime:0.000435s ]
INFO: [ app_begin ] --START--
INFO: Run Behavior\ReadHtmlCacheBehavior [ RunTime:0.000701s ]
INFO: [ app_begin ] --END-- [ RunTime:0.000740s ]
SQL: SHOW COLUMNS FROM `m_user` [ RunTime:0.0118s ]
SQL: SELECT * FROM `m_user` WHERE ( Uname='' ) LIMIT 1   [ RunTime:0.0004s ]

[ 2019-04-16T17:45:17+08:00 ] 127.0.0.1 /untitled/Hotel/index.php/home/Login/userLogin
INFO: [ app_init ] --START--
INFO: Run Behavior\BuildLiteBehavior [ RunTime:0.000006s ]
INFO: [ app_init ] --END-- [ RunTime:0.000320s ]
INFO: [ app_begin ] --START--
INFO: Run Behavior\ReadHtmlCacheBehavior [ RunTime:0.000498s ]
INFO: [ app_begin ] --END-- [ RunTime:0.000523s ]
SQL: SHOW COLUMNS FROM `m_user` [ RunTime:0.0251s ]
SQL: SELECT * FROM `m_user` WHERE ( Uname='' ) LIMIT 1   [ RunTime:0.0004s ]

[ 2019-04-16T17:45:28+08:00 ] 127.0.0.1 /untitled/Hotel/index.php/home/Login/userLogin
INFO: [ app_init ] --START--
INFO: Run Behavior\BuildLiteBehavior [ RunTime:0.000026s ]
INFO: [ app_init ] --END-- [ RunTime:0.000349s ]
INFO: [ app_begin ] --START--
INFO: Run Behavior\ReadHtmlCacheBehavior [ RunTime:0.000553s ]
INFO: [ app_begin ] --END-- [ RunTime:0.000594s ]
SQL: SHOW COLUMNS FROM `m_user` [ RunTime:0.1179s ]
SQL: SELECT * FROM `m_user` WHERE ( Uname='' ) LIMIT 1   [ RunTime:0.0004s ]

[ 2019-04-16T17:45:30+08:00 ] 127.0.0.1 /untitled/Hotel/index.php/home/Login/userLogin
INFO: [ app_init ] --START--
INFO: Run Behavior\BuildLiteBehavior [ RunTime:0.000007s ]
INFO: [ app_init ] --END-- [ RunTime:0.000294s ]
INFO: [ app_begin ] --START--
INFO: Run Behavior\ReadHtmlCacheBehavior [ RunTime:0.000451s ]
INFO: [ app_begin ] --END-- [ RunTime:0.000475s ]
SQL: SHOW COLUMNS FROM `m_user` [ RunTime:0.0096s ]
SQL: SELECT * FROM `m_user` WHERE ( Uname='' ) LIMIT 1   [ RunTime:0.0004s ]

[ 2019-04-16T17:46:24+08:00 ] 127.0.0.1 /untitled/Hotel/index.php/home/Login/userLogin
INFO: [ app_init ] --START--
INFO: Run Behavior\BuildLiteBehavior [ RunTime:0.000011s ]
INFO: [ app_init ] --END-- [ RunTime:0.000685s ]
INFO: [ app_begin ] --START--
INFO: Run Behavior\ReadHtmlCacheBehavior [ RunTime:0.000789s ]
INFO: [ app_begin ] --END-- [ RunTime:0.000831s ]
SQL: SHOW COLUMNS FROM `m_user` [ RunTime:0.0196s ]
SQL: SELECT * FROM `m_user` WHERE ( Uname='' ) LIMIT 1   [ RunTime:0.0003s ]

[ 2019-04-16T17:47:27+08:00 ] 127.0.0.1 /untitled/Hotel/index.php/home/Login/userLogin
INFO: [ app_init ] --START--
INFO: Run Behavior\BuildLiteBehavior [ RunTime:0.000009s ]
INFO: [ app_init ] --END-- [ RunTime:0.000635s ]
INFO: [ app_begin ] --START--
INFO: Run Behavior\ReadHtmlCacheBehavior [ RunTime:0.000678s ]
INFO: [ app_begin ] --END-- [ RunTime:0.000710s ]
SQL: SHOW COLUMNS FROM `m_user` [ RunTime:0.0129s ]
SQL: SELECT * FROM `m_user` WHERE ( Uname='1' ) LIMIT 1   [ RunTime:0.0007s ]

[ 2019-04-16T17:49:17+08:00 ] 127.0.0.1 /untitled/Hotel/index.php/home/Login/userLogin
INFO: [ app_init ] --START--
INFO: Run Behavior\BuildLiteBehavior [ RunTime:0.000009s ]
INFO: [ app_init ] --END-- [ RunTime:0.000463s ]
INFO: [ app_begin ] --START--
INFO: Run Behavior\ReadHtmlCacheBehavior [ RunTime:0.000874s ]
INFO: [ app_begin ] --END-- [ RunTime:0.000924s ]
SQL: SHOW COLUMNS FROM `m_user` [ RunTime:0.0136s ]
SQL: SELECT * FROM `m_user` WHERE ( Uname='' ) LIMIT 1   [ RunTime:0.0004s ]

[ 2019-04-16T17:50:54+08:00 ] 127.0.0.1 /untitled/Hotel/index.php/home/Login/userLogin
INFO: [ app_init ] --START--
INFO: Run Behavior\BuildLiteBehavior [ RunTime:0.000011s ]
INFO: [ app_init ] --END-- [ RunTime:0.000644s ]
INFO: [ app_begin ] --START--
INFO: Run Behavior\ReadHtmlCacheBehavior [ RunTime:0.001105s ]
INFO: [ app_begin ] --END-- [ RunTime:0.001168s ]
SQL: SHOW COLUMNS FROM `m_user` [ RunTime:0.0110s ]
SQL: SELECT * FROM `m_user` WHERE ( Uname='1' ) LIMIT 1   [ RunTime:0.0004s ]

[ 2019-04-16T17:53:25+08:00 ] 127.0.0.1 /untitled/Hotel/index.php/home/Login/userLogin
INFO: [ app_init ] --START--
INFO: Run Behavior\BuildLiteBehavior [ RunTime:0.000012s ]
INFO: [ app_init ] --END-- [ RunTime:0.000652s ]
INFO: [ app_begin ] --START--
INFO: Run Behavior\ReadHtmlCacheBehavior [ RunTime:0.001137s ]
INFO: [ app_begin ] --END-- [ RunTime:0.001186s ]
SQL: SHOW COLUMNS FROM `m_user` [ RunTime:0.0215s ]
SQL: SELECT * FROM `m_user` WHERE ( Uname='1' ) LIMIT 1   [ RunTime:0.0005s ]

[ 2019-04-16T17:57:42+08:00 ] 127.0.0.1 /untitled/Hotel/index.php/home/Login/userLogin
INFO: [ app_init ] --START--
INFO: Run Behavior\BuildLiteBehavior [ RunTime:0.000009s ]
INFO: [ app_init ] --END-- [ RunTime:0.000781s ]
INFO: [ app_begin ] --START--
INFO: Run Behavior\ReadHtmlCacheBehavior [ RunTime:0.001130s ]
INFO: [ app_begin ] --END-- [ RunTime:0.001194s ]
SQL: SHOW COLUMNS FROM `m_user` [ RunTime:0.0097s ]
SQL: SELECT * FROM `m_user` WHERE ( Uname='1' ) LIMIT 1   [ RunTime:0.0004s ]

[ 2019-04-16T17:57:44+08:00 ] 127.0.0.1 /untitled/Hotel/index.php/home/Login/userLogin
INFO: [ app_init ] --START--
INFO: Run Behavior\BuildLiteBehavior [ RunTime:0.000010s ]
INFO: [ app_init ] --END-- [ RunTime:0.000559s ]
INFO: [ app_begin ] --START--
INFO: Run Behavior\ReadHtmlCacheBehavior [ RunTime:0.000825s ]
INFO: [ app_begin ] --END-- [ RunTime:0.000871s ]
SQL: SHOW COLUMNS FROM `m_user` [ RunTime:0.0325s ]
SQL: SELECT * FROM `m_user` WHERE ( Uname='1' ) LIMIT 1   [ RunTime:0.0003s ]

[ 2019-04-16T17:58:21+08:00 ] 127.0.0.1 /untitled/Hotel/index.php/home/Login/userLogin
INFO: [ app_init ] --START--
INFO: Run Behavior\BuildLiteBehavior [ RunTime:0.000009s ]
INFO: [ app_init ] --END-- [ RunTime:0.000433s ]
INFO: [ app_begin ] --START--
INFO: Run Behavior\ReadHtmlCacheBehavior [ RunTime:0.000661s ]
INFO: [ app_begin ] --END-- [ RunTime:0.000703s ]
SQL: SHOW COLUMNS FROM `m_user` [ RunTime:0.0189s ]
SQL: SELECT * FROM `m_user` WHERE ( Uname='' ) LIMIT 1   [ RunTime:0.0003s ]

[ 2019-04-16T18:01:40+08:00 ] 127.0.0.1 /untitled/Hotel/index.php/home/Login/userLogin
INFO: [ app_init ] --START--
INFO: Run Behavior\BuildLiteBehavior [ RunTime:0.000006s ]
INFO: [ app_init ] --END-- [ RunTime:0.000356s ]
INFO: [ app_begin ] --START--
INFO: Run Behavior\ReadHtmlCacheBehavior [ RunTime:0.000863s ]
INFO: [ app_begin ] --END-- [ RunTime:0.000893s ]
SQL: SHOW COLUMNS FROM `m_user` [ RunTime:0.0097s ]
SQL: SELECT * FROM `m_user` WHERE ( Uname='' ) LIMIT 1   [ RunTime:0.0004s ]

[ 2019-04-16T18:02:36+08:00 ] 127.0.0.1 /untitled/Hotel/index.php/home/Login/userLogin
INFO: [ app_init ] --START--
INFO: Run Behavior\BuildLiteBehavior [ RunTime:0.000010s ]
INFO: [ app_init ] --END-- [ RunTime:0.000508s ]
INFO: [ app_begin ] --START--
INFO: Run Behavior\ReadHtmlCacheBehavior [ RunTime:0.000608s ]
INFO: [ app_begin ] --END-- [ RunTime:0.000647s ]
SQL: SHOW COLUMNS FROM `m_user` [ RunTime:0.0103s ]
SQL: SELECT * FROM `m_user` WHERE ( Uname='1' ) LIMIT 1   [ RunTime:0.0004s ]

[ 2019-04-16T18:03:04+08:00 ] 127.0.0.1 /untitled/Hotel/index.php/home/Login/userLogin
INFO: [ app_init ] --START--
INFO: Run Behavior\BuildLiteBehavior [ RunTime:0.000006s ]
INFO: [ app_init ] --END-- [ RunTime:0.000337s ]
INFO: [ app_begin ] --START--
INFO: Run Behavior\ReadHtmlCacheBehavior [ RunTime:0.000462s ]
INFO: [ app_begin ] --END-- [ RunTime:0.000485s ]
SQL: SHOW COLUMNS FROM `m_user` [ RunTime:0.0099s ]
SQL: SELECT * FROM `m_user` WHERE ( Uname='' ) LIMIT 1   [ RunTime:0.0003s ]

[ 2019-04-16T18:04:17+08:00 ] 127.0.0.1 /untitled/Hotel/index.php/home/Login/userLogin
INFO: [ app_init ] --START--
INFO: Run Behavior\BuildLiteBehavior [ RunTime:0.000013s ]
INFO: [ app_init ] --END-- [ RunTime:0.000636s ]
INFO: [ app_begin ] --START--
INFO: Run Behavior\ReadHtmlCacheBehavior [ RunTime:0.001115s ]
INFO: [ app_begin ] --END-- [ RunTime:0.001162s ]
SQL: SHOW COLUMNS FROM `m_user` [ RunTime:0.0100s ]
SQL: SELECT * FROM `m_user` WHERE ( Uname='' ) LIMIT 1   [ RunTime:0.0004s ]

[ 2019-04-16T18:04:30+08:00 ] 127.0.0.1 /untitled/Hotel/index.php/home/Login/userLogin
INFO: [ app_init ] --START--
INFO: Run Behavior\BuildLiteBehavior [ RunTime:0.000006s ]
INFO: [ app_init ] --END-- [ RunTime:0.000288s ]
INFO: [ app_begin ] --START--
INFO: Run Behavior\ReadHtmlCacheBehavior [ RunTime:0.000445s ]
INFO: [ app_begin ] --END-- [ RunTime:0.000468s ]
SQL: SHOW COLUMNS FROM `m_user` [ RunTime:0.0534s ]
SQL: SELECT * FROM `m_user` WHERE ( Uname='' ) LIMIT 1   [ RunTime:0.0004s ]

[ 2019-04-16T18:04:46+08:00 ] 127.0.0.1 /untitled/Hotel/index.php/home/Login/userLogin
INFO: [ app_init ] --START--
INFO: Run Behavior\BuildLiteBehavior [ RunTime:0.000009s ]
INFO: [ app_init ] --END-- [ RunTime:0.000525s ]
INFO: [ app_begin ] --START--
INFO: Run Behavior\ReadHtmlCacheBehavior [ RunTime:0.000813s ]
INFO: [ app_begin ] --END-- [ RunTime:0.000862s ]
SQL: SHOW COLUMNS FROM `m_user` [ RunTime:0.0172s ]
SQL: SELECT * FROM `m_user` WHERE ( Uname='' ) LIMIT 1   [ RunTime:0.0003s ]

[ 2019-04-16T18:08:07+08:00 ] 127.0.0.1 /untitled/Hotel/index.php/home/Login/userLogin
INFO: [ app_init ] --START--
INFO: Run Behavior\BuildLiteBehavior [ RunTime:0.000007s ]
INFO: [ app_init ] --END-- [ RunTime:0.000395s ]
INFO: [ app_begin ] --START--
INFO: Run Behavior\ReadHtmlCacheBehavior [ RunTime:0.001450s ]
INFO: [ app_begin ] --END-- [ RunTime:0.001480s ]
SQL: SHOW COLUMNS FROM `m_user` [ RunTime:0.0262s ]
SQL: SELECT * FROM `m_user` WHERE ( Uname='' ) LIMIT 1   [ RunTime:0.0004s ]

[ 2019-04-16T18:08:14+08:00 ] 127.0.0.1 /untitled/Hotel/index.php/home/Login/userLogin
INFO: [ app_init ] --START--
INFO: Run Behavior\BuildLiteBehavior [ RunTime:0.000009s ]
INFO: [ app_init ] --END-- [ RunTime:0.000540s ]
INFO: [ app_begin ] --START--
INFO: Run Behavior\ReadHtmlCacheBehavior [ RunTime:0.000771s ]
INFO: [ app_begin ] --END-- [ RunTime:0.000811s ]
SQL: SHOW COLUMNS FROM `m_user` [ RunTime:0.0086s ]
SQL: SELECT * FROM `m_user` WHERE ( Uname='11' ) LIMIT 1   [ RunTime:0.0003s ]

[ 2019-04-16T18:08:20+08:00 ] 127.0.0.1 /untitled/Hotel/index.php/home/Login/userLogin
INFO: [ app_init ] --START--
INFO: Run Behavior\BuildLiteBehavior [ RunTime:0.000006s ]
INFO: [ app_init ] --END-- [ RunTime:0.000361s ]
INFO: [ app_begin ] --START--
INFO: Run Behavior\ReadHtmlCacheBehavior [ RunTime:0.000669s ]
INFO: [ app_begin ] --END-- [ RunTime:0.000694s ]
SQL: SHOW COLUMNS FROM `m_user` [ RunTime:0.0136s ]
SQL: SELECT * FROM `m_user` WHERE ( Uname='' ) LIMIT 1   [ RunTime:0.0004s ]

[ 2019-04-16T18:12:24+08:00 ] 127.0.0.1 /untitled/Hotel/index.php/home/Login/userLogin
INFO: [ app_init ] --START--
INFO: Run Behavior\BuildLiteBehavior [ RunTime:0.000012s ]
INFO: [ app_init ] --END-- [ RunTime:0.000451s ]
INFO: [ app_begin ] --START--
INFO: Run Behavior\ReadHtmlCacheBehavior [ RunTime:0.000973s ]
INFO: [ app_begin ] --END-- [ RunTime:0.001019s ]
SQL: SHOW COLUMNS FROM `m_user` [ RunTime:0.0104s ]
SQL: SELECT * FROM `m_user` WHERE ( Uname='' ) LIMIT 1   [ RunTime:0.0004s ]

[ 2019-04-16T18:16:17+08:00 ] 127.0.0.1 /untitled/Hotel/index.php/home/Login/userLogin
INFO: [ app_init ] --START--
INFO: Run Behavior\BuildLiteBehavior [ RunTime:0.000007s ]
INFO: [ app_init ] --END-- [ RunTime:0.000417s ]
INFO: [ app_begin ] --START--
INFO: Run Behavior\ReadHtmlCacheBehavior [ RunTime:0.000694s ]
INFO: [ app_begin ] --END-- [ RunTime:0.000739s ]
SQL: SHOW COLUMNS FROM `m_user` [ RunTime:0.0625s ]
SQL: SELECT * FROM `m_user` WHERE ( Uname='' ) LIMIT 1   [ RunTime:0.0005s ]

[ 2019-04-16T18:16:56+08:00 ] 127.0.0.1 /untitled/Hotel/index.php/home/Login/userLogin
INFO: [ app_init ] --START--
INFO: Run Behavior\BuildLiteBehavior [ RunTime:0.000009s ]
INFO: [ app_init ] --END-- [ RunTime:0.000542s ]
INFO: [ app_begin ] --START--
INFO: Run Behavior\ReadHtmlCacheBehavior [ RunTime:0.000639s ]
INFO: [ app_begin ] --END-- [ RunTime:0.000674s ]
SQL: SHOW COLUMNS FROM `m_user` [ RunTime:0.0101s ]
SQL: SELECT * FROM `m_user` WHERE ( Uname='' ) LIMIT 1   [ RunTime:0.0003s ]

[ 2019-04-16T18:37:54+08:00 ] 127.0.0.1 /untitled/Hotel/index.php/home/Login/userLogin
INFO: [ app_init ] --START--
INFO: Run Behavior\BuildLiteBehavior [ RunTime:0.000008s ]
INFO: [ app_init ] --END-- [ RunTime:0.000447s ]
INFO: [ app_begin ] --START--
INFO: Run Behavior\ReadHtmlCacheBehavior [ RunTime:0.000796s ]
INFO: [ app_begin ] --END-- [ RunTime:0.000829s ]
SQL: SHOW COLUMNS FROM `m_user` [ RunTime:0.0097s ]
SQL: SELECT * FROM `m_user` WHERE ( Uname='' ) LIMIT 1   [ RunTime:0.0004s ]

[ 2019-04-16T18:44:24+08:00 ] 127.0.0.1 /untitled/Hotel/index.php/home/Login/userLogin
INFO: [ app_init ] --START--
INFO: Run Behavior\BuildLiteBehavior [ RunTime:0.000011s ]
INFO: [ app_init ] --END-- [ RunTime:0.000617s ]
INFO: [ app_begin ] --START--
INFO: Run Behavior\ReadHtmlCacheBehavior [ RunTime:0.000781s ]
INFO: [ app_begin ] --END-- [ RunTime:0.000825s ]
SQL: SHOW COLUMNS FROM `m_user` [ RunTime:0.0096s ]
SQL: SELECT * FROM `m_user` WHERE ( Uname='' ) LIMIT 1   [ RunTime:0.0004s ]

[ 2019-04-16T18:45:40+08:00 ] 127.0.0.1 /untitled/Hotel/index.php/home/Login/userLogin
INFO: [ app_init ] --START--
INFO: Run Behavior\BuildLiteBehavior [ RunTime:0.000006s ]
INFO: [ app_init ] --END-- [ RunTime:0.000295s ]
INFO: [ app_begin ] --START--
INFO: Run Behavior\ReadHtmlCacheBehavior [ RunTime:0.000450s ]
INFO: [ app_begin ] --END-- [ RunTime:0.000473s ]
SQL: SHOW COLUMNS FROM `m_user` [ RunTime:0.0422s ]
SQL: SELECT * FROM `m_user` WHERE ( Uname='' ) LIMIT 1   [ RunTime:0.0004s ]

[ 2019-04-16T18:46:25+08:00 ] 127.0.0.1 /untitled/Hotel/index.php/home/Login/userLogin
INFO: [ app_init ] --START--
INFO: Run Behavior\BuildLiteBehavior [ RunTime:0.000011s ]
INFO: [ app_init ] --END-- [ RunTime:0.000619s ]
INFO: [ app_begin ] --START--
INFO: Run Behavior\ReadHtmlCacheBehavior [ RunTime:0.001020s ]
INFO: [ app_begin ] --END-- [ RunTime:0.001064s ]
SQL: SHOW COLUMNS FROM `m_user` [ RunTime:0.0775s ]
SQL: SELECT * FROM `m_user` WHERE ( Uname='' ) LIMIT 1   [ RunTime:0.0004s ]

[ 2019-04-16T18:48:27+08:00 ] 127.0.0.1 /untitled/Hotel/index.php/home/Login/userLogin
INFO: [ app_init ] --START--
INFO: Run Behavior\BuildLiteBehavior [ RunTime:0.000011s ]
INFO: [ app_init ] --END-- [ RunTime:0.000549s ]
INFO: [ app_begin ] --START--
INFO: Run Behavior\ReadHtmlCacheBehavior [ RunTime:0.000741s ]
INFO: [ app_begin ] --END-- [ RunTime:0.000782s ]
SQL: SHOW COLUMNS FROM `m_user` [ RunTime:0.0092s ]
SQL: SELECT * FROM `m_user` WHERE ( Uname='' ) LIMIT 1   [ RunTime:0.0004s ]

[ 2019-04-16T18:55:42+08:00 ] 127.0.0.1 /untitled/Hotel/index.php/home/Login/userLogin
INFO: [ app_init ] --START--
INFO: Run Behavior\BuildLiteBehavior [ RunTime:0.000025s ]
INFO: [ app_init ] --END-- [ RunTime:0.000474s ]
INFO: [ app_begin ] --START--
INFO: Run Behavior\ReadHtmlCacheBehavior [ RunTime:0.001053s ]
INFO: [ app_begin ] --END-- [ RunTime:0.001112s ]
SQL: SHOW COLUMNS FROM `m_user` [ RunTime:0.0101s ]
SQL: SELECT * FROM `m_user` WHERE ( Uname='' ) LIMIT 1   [ RunTime:0.0004s ]

[ 2019-04-16T19:12:09+08:00 ] 127.0.0.1 /untitled/Hotel/index.php/home/Login/userLogin
INFO: [ app_init ] --START--
INFO: Run Behavior\BuildLiteBehavior [ RunTime:0.000007s ]
INFO: [ app_init ] --END-- [ RunTime:0.000443s ]
INFO: [ app_begin ] --START--
INFO: Run Behavior\ReadHtmlCacheBehavior [ RunTime:0.000754s ]
INFO: [ app_begin ] --END-- [ RunTime:0.000785s ]
SQL: SHOW COLUMNS FROM `m_user` [ RunTime:0.0118s ]
SQL: SELECT * FROM `m_user` WHERE ( Uname='' ) LIMIT 1   [ RunTime:0.0005s ]

[ 2019-04-16T19:13:04+08:00 ] 127.0.0.1 /untitled/Hotel/index.php/home/Login/userLogin
INFO: [ app_init ] --START--
INFO: Run Behavior\BuildLiteBehavior [ RunTime:0.000007s ]
INFO: [ app_init ] --END-- [ RunTime:0.000312s ]
INFO: [ app_begin ] --START--
INFO: Run Behavior\ReadHtmlCacheBehavior [ RunTime:0.000479s ]
INFO: [ app_begin ] --END-- [ RunTime:0.000501s ]
SQL: SHOW COLUMNS FROM `m_user` [ RunTime:0.0112s ]
SQL: SELECT * FROM `m_user` WHERE ( Uname='' ) LIMIT 1   [ RunTime:0.0003s ]

[ 2019-04-16T19:13:37+08:00 ] 127.0.0.1 /untitled/Hotel/index.php/home/Login/userLogin
INFO: [ app_init ] --START--
INFO: Run Behavior\BuildLiteBehavior [ RunTime:0.000007s ]
INFO: [ app_init ] --END-- [ RunTime:0.000296s ]
INFO: [ app_begin ] --START--
INFO: Run Behavior\ReadHtmlCacheBehavior [ RunTime:0.000529s ]
INFO: [ app_begin ] --END-- [ RunTime:0.000554s ]
SQL: SHOW COLUMNS FROM `m_user` [ RunTime:0.0189s ]
SQL: SELECT * FROM `m_user` WHERE ( Uname='1' ) LIMIT 1   [ RunTime:0.0005s ]

[ 2019-04-16T19:26:09+08:00 ] 127.0.0.1 /untitled/Hotel/index.php/home/Login/userLogin
INFO: [ app_init ] --START--
INFO: Run Behavior\BuildLiteBehavior [ RunTime:0.000009s ]
INFO: [ app_init ] --END-- [ RunTime:0.000615s ]
INFO: [ app_begin ] --START--
INFO: Run Behavior\ReadHtmlCacheBehavior [ RunTime:0.001100s ]
INFO: [ app_begin ] --END-- [ RunTime:0.001144s ]
SQL: SHOW COLUMNS FROM `m_user` [ RunTime:0.0107s ]
SQL: SELECT * FROM `m_user` WHERE ( Uname='1' ) LIMIT 1   [ RunTime:0.0004s ]

[ 2019-04-16T19:27:36+08:00 ] 127.0.0.1 /untitled/Hotel/index.php/home/Login/userLogin
INFO: [ app_init ] --START--
INFO: Run Behavior\BuildLiteBehavior [ RunTime:0.000009s ]
INFO: [ app_init ] --END-- [ RunTime:0.000391s ]
INFO: [ app_begin ] --START--
INFO: Run Behavior\ReadHtmlCacheBehavior [ RunTime:0.000549s ]
INFO: [ app_begin ] --END-- [ RunTime:0.000582s ]
SQL: SHOW COLUMNS FROM `m_user` [ RunTime:0.0661s ]
SQL: SELECT * FROM `m_user` WHERE ( Uname='' ) LIMIT 1   [ RunTime:0.0003s ]

[ 2019-04-16T19:30:22+08:00 ] 127.0.0.1 /untitled/Hotel/index.php/home/Login/userLogin
INFO: [ app_init ] --START--
INFO: Run Behavior\BuildLiteBehavior [ RunTime:0.000044s ]
INFO: [ app_init ] --END-- [ RunTime:0.000760s ]
INFO: [ app_begin ] --START--
INFO: Run Behavior\ReadHtmlCacheBehavior [ RunTime:0.000633s ]
INFO: [ app_begin ] --END-- [ RunTime:0.000662s ]
SQL: SHOW COLUMNS FROM `m_user` [ RunTime:0.0084s ]
SQL: SELECT * FROM `m_user` WHERE ( Uname='' ) LIMIT 1   [ RunTime:0.0004s ]

[ 2019-04-16T19:31:20+08:00 ] 127.0.0.1 /untitled/Hotel/index.php/home/Login/userLogin
INFO: [ app_init ] --START--
INFO: Run Behavior\BuildLiteBehavior [ RunTime:0.000012s ]
INFO: [ app_init ] --END-- [ RunTime:0.000525s ]
INFO: [ app_begin ] --START--
INFO: Run Behavior\ReadHtmlCacheBehavior [ RunTime:0.000763s ]
INFO: [ app_begin ] --END-- [ RunTime:0.000803s ]
SQL: SHOW COLUMNS FROM `m_user` [ RunTime:0.0101s ]
SQL: SELECT * FROM `m_user` WHERE ( Uname='' ) LIMIT 1   [ RunTime:0.0004s ]

[ 2019-04-16T20:02:01+08:00 ] 127.0.0.1 /untitled/Hotel/index.php/home/Login/userLogin
INFO: [ app_init ] --START--
INFO: Run Behavior\BuildLiteBehavior [ RunTime:0.000013s ]
INFO: [ app_init ] --END-- [ RunTime:0.000582s ]
INFO: [ app_begin ] --START--
INFO: Run Behavior\ReadHtmlCacheBehavior [ RunTime:0.001596s ]
INFO: [ app_begin ] --END-- [ RunTime:0.001637s ]
SQL: SHOW COLUMNS FROM `m_user` [ RunTime:0.0091s ]
SQL: SELECT * FROM `m_user` WHERE ( Uname='' ) LIMIT 1   [ RunTime:0.0004s ]

[ 2019-04-16T20:02:45+08:00 ] 127.0.0.1 /untitled/Hotel/index.php/home/Login/userLogin
INFO: [ app_init ] --START--
INFO: Run Behavior\BuildLiteBehavior [ RunTime:0.000007s ]
INFO: [ app_init ] --END-- [ RunTime:0.000308s ]
INFO: [ app_begin ] --START--
INFO: Run Behavior\ReadHtmlCacheBehavior [ RunTime:0.000481s ]
INFO: [ app_begin ] --END-- [ RunTime:0.000506s ]
SQL: SHOW COLUMNS FROM `m_user` [ RunTime:0.0100s ]
SQL: SELECT * FROM `m_user` WHERE ( Uname='' ) LIMIT 1   [ RunTime:0.0004s ]

[ 2019-04-16T20:04:44+08:00 ] 127.0.0.1 /untitled/Hotel/index.php/home/Login/userLogin
INFO: [ app_init ] --START--
INFO: Run Behavior\BuildLiteBehavior [ RunTime:0.000007s ]
INFO: [ app_init ] --END-- [ RunTime:0.000471s ]
INFO: [ app_begin ] --START--
INFO: Run Behavior\ReadHtmlCacheBehavior [ RunTime:0.000736s ]
INFO: [ app_begin ] --END-- [ RunTime:0.000762s ]
SQL: SHOW COLUMNS FROM `m_user` [ RunTime:0.0105s ]
SQL: SELECT * FROM `m_user` WHERE ( Uname='1' ) LIMIT 1   [ RunTime:0.0004s ]

[ 2019-04-16T20:06:23+08:00 ] 127.0.0.1 /untitled/Hotel/index.php/home/Login/userLogin
INFO: [ app_init ] --START--
INFO: Run Behavior\BuildLiteBehavior [ RunTime:0.000010s ]
INFO: [ app_init ] --END-- [ RunTime:0.000441s ]
INFO: [ app_begin ] --START--
INFO: Run Behavior\ReadHtmlCacheBehavior [ RunTime:0.000513s ]
INFO: [ app_begin ] --END-- [ RunTime:0.000539s ]
SQL: SHOW COLUMNS FROM `m_user` [ RunTime:0.0095s ]
SQL: SELECT * FROM `m_user` WHERE ( Uname='1' ) LIMIT 1   [ RunTime:0.0004s ]

[ 2019-04-16T20:07:28+08:00 ] 127.0.0.1 /untitled/Hotel/index.php/home/Login/userLogin
INFO: [ app_init ] --START--
INFO: Run Behavior\BuildLiteBehavior [ RunTime:0.000012s ]
INFO: [ app_init ] --END-- [ RunTime:0.000821s ]
INFO: [ app_begin ] --START--
INFO: Run Behavior\ReadHtmlCacheBehavior [ RunTime:0.000627s ]
INFO: [ app_begin ] --END-- [ RunTime:0.000653s ]
SQL: SHOW COLUMNS FROM `m_user` [ RunTime:0.0132s ]
SQL: SELECT * FROM `m_user` WHERE ( Uname='' ) LIMIT 1   [ RunTime:0.0004s ]

[ 2019-04-16T20:08:06+08:00 ] 127.0.0.1 /untitled/Hotel/index.php/home/Login/userLogin
INFO: [ app_init ] --START--
INFO: Run Behavior\BuildLiteBehavior [ RunTime:0.000009s ]
INFO: [ app_init ] --END-- [ RunTime:0.000477s ]
INFO: [ app_begin ] --START--
INFO: Run Behavior\ReadHtmlCacheBehavior [ RunTime:0.000917s ]
INFO: [ app_begin ] --END-- [ RunTime:0.000988s ]
SQL: SHOW COLUMNS FROM `m_user` [ RunTime:0.0144s ]
SQL: SELECT * FROM `m_user` WHERE ( Uname='' ) LIMIT 1   [ RunTime:0.0004s ]

[ 2019-04-16T20:09:02+08:00 ] 127.0.0.1 /untitled/Hotel/index.php/home/Login/userLogin
INFO: [ app_init ] --START--
INFO: Run Behavior\BuildLiteBehavior [ RunTime:0.000012s ]
INFO: [ app_init ] --END-- [ RunTime:0.000558s ]
INFO: [ app_begin ] --START--
INFO: Run Behavior\ReadHtmlCacheBehavior [ RunTime:0.000733s ]
INFO: [ app_begin ] --END-- [ RunTime:0.000796s ]
SQL: SHOW COLUMNS FROM `m_user` [ RunTime:0.0107s ]
SQL: SELECT * FROM `m_user` WHERE ( Uname='' ) LIMIT 1   [ RunTime:0.0003s ]

[ 2019-04-16T20:10:01+08:00 ] 127.0.0.1 /untitled/Hotel/index.php/home/Login/userLogin
INFO: [ app_init ] --START--
INFO: Run Behavior\BuildLiteBehavior [ RunTime:0.000010s ]
INFO: [ app_init ] --END-- [ RunTime:0.000700s ]
INFO: [ app_begin ] --START--
INFO: Run Behavior\ReadHtmlCacheBehavior [ RunTime:0.001046s ]
INFO: [ app_begin ] --END-- [ RunTime:0.001105s ]
SQL: SHOW COLUMNS FROM `m_user` [ RunTime:0.0119s ]
SQL: SELECT * FROM `m_user` WHERE ( Uname='' ) LIMIT 1   [ RunTime:0.0004s ]

[ 2019-04-16T20:15:04+08:00 ] 127.0.0.1 /untitled/Hotel/index.php/home/Login/userLogin
INFO: [ app_init ] --START--
INFO: Run Behavior\BuildLiteBehavior [ RunTime:0.000008s ]
INFO: [ app_init ] --END-- [ RunTime:0.000400s ]
INFO: [ app_begin ] --START--
INFO: Run Behavior\ReadHtmlCacheBehavior [ RunTime:0.001243s ]
INFO: [ app_begin ] --END-- [ RunTime:0.001310s ]
SQL: SHOW COLUMNS FROM `m_user` [ RunTime:0.0122s ]
SQL: SELECT * FROM `m_user` WHERE ( Uname='' ) LIMIT 1   [ RunTime:0.0004s ]

[ 2019-04-16T20:16:01+08:00 ] 127.0.0.1 /untitled/Hotel/index.php/home/Login/userLogin
INFO: [ app_init ] --START--
INFO: Run Behavior\BuildLiteBehavior [ RunTime:0.000008s ]
INFO: [ app_init ] --END-- [ RunTime:0.000375s ]
INFO: [ app_begin ] --START--
INFO: Run Behavior\ReadHtmlCacheBehavior [ RunTime:0.000592s ]
INFO: [ app_begin ] --END-- [ RunTime:0.000621s ]
SQL: SHOW COLUMNS FROM `m_user` [ RunTime:0.0116s ]
SQL: SELECT * FROM `m_user` WHERE ( Uname='' ) LIMIT 1   [ RunTime:0.0003s ]

[ 2019-04-16T20:16:39+08:00 ] 127.0.0.1 /untitled/Hotel/index.php/home/Login/userLogin
INFO: [ app_init ] --START--
INFO: Run Behavior\BuildLiteBehavior [ RunTime:0.000006s ]
INFO: [ app_init ] --END-- [ RunTime:0.000307s ]
INFO: [ app_begin ] --START--
INFO: Run Behavior\ReadHtmlCacheBehavior [ RunTime:0.000575s ]
INFO: [ app_begin ] --END-- [ RunTime:0.000633s ]
SQL: SHOW COLUMNS FROM `m_user` [ RunTime:0.0103s ]
SQL: SELECT * FROM `m_user` WHERE ( Uname='' ) LIMIT 1   [ RunTime:0.0003s ]

[ 2019-04-16T20:17:45+08:00 ] 127.0.0.1 /untitled/Hotel/index.php/home/Login/userLogin
INFO: [ app_init ] --START--
INFO: Run Behavior\BuildLiteBehavior [ RunTime:0.000012s ]
INFO: [ app_init ] --END-- [ RunTime:0.000561s ]
INFO: [ app_begin ] --START--
INFO: Run Behavior\ReadHtmlCacheBehavior [ RunTime:0.000877s ]
INFO: [ app_begin ] --END-- [ RunTime:0.000927s ]
SQL: SHOW COLUMNS FROM `m_user` [ RunTime:0.0248s ]
SQL: SELECT * FROM `m_user` WHERE ( Uname='' ) LIMIT 1   [ RunTime:0.0003s ]

[ 2019-04-16T20:18:48+08:00 ] 127.0.0.1 /untitled/Hotel/index.php/home/Login/userLogin
INFO: [ app_init ] --START--
INFO: Run Behavior\BuildLiteBehavior [ RunTime:0.000011s ]
INFO: [ app_init ] --END-- [ RunTime:0.000561s ]
INFO: [ app_begin ] --START--
INFO: Run Behavior\ReadHtmlCacheBehavior [ RunTime:0.000531s ]
INFO: [ app_begin ] --END-- [ RunTime:0.000585s ]
SQL: SHOW COLUMNS FROM `m_user` [ RunTime:0.0132s ]
SQL: SELECT * FROM `m_user` WHERE ( Uname='' ) LIMIT 1   [ RunTime:0.0006s ]

[ 2019-04-16T20:19:16+08:00 ] 127.0.0.1 /untitled/Hotel/index.php/home/Login/userLogin
INFO: [ app_init ] --START--
INFO: Run Behavior\BuildLiteBehavior [ RunTime:0.000010s ]
INFO: [ app_init ] --END-- [ RunTime:0.000553s ]
INFO: [ app_begin ] --START--
INFO: Run Behavior\ReadHtmlCacheBehavior [ RunTime:0.001143s ]
INFO: [ app_begin ] --END-- [ RunTime:0.001232s ]
SQL: SHOW COLUMNS FROM `m_user` [ RunTime:0.0169s ]
SQL: SELECT * FROM `m_user` WHERE ( Uname='' ) LIMIT 1   [ RunTime:0.0003s ]

[ 2019-04-16T20:20:04+08:00 ] 127.0.0.1 /untitled/Hotel/index.php/home/Login/userLogin
INFO: [ app_init ] --START--
INFO: Run Behavior\BuildLiteBehavior [ RunTime:0.000008s ]
INFO: [ app_init ] --END-- [ RunTime:0.000388s ]
INFO: [ app_begin ] --START--
INFO: Run Behavior\ReadHtmlCacheBehavior [ RunTime:0.001049s ]
INFO: [ app_begin ] --END-- [ RunTime:0.001100s ]
SQL: SHOW COLUMNS FROM `m_user` [ RunTime:0.0194s ]
SQL: SELECT * FROM `m_user` WHERE ( Uname='' ) LIMIT 1   [ RunTime:0.0004s ]

[ 2019-04-16T20:25:04+08:00 ] 127.0.0.1 /untitled/Hotel/index.php/home/Login/userLogin
INFO: [ app_init ] --START--
INFO: Run Behavior\BuildLiteBehavior [ RunTime:0.000007s ]
INFO: [ app_init ] --END-- [ RunTime:0.000351s ]
INFO: [ app_begin ] --START--
INFO: Run Behavior\ReadHtmlCacheBehavior [ RunTime:0.000727s ]
INFO: [ app_begin ] --END-- [ RunTime:0.000759s ]
SQL: SHOW COLUMNS FROM `m_user` [ RunTime:0.0134s ]
SQL: SELECT * FROM `m_user` WHERE ( Uname='1' ) LIMIT 1   [ RunTime:0.0007s ]

[ 2019-04-16T20:25:44+08:00 ] 127.0.0.1 /untitled/Hotel/index.php/home/Login/userLogin
INFO: [ app_init ] --START--
INFO: Run Behavior\BuildLiteBehavior [ RunTime:0.000006s ]
INFO: [ app_init ] --END-- [ RunTime:0.000302s ]
INFO: [ app_begin ] --START--
INFO: Run Behavior\ReadHtmlCacheBehavior [ RunTime:0.000474s ]
INFO: [ app_begin ] --END-- [ RunTime:0.000512s ]
SQL: SHOW COLUMNS FROM `m_user` [ RunTime:0.0179s ]
SQL: SELECT * FROM `m_user` WHERE ( Uname='' ) LIMIT 1   [ RunTime:0.0003s ]

[ 2019-04-16T20:26:09+08:00 ] 127.0.0.1 /untitled/Hotel/index.php/home/Login/userLogin
INFO: [ app_init ] --START--
INFO: Run Behavior\BuildLiteBehavior [ RunTime:0.000006s ]
INFO: [ app_init ] --END-- [ RunTime:0.000295s ]
INFO: [ app_begin ] --START--
INFO: Run Behavior\ReadHtmlCacheBehavior [ RunTime:0.000451s ]
INFO: [ app_begin ] --END-- [ RunTime:0.000482s ]
SQL: SHOW COLUMNS FROM `m_user` [ RunTime:0.0116s ]
SQL: SELECT * FROM `m_user` WHERE ( Uname='' ) LIMIT 1   [ RunTime:0.0004s ]

[ 2019-04-16T20:26:29+08:00 ] 127.0.0.1 /untitled/Hotel/index.php/home/Login/userLogin
INFO: [ app_init ] --START--
INFO: Run Behavior\BuildLiteBehavior [ RunTime:0.000007s ]
INFO: [ app_init ] --END-- [ RunTime:0.000355s ]
INFO: [ app_begin ] --START--
INFO: Run Behavior\ReadHtmlCacheBehavior [ RunTime:0.002288s ]
INFO: [ app_begin ] --END-- [ RunTime:0.002321s ]
SQL: SHOW COLUMNS FROM `m_user` [ RunTime:0.0121s ]
SQL: SELECT * FROM `m_user` WHERE ( Uname='' ) LIMIT 1   [ RunTime:0.0005s ]

[ 2019-04-16T20:27:28+08:00 ] 127.0.0.1 /untitled/Hotel/index.php/home/Login/userLogin
INFO: [ app_init ] --START--
INFO: Run Behavior\BuildLiteBehavior [ RunTime:0.000006s ]
INFO: [ app_init ] --END-- [ RunTime:0.000372s ]
INFO: [ app_begin ] --START--
INFO: Run Behavior\ReadHtmlCacheBehavior [ RunTime:0.000791s ]
INFO: [ app_begin ] --END-- [ RunTime:0.000825s ]
SQL: SHOW COLUMNS FROM `m_user` [ RunTime:0.0128s ]
SQL: SELECT * FROM `m_user` WHERE ( Uname='' ) LIMIT 1   [ RunTime:0.0004s ]

[ 2019-04-16T20:33:34+08:00 ] 127.0.0.1 /untitled/Hotel/index.php/home/Login/userLogin
INFO: [ app_init ] --START--
INFO: Run Behavior\BuildLiteBehavior [ RunTime:0.000010s ]
INFO: [ app_init ] --END-- [ RunTime:0.000652s ]
INFO: [ app_begin ] --START--
INFO: Run Behavior\ReadHtmlCacheBehavior [ RunTime:0.000710s ]
INFO: [ app_begin ] --END-- [ RunTime:0.000740s ]
SQL: SHOW COLUMNS FROM `m_user` [ RunTime:0.0116s ]
SQL: SELECT * FROM `m_user` WHERE ( Uname='' ) LIMIT 1   [ RunTime:0.0003s ]

[ 2019-04-16T20:33:43+08:00 ] 127.0.0.1 /untitled/Hotel/index.php/home/Login/userLogin
INFO: [ app_init ] --START--
INFO: Run Behavior\BuildLiteBehavior [ RunTime:0.000007s ]
INFO: [ app_init ] --END-- [ RunTime:0.000360s ]
INFO: [ app_begin ] --START--
INFO: Run Behavior\ReadHtmlCacheBehavior [ RunTime:0.000518s ]
INFO: [ app_begin ] --END-- [ RunTime:0.000541s ]
SQL: SHOW COLUMNS FROM `m_user` [ RunTime:0.0114s ]
SQL: SELECT * FROM `m_user` WHERE ( Uname='' ) LIMIT 1   [ RunTime:0.0004s ]

[ 2019-04-16T20:33:43+08:00 ] 127.0.0.1 /untitled/Hotel/index.php/home/Login/userLogin
INFO: [ app_init ] --START--
INFO: Run Behavior\BuildLiteBehavior [ RunTime:0.000007s ]
INFO: [ app_init ] --END-- [ RunTime:0.000296s ]
INFO: [ app_begin ] --START--
INFO: Run Behavior\ReadHtmlCacheBehavior [ RunTime:0.000856s ]
INFO: [ app_begin ] --END-- [ RunTime:0.000900s ]
SQL: SHOW COLUMNS FROM `m_user` [ RunTime:0.0112s ]
SQL: SELECT * FROM `m_user` WHERE ( Uname='' ) LIMIT 1   [ RunTime:0.0003s ]

[ 2019-04-16T20:33:44+08:00 ] 127.0.0.1 /untitled/Hotel/index.php/home/Login/userLogin
INFO: [ app_init ] --START--
INFO: Run Behavior\BuildLiteBehavior [ RunTime:0.000007s ]
INFO: [ app_init ] --END-- [ RunTime:0.000359s ]
INFO: [ app_begin ] --START--
INFO: Run Behavior\ReadHtmlCacheBehavior [ RunTime:0.000542s ]
INFO: [ app_begin ] --END-- [ RunTime:0.000566s ]
SQL: SHOW COLUMNS FROM `m_user` [ RunTime:0.0223s ]
SQL: SELECT * FROM `m_user` WHERE ( Uname='' ) LIMIT 1   [ RunTime:0.0006s ]

[ 2019-04-16T20:34:19+08:00 ] 127.0.0.1 /untitled/Hotel/index.php/home/Login/userLogin
INFO: [ app_init ] --START--
INFO: Run Behavior\BuildLiteBehavior [ RunTime:0.000012s ]
INFO: [ app_init ] --END-- [ RunTime:0.000559s ]
INFO: [ app_begin ] --START--
INFO: Run Behavior\ReadHtmlCacheBehavior [ RunTime:0.000911s ]
INFO: [ app_begin ] --END-- [ RunTime:0.000956s ]
SQL: SHOW COLUMNS FROM `m_user` [ RunTime:0.0115s ]
SQL: SELECT * FROM `m_user` WHERE ( Uname='' ) LIMIT 1   [ RunTime:0.0004s ]

[ 2019-04-16T20:37:18+08:00 ] 127.0.0.1 /untitled/Hotel/index.php/home/Login/userLogin
INFO: [ app_init ] --START--
INFO: Run Behavior\BuildLiteBehavior [ RunTime:0.000007s ]
INFO: [ app_init ] --END-- [ RunTime:0.000368s ]
INFO: [ app_begin ] --START--
INFO: Run Behavior\ReadHtmlCacheBehavior [ RunTime:0.000627s ]
INFO: [ app_begin ] --END-- [ RunTime:0.000651s ]
SQL: SHOW COLUMNS FROM `m_user` [ RunTime:0.0120s ]
SQL: SELECT * FROM `m_user` WHERE ( Uname='' ) LIMIT 1   [ RunTime:0.0005s ]

[ 2019-04-16T20:37:58+08:00 ] 127.0.0.1 /untitled/Hotel/index.php/home/Login/userLogin
INFO: [ app_init ] --START--
INFO: Run Behavior\BuildLiteBehavior [ RunTime:0.000010s ]
INFO: [ app_init ] --END-- [ RunTime:0.000502s ]
INFO: [ app_begin ] --START--
INFO: Run Behavior\ReadHtmlCacheBehavior [ RunTime:0.000748s ]
INFO: [ app_begin ] --END-- [ RunTime:0.000794s ]
SQL: SHOW COLUMNS FROM `m_user` [ RunTime:0.0332s ]
SQL: SELECT * FROM `m_user` WHERE ( Uname='' ) LIMIT 1   [ RunTime:0.0015s ]

[ 2019-04-16T20:38:33+08:00 ] 127.0.0.1 /untitled/Hotel/index.php/home/Login/userLogin
INFO: [ app_init ] --START--
INFO: Run Behavior\BuildLiteBehavior [ RunTime:0.000006s ]
INFO: [ app_init ] --END-- [ RunTime:0.000289s ]
INFO: [ app_begin ] --START--
INFO: Run Behavior\ReadHtmlCacheBehavior [ RunTime:0.000486s ]
INFO: [ app_begin ] --END-- [ RunTime:0.000515s ]
SQL: SHOW COLUMNS FROM `m_user` [ RunTime:0.0114s ]
SQL: SELECT * FROM `m_user` WHERE ( Uname='' ) LIMIT 1   [ RunTime:0.0004s ]

[ 2019-04-16T20:38:57+08:00 ] 127.0.0.1 /untitled/Hotel/index.php/home/Login/userLogin
INFO: [ app_init ] --START--
INFO: Run Behavior\BuildLiteBehavior [ RunTime:0.000006s ]
INFO: [ app_init ] --END-- [ RunTime:0.000307s ]
INFO: [ app_begin ] --START--
INFO: Run Behavior\ReadHtmlCacheBehavior [ RunTime:0.000472s ]
INFO: [ app_begin ] --END-- [ RunTime:0.000513s ]
SQL: SHOW COLUMNS FROM `m_user` [ RunTime:0.0112s ]
SQL: SELECT * FROM `m_user` WHERE ( Uname='' ) LIMIT 1   [ RunTime:0.0004s ]

[ 2019-04-16T20:39:32+08:00 ] 127.0.0.1 /untitled/Hotel/index.php/home/Login/userLogin
INFO: [ app_init ] --START--
INFO: Run Behavior\BuildLiteBehavior [ RunTime:0.000009s ]
INFO: [ app_init ] --END-- [ RunTime:0.000757s ]
INFO: [ app_begin ] --START--
INFO: Run Behavior\ReadHtmlCacheBehavior [ RunTime:0.000749s ]
INFO: [ app_begin ] --END-- [ RunTime:0.000778s ]
SQL: SHOW COLUMNS FROM `m_user` [ RunTime:0.3024s ]
SQL: SELECT * FROM `m_user` WHERE ( Uname='' ) LIMIT 1   [ RunTime:0.0004s ]

[ 2019-04-16T20:39:44+08:00 ] 127.0.0.1 /untitled/Hotel/index.php/home/Login/userLogin
INFO: [ app_init ] --START--
INFO: Run Behavior\BuildLiteBehavior [ RunTime:0.000009s ]
INFO: [ app_init ] --END-- [ RunTime:0.000541s ]
INFO: [ app_begin ] --START--
INFO: Run Behavior\ReadHtmlCacheBehavior [ RunTime:0.000685s ]
INFO: [ app_begin ] --END-- [ RunTime:0.000725s ]
SQL: SHOW COLUMNS FROM `m_user` [ RunTime:0.2322s ]
SQL: SELECT * FROM `m_user` WHERE ( Uname='' ) LIMIT 1   [ RunTime:0.0004s ]

[ 2019-04-16T20:39:58+08:00 ] 127.0.0.1 /untitled/Hotel/index.php/home/Login/userLogin
INFO: [ app_init ] --START--
INFO: Run Behavior\BuildLiteBehavior [ RunTime:0.000007s ]
INFO: [ app_init ] --END-- [ RunTime:0.000322s ]
INFO: [ app_begin ] --START--
INFO: Run Behavior\ReadHtmlCacheBehavior [ RunTime:0.000491s ]
INFO: [ app_begin ] --END-- [ RunTime:0.000516s ]
SQL: SHOW COLUMNS FROM `m_user` [ RunTime:0.0107s ]
SQL: SELECT * FROM `m_user` WHERE ( Uname='' ) LIMIT 1   [ RunTime:0.0004s ]

[ 2019-04-16T20:41:04+08:00 ] 127.0.0.1 /untitled/Hotel/index.php/home/Login/userLogin
INFO: [ app_init ] --START--
INFO: Run Behavior\BuildLiteBehavior [ RunTime:0.000012s ]
INFO: [ app_init ] --END-- [ RunTime:0.000583s ]
INFO: [ app_begin ] --START--
INFO: Run Behavior\ReadHtmlCacheBehavior [ RunTime:0.000559s ]
INFO: [ app_begin ] --END-- [ RunTime:0.000611s ]
SQL: SHOW COLUMNS FROM `m_user` [ RunTime:0.0110s ]
SQL: SELECT * FROM `m_user` WHERE ( Uname='' ) LIMIT 1   [ RunTime:0.0004s ]

[ 2019-04-16T20:41:23+08:00 ] 127.0.0.1 /untitled/Hotel/index.php/home/Login/userLogin
INFO: [ app_init ] --START--
INFO: Run Behavior\BuildLiteBehavior [ RunTime:0.000008s ]
INFO: [ app_init ] --END-- [ RunTime:0.000459s ]
INFO: [ app_begin ] --START--
INFO: Run Behavior\ReadHtmlCacheBehavior [ RunTime:0.000514s ]
INFO: [ app_begin ] --END-- [ RunTime:0.000539s ]
SQL: SHOW COLUMNS FROM `m_user` [ RunTime:0.1728s ]
SQL: SELECT * FROM `m_user` WHERE ( Uname='' ) LIMIT 1   [ RunTime:0.0003s ]

[ 2019-04-16T20:41:36+08:00 ] 127.0.0.1 /untitled/Hotel/index.php/home/Login/userLogin
INFO: [ app_init ] --START--
INFO: Run Behavior\BuildLiteBehavior [ RunTime:0.000007s ]
INFO: [ app_init ] --END-- [ RunTime:0.000471s ]
INFO: [ app_begin ] --START--
INFO: Run Behavior\ReadHtmlCacheBehavior [ RunTime:0.000729s ]
INFO: [ app_begin ] --END-- [ RunTime:0.000760s ]
SQL: SHOW COLUMNS FROM `m_user` [ RunTime:0.0149s ]
SQL: SELECT * FROM `m_user` WHERE ( Uname='' ) LIMIT 1   [ RunTime:0.0004s ]

[ 2019-04-16T20:41:48+08:00 ] 127.0.0.1 /untitled/Hotel/index.php/home/Login/userLogin
INFO: [ app_init ] --START--
INFO: Run Behavior\BuildLiteBehavior [ RunTime:0.000011s ]
INFO: [ app_init ] --END-- [ RunTime:0.000505s ]
INFO: [ app_begin ] --START--
INFO: Run Behavior\ReadHtmlCacheBehavior [ RunTime:0.000784s ]
INFO: [ app_begin ] --END-- [ RunTime:0.000833s ]
SQL: SHOW COLUMNS FROM `m_user` [ RunTime:0.0145s ]
SQL: SELECT * FROM `m_user` WHERE ( Uname='' ) LIMIT 1   [ RunTime:0.0003s ]

[ 2019-04-16T20:42:01+08:00 ] 127.0.0.1 /untitled/Hotel/index.php/home/Login/userLogin
INFO: [ app_init ] --START--
INFO: Run Behavior\BuildLiteBehavior [ RunTime:0.000010s ]
INFO: [ app_init ] --END-- [ RunTime:0.000445s ]
INFO: [ app_begin ] --START--
INFO: Run Behavior\ReadHtmlCacheBehavior [ RunTime:0.000700s ]
INFO: [ app_begin ] --END-- [ RunTime:0.000743s ]
SQL: SHOW COLUMNS FROM `m_user` [ RunTime:0.0105s ]
SQL: SELECT * FROM `m_user` WHERE ( Uname='' ) LIMIT 1   [ RunTime:0.0004s ]

[ 2019-04-16T20:42:11+08:00 ] 127.0.0.1 /untitled/Hotel/index.php/home/Login/userLogin
INFO: [ app_init ] --START--
INFO: Run Behavior\BuildLiteBehavior [ RunTime:0.000009s ]
INFO: [ app_init ] --END-- [ RunTime:0.000572s ]
INFO: [ app_begin ] --START--
INFO: Run Behavior\ReadHtmlCacheBehavior [ RunTime:0.000817s ]
INFO: [ app_begin ] --END-- [ RunTime:0.000869s ]
SQL: SHOW COLUMNS FROM `m_user` [ RunTime:0.0111s ]
SQL: SELECT * FROM `m_user` WHERE ( Uname='' ) LIMIT 1   [ RunTime:0.0003s ]

[ 2019-04-16T20:42:57+08:00 ] 127.0.0.1 /untitled/Hotel/index.php/home/Login/userLogin
INFO: [ app_init ] --START--
INFO: Run Behavior\BuildLiteBehavior [ RunTime:0.000007s ]
INFO: [ app_init ] --END-- [ RunTime:0.000398s ]
INFO: [ app_begin ] --START--
INFO: Run Behavior\ReadHtmlCacheBehavior [ RunTime:0.000742s ]
INFO: [ app_begin ] --END-- [ RunTime:0.000790s ]
SQL: SHOW COLUMNS FROM `m_user` [ RunTime:0.0139s ]
SQL: SELECT * FROM `m_user` WHERE ( Uname='' ) LIMIT 1   [ RunTime:0.0003s ]

[ 2019-04-16T20:43:13+08:00 ] 127.0.0.1 /untitled/Hotel/index.php/home/Login/userLogin
INFO: [ app_init ] --START--
INFO: Run Behavior\BuildLiteBehavior [ RunTime:0.000010s ]
INFO: [ app_init ] --END-- [ RunTime:0.000641s ]
INFO: [ app_begin ] --START--
INFO: Run Behavior\ReadHtmlCacheBehavior [ RunTime:0.000595s ]
INFO: [ app_begin ] --END-- [ RunTime:0.000632s ]
SQL: SHOW COLUMNS FROM `m_user` [ RunTime:0.0133s ]
SQL: SELECT * FROM `m_user` WHERE ( Uname='' ) LIMIT 1   [ RunTime:0.0003s ]

[ 2019-04-16T20:43:36+08:00 ] 127.0.0.1 /untitled/Hotel/index.php/home/Login/userLogin
INFO: [ app_init ] --START--
INFO: Run Behavior\BuildLiteBehavior [ RunTime:0.000011s ]
INFO: [ app_init ] --END-- [ RunTime:0.000530s ]
INFO: [ app_begin ] --START--
INFO: Run Behavior\ReadHtmlCacheBehavior [ RunTime:0.000910s ]
INFO: [ app_begin ] --END-- [ RunTime:0.000962s ]
SQL: SHOW COLUMNS FROM `m_user` [ RunTime:0.0186s ]
SQL: SELECT * FROM `m_user` WHERE ( Uname='' ) LIMIT 1   [ RunTime:0.0004s ]

[ 2019-04-16T20:46:01+08:00 ] 127.0.0.1 /untitled/Hotel/index.php/home/Login/userLogin
INFO: [ app_init ] --START--
INFO: Run Behavior\BuildLiteBehavior [ RunTime:0.000007s ]
INFO: [ app_init ] --END-- [ RunTime:0.000389s ]
INFO: [ app_begin ] --START--
INFO: Run Behavior\ReadHtmlCacheBehavior [ RunTime:0.000686s ]
INFO: [ app_begin ] --END-- [ RunTime:0.000714s ]
SQL: SHOW COLUMNS FROM `m_user` [ RunTime:0.0268s ]
SQL: SELECT * FROM `m_user` WHERE ( Uname='' ) LIMIT 1   [ RunTime:0.0005s ]

[ 2019-04-16T20:46:11+08:00 ] 127.0.0.1 /untitled/Hotel/index.php/home/Login/userLogin
INFO: [ app_init ] --START--
INFO: Run Behavior\BuildLiteBehavior [ RunTime:0.000008s ]
INFO: [ app_init ] --END-- [ RunTime:0.003066s ]
INFO: [ app_begin ] --START--
INFO: Run Behavior\ReadHtmlCacheBehavior [ RunTime:0.000542s ]
INFO: [ app_begin ] --END-- [ RunTime:0.000583s ]
SQL: SHOW COLUMNS FROM `m_user` [ RunTime:0.0120s ]
SQL: SELECT * FROM `m_user` WHERE ( Uname='' ) LIMIT 1   [ RunTime:0.0004s ]

[ 2019-04-16T20:46:11+08:00 ] 127.0.0.1 /untitled/Hotel/index.php/home/Login/userLogin
INFO: [ app_init ] --START--
INFO: Run Behavior\BuildLiteBehavior [ RunTime:0.000009s ]
INFO: [ app_init ] --END-- [ RunTime:0.000340s ]
INFO: [ app_begin ] --START--
INFO: Run Behavior\ReadHtmlCacheBehavior [ RunTime:0.000485s ]
INFO: [ app_begin ] --END-- [ RunTime:0.000510s ]
SQL: SHOW COLUMNS FROM `m_user` [ RunTime:0.0100s ]
SQL: SELECT * FROM `m_user` WHERE ( Uname='' ) LIMIT 1   [ RunTime:0.0004s ]

[ 2019-04-16T20:46:11+08:00 ] 127.0.0.1 /untitled/Hotel/index.php/home/Login/userLogin
INFO: [ app_init ] --START--
INFO: Run Behavior\BuildLiteBehavior [ RunTime:0.000007s ]
INFO: [ app_init ] --END-- [ RunTime:0.000339s ]
INFO: [ app_begin ] --START--
INFO: Run Behavior\ReadHtmlCacheBehavior [ RunTime:0.000522s ]
INFO: [ app_begin ] --END-- [ RunTime:0.000545s ]
SQL: SHOW COLUMNS FROM `m_user` [ RunTime:0.0152s ]
SQL: SELECT * FROM `m_user` WHERE ( Uname='' ) LIMIT 1   [ RunTime:0.0004s ]

[ 2019-04-16T20:46:11+08:00 ] 127.0.0.1 /untitled/Hotel/index.php/home/Login/userLogin
INFO: [ app_init ] --START--
INFO: Run Behavior\BuildLiteBehavior [ RunTime:0.000010s ]
INFO: [ app_init ] --END-- [ RunTime:0.000530s ]
INFO: [ app_begin ] --START--
INFO: Run Behavior\ReadHtmlCacheBehavior [ RunTime:0.000605s ]
INFO: [ app_begin ] --END-- [ RunTime:0.000639s ]
SQL: SHOW COLUMNS FROM `m_user` [ RunTime:0.0109s ]
SQL: SELECT * FROM `m_user` WHERE ( Uname='' ) LIMIT 1   [ RunTime:0.0005s ]

[ 2019-04-16T20:46:22+08:00 ] 127.0.0.1 /untitled/Hotel/index.php/home/Login/userLogin
INFO: [ app_init ] --START--
INFO: Run Behavior\BuildLiteBehavior [ RunTime:0.000018s ]
INFO: [ app_init ] --END-- [ RunTime:0.000752s ]
INFO: [ app_begin ] --START--
INFO: Run Behavior\ReadHtmlCacheBehavior [ RunTime:0.000548s ]
INFO: [ app_begin ] --END-- [ RunTime:0.000576s ]
SQL: SHOW COLUMNS FROM `m_user` [ RunTime:0.0111s ]
SQL: SELECT * FROM `m_user` WHERE ( Uname='' ) LIMIT 1   [ RunTime:0.0005s ]

[ 2019-04-16T20:47:03+08:00 ] 127.0.0.1 /untitled/Hotel/index.php/home/Login/userLogin
INFO: [ app_init ] --START--
INFO: Run Behavior\BuildLiteBehavior [ RunTime:0.000008s ]
INFO: [ app_init ] --END-- [ RunTime:0.000349s ]
INFO: [ app_begin ] --START--
INFO: Run Behavior\ReadHtmlCacheBehavior [ RunTime:0.000604s ]
INFO: [ app_begin ] --END-- [ RunTime:0.000666s ]
SQL: SHOW COLUMNS FROM `m_user` [ RunTime:0.0103s ]
SQL: SELECT * FROM `m_user` WHERE ( Uname='' ) LIMIT 1   [ RunTime:0.0004s ]

[ 2019-04-16T20:47:06+08:00 ] 127.0.0.1 /untitled/Hotel/index.php/home/Login/userLogin
INFO: [ app_init ] --START--
INFO: Run Behavior\BuildLiteBehavior [ RunTime:0.000009s ]
INFO: [ app_init ] --END-- [ RunTime:0.000325s ]
INFO: [ app_begin ] --START--
INFO: Run Behavior\ReadHtmlCacheBehavior [ RunTime:0.000498s ]
INFO: [ app_begin ] --END-- [ RunTime:0.000521s ]
SQL: SHOW COLUMNS FROM `m_user` [ RunTime:0.0492s ]
SQL: SELECT * FROM `m_user` WHERE ( Uname='' ) LIMIT 1   [ RunTime:0.0003s ]

[ 2019-04-16T20:47:06+08:00 ] 127.0.0.1 /untitled/Hotel/index.php/home/Login/userLogin
INFO: [ app_init ] --START--
INFO: Run Behavior\BuildLiteBehavior [ RunTime:0.000021s ]
INFO: [ app_init ] --END-- [ RunTime:0.000360s ]
INFO: [ app_begin ] --START--
INFO: Run Behavior\ReadHtmlCacheBehavior [ RunTime:0.000563s ]
INFO: [ app_begin ] --END-- [ RunTime:0.000593s ]
SQL: SHOW COLUMNS FROM `m_user` [ RunTime:0.0115s ]
SQL: SELECT * FROM `m_user` WHERE ( Uname='' ) LIMIT 1   [ RunTime:0.0004s ]

[ 2019-04-16T20:47:07+08:00 ] 127.0.0.1 /untitled/Hotel/index.php/home/Login/userLogin
INFO: [ app_init ] --START--
INFO: Run Behavior\BuildLiteBehavior [ RunTime:0.000006s ]
INFO: [ app_init ] --END-- [ RunTime:0.000361s ]
INFO: [ app_begin ] --START--
INFO: Run Behavior\ReadHtmlCacheBehavior [ RunTime:0.000504s ]
INFO: [ app_begin ] --END-- [ RunTime:0.000527s ]
SQL: SHOW COLUMNS FROM `m_user` [ RunTime:0.0149s ]
SQL: SELECT * FROM `m_user` WHERE ( Uname='' ) LIMIT 1   [ RunTime:0.0003s ]

[ 2019-04-16T20:47:07+08:00 ] 127.0.0.1 /untitled/Hotel/index.php/home/Login/userLogin
INFO: [ app_init ] --START--
INFO: Run Behavior\BuildLiteBehavior [ RunTime:0.000015s ]
INFO: [ app_init ] --END-- [ RunTime:0.000766s ]
INFO: [ app_begin ] --START--
INFO: Run Behavior\ReadHtmlCacheBehavior [ RunTime:0.000974s ]
INFO: [ app_begin ] --END-- [ RunTime:0.001022s ]
SQL: SHOW COLUMNS FROM `m_user` [ RunTime:0.0143s ]
SQL: SELECT * FROM `m_user` WHERE ( Uname='' ) LIMIT 1   [ RunTime:0.0003s ]

[ 2019-04-16T20:47:07+08:00 ] 127.0.0.1 /untitled/Hotel/index.php/home/Login/userLogin
INFO: [ app_init ] --START--
INFO: Run Behavior\BuildLiteBehavior [ RunTime:0.000007s ]
INFO: [ app_init ] --END-- [ RunTime:0.000329s ]
INFO: [ app_begin ] --START--
INFO: Run Behavior\ReadHtmlCacheBehavior [ RunTime:0.000557s ]
INFO: [ app_begin ] --END-- [ RunTime:0.000588s ]
SQL: SHOW COLUMNS FROM `m_user` [ RunTime:0.0100s ]
SQL: SELECT * FROM `m_user` WHERE ( Uname='' ) LIMIT 1   [ RunTime:0.0003s ]

[ 2019-04-16T20:47:12+08:00 ] 127.0.0.1 /untitled/Hotel/index.php/home/Login/userLogin
INFO: [ app_init ] --START--
INFO: Run Behavior\BuildLiteBehavior [ RunTime:0.000013s ]
INFO: [ app_init ] --END-- [ RunTime:0.000526s ]
INFO: [ app_begin ] --START--
INFO: Run Behavior\ReadHtmlCacheBehavior [ RunTime:0.000823s ]
INFO: [ app_begin ] --END-- [ RunTime:0.000871s ]
SQL: SHOW COLUMNS FROM `m_user` [ RunTime:0.0131s ]
SQL: SELECT * FROM `m_user` WHERE ( Uname='1' ) LIMIT 1   [ RunTime:0.0003s ]

[ 2019-04-16T20:47:16+08:00 ] 127.0.0.1 /untitled/Hotel/index.php/home/Login/userLogin
INFO: [ app_init ] --START--
INFO: Run Behavior\BuildLiteBehavior [ RunTime:0.000006s ]
INFO: [ app_init ] --END-- [ RunTime:0.000312s ]
INFO: [ app_begin ] --START--
INFO: Run Behavior\ReadHtmlCacheBehavior [ RunTime:0.000579s ]
INFO: [ app_begin ] --END-- [ RunTime:0.000619s ]
SQL: SHOW COLUMNS FROM `m_user` [ RunTime:0.0099s ]
SQL: SELECT * FROM `m_user` WHERE ( Uname='1' ) LIMIT 1   [ RunTime:0.0004s ]

[ 2019-04-16T20:48:02+08:00 ] 127.0.0.1 /untitled/Hotel/index.php/home/Login/userLogin
INFO: [ app_init ] --START--
INFO: Run Behavior\BuildLiteBehavior [ RunTime:0.000006s ]
INFO: [ app_init ] --END-- [ RunTime:0.000326s ]
INFO: [ app_begin ] --START--
INFO: Run Behavior\ReadHtmlCacheBehavior [ RunTime:0.000583s ]
INFO: [ app_begin ] --END-- [ RunTime:0.000617s ]
SQL: SHOW COLUMNS FROM `m_user` [ RunTime:0.0114s ]
SQL: SELECT * FROM `m_user` WHERE ( Uname='' ) LIMIT 1   [ RunTime:0.0009s ]

[ 2019-04-16T20:54:34+08:00 ] 127.0.0.1 /untitled/Hotel/index.php/home/Login/userLogin
INFO: [ app_init ] --START--
INFO: Run Behavior\BuildLiteBehavior [ RunTime:0.000009s ]
INFO: [ app_init ] --END-- [ RunTime:0.000444s ]
INFO: [ app_begin ] --START--
INFO: Run Behavior\ReadHtmlCacheBehavior [ RunTime:0.000739s ]
INFO: [ app_begin ] --END-- [ RunTime:0.000768s ]
SQL: SHOW COLUMNS FROM `m_user` [ RunTime:0.0134s ]
SQL: SELECT * FROM `m_user` WHERE ( Uname='' ) LIMIT 1   [ RunTime:0.0003s ]

[ 2019-04-16T20:55:00+08:00 ] 127.0.0.1 /untitled/Hotel/index.php/home/Login/userLogin
INFO: [ app_init ] --START--
INFO: Run Behavior\BuildLiteBehavior [ RunTime:0.000006s ]
INFO: [ app_init ] --END-- [ RunTime:0.000289s ]
INFO: [ app_begin ] --START--
INFO: Run Behavior\ReadHtmlCacheBehavior [ RunTime:0.000448s ]
INFO: [ app_begin ] --END-- [ RunTime:0.000471s ]
SQL: SHOW COLUMNS FROM `m_user` [ RunTime:0.0109s ]
SQL: SELECT * FROM `m_user` WHERE ( Uname='' ) LIMIT 1   [ RunTime:0.0003s ]

