[ 2019-04-21T20:30:58+08:00 ] 127.0.0.1 /PHPstormProject/TP_hotel/Hotel/index.php/home/Homepage/lanjie
INFO: [ app_init ] --START--
INFO: Run Behavior\BuildLiteBehavior [ RunTime:0.000018s ]
INFO: [ app_init ] --END-- [ RunTime:0.001718s ]
INFO: [ app_begin ] --START--
INFO: Run Behavior\ReadHtmlCacheBehavior [ RunTime:0.001120s ]
INFO: [ app_begin ] --END-- [ RunTime:0.001174s ]

[ 2019-04-21T20:31:39+08:00 ] 127.0.0.1 /PHPstormProject/TP_hotel/Hotel/index.php/home/Login/userLogin
INFO: [ app_init ] --START--
INFO: Run Behavior\BuildLiteBehavior [ RunTime:0.000009s ]
INFO: [ app_init ] --END-- [ RunTime:0.000304s ]
INFO: [ app_begin ] --START--
INFO: Run Behavior\ReadHtmlCacheBehavior [ RunTime:0.000611s ]
INFO: [ app_begin ] --END-- [ RunTime:0.000796s ]
SQL: SHOW COLUMNS FROM `m_user` [ RunTime:0.0103s ]
SQL: SELECT * FROM `m_user` WHERE ( Uname='1' ) LIMIT 1   [ RunTime:0.0005s ]

[ 2019-04-21T20:31:40+08:00 ] 127.0.0.1 /PHPstormProject/TP_hotel/Hotel/index.php/home/Homepage/lanjie
INFO: [ app_init ] --START--
INFO: Run Behavior\BuildLiteBehavior [ RunTime:0.000022s ]
INFO: [ app_init ] --END-- [ RunTime:0.001072s ]
INFO: [ app_begin ] --START--
INFO: Run Behavior\ReadHtmlCacheBehavior [ RunTime:0.000859s ]
INFO: [ app_begin ] --END-- [ RunTime:0.001189s ]

[ 2019-04-21T20:32:17+08:00 ] 127.0.0.1 /PHPstormProject/TP_hotel/Hotel/index.php/home/Homepage/lanjie
INFO: [ app_init ] --START--
INFO: Run Behavior\BuildLiteBehavior [ RunTime:0.000016s ]
INFO: [ app_init ] --END-- [ RunTime:0.000767s ]
INFO: [ app_begin ] --START--
INFO: Run Behavior\ReadHtmlCacheBehavior [ RunTime:0.000753s ]
INFO: [ app_begin ] --END-- [ RunTime:0.000833s ]

[ 2019-04-21T20:32:21+08:00 ] 127.0.0.1 /PHPstormProject/TP_hotel/Hotel/index.php/home/Homepage/lanjie
INFO: [ app_init ] --START--
INFO: Run Behavior\BuildLiteBehavior [ RunTime:0.000012s ]
INFO: [ app_init ] --END-- [ RunTime:0.000552s ]
INFO: [ app_begin ] --START--
INFO: Run Behavior\ReadHtmlCacheBehavior [ RunTime:0.000795s ]
INFO: [ app_begin ] --END-- [ RunTime:0.000864s ]

[ 2019-04-21T20:32:22+08:00 ] 127.0.0.1 /PHPstormProject/TP_hotel/Hotel/index.php/home/Homepage/lanjie
INFO: [ app_init ] --START--
INFO: Run Behavior\BuildLiteBehavior [ RunTime:0.000012s ]
INFO: [ app_init ] --END-- [ RunTime:0.000546s ]
INFO: [ app_begin ] --START--
INFO: Run Behavior\ReadHtmlCacheBehavior [ RunTime:0.000609s ]
INFO: [ app_begin ] --END-- [ RunTime:0.000654s ]

[ 2019-04-21T20:32:27+08:00 ] 127.0.0.1 /PHPstormProject/TP_hotel/Hotel/index.php/home/Personal/onlineService
INFO: [ app_init ] --START--
INFO: Run Behavior\BuildLiteBehavior [ RunTime:0.000013s ]
INFO: [ app_init ] --END-- [ RunTime:0.000426s ]
INFO: [ app_begin ] --START--
INFO: Run Behavior\ReadHtmlCacheBehavior [ RunTime:0.000559s ]
INFO: [ app_begin ] --END-- [ RunTime:0.000603s ]
NOTIC: [2] Attempt to assign property of non-object D:\XAMPP\htdocs\PHPstormProject\TP_hotel\Hotel\Application\Home\Controller\PersonalController.class.php 第 336 行.
INFO: [ app_end ] --START--
INFO: Run Behavior\ShowPageTraceBehavior [ RunTime:0.001207s ]
INFO: [ app_end ] --END-- [ RunTime:0.001253s ]

[ 2019-04-21T20:32:54+08:00 ] 127.0.0.1 /PHPstormProject/TP_hotel/Hotel/index.php/home/Homepage/lanjie
INFO: [ app_init ] --START--
INFO: Run Behavior\BuildLiteBehavior [ RunTime:0.000022s ]
INFO: [ app_init ] --END-- [ RunTime:0.000800s ]
INFO: [ app_begin ] --START--
INFO: Run Behavior\ReadHtmlCacheBehavior [ RunTime:0.000976s ]
INFO: [ app_begin ] --END-- [ RunTime:0.001075s ]

[ 2019-04-21T20:32:57+08:00 ] 127.0.0.1 /PHPstormProject/TP_hotel/Hotel/index.php/home/Homepage/lanjie
INFO: [ app_init ] --START--
INFO: Run Behavior\BuildLiteBehavior [ RunTime:0.000010s ]
INFO: [ app_init ] --END-- [ RunTime:0.000314s ]
INFO: [ app_begin ] --START--
INFO: Run Behavior\ReadHtmlCacheBehavior [ RunTime:0.000396s ]
INFO: [ app_begin ] --END-- [ RunTime:0.000439s ]

[ 2019-04-21T20:34:37+08:00 ] 127.0.0.1 /PHPstormProject/TP_hotel/Hotel/index.php/home/Homepage/lanjie
INFO: [ app_init ] --START--
INFO: Run Behavior\BuildLiteBehavior [ RunTime:0.000009s ]
INFO: [ app_init ] --END-- [ RunTime:0.000353s ]
INFO: [ app_begin ] --START--
INFO: Run Behavior\ReadHtmlCacheBehavior [ RunTime:0.000879s ]
INFO: [ app_begin ] --END-- [ RunTime:0.000933s ]

[ 2019-04-21T20:34:41+08:00 ] 127.0.0.1 /PHPstormProject/TP_hotel/Hotel/index.php/home/Homepage/lanjie
INFO: [ app_init ] --START--
INFO: Run Behavior\BuildLiteBehavior [ RunTime:0.000009s ]
INFO: [ app_init ] --END-- [ RunTime:0.000443s ]
INFO: [ app_begin ] --START--
INFO: Run Behavior\ReadHtmlCacheBehavior [ RunTime:0.004892s ]
INFO: [ app_begin ] --END-- [ RunTime:0.004944s ]

[ 2019-04-21T20:35:08+08:00 ] 127.0.0.1 /PHPstormProject/TP_hotel/Hotel/index.php/home/Homepage/lanjie
INFO: [ app_init ] --START--
INFO: Run Behavior\BuildLiteBehavior [ RunTime:0.000018s ]
INFO: [ app_init ] --END-- [ RunTime:0.000514s ]
INFO: [ app_begin ] --START--
INFO: Run Behavior\ReadHtmlCacheBehavior [ RunTime:0.000681s ]
INFO: [ app_begin ] --END-- [ RunTime:0.000764s ]

[ 2019-04-21T20:35:11+08:00 ] 127.0.0.1 /PHPstormProject/TP_hotel/Hotel/index.php/home/Homepage/lanjie
INFO: [ app_init ] --START--
INFO: Run Behavior\BuildLiteBehavior [ RunTime:0.000009s ]
INFO: [ app_init ] --END-- [ RunTime:0.000362s ]
INFO: [ app_begin ] --START--
INFO: Run Behavior\ReadHtmlCacheBehavior [ RunTime:0.000611s ]
INFO: [ app_begin ] --END-- [ RunTime:0.000650s ]

[ 2019-04-21T20:35:16+08:00 ] 127.0.0.1 /PHPstormProject/TP_hotel/Hotel/index.php/home/Homepage/lanjie
INFO: [ app_init ] --START--
INFO: Run Behavior\BuildLiteBehavior [ RunTime:0.000010s ]
INFO: [ app_init ] --END-- [ RunTime:0.000368s ]
INFO: [ app_begin ] --START--
INFO: Run Behavior\ReadHtmlCacheBehavior [ RunTime:0.000614s ]
INFO: [ app_begin ] --END-- [ RunTime:0.000654s ]

[ 2019-04-21T20:35:17+08:00 ] 127.0.0.1 /PHPstormProject/TP_hotel/Hotel/index.php/home/Homepage/lanjie
INFO: [ app_init ] --START--
INFO: Run Behavior\BuildLiteBehavior [ RunTime:0.000012s ]
INFO: [ app_init ] --END-- [ RunTime:0.000385s ]
INFO: [ app_begin ] --START--
INFO: Run Behavior\ReadHtmlCacheBehavior [ RunTime:0.000816s ]
INFO: [ app_begin ] --END-- [ RunTime:0.000880s ]

[ 2019-04-21T20:35:46+08:00 ] 127.0.0.1 /PHPstormProject/TP_hotel/Hotel/index.php/home/Homepage/lanjie
INFO: [ app_init ] --START--
INFO: Run Behavior\BuildLiteBehavior [ RunTime:0.000018s ]
INFO: [ app_init ] --END-- [ RunTime:0.000628s ]
INFO: [ app_begin ] --START--
INFO: Run Behavior\ReadHtmlCacheBehavior [ RunTime:0.000690s ]
INFO: [ app_begin ] --END-- [ RunTime:0.000752s ]

[ 2019-04-21T20:35:49+08:00 ] 127.0.0.1 /PHPstormProject/TP_hotel/Hotel/index.php/home/Homepage/lanjie
INFO: [ app_init ] --START--
INFO: Run Behavior\BuildLiteBehavior [ RunTime:0.000010s ]
INFO: [ app_init ] --END-- [ RunTime:0.000320s ]
INFO: [ app_begin ] --START--
INFO: Run Behavior\ReadHtmlCacheBehavior [ RunTime:0.000428s ]
INFO: [ app_begin ] --END-- [ RunTime:0.000469s ]

[ 2019-04-21T20:36:22+08:00 ] 127.0.0.1 /PHPstormProject/TP_hotel/Hotel/index.php/home/Homepage/lanjie
INFO: [ app_init ] --START--
INFO: Run Behavior\BuildLiteBehavior [ RunTime:0.000016s ]
INFO: [ app_init ] --END-- [ RunTime:0.000482s ]
INFO: [ app_begin ] --START--
INFO: Run Behavior\ReadHtmlCacheBehavior [ RunTime:0.001179s ]
INFO: [ app_begin ] --END-- [ RunTime:0.001425s ]

[ 2019-04-21T20:36:26+08:00 ] 127.0.0.1 /PHPstormProject/TP_hotel/Hotel/index.php/home/Homepage/lanjie
INFO: [ app_init ] --START--
INFO: Run Behavior\BuildLiteBehavior [ RunTime:0.000012s ]
INFO: [ app_init ] --END-- [ RunTime:0.000396s ]
INFO: [ app_begin ] --START--
INFO: Run Behavior\ReadHtmlCacheBehavior [ RunTime:0.000429s ]
INFO: [ app_begin ] --END-- [ RunTime:0.000468s ]

[ 2019-04-21T20:37:34+08:00 ] 127.0.0.1 /PHPstormProject/TP_hotel/Hotel/index.php/home/Homepage/lanjie
INFO: [ app_init ] --START--
INFO: Run Behavior\BuildLiteBehavior [ RunTime:0.000015s ]
INFO: [ app_init ] --END-- [ RunTime:0.000652s ]
INFO: [ app_begin ] --START--
INFO: Run Behavior\ReadHtmlCacheBehavior [ RunTime:0.001045s ]
INFO: [ app_begin ] --END-- [ RunTime:0.001140s ]

[ 2019-04-21T20:37:38+08:00 ] 127.0.0.1 /PHPstormProject/TP_hotel/Hotel/index.php/home/Login/logout
INFO: [ app_init ] --START--
INFO: Run Behavior\BuildLiteBehavior [ RunTime:0.000009s ]
INFO: [ app_init ] --END-- [ RunTime:0.000360s ]
INFO: [ app_begin ] --START--
INFO: Run Behavior\ReadHtmlCacheBehavior [ RunTime:0.000774s ]
INFO: [ app_begin ] --END-- [ RunTime:0.000817s ]

[ 2019-04-21T20:37:42+08:00 ] 127.0.0.1 /PHPstormProject/TP_hotel/Hotel/index.php/home/Login/userLogin
INFO: [ app_init ] --START--
INFO: Run Behavior\BuildLiteBehavior [ RunTime:0.000015s ]
INFO: [ app_init ] --END-- [ RunTime:0.000570s ]
INFO: [ app_begin ] --START--
INFO: Run Behavior\ReadHtmlCacheBehavior [ RunTime:0.001207s ]
INFO: [ app_begin ] --END-- [ RunTime:0.001278s ]
SQL: SHOW COLUMNS FROM `m_user` [ RunTime:0.0045s ]
SQL: SELECT * FROM `m_user` WHERE ( Uname='1' ) LIMIT 1   [ RunTime:0.0005s ]

[ 2019-04-21T20:37:42+08:00 ] 127.0.0.1 /PHPstormProject/TP_hotel/Hotel/index.php/home/Homepage/lanjie
INFO: [ app_init ] --START--
INFO: Run Behavior\BuildLiteBehavior [ RunTime:0.000008s ]
INFO: [ app_init ] --END-- [ RunTime:0.000287s ]
INFO: [ app_begin ] --START--
INFO: Run Behavior\ReadHtmlCacheBehavior [ RunTime:0.000359s ]
INFO: [ app_begin ] --END-- [ RunTime:0.000398s ]

[ 2019-04-21T20:43:46+08:00 ] 127.0.0.1 /PHPstormProject/TP_hotel/Hotel/index.php/home/Homepage/lanjie
INFO: [ app_init ] --START--
INFO: Run Behavior\BuildLiteBehavior [ RunTime:0.000010s ]
INFO: [ app_init ] --END-- [ RunTime:0.000476s ]
INFO: [ app_begin ] --START--
INFO: Run Behavior\ReadHtmlCacheBehavior [ RunTime:0.000622s ]
INFO: [ app_begin ] --END-- [ RunTime:0.000662s ]

[ 2019-04-21T20:43:49+08:00 ] 127.0.0.1 /PHPstormProject/TP_hotel/Hotel/index.php/home/Homepage/lanjie
INFO: [ app_init ] --START--
INFO: Run Behavior\BuildLiteBehavior [ RunTime:0.000010s ]
INFO: [ app_init ] --END-- [ RunTime:0.000357s ]
INFO: [ app_begin ] --START--
INFO: Run Behavior\ReadHtmlCacheBehavior [ RunTime:0.000576s ]
INFO: [ app_begin ] --END-- [ RunTime:0.000616s ]

[ 2019-04-21T20:43:49+08:00 ] 127.0.0.1 /PHPstormProject/TP_hotel/Hotel/index.php/home/Homepage/lanjie
INFO: [ app_init ] --START--
INFO: Run Behavior\BuildLiteBehavior [ RunTime:0.000011s ]
INFO: [ app_init ] --END-- [ RunTime:0.000334s ]
INFO: [ app_begin ] --START--
INFO: Run Behavior\ReadHtmlCacheBehavior [ RunTime:0.000435s ]
INFO: [ app_begin ] --END-- [ RunTime:0.000480s ]

[ 2019-04-21T20:43:51+08:00 ] 127.0.0.1 /PHPstormProject/TP_hotel/Hotel/index.php/home/Homepage/lanjie
INFO: [ app_init ] --START--
INFO: Run Behavior\BuildLiteBehavior [ RunTime:0.000009s ]
INFO: [ app_init ] --END-- [ RunTime:0.000291s ]
INFO: [ app_begin ] --START--
INFO: Run Behavior\ReadHtmlCacheBehavior [ RunTime:0.000412s ]
INFO: [ app_begin ] --END-- [ RunTime:0.000450s ]

[ 2019-04-21T20:43:53+08:00 ] 127.0.0.1 /PHPstormProject/TP_hotel/Hotel/index.php/home/Homepage/lanjie
INFO: [ app_init ] --START--
INFO: Run Behavior\BuildLiteBehavior [ RunTime:0.000010s ]
INFO: [ app_init ] --END-- [ RunTime:0.000301s ]
INFO: [ app_begin ] --START--
INFO: Run Behavior\ReadHtmlCacheBehavior [ RunTime:0.000380s ]
INFO: [ app_begin ] --END-- [ RunTime:0.000432s ]

[ 2019-04-21T20:43:55+08:00 ] 127.0.0.1 /PHPstormProject/TP_hotel/Hotel/index.php/home/Homepage/lanjie
INFO: [ app_init ] --START--
INFO: Run Behavior\BuildLiteBehavior [ RunTime:0.000011s ]
INFO: [ app_init ] --END-- [ RunTime:0.000354s ]
INFO: [ app_begin ] --START--
INFO: Run Behavior\ReadHtmlCacheBehavior [ RunTime:0.000394s ]
INFO: [ app_begin ] --END-- [ RunTime:0.000436s ]

[ 2019-04-21T20:43:57+08:00 ] 127.0.0.1 /PHPstormProject/TP_hotel/Hotel/index.php/home/Homepage/lanjie
INFO: [ app_init ] --START--
INFO: Run Behavior\BuildLiteBehavior [ RunTime:0.000010s ]
INFO: [ app_init ] --END-- [ RunTime:0.000323s ]
INFO: [ app_begin ] --START--
INFO: Run Behavior\ReadHtmlCacheBehavior [ RunTime:0.000396s ]
INFO: [ app_begin ] --END-- [ RunTime:0.000437s ]

[ 2019-04-21T21:15:28+08:00 ] 127.0.0.1 /PHPstormProject/TP_hotel/Hotel/index.php/home/Homepage/lanjie
INFO: [ app_init ] --START--
INFO: Run Behavior\BuildLiteBehavior [ RunTime:0.000015s ]
INFO: [ app_init ] --END-- [ RunTime:0.000661s ]
INFO: [ app_begin ] --START--
INFO: Run Behavior\ReadHtmlCacheBehavior [ RunTime:0.001035s ]
INFO: [ app_begin ] --END-- [ RunTime:0.001106s ]

[ 2019-04-21T21:17:50+08:00 ] 127.0.0.1 /PHPstormProject/TP_hotel/Hotel/index.php/home/Homepage/lanjie
INFO: [ app_init ] --START--
INFO: Run Behavior\BuildLiteBehavior [ RunTime:0.000010s ]
INFO: [ app_init ] --END-- [ RunTime:0.000401s ]
INFO: [ app_begin ] --START--
INFO: Run Behavior\ReadHtmlCacheBehavior [ RunTime:0.000590s ]
INFO: [ app_begin ] --END-- [ RunTime:0.000635s ]

[ 2019-04-21T21:17:53+08:00 ] 127.0.0.1 /PHPstormProject/TP_hotel/Hotel/index.php/home/Homepage/lanjie
INFO: [ app_init ] --START--
INFO: Run Behavior\BuildLiteBehavior [ RunTime:0.000012s ]
INFO: [ app_init ] --END-- [ RunTime:0.000496s ]
INFO: [ app_begin ] --START--
INFO: Run Behavior\ReadHtmlCacheBehavior [ RunTime:0.000772s ]
INFO: [ app_begin ] --END-- [ RunTime:0.000830s ]

[ 2019-04-21T21:18:54+08:00 ] 127.0.0.1 /PHPstormProject/TP_hotel/Hotel/index.php/home/Homepage/lanjie
INFO: [ app_init ] --START--
INFO: Run Behavior\BuildLiteBehavior [ RunTime:0.000018s ]
INFO: [ app_init ] --END-- [ RunTime:0.000637s ]
INFO: [ app_begin ] --START--
INFO: Run Behavior\ReadHtmlCacheBehavior [ RunTime:0.000906s ]
INFO: [ app_begin ] --END-- [ RunTime:0.000981s ]

[ 2019-04-21T21:18:55+08:00 ] 127.0.0.1 /PHPstormProject/TP_hotel/Hotel/index.php/home/Homepage/lanjie
INFO: [ app_init ] --START--
INFO: Run Behavior\BuildLiteBehavior [ RunTime:0.000010s ]
INFO: [ app_init ] --END-- [ RunTime:0.000338s ]
INFO: [ app_begin ] --START--
INFO: Run Behavior\ReadHtmlCacheBehavior [ RunTime:0.000475s ]
INFO: [ app_begin ] --END-- [ RunTime:0.000545s ]

[ 2019-04-21T21:19:16+08:00 ] 127.0.0.1 /PHPstormProject/TP_hotel/Hotel/index.php/home/Homepage/lanjie
INFO: [ app_init ] --START--
INFO: Run Behavior\BuildLiteBehavior [ RunTime:0.000022s ]
INFO: [ app_init ] --END-- [ RunTime:0.000908s ]
INFO: [ app_begin ] --START--
INFO: Run Behavior\ReadHtmlCacheBehavior [ RunTime:0.001425s ]
INFO: [ app_begin ] --END-- [ RunTime:0.001525s ]

[ 2019-04-21T21:19:20+08:00 ] 127.0.0.1 /PHPstormProject/TP_hotel/Hotel/index.php/home/Homepage/lanjie
INFO: [ app_init ] --START--
INFO: Run Behavior\BuildLiteBehavior [ RunTime:0.000010s ]
INFO: [ app_init ] --END-- [ RunTime:0.000349s ]
INFO: [ app_begin ] --START--
INFO: Run Behavior\ReadHtmlCacheBehavior [ RunTime:0.000443s ]
INFO: [ app_begin ] --END-- [ RunTime:0.000489s ]

[ 2019-04-21T21:20:02+08:00 ] 127.0.0.1 /PHPstormProject/TP_hotel/Hotel/index.php/home/Homepage/lanjie
INFO: [ app_init ] --START--
INFO: Run Behavior\BuildLiteBehavior [ RunTime:0.000019s ]
INFO: [ app_init ] --END-- [ RunTime:0.000653s ]
INFO: [ app_begin ] --START--
INFO: Run Behavior\ReadHtmlCacheBehavior [ RunTime:0.000850s ]
INFO: [ app_begin ] --END-- [ RunTime:0.000938s ]

[ 2019-04-21T21:22:12+08:00 ] 127.0.0.1 /PHPstormProject/TP_hotel/Hotel/index.php/home/Personal/onlineService
INFO: [ app_init ] --START--
INFO: Run Behavior\BuildLiteBehavior [ RunTime:0.000009s ]
INFO: [ app_init ] --END-- [ RunTime:0.000383s ]
INFO: [ app_begin ] --START--
INFO: Run Behavior\ReadHtmlCacheBehavior [ RunTime:0.000769s ]
INFO: [ app_begin ] --END-- [ RunTime:0.000809s ]
NOTIC: [2] Attempt to assign property of non-object D:\XAMPP\htdocs\PHPstormProject\TP_hotel\Hotel\Application\Home\Controller\PersonalController.class.php 第 336 行.
INFO: [ app_end ] --START--
INFO: Run Behavior\ShowPageTraceBehavior [ RunTime:0.001018s ]
INFO: [ app_end ] --END-- [ RunTime:0.001097s ]

[ 2019-04-21T21:22:14+08:00 ] 127.0.0.1 /PHPstormProject/TP_hotel/Hotel/index.php/home/Homepage/lanjie
INFO: [ app_init ] --START--
INFO: Run Behavior\BuildLiteBehavior [ RunTime:0.000026s ]
INFO: [ app_init ] --END-- [ RunTime:0.000879s ]
INFO: [ app_begin ] --START--
INFO: Run Behavior\ReadHtmlCacheBehavior [ RunTime:0.001137s ]
INFO: [ app_begin ] --END-- [ RunTime:0.001251s ]

[ 2019-04-21T22:00:55+08:00 ] 127.0.0.1 /PHPstormProject/TP_hotel/Hotel/index.php/home/Homepage/lanjie
INFO: [ app_init ] --START--
INFO: Run Behavior\BuildLiteBehavior [ RunTime:0.000020s ]
INFO: [ app_init ] --END-- [ RunTime:0.000776s ]
INFO: [ app_begin ] --START--
INFO: Run Behavior\ReadHtmlCacheBehavior [ RunTime:0.000994s ]
INFO: [ app_begin ] --END-- [ RunTime:0.001075s ]

[ 2019-04-21T22:00:58+08:00 ] 127.0.0.1 /PHPstormProject/TP_hotel/Hotel/index.php/home/Homepage/lanjie
INFO: [ app_init ] --START--
INFO: Run Behavior\BuildLiteBehavior [ RunTime:0.000010s ]
INFO: [ app_init ] --END-- [ RunTime:0.000395s ]
INFO: [ app_begin ] --START--
INFO: Run Behavior\ReadHtmlCacheBehavior [ RunTime:0.000589s ]
INFO: [ app_begin ] --END-- [ RunTime:0.000628s ]

[ 2019-04-21T22:01:43+08:00 ] 127.0.0.1 /PHPstormProject/TP_hotel/Hotel/index.php/home/Homepage/lanjie
INFO: [ app_init ] --START--
INFO: Run Behavior\BuildLiteBehavior [ RunTime:0.000009s ]
INFO: [ app_init ] --END-- [ RunTime:0.000410s ]
INFO: [ app_begin ] --START--
INFO: Run Behavior\ReadHtmlCacheBehavior [ RunTime:0.000682s ]
INFO: [ app_begin ] --END-- [ RunTime:0.000736s ]

[ 2019-04-21T22:02:32+08:00 ] 127.0.0.1 /PHPstormProject/TP_hotel/Hotel/index.php/home/Homepage/lanjie
INFO: [ app_init ] --START--
INFO: Run Behavior\BuildLiteBehavior [ RunTime:0.000019s ]
INFO: [ app_init ] --END-- [ RunTime:0.000610s ]
INFO: [ app_begin ] --START--
INFO: Run Behavior\ReadHtmlCacheBehavior [ RunTime:0.000967s ]
INFO: [ app_begin ] --END-- [ RunTime:0.001049s ]

[ 2019-04-21T22:02:35+08:00 ] 127.0.0.1 /PHPstormProject/TP_hotel/Hotel/index.php/home/Homepage/lanjie
INFO: [ app_init ] --START--
INFO: Run Behavior\BuildLiteBehavior [ RunTime:0.000054s ]
INFO: [ app_init ] --END-- [ RunTime:0.001726s ]
INFO: [ app_begin ] --START--
INFO: Run Behavior\ReadHtmlCacheBehavior [ RunTime:0.000491s ]
INFO: [ app_begin ] --END-- [ RunTime:0.000544s ]

[ 2019-04-21T22:03:21+08:00 ] 127.0.0.1 /PHPstormProject/TP_hotel/Hotel/index.php/home/Homepage/lanjie
INFO: [ app_init ] --START--
INFO: Run Behavior\BuildLiteBehavior [ RunTime:0.000016s ]
INFO: [ app_init ] --END-- [ RunTime:0.000751s ]
INFO: [ app_begin ] --START--
INFO: Run Behavior\ReadHtmlCacheBehavior [ RunTime:0.001609s ]
INFO: [ app_begin ] --END-- [ RunTime:0.001704s ]

[ 2019-04-21T22:04:07+08:00 ] 127.0.0.1 /PHPstormProject/TP_hotel/Hotel/index.php/home/Homepage/lanjie
INFO: [ app_init ] --START--
INFO: Run Behavior\BuildLiteBehavior [ RunTime:0.000018s ]
INFO: [ app_init ] --END-- [ RunTime:0.000982s ]
INFO: [ app_begin ] --START--
INFO: Run Behavior\ReadHtmlCacheBehavior [ RunTime:0.001390s ]
INFO: [ app_begin ] --END-- [ RunTime:0.001493s ]

[ 2019-04-21T22:05:22+08:00 ] 127.0.0.1 /PHPstormProject/TP_hotel/Hotel/index.php/home/Homepage/lanjie
INFO: [ app_init ] --START--
INFO: Run Behavior\BuildLiteBehavior [ RunTime:0.000016s ]
INFO: [ app_init ] --END-- [ RunTime:0.000578s ]
INFO: [ app_begin ] --START--
INFO: Run Behavior\ReadHtmlCacheBehavior [ RunTime:0.001136s ]
INFO: [ app_begin ] --END-- [ RunTime:0.001313s ]

[ 2019-04-21T22:05:31+08:00 ] 127.0.0.1 /PHPstormProject/TP_hotel/Hotel/index.php/home/Homepage/lanjie
INFO: [ app_init ] --START--
INFO: Run Behavior\BuildLiteBehavior [ RunTime:0.000017s ]
INFO: [ app_init ] --END-- [ RunTime:0.000538s ]
INFO: [ app_begin ] --START--
INFO: Run Behavior\ReadHtmlCacheBehavior [ RunTime:0.000654s ]
INFO: [ app_begin ] --END-- [ RunTime:0.000732s ]

[ 2019-04-21T22:06:22+08:00 ] 127.0.0.1 /PHPstormProject/TP_hotel/Hotel/index.php/home/Homepage/lanjie
INFO: [ app_init ] --START--
INFO: Run Behavior\BuildLiteBehavior [ RunTime:0.000016s ]
INFO: [ app_init ] --END-- [ RunTime:0.000612s ]
INFO: [ app_begin ] --START--
INFO: Run Behavior\ReadHtmlCacheBehavior [ RunTime:0.000954s ]
INFO: [ app_begin ] --END-- [ RunTime:0.001035s ]

[ 2019-04-21T22:06:51+08:00 ] 127.0.0.1 /PHPstormProject/TP_hotel/Hotel/index.php/home/Homepage/lanjie
INFO: [ app_init ] --START--
INFO: Run Behavior\BuildLiteBehavior [ RunTime:0.000018s ]
INFO: [ app_init ] --END-- [ RunTime:0.000657s ]
INFO: [ app_begin ] --START--
INFO: Run Behavior\ReadHtmlCacheBehavior [ RunTime:0.000986s ]
INFO: [ app_begin ] --END-- [ RunTime:0.001070s ]

[ 2019-04-21T22:17:01+08:00 ] 127.0.0.1 /PHPstormProject/TP_hotel/Hotel/index.php/home/Homepage/lanjie
INFO: [ app_init ] --START--
INFO: Run Behavior\BuildLiteBehavior [ RunTime:0.000013s ]
INFO: [ app_init ] --END-- [ RunTime:0.000538s ]
INFO: [ app_begin ] --START--
INFO: Run Behavior\ReadHtmlCacheBehavior [ RunTime:0.000605s ]
INFO: [ app_begin ] --END-- [ RunTime:0.000653s ]

[ 2019-04-21T22:17:30+08:00 ] 127.0.0.1 /PHPstormProject/TP_hotel/Hotel/index.php/home/Homepage/lanjie
INFO: [ app_init ] --START--
INFO: Run Behavior\BuildLiteBehavior [ RunTime:0.000014s ]
INFO: [ app_init ] --END-- [ RunTime:0.000502s ]
INFO: [ app_begin ] --START--
INFO: Run Behavior\ReadHtmlCacheBehavior [ RunTime:0.000633s ]
INFO: [ app_begin ] --END-- [ RunTime:0.000699s ]

[ 2019-04-21T22:17:32+08:00 ] 127.0.0.1 /PHPstormProject/TP_hotel/Hotel/index.php/home/Login/logout
INFO: [ app_init ] --START--
INFO: Run Behavior\BuildLiteBehavior [ RunTime:0.000012s ]
INFO: [ app_init ] --END-- [ RunTime:0.000443s ]
INFO: [ app_begin ] --START--
INFO: Run Behavior\ReadHtmlCacheBehavior [ RunTime:0.000695s ]
INFO: [ app_begin ] --END-- [ RunTime:0.000744s ]

[ 2019-04-21T22:17:43+08:00 ] 127.0.0.1 /PHPstormProject/TP_hotel/Hotel/index.php/home/Login/userLogin
INFO: [ app_init ] --START--
INFO: Run Behavior\BuildLiteBehavior [ RunTime:0.000010s ]
INFO: [ app_init ] --END-- [ RunTime:0.000361s ]
INFO: [ app_begin ] --START--
INFO: Run Behavior\ReadHtmlCacheBehavior [ RunTime:0.000925s ]
INFO: [ app_begin ] --END-- [ RunTime:0.000976s ]
SQL: SHOW COLUMNS FROM `m_user` [ RunTime:0.0039s ]
SQL: SELECT * FROM `m_user` WHERE ( Uname='1' ) LIMIT 1   [ RunTime:0.0004s ]

[ 2019-04-21T22:17:44+08:00 ] 127.0.0.1 /PHPstormProject/TP_hotel/Hotel/index.php/home/Homepage/lanjie
INFO: [ app_init ] --START--
INFO: Run Behavior\BuildLiteBehavior [ RunTime:0.000015s ]
INFO: [ app_init ] --END-- [ RunTime:0.000594s ]
INFO: [ app_begin ] --START--
INFO: Run Behavior\ReadHtmlCacheBehavior [ RunTime:0.000895s ]
INFO: [ app_begin ] --END-- [ RunTime:0.000977s ]

[ 2019-04-21T22:17:48+08:00 ] 127.0.0.1 /PHPstormProject/TP_hotel/Hotel/index.php/home/Homepage/lanjie
INFO: [ app_init ] --START--
INFO: Run Behavior\BuildLiteBehavior [ RunTime:0.000010s ]
INFO: [ app_init ] --END-- [ RunTime:0.000309s ]
INFO: [ app_begin ] --START--
INFO: Run Behavior\ReadHtmlCacheBehavior [ RunTime:0.000516s ]
INFO: [ app_begin ] --END-- [ RunTime:0.000567s ]

