[ 2019-04-23T21:11:36+08:00 ] 127.0.0.1 /PHPstormProject/TP_hotel/Hotel/index.php/home/Homepage/lanjie
INFO: [ app_init ] --START--
INFO: Run Behavior\BuildLiteBehavior [ RunTime:0.000052s ]
INFO: [ app_init ] --END-- [ RunTime:0.001836s ]
INFO: [ app_begin ] --START--
INFO: Run Behavior\ReadHtmlCacheBehavior [ RunTime:0.000995s ]
INFO: [ app_begin ] --END-- [ RunTime:0.001046s ]

[ 2019-04-23T21:11:47+08:00 ] 127.0.0.1 /PHPstormProject/TP_hotel/Hotel/index.php/home/Login/userLogin
INFO: [ app_init ] --START--
INFO: Run Behavior\BuildLiteBehavior [ RunTime:0.000015s ]
INFO: [ app_init ] --END-- [ RunTime:0.000451s ]
INFO: [ app_begin ] --START--
INFO: Run Behavior\ReadHtmlCacheBehavior [ RunTime:0.000612s ]
INFO: [ app_begin ] --END-- [ RunTime:0.000675s ]
SQL: SHOW COLUMNS FROM `m_user` [ RunTime:0.0231s ]
SQL: SELECT * FROM `m_user` WHERE ( Uname='1' ) LIMIT 1   [ RunTime:0.0021s ]

[ 2019-04-23T21:11:47+08:00 ] 127.0.0.1 /PHPstormProject/TP_hotel/Hotel/index.php/home/Homepage/lanjie
INFO: [ app_init ] --START--
INFO: Run Behavior\BuildLiteBehavior [ RunTime:0.000011s ]
INFO: [ app_init ] --END-- [ RunTime:0.000334s ]
INFO: [ app_begin ] --START--
INFO: Run Behavior\ReadHtmlCacheBehavior [ RunTime:0.000543s ]
INFO: [ app_begin ] --END-- [ RunTime:0.000594s ]

[ 2019-04-23T21:12:33+08:00 ] 127.0.0.1 /PHPstormProject/TP_hotel/Hotel/index.php/home/Homepage/lanjie
INFO: [ app_init ] --START--
INFO: Run Behavior\BuildLiteBehavior [ RunTime:0.000024s ]
INFO: [ app_init ] --END-- [ RunTime:0.001607s ]
INFO: [ app_begin ] --START--
INFO: Run Behavior\ReadHtmlCacheBehavior [ RunTime:0.004034s ]
INFO: [ app_begin ] --END-- [ RunTime:0.004125s ]

[ 2019-04-23T21:12:37+08:00 ] 127.0.0.1 /PHPstormProject/TP_hotel/Hotel/index.php/home/Homepage/lanjie
INFO: [ app_init ] --START--
INFO: Run Behavior\BuildLiteBehavior [ RunTime:0.000015s ]
INFO: [ app_init ] --END-- [ RunTime:0.000481s ]
INFO: [ app_begin ] --START--
INFO: Run Behavior\ReadHtmlCacheBehavior [ RunTime:0.000716s ]
INFO: [ app_begin ] --END-- [ RunTime:0.000807s ]

[ 2019-04-23T21:14:33+08:00 ] 127.0.0.1 /PHPstormProject/TP_hotel/Hotel/index.php/home/Homepage/lanjie
INFO: [ app_init ] --START--
INFO: Run Behavior\BuildLiteBehavior [ RunTime:0.000019s ]
INFO: [ app_init ] --END-- [ RunTime:0.000818s ]
INFO: [ app_begin ] --START--
INFO: Run Behavior\ReadHtmlCacheBehavior [ RunTime:0.001232s ]
INFO: [ app_begin ] --END-- [ RunTime:0.001332s ]

[ 2019-04-23T21:14:39+08:00 ] 127.0.0.1 /PHPstormProject/TP_hotel/Hotel/index.php/home/Homepage/lanjie
INFO: [ app_init ] --START--
INFO: Run Behavior\BuildLiteBehavior [ RunTime:0.000010s ]
INFO: [ app_init ] --END-- [ RunTime:0.000370s ]
INFO: [ app_begin ] --START--
INFO: Run Behavior\ReadHtmlCacheBehavior [ RunTime:0.000837s ]
INFO: [ app_begin ] --END-- [ RunTime:0.000887s ]

[ 2019-04-23T21:17:17+08:00 ] 127.0.0.1 /PHPstormProject/TP_hotel/Hotel/index.php/home/Homepage/lanjie
INFO: [ app_init ] --START--
INFO: Run Behavior\BuildLiteBehavior [ RunTime:0.000018s ]
INFO: [ app_init ] --END-- [ RunTime:0.000821s ]
INFO: [ app_begin ] --START--
INFO: Run Behavior\ReadHtmlCacheBehavior [ RunTime:0.001237s ]
INFO: [ app_begin ] --END-- [ RunTime:0.001332s ]

[ 2019-04-23T21:24:49+08:00 ] 127.0.0.1 /PHPstormProject/TP_hotel/Hotel/index.php/home/Homepage/lanjie
INFO: [ app_init ] --START--
INFO: Run Behavior\BuildLiteBehavior [ RunTime:0.000020s ]
INFO: [ app_init ] --END-- [ RunTime:0.000767s ]
INFO: [ app_begin ] --START--
INFO: Run Behavior\ReadHtmlCacheBehavior [ RunTime:0.001291s ]
INFO: [ app_begin ] --END-- [ RunTime:0.001386s ]

[ 2019-04-23T21:24:53+08:00 ] 127.0.0.1 /PHPstormProject/TP_hotel/Hotel/index.php/home/Homepage/lanjie
INFO: [ app_init ] --START--
INFO: Run Behavior\BuildLiteBehavior [ RunTime:0.000014s ]
INFO: [ app_init ] --END-- [ RunTime:0.000548s ]
INFO: [ app_begin ] --START--
INFO: Run Behavior\ReadHtmlCacheBehavior [ RunTime:0.000657s ]
INFO: [ app_begin ] --END-- [ RunTime:0.000712s ]

[ 2019-04-23T21:25:41+08:00 ] 127.0.0.1 /PHPstormProject/TP_hotel/Hotel/index.php/home/Homepage/lanjie
INFO: [ app_init ] --START--
INFO: Run Behavior\BuildLiteBehavior [ RunTime:0.000018s ]
INFO: [ app_init ] --END-- [ RunTime:0.003891s ]
INFO: [ app_begin ] --START--
INFO: Run Behavior\ReadHtmlCacheBehavior [ RunTime:0.001031s ]
INFO: [ app_begin ] --END-- [ RunTime:0.001113s ]

[ 2019-04-23T21:27:14+08:00 ] 127.0.0.1 /PHPstormProject/TP_hotel/Hotel/index.php/home/Homepage/lanjie
INFO: [ app_init ] --START--
INFO: Run Behavior\BuildLiteBehavior [ RunTime:0.000017s ]
INFO: [ app_init ] --END-- [ RunTime:0.000747s ]
INFO: [ app_begin ] --START--
INFO: Run Behavior\ReadHtmlCacheBehavior [ RunTime:0.001139s ]
INFO: [ app_begin ] --END-- [ RunTime:0.001226s ]

[ 2019-04-23T21:30:24+08:00 ] 127.0.0.1 /PHPstormProject/TP_hotel/Hotel/index.php/home/Homepage/lanjie
INFO: [ app_init ] --START--
INFO: Run Behavior\BuildLiteBehavior [ RunTime:0.000016s ]
INFO: [ app_init ] --END-- [ RunTime:0.000646s ]
INFO: [ app_begin ] --START--
INFO: Run Behavior\ReadHtmlCacheBehavior [ RunTime:0.000624s ]
INFO: [ app_begin ] --END-- [ RunTime:0.000676s ]

[ 2019-04-23T21:30:37+08:00 ] 127.0.0.1 /PHPstormProject/TP_hotel/Hotel/index.php/home/Homepage/lanjie
INFO: [ app_init ] --START--
INFO: Run Behavior\BuildLiteBehavior [ RunTime:0.000012s ]
INFO: [ app_init ] --END-- [ RunTime:0.000541s ]
INFO: [ app_begin ] --START--
INFO: Run Behavior\ReadHtmlCacheBehavior [ RunTime:0.000701s ]
INFO: [ app_begin ] --END-- [ RunTime:0.000802s ]

[ 2019-04-23T21:33:43+08:00 ] 127.0.0.1 /PHPstormProject/TP_hotel/Hotel/index.php/home/Homepage/lanjie
INFO: [ app_init ] --START--
INFO: Run Behavior\BuildLiteBehavior [ RunTime:0.000011s ]
INFO: [ app_init ] --END-- [ RunTime:0.000484s ]
INFO: [ app_begin ] --START--
INFO: Run Behavior\ReadHtmlCacheBehavior [ RunTime:0.000673s ]
INFO: [ app_begin ] --END-- [ RunTime:0.000721s ]

[ 2019-04-23T21:36:43+08:00 ] 127.0.0.1 /PHPstormProject/TP_hotel/Hotel/index.php/home/homepage/dobook
INFO: [ app_init ] --START--
INFO: Run Behavior\BuildLiteBehavior [ RunTime:0.000014s ]
INFO: [ app_init ] --END-- [ RunTime:0.000591s ]
INFO: [ app_begin ] --START--
INFO: Run Behavior\ReadHtmlCacheBehavior [ RunTime:0.000906s ]
INFO: [ app_begin ] --END-- [ RunTime:0.001033s ]
SQL: SHOW COLUMNS FROM `m_order` [ RunTime:0.0092s ]
NOTIC: [8] Undefined index: validate D:\XAMPP\htdocs\PHPstormProject\TP_hotel\Hotel\ThinkPHP\Library\Think\Model.class.php 第 1185 行.
NOTIC: [8] Undefined index: auto D:\XAMPP\htdocs\PHPstormProject\TP_hotel\Hotel\ThinkPHP\Library\Think\Model.class.php 第 1128 行.
SQL: INSERT INTO `m_order` (`Ouid`,`Orid`,`Ophone`,`Osex`,`Oname`,`Ogtime`,`Oltime`,`Oprice`,`Ocard`) VALUES ('1','1','1111','女','1','2019-04-23','2019-04-24','88','111111111111111111') [ RunTime:0.0109s ]
INFO: [ view_parse ] --START--
INFO: [ template_filter ] --START--
INFO: Run Behavior\ContentReplaceBehavior [ RunTime:0.001145s ]
INFO: [ template_filter ] --END-- [ RunTime:0.001211s ]
INFO: Run Behavior\ParseTemplateBehavior [ RunTime:0.017769s ]
INFO: [ view_parse ] --END-- [ RunTime:0.017835s ]
INFO: [ view_filter ] --START--
INFO: Run Behavior\WriteHtmlCacheBehavior [ RunTime:0.001332s ]
INFO: [ view_filter ] --END-- [ RunTime:0.001397s ]
INFO: [ app_end ] --START--
INFO: Run Behavior\ShowPageTraceBehavior [ RunTime:0.001580s ]
INFO: [ app_end ] --END-- [ RunTime:0.001648s ]

[ 2019-04-23T21:36:46+08:00 ] 127.0.0.1 /PHPstormProject/TP_hotel/Hotel/index.php/home/Homepage/lanjie
INFO: [ app_init ] --START--
INFO: Run Behavior\BuildLiteBehavior [ RunTime:0.000010s ]
INFO: [ app_init ] --END-- [ RunTime:0.000316s ]
INFO: [ app_begin ] --START--
INFO: Run Behavior\ReadHtmlCacheBehavior [ RunTime:0.000421s ]
INFO: [ app_begin ] --END-- [ RunTime:0.000465s ]

[ 2019-04-23T21:38:37+08:00 ] 127.0.0.1 /PHPstormProject/TP_hotel/Hotel/index.php/home/Homepage/lanjie
INFO: [ app_init ] --START--
INFO: Run Behavior\BuildLiteBehavior [ RunTime:0.000020s ]
INFO: [ app_init ] --END-- [ RunTime:0.002126s ]
INFO: [ app_begin ] --START--
INFO: Run Behavior\ReadHtmlCacheBehavior [ RunTime:0.002047s ]
INFO: [ app_begin ] --END-- [ RunTime:0.002137s ]

[ 2019-04-23T21:38:55+08:00 ] 127.0.0.1 /PHPstormProject/TP_hotel/Hotel/index.php/home/Homepage/lanjie
INFO: [ app_init ] --START--
INFO: Run Behavior\BuildLiteBehavior [ RunTime:0.000010s ]
INFO: [ app_init ] --END-- [ RunTime:0.000383s ]
INFO: [ app_begin ] --START--
INFO: Run Behavior\ReadHtmlCacheBehavior [ RunTime:0.000968s ]
INFO: [ app_begin ] --END-- [ RunTime:0.001051s ]

[ 2019-04-23T21:39:04+08:00 ] 127.0.0.1 /PHPstormProject/TP_hotel/Hotel/index.php/home/Homepage/lanjie
INFO: [ app_init ] --START--
INFO: Run Behavior\BuildLiteBehavior [ RunTime:0.000010s ]
INFO: [ app_init ] --END-- [ RunTime:0.000299s ]
INFO: [ app_begin ] --START--
INFO: Run Behavior\ReadHtmlCacheBehavior [ RunTime:0.000369s ]
INFO: [ app_begin ] --END-- [ RunTime:0.000406s ]

[ 2019-04-23T21:42:20+08:00 ] 127.0.0.1 /PHPstormProject/TP_hotel/Hotel/index.php/home/Homepage/lanjie
INFO: [ app_init ] --START--
INFO: Run Behavior\BuildLiteBehavior [ RunTime:0.000019s ]
INFO: [ app_init ] --END-- [ RunTime:0.000680s ]
INFO: [ app_begin ] --START--
INFO: Run Behavior\ReadHtmlCacheBehavior [ RunTime:0.001070s ]
INFO: [ app_begin ] --END-- [ RunTime:0.001157s ]

[ 2019-04-23T21:44:58+08:00 ] 127.0.0.1 /PHPstormProject/TP_hotel/Hotel/index.php/home/Homepage/lanjie
INFO: [ app_init ] --START--
INFO: Run Behavior\BuildLiteBehavior [ RunTime:0.000010s ]
INFO: [ app_init ] --END-- [ RunTime:0.000394s ]
INFO: [ app_begin ] --START--
INFO: Run Behavior\ReadHtmlCacheBehavior [ RunTime:0.000629s ]
INFO: [ app_begin ] --END-- [ RunTime:0.000677s ]

[ 2019-04-23T21:49:14+08:00 ] 127.0.0.1 /PHPstormProject/TP_hotel/Hotel/index.php/home/homepage/dobook
INFO: [ app_init ] --START--
INFO: Run Behavior\BuildLiteBehavior [ RunTime:0.000010s ]
INFO: [ app_init ] --END-- [ RunTime:0.000400s ]
INFO: [ app_begin ] --START--
INFO: Run Behavior\ReadHtmlCacheBehavior [ RunTime:0.000588s ]
INFO: [ app_begin ] --END-- [ RunTime:0.000641s ]
SQL: SHOW COLUMNS FROM `m_order` [ RunTime:0.0062s ]
NOTIC: [8] Undefined index: validate D:\XAMPP\htdocs\PHPstormProject\TP_hotel\Hotel\ThinkPHP\Library\Think\Model.class.php 第 1185 行.
NOTIC: [8] Undefined index: auto D:\XAMPP\htdocs\PHPstormProject\TP_hotel\Hotel\ThinkPHP\Library\Think\Model.class.php 第 1128 行.
SQL: INSERT INTO `m_order` (`Ouid`,`Orid`,`Ophone`,`Osex`,`Oname`,`Oprice`,`Ocard`) VALUES ('1','1','','男','','88','') [ RunTime:0.0026s ]
NOTIC: [2] Invalid argument supplied for foreach() D:\XAMPP\htdocs\PHPstormProject\TP_hotel\Hotel\Application\Common\Common\function.php 第 14 行.

[ 2019-04-23T21:49:17+08:00 ] 127.0.0.1 /PHPstormProject/TP_hotel/Hotel/index.php/home/Homepage/lanjie
INFO: [ app_init ] --START--
INFO: Run Behavior\BuildLiteBehavior [ RunTime:0.000025s ]
INFO: [ app_init ] --END-- [ RunTime:0.001128s ]
INFO: [ app_begin ] --START--
INFO: Run Behavior\ReadHtmlCacheBehavior [ RunTime:0.000755s ]
INFO: [ app_begin ] --END-- [ RunTime:0.000826s ]

[ 2019-04-23T21:49:59+08:00 ] 127.0.0.1 /PHPstormProject/TP_hotel/Hotel/index.php/home/Homepage/lanjie
INFO: [ app_init ] --START--
INFO: Run Behavior\BuildLiteBehavior [ RunTime:0.000011s ]
INFO: [ app_init ] --END-- [ RunTime:0.000423s ]
INFO: [ app_begin ] --START--
INFO: Run Behavior\ReadHtmlCacheBehavior [ RunTime:0.000672s ]
INFO: [ app_begin ] --END-- [ RunTime:0.000713s ]

[ 2019-04-23T21:50:04+08:00 ] 127.0.0.1 /PHPstormProject/TP_hotel/Hotel/index.php/home/Login/logout
INFO: [ app_init ] --START--
INFO: Run Behavior\BuildLiteBehavior [ RunTime:0.000010s ]
INFO: [ app_init ] --END-- [ RunTime:0.000310s ]
INFO: [ app_begin ] --START--
INFO: Run Behavior\ReadHtmlCacheBehavior [ RunTime:0.001883s ]
INFO: [ app_begin ] --END-- [ RunTime:0.001926s ]

[ 2019-04-23T21:54:17+08:00 ] 127.0.0.1 /PHPstormProject/TP_hotel/Hotel/index.php/home/Login/userLogin
INFO: [ app_init ] --START--
INFO: Run Behavior\BuildLiteBehavior [ RunTime:0.000009s ]
INFO: [ app_init ] --END-- [ RunTime:0.000304s ]
INFO: [ app_begin ] --START--
INFO: Run Behavior\ReadHtmlCacheBehavior [ RunTime:0.000536s ]
INFO: [ app_begin ] --END-- [ RunTime:0.000594s ]
SQL: SHOW COLUMNS FROM `m_user` [ RunTime:0.0061s ]
SQL: SELECT * FROM `m_user` WHERE ( Uname='1' ) LIMIT 1   [ RunTime:0.0004s ]

[ 2019-04-23T21:54:17+08:00 ] 127.0.0.1 /PHPstormProject/TP_hotel/Hotel/index.php/home/Homepage/lanjie
INFO: [ app_init ] --START--
INFO: Run Behavior\BuildLiteBehavior [ RunTime:0.000010s ]
INFO: [ app_init ] --END-- [ RunTime:0.001007s ]
INFO: [ app_begin ] --START--
INFO: Run Behavior\ReadHtmlCacheBehavior [ RunTime:0.000575s ]
INFO: [ app_begin ] --END-- [ RunTime:0.000618s ]

