[ 2019-04-19T15:59:33+08:00 ] 127.0.0.1 /untitled/Hotel/index.php/home/Homepage/lanjie
INFO: [ app_init ] --START--
INFO: Run Behavior\BuildLiteBehavior [ RunTime:0.000011s ]
INFO: [ app_init ] --END-- [ RunTime:0.014787s ]
INFO: [ app_begin ] --START--
INFO: Run Behavior\ReadHtmlCacheBehavior [ RunTime:0.007716s ]
INFO: [ app_begin ] --END-- [ RunTime:0.007761s ]

[ 2019-04-19T15:59:44+08:00 ] 127.0.0.1 /untitled/Hotel/index.php/home/Login/userLogin
INFO: [ app_init ] --START--
INFO: Run Behavior\BuildLiteBehavior [ RunTime:0.000007s ]
INFO: [ app_init ] --END-- [ RunTime:0.000339s ]
INFO: [ app_begin ] --START--
INFO: Run Behavior\ReadHtmlCacheBehavior [ RunTime:0.000551s ]
INFO: [ app_begin ] --END-- [ RunTime:0.000596s ]
SQL: SHOW COLUMNS FROM `m_user` [ RunTime:0.1181s ]
SQL: SELECT * FROM `m_user` WHERE ( Uname='11111' ) LIMIT 1   [ RunTime:0.0006s ]

[ 2019-04-19T15:59:55+08:00 ] 127.0.0.1 /untitled/Hotel/index.php/home/Login/userLogin
INFO: [ app_init ] --START--
INFO: Run Behavior\BuildLiteBehavior [ RunTime:0.000006s ]
INFO: [ app_init ] --END-- [ RunTime:0.000291s ]
INFO: [ app_begin ] --START--
INFO: Run Behavior\ReadHtmlCacheBehavior [ RunTime:0.000451s ]
INFO: [ app_begin ] --END-- [ RunTime:0.000474s ]
SQL: SHOW COLUMNS FROM `m_user` [ RunTime:0.0051s ]
SQL: SELECT * FROM `m_user` WHERE ( Uname='11' ) LIMIT 1   [ RunTime:0.0004s ]

[ 2019-04-19T15:59:56+08:00 ] 127.0.0.1 /untitled/Hotel/index.php/home/Homepage/lanjie
INFO: [ app_init ] --START--
INFO: Run Behavior\BuildLiteBehavior [ RunTime:0.000005s ]
INFO: [ app_init ] --END-- [ RunTime:0.000342s ]
INFO: [ app_begin ] --START--
INFO: Run Behavior\ReadHtmlCacheBehavior [ RunTime:0.000519s ]
INFO: [ app_begin ] --END-- [ RunTime:0.000542s ]

[ 2019-04-19T16:00:03+08:00 ] 127.0.0.1 /untitled/Hotel/index.php/home/Homepage/lanjie
INFO: [ app_init ] --START--
INFO: Run Behavior\BuildLiteBehavior [ RunTime:0.000015s ]
INFO: [ app_init ] --END-- [ RunTime:0.000622s ]
INFO: [ app_begin ] --START--
INFO: Run Behavior\ReadHtmlCacheBehavior [ RunTime:0.000798s ]
INFO: [ app_begin ] --END-- [ RunTime:0.000839s ]

[ 2019-04-19T16:00:13+08:00 ] 127.0.0.1 /untitled/Hotel/index.php/home/Homepage/lanjie
INFO: [ app_init ] --START--
INFO: Run Behavior\BuildLiteBehavior [ RunTime:0.000010s ]
INFO: [ app_init ] --END-- [ RunTime:0.000501s ]
INFO: [ app_begin ] --START--
INFO: Run Behavior\ReadHtmlCacheBehavior [ RunTime:0.000680s ]
INFO: [ app_begin ] --END-- [ RunTime:0.000707s ]

[ 2019-04-19T16:00:46+08:00 ] 127.0.0.1 /untitled/Hotel/index.php/home/Homepage/lanjie
INFO: [ app_init ] --START--
INFO: Run Behavior\BuildLiteBehavior [ RunTime:0.000007s ]
INFO: [ app_init ] --END-- [ RunTime:0.000328s ]
INFO: [ app_begin ] --START--
INFO: Run Behavior\ReadHtmlCacheBehavior [ RunTime:0.000508s ]
INFO: [ app_begin ] --END-- [ RunTime:0.000534s ]

[ 2019-04-19T16:00:48+08:00 ] 127.0.0.1 /untitled/Hotel/index.php/home/Homepage/lanjie
INFO: [ app_init ] --START--
INFO: Run Behavior\BuildLiteBehavior [ RunTime:0.000006s ]
INFO: [ app_init ] --END-- [ RunTime:0.000296s ]
INFO: [ app_begin ] --START--
INFO: Run Behavior\ReadHtmlCacheBehavior [ RunTime:0.000464s ]
INFO: [ app_begin ] --END-- [ RunTime:0.000489s ]

[ 2019-04-19T16:00:53+08:00 ] 127.0.0.1 /untitled/Hotel/index.php/home/Homepage/lanjie
INFO: [ app_init ] --START--
INFO: Run Behavior\BuildLiteBehavior [ RunTime:0.000008s ]
INFO: [ app_init ] --END-- [ RunTime:0.000378s ]
INFO: [ app_begin ] --START--
INFO: Run Behavior\ReadHtmlCacheBehavior [ RunTime:0.000719s ]
INFO: [ app_begin ] --END-- [ RunTime:0.000746s ]

[ 2019-04-19T16:00:58+08:00 ] 127.0.0.1 /untitled/Hotel/index.php/home/Homepage/lanjie
INFO: [ app_init ] --START--
INFO: Run Behavior\BuildLiteBehavior [ RunTime:0.000008s ]
INFO: [ app_init ] --END-- [ RunTime:0.000396s ]
INFO: [ app_begin ] --START--
INFO: Run Behavior\ReadHtmlCacheBehavior [ RunTime:0.000461s ]
INFO: [ app_begin ] --END-- [ RunTime:0.000487s ]

[ 2019-04-19T16:01:21+08:00 ] 127.0.0.1 /untitled/Hotel/index.php/home/Homepage/lanjie
INFO: [ app_init ] --START--
INFO: Run Behavior\BuildLiteBehavior [ RunTime:0.000007s ]
INFO: [ app_init ] --END-- [ RunTime:0.000297s ]
INFO: [ app_begin ] --START--
INFO: Run Behavior\ReadHtmlCacheBehavior [ RunTime:0.000562s ]
INFO: [ app_begin ] --END-- [ RunTime:0.000588s ]

[ 2019-04-19T16:01:24+08:00 ] 127.0.0.1 /untitled/Hotel/index.php/home/Homepage/lanjie
INFO: [ app_init ] --START--
INFO: Run Behavior\BuildLiteBehavior [ RunTime:0.000007s ]
INFO: [ app_init ] --END-- [ RunTime:0.000302s ]
INFO: [ app_begin ] --START--
INFO: Run Behavior\ReadHtmlCacheBehavior [ RunTime:0.000499s ]
INFO: [ app_begin ] --END-- [ RunTime:0.000527s ]

[ 2019-04-19T16:01:41+08:00 ] 127.0.0.1 /untitled/Hotel/index.php/home/Homepage/lanjie
INFO: [ app_init ] --START--
INFO: Run Behavior\BuildLiteBehavior [ RunTime:0.000011s ]
INFO: [ app_init ] --END-- [ RunTime:0.000768s ]
INFO: [ app_begin ] --START--
INFO: Run Behavior\ReadHtmlCacheBehavior [ RunTime:0.000893s ]
INFO: [ app_begin ] --END-- [ RunTime:0.000944s ]

[ 2019-04-19T16:01:58+08:00 ] 127.0.0.1 /untitled/Hotel/index.php/home/Login/logout
INFO: [ app_init ] --START--
INFO: Run Behavior\BuildLiteBehavior [ RunTime:0.000010s ]
INFO: [ app_init ] --END-- [ RunTime:0.000481s ]
INFO: [ app_begin ] --START--
INFO: Run Behavior\ReadHtmlCacheBehavior [ RunTime:0.000707s ]
INFO: [ app_begin ] --END-- [ RunTime:0.000748s ]

[ 2019-04-19T16:02:05+08:00 ] 127.0.0.1 /untitled/Hotel/index.php/home/Homepage/lanjie
INFO: [ app_init ] --START--
INFO: Run Behavior\BuildLiteBehavior [ RunTime:0.000010s ]
INFO: [ app_init ] --END-- [ RunTime:0.000495s ]
INFO: [ app_begin ] --START--
INFO: Run Behavior\ReadHtmlCacheBehavior [ RunTime:0.000660s ]
INFO: [ app_begin ] --END-- [ RunTime:0.000701s ]

[ 2019-04-19T16:03:22+08:00 ] 127.0.0.1 /untitled/Hotel/index.php/home/Login/userLogin
INFO: [ app_init ] --START--
INFO: Run Behavior\BuildLiteBehavior [ RunTime:0.000009s ]
INFO: [ app_init ] --END-- [ RunTime:0.000606s ]
INFO: [ app_begin ] --START--
INFO: Run Behavior\ReadHtmlCacheBehavior [ RunTime:0.001062s ]
INFO: [ app_begin ] --END-- [ RunTime:0.001116s ]
SQL: SHOW COLUMNS FROM `m_user` [ RunTime:0.0119s ]
SQL: SELECT * FROM `m_user` WHERE ( Uname='1' ) LIMIT 1   [ RunTime:0.0004s ]

[ 2019-04-19T16:03:22+08:00 ] 127.0.0.1 /untitled/Hotel/index.php/home/Homepage/lanjie
INFO: [ app_init ] --START--
INFO: Run Behavior\BuildLiteBehavior [ RunTime:0.000011s ]
INFO: [ app_init ] --END-- [ RunTime:0.000458s ]
INFO: [ app_begin ] --START--
INFO: Run Behavior\ReadHtmlCacheBehavior [ RunTime:0.000497s ]
INFO: [ app_begin ] --END-- [ RunTime:0.000526s ]

[ 2019-04-19T16:06:25+08:00 ] ::1 /untitled/Hotel/index.php/Home/Homepage/index.html
INFO: [ app_init ] --START--
INFO: Run Behavior\BuildLiteBehavior [ RunTime:0.000016s ]
INFO: [ app_init ] --END-- [ RunTime:0.000730s ]
INFO: [ app_begin ] --START--
INFO: Run Behavior\ReadHtmlCacheBehavior [ RunTime:0.001213s ]
INFO: [ app_begin ] --END-- [ RunTime:0.001266s ]
INFO: [ view_parse ] --START--
INFO: [ template_filter ] --START--
INFO: Run Behavior\ContentReplaceBehavior [ RunTime:0.000125s ]
INFO: [ template_filter ] --END-- [ RunTime:0.000154s ]
NOTIC: [8] Undefined variable: login C:\xampp\htdocs\untitled\Hotel\Application\Runtime\Cache\Home\ea5813382b22a8b3fd387828107dc05d.php 第 124 行.
NOTIC: [8] Undefined variable: register C:\xampp\htdocs\untitled\Hotel\Application\Runtime\Cache\Home\ea5813382b22a8b3fd387828107dc05d.php 第 125 行.
INFO: Run Behavior\ParseTemplateBehavior [ RunTime:0.117750s ]
INFO: [ view_parse ] --END-- [ RunTime:0.117783s ]
INFO: [ view_filter ] --START--
INFO: Run Behavior\WriteHtmlCacheBehavior [ RunTime:0.032929s ]
INFO: [ view_filter ] --END-- [ RunTime:0.032966s ]
INFO: [ app_end ] --START--
INFO: Run Behavior\ShowPageTraceBehavior [ RunTime:0.047432s ]
INFO: [ app_end ] --END-- [ RunTime:0.047485s ]

[ 2019-04-19T16:10:49+08:00 ] 127.0.0.1 /untitled/Hotel/index.php/home/Login/logout
INFO: [ app_init ] --START--
INFO: Run Behavior\BuildLiteBehavior [ RunTime:0.000007s ]
INFO: [ app_init ] --END-- [ RunTime:0.000297s ]
INFO: [ app_begin ] --START--
INFO: Run Behavior\ReadHtmlCacheBehavior [ RunTime:0.000505s ]
INFO: [ app_begin ] --END-- [ RunTime:0.000529s ]

[ 2019-04-19T16:11:18+08:00 ] 127.0.0.1 /untitled/Hotel/index.php/home/Login/userLogin
INFO: [ app_init ] --START--
INFO: Run Behavior\BuildLiteBehavior [ RunTime:0.000013s ]
INFO: [ app_init ] --END-- [ RunTime:0.000727s ]
INFO: [ app_begin ] --START--
INFO: Run Behavior\ReadHtmlCacheBehavior [ RunTime:0.000544s ]
INFO: [ app_begin ] --END-- [ RunTime:0.000579s ]
SQL: SHOW COLUMNS FROM `m_user` [ RunTime:0.0104s ]
SQL: SELECT * FROM `m_user` WHERE ( Uname='' ) LIMIT 1   [ RunTime:0.0004s ]

[ 2019-04-19T16:11:24+08:00 ] 127.0.0.1 /untitled/Hotel/index.php/home/Login/userLogin
INFO: [ app_init ] --START--
INFO: Run Behavior\BuildLiteBehavior [ RunTime:0.000005s ]
INFO: [ app_init ] --END-- [ RunTime:0.000293s ]
INFO: [ app_begin ] --START--
INFO: Run Behavior\ReadHtmlCacheBehavior [ RunTime:0.000563s ]
INFO: [ app_begin ] --END-- [ RunTime:0.000588s ]
SQL: SHOW COLUMNS FROM `m_user` [ RunTime:0.1060s ]
SQL: SELECT * FROM `m_user` WHERE ( Uname='11' ) LIMIT 1   [ RunTime:0.0004s ]

[ 2019-04-19T16:11:24+08:00 ] 127.0.0.1 /untitled/Hotel/index.php/home/Homepage/lanjie
INFO: [ app_init ] --START--
INFO: Run Behavior\BuildLiteBehavior [ RunTime:0.000006s ]
INFO: [ app_init ] --END-- [ RunTime:0.000325s ]
INFO: [ app_begin ] --START--
INFO: Run Behavior\ReadHtmlCacheBehavior [ RunTime:0.000944s ]
INFO: [ app_begin ] --END-- [ RunTime:0.000998s ]

[ 2019-04-19T16:11:29+08:00 ] 127.0.0.1 /untitled/Hotel/index.php/home/Login/logout
INFO: [ app_init ] --START--
INFO: Run Behavior\BuildLiteBehavior [ RunTime:0.000007s ]
INFO: [ app_init ] --END-- [ RunTime:0.000301s ]
INFO: [ app_begin ] --START--
INFO: Run Behavior\ReadHtmlCacheBehavior [ RunTime:0.000447s ]
INFO: [ app_begin ] --END-- [ RunTime:0.000471s ]

[ 2019-04-19T16:12:06+08:00 ] 127.0.0.1 /untitled/Hotel/index.php/home/login/getLost
INFO: [ app_init ] --START--
INFO: Run Behavior\BuildLiteBehavior [ RunTime:0.000006s ]
INFO: [ app_init ] --END-- [ RunTime:0.000290s ]
INFO: [ app_begin ] --START--
INFO: Run Behavior\ReadHtmlCacheBehavior [ RunTime:0.000498s ]
INFO: [ app_begin ] --END-- [ RunTime:0.000522s ]
SQL: SHOW COLUMNS FROM `m_user` [ RunTime:0.0097s ]
SQL: SELECT * FROM `m_user` WHERE ( Uname='' ) LIMIT 1   [ RunTime:0.0003s ]

[ 2019-04-19T16:12:11+08:00 ] 127.0.0.1 /untitled/Hotel/index.php/home/login/getLost
INFO: [ app_init ] --START--
INFO: Run Behavior\BuildLiteBehavior [ RunTime:0.000008s ]
INFO: [ app_init ] --END-- [ RunTime:0.000362s ]
INFO: [ app_begin ] --START--
INFO: Run Behavior\ReadHtmlCacheBehavior [ RunTime:0.000460s ]
INFO: [ app_begin ] --END-- [ RunTime:0.000483s ]
SQL: SHOW COLUMNS FROM `m_user` [ RunTime:0.0098s ]
SQL: SELECT * FROM `m_user` WHERE ( Uname='' ) LIMIT 1   [ RunTime:0.0003s ]

[ 2019-04-19T16:17:30+08:00 ] 127.0.0.1 /untitled/Hotel/index.php/home/login/getLost
INFO: [ app_init ] --START--
INFO: Run Behavior\BuildLiteBehavior [ RunTime:0.000011s ]
INFO: [ app_init ] --END-- [ RunTime:0.000466s ]
INFO: [ app_begin ] --START--
INFO: Run Behavior\ReadHtmlCacheBehavior [ RunTime:0.000832s ]
INFO: [ app_begin ] --END-- [ RunTime:0.000866s ]
SQL: SHOW COLUMNS FROM `m_user` [ RunTime:0.0499s ]
SQL: SELECT * FROM `m_user` WHERE ( Uname='1' ) LIMIT 1   [ RunTime:0.0003s ]

[ 2019-04-19T16:17:37+08:00 ] 127.0.0.1 /untitled/Hotel/index.php/home/Login/userLogin
INFO: [ app_init ] --START--
INFO: Run Behavior\BuildLiteBehavior [ RunTime:0.000007s ]
INFO: [ app_init ] --END-- [ RunTime:0.000301s ]
INFO: [ app_begin ] --START--
INFO: Run Behavior\ReadHtmlCacheBehavior [ RunTime:0.000476s ]
INFO: [ app_begin ] --END-- [ RunTime:0.000499s ]
SQL: SHOW COLUMNS FROM `m_user` [ RunTime:0.0095s ]
SQL: SELECT * FROM `m_user` WHERE ( Uname='1' ) LIMIT 1   [ RunTime:0.0004s ]

[ 2019-04-19T16:18:58+08:00 ] 127.0.0.1 /untitled/Hotel/index.php/home/Homepage/lanjie
INFO: [ app_init ] --START--
INFO: Run Behavior\BuildLiteBehavior [ RunTime:0.000006s ]
INFO: [ app_init ] --END-- [ RunTime:0.000287s ]
INFO: [ app_begin ] --START--
INFO: Run Behavior\ReadHtmlCacheBehavior [ RunTime:0.000554s ]
INFO: [ app_begin ] --END-- [ RunTime:0.000595s ]

[ 2019-04-19T16:21:01+08:00 ] 127.0.0.1 /untitled/Hotel/index.php/home/Homepage/lanjie
INFO: [ app_init ] --START--
INFO: Run Behavior\BuildLiteBehavior [ RunTime:0.000016s ]
INFO: [ app_init ] --END-- [ RunTime:0.000620s ]
INFO: [ app_begin ] --START--
INFO: Run Behavior\ReadHtmlCacheBehavior [ RunTime:0.001041s ]
INFO: [ app_begin ] --END-- [ RunTime:0.001091s ]

[ 2019-04-19T16:21:03+08:00 ] 127.0.0.1 /untitled/Hotel/index.php/home/Login/logout
INFO: [ app_init ] --START--
INFO: Run Behavior\BuildLiteBehavior [ RunTime:0.000013s ]
INFO: [ app_init ] --END-- [ RunTime:0.000801s ]
INFO: [ app_begin ] --START--
INFO: Run Behavior\ReadHtmlCacheBehavior [ RunTime:0.000908s ]
INFO: [ app_begin ] --END-- [ RunTime:0.000947s ]

[ 2019-04-19T16:21:12+08:00 ] 127.0.0.1 /untitled/Hotel/index.php/home/Login/userLogin
INFO: [ app_init ] --START--
INFO: Run Behavior\BuildLiteBehavior [ RunTime:0.000006s ]
INFO: [ app_init ] --END-- [ RunTime:0.000346s ]
INFO: [ app_begin ] --START--
INFO: Run Behavior\ReadHtmlCacheBehavior [ RunTime:0.000778s ]
INFO: [ app_begin ] --END-- [ RunTime:0.000818s ]
SQL: SHOW COLUMNS FROM `m_user` [ RunTime:1.4712s ]
SQL: SELECT * FROM `m_user` WHERE ( Uname='1' ) LIMIT 1   [ RunTime:0.0004s ]

[ 2019-04-19T16:26:21+08:00 ] 127.0.0.1 /untitled/Hotel/index.php/home/Login/userLogin
INFO: [ app_init ] --START--
INFO: Run Behavior\BuildLiteBehavior [ RunTime:0.000007s ]
INFO: [ app_init ] --END-- [ RunTime:0.000359s ]
INFO: [ app_begin ] --START--
INFO: Run Behavior\ReadHtmlCacheBehavior [ RunTime:0.000660s ]
INFO: [ app_begin ] --END-- [ RunTime:0.000685s ]
SQL: SHOW COLUMNS FROM `m_user` [ RunTime:0.0098s ]
SQL: SELECT * FROM `m_user` WHERE ( Uname='11' ) LIMIT 1   [ RunTime:0.0004s ]

[ 2019-04-19T16:26:34+08:00 ] 127.0.0.1 /untitled/Hotel/index.php/home/homepage/index.html
INFO: [ app_init ] --START--
INFO: Run Behavior\BuildLiteBehavior [ RunTime:0.000007s ]
INFO: [ app_init ] --END-- [ RunTime:0.000293s ]
INFO: [ app_begin ] --START--
INFO: Run Behavior\ReadHtmlCacheBehavior [ RunTime:0.000504s ]
INFO: [ app_begin ] --END-- [ RunTime:0.000539s ]
INFO: [ view_parse ] --START--
INFO: [ template_filter ] --START--
INFO: Run Behavior\ContentReplaceBehavior [ RunTime:0.000138s ]
INFO: [ template_filter ] --END-- [ RunTime:0.000180s ]
NOTIC: [8] Undefined variable: login C:\xampp\htdocs\untitled\Hotel\Application\Runtime\Cache\Home\ea5813382b22a8b3fd387828107dc05d.php 第 124 行.
NOTIC: [8] Undefined variable: register C:\xampp\htdocs\untitled\Hotel\Application\Runtime\Cache\Home\ea5813382b22a8b3fd387828107dc05d.php 第 125 行.
INFO: Run Behavior\ParseTemplateBehavior [ RunTime:0.009474s ]
INFO: [ view_parse ] --END-- [ RunTime:0.009499s ]
INFO: [ view_filter ] --START--
INFO: Run Behavior\WriteHtmlCacheBehavior [ RunTime:0.000402s ]
INFO: [ view_filter ] --END-- [ RunTime:0.000440s ]
INFO: [ app_end ] --START--
INFO: Run Behavior\ShowPageTraceBehavior [ RunTime:0.000789s ]
INFO: [ app_end ] --END-- [ RunTime:0.000828s ]

[ 2019-04-19T16:26:50+08:00 ] 127.0.0.1 /untitled/Hotel/index.php/home/Homepage/lanjie
INFO: [ app_init ] --START--
INFO: Run Behavior\BuildLiteBehavior [ RunTime:0.000010s ]
INFO: [ app_init ] --END-- [ RunTime:0.000488s ]
INFO: [ app_begin ] --START--
INFO: Run Behavior\ReadHtmlCacheBehavior [ RunTime:0.000848s ]
INFO: [ app_begin ] --END-- [ RunTime:0.000917s ]

[ 2019-04-19T16:26:55+08:00 ] 127.0.0.1 /untitled/Hotel/index.php/home/homepage/index.html
INFO: [ app_init ] --START--
INFO: Run Behavior\BuildLiteBehavior [ RunTime:0.000008s ]
INFO: [ app_init ] --END-- [ RunTime:0.000492s ]
INFO: [ app_begin ] --START--
INFO: Run Behavior\ReadHtmlCacheBehavior [ RunTime:0.001091s ]
INFO: [ app_begin ] --END-- [ RunTime:0.001147s ]
INFO: [ view_parse ] --START--
INFO: [ template_filter ] --START--
INFO: Run Behavior\ContentReplaceBehavior [ RunTime:0.000104s ]
INFO: [ template_filter ] --END-- [ RunTime:0.000131s ]
NOTIC: [8] Undefined variable: login C:\xampp\htdocs\untitled\Hotel\Application\Runtime\Cache\Home\ea5813382b22a8b3fd387828107dc05d.php 第 124 行.
NOTIC: [8] Undefined variable: register C:\xampp\htdocs\untitled\Hotel\Application\Runtime\Cache\Home\ea5813382b22a8b3fd387828107dc05d.php 第 125 行.
INFO: Run Behavior\ParseTemplateBehavior [ RunTime:0.009512s ]
INFO: [ view_parse ] --END-- [ RunTime:0.009537s ]
INFO: [ view_filter ] --START--
INFO: Run Behavior\WriteHtmlCacheBehavior [ RunTime:0.000412s ]
INFO: [ view_filter ] --END-- [ RunTime:0.000431s ]
INFO: [ app_end ] --START--
INFO: Run Behavior\ShowPageTraceBehavior [ RunTime:0.001799s ]
INFO: [ app_end ] --END-- [ RunTime:0.001858s ]

[ 2019-04-19T16:30:28+08:00 ] 127.0.0.1 /untitled/Hotel/index.php/home/homepage/index.html
INFO: [ app_init ] --START--
INFO: Run Behavior\BuildLiteBehavior [ RunTime:0.000007s ]
INFO: [ app_init ] --END-- [ RunTime:0.000348s ]
INFO: [ app_begin ] --START--
INFO: Run Behavior\ReadHtmlCacheBehavior [ RunTime:0.000612s ]
INFO: [ app_begin ] --END-- [ RunTime:0.000635s ]
INFO: [ view_parse ] --START--
INFO: [ template_filter ] --START--
INFO: Run Behavior\ContentReplaceBehavior [ RunTime:0.000106s ]
INFO: [ template_filter ] --END-- [ RunTime:0.000135s ]
NOTIC: [8] Undefined variable: login C:\xampp\htdocs\untitled\Hotel\Application\Runtime\Cache\Home\ea5813382b22a8b3fd387828107dc05d.php 第 124 行.
NOTIC: [8] Undefined variable: register C:\xampp\htdocs\untitled\Hotel\Application\Runtime\Cache\Home\ea5813382b22a8b3fd387828107dc05d.php 第 125 行.
INFO: Run Behavior\ParseTemplateBehavior [ RunTime:0.010304s ]
INFO: [ view_parse ] --END-- [ RunTime:0.010329s ]
INFO: [ view_filter ] --START--
INFO: Run Behavior\WriteHtmlCacheBehavior [ RunTime:0.000480s ]
INFO: [ view_filter ] --END-- [ RunTime:0.000499s ]
INFO: [ app_end ] --START--
INFO: Run Behavior\ShowPageTraceBehavior [ RunTime:0.000782s ]
INFO: [ app_end ] --END-- [ RunTime:0.000812s ]

[ 2019-04-19T16:30:45+08:00 ] 127.0.0.1 /untitled/Hotel/index.php/home/Login/userLogin
INFO: [ app_init ] --START--
INFO: Run Behavior\BuildLiteBehavior [ RunTime:0.000006s ]
INFO: [ app_init ] --END-- [ RunTime:0.000306s ]
INFO: [ app_begin ] --START--
INFO: Run Behavior\ReadHtmlCacheBehavior [ RunTime:0.000552s ]
INFO: [ app_begin ] --END-- [ RunTime:0.000579s ]
SQL: SHOW COLUMNS FROM `m_user` [ RunTime:0.0090s ]
SQL: SELECT * FROM `m_user` WHERE ( Uname='1' ) LIMIT 1   [ RunTime:0.0005s ]

[ 2019-04-19T16:33:34+08:00 ] 127.0.0.1 /untitled/Hotel/index.php/home/Login/userLogin
INFO: [ app_init ] --START--
INFO: Run Behavior\BuildLiteBehavior [ RunTime:0.000012s ]
INFO: [ app_init ] --END-- [ RunTime:0.000548s ]
INFO: [ app_begin ] --START--
INFO: Run Behavior\ReadHtmlCacheBehavior [ RunTime:0.000697s ]
INFO: [ app_begin ] --END-- [ RunTime:0.000729s ]
SQL: SHOW COLUMNS FROM `m_user` [ RunTime:0.0556s ]
SQL: SELECT * FROM `m_user` WHERE ( Uname='1' ) LIMIT 1   [ RunTime:0.0004s ]

[ 2019-04-19T16:33:34+08:00 ] 127.0.0.1 /untitled/Hotel/index.php/home/Login/index
INFO: [ app_init ] --START--
INFO: Run Behavior\BuildLiteBehavior [ RunTime:0.000008s ]
INFO: [ app_init ] --END-- [ RunTime:0.000467s ]
INFO: [ app_begin ] --START--
INFO: Run Behavior\ReadHtmlCacheBehavior [ RunTime:0.000514s ]
INFO: [ app_begin ] --END-- [ RunTime:0.000547s ]
INFO: [ view_parse ] --START--
INFO: [ template_filter ] --START--
INFO: Run Behavior\ContentReplaceBehavior [ RunTime:0.000027s ]
INFO: [ template_filter ] --END-- [ RunTime:0.000054s ]
INFO: Run Behavior\ParseTemplateBehavior [ RunTime:0.018553s ]
INFO: [ view_parse ] --END-- [ RunTime:0.018580s ]
INFO: [ view_filter ] --START--
INFO: Run Behavior\WriteHtmlCacheBehavior [ RunTime:0.000492s ]
INFO: [ view_filter ] --END-- [ RunTime:0.000512s ]
INFO: [ app_end ] --START--
INFO: Run Behavior\ShowPageTraceBehavior [ RunTime:0.000657s ]
INFO: [ app_end ] --END-- [ RunTime:0.000676s ]

[ 2019-04-19T16:34:11+08:00 ] 127.0.0.1 /untitled/Hotel/index.php/home/Homepage/lanjie
INFO: [ app_init ] --START--
INFO: Run Behavior\BuildLiteBehavior [ RunTime:0.000017s ]
INFO: [ app_init ] --END-- [ RunTime:0.000675s ]
INFO: [ app_begin ] --START--
INFO: Run Behavior\ReadHtmlCacheBehavior [ RunTime:0.000824s ]
INFO: [ app_begin ] --END-- [ RunTime:0.000869s ]

[ 2019-04-19T16:34:13+08:00 ] 127.0.0.1 /untitled/Hotel/index.php/home/Login/logout
INFO: [ app_init ] --START--
INFO: Run Behavior\BuildLiteBehavior [ RunTime:0.000007s ]
INFO: [ app_init ] --END-- [ RunTime:0.000362s ]
INFO: [ app_begin ] --START--
INFO: Run Behavior\ReadHtmlCacheBehavior [ RunTime:0.000864s ]
INFO: [ app_begin ] --END-- [ RunTime:0.000894s ]

[ 2019-04-19T16:34:17+08:00 ] 127.0.0.1 /untitled/Hotel/index.php/home/Homepage/lanjie
INFO: [ app_init ] --START--
INFO: Run Behavior\BuildLiteBehavior [ RunTime:0.000007s ]
INFO: [ app_init ] --END-- [ RunTime:0.000422s ]
INFO: [ app_begin ] --START--
INFO: Run Behavior\ReadHtmlCacheBehavior [ RunTime:0.001343s ]
INFO: [ app_begin ] --END-- [ RunTime:0.001419s ]

[ 2019-04-19T16:36:39+08:00 ] 127.0.0.1 /untitled/Hotel/index.php/home/Homepage/lanjie
INFO: [ app_init ] --START--
INFO: Run Behavior\BuildLiteBehavior [ RunTime:0.000012s ]
INFO: [ app_init ] --END-- [ RunTime:0.000590s ]
INFO: [ app_begin ] --START--
INFO: Run Behavior\ReadHtmlCacheBehavior [ RunTime:0.001113s ]
INFO: [ app_begin ] --END-- [ RunTime:0.001168s ]

[ 2019-04-19T16:36:52+08:00 ] 127.0.0.1 /untitled/Hotel/index.php/home/Homepage/lanjie
INFO: [ app_init ] --START--
INFO: Run Behavior\BuildLiteBehavior [ RunTime:0.000013s ]
INFO: [ app_init ] --END-- [ RunTime:0.000574s ]
INFO: [ app_begin ] --START--
INFO: Run Behavior\ReadHtmlCacheBehavior [ RunTime:0.000813s ]
INFO: [ app_begin ] --END-- [ RunTime:0.000876s ]

[ 2019-04-19T16:37:17+08:00 ] 127.0.0.1 /untitled/Hotel/index.php/home/Login/index
INFO: [ app_init ] --START--
INFO: Run Behavior\BuildLiteBehavior [ RunTime:0.000012s ]
INFO: [ app_init ] --END-- [ RunTime:0.001230s ]
INFO: [ app_begin ] --START--
INFO: Run Behavior\ReadHtmlCacheBehavior [ RunTime:0.001058s ]
INFO: [ app_begin ] --END-- [ RunTime:0.001106s ]
INFO: [ view_parse ] --START--
INFO: [ template_filter ] --START--
INFO: Run Behavior\ContentReplaceBehavior [ RunTime:0.000029s ]
INFO: [ template_filter ] --END-- [ RunTime:0.000056s ]
INFO: Run Behavior\ParseTemplateBehavior [ RunTime:0.007387s ]
INFO: [ view_parse ] --END-- [ RunTime:0.007423s ]
INFO: [ view_filter ] --START--
INFO: Run Behavior\WriteHtmlCacheBehavior [ RunTime:0.000468s ]
INFO: [ view_filter ] --END-- [ RunTime:0.000502s ]
INFO: [ app_end ] --START--
INFO: Run Behavior\ShowPageTraceBehavior [ RunTime:0.000652s ]
INFO: [ app_end ] --END-- [ RunTime:0.000672s ]

[ 2019-04-19T16:38:40+08:00 ] 127.0.0.1 /untitled/Hotel/index.php/home/Login/index
INFO: [ app_init ] --START--
INFO: Run Behavior\BuildLiteBehavior [ RunTime:0.000006s ]
INFO: [ app_init ] --END-- [ RunTime:0.000381s ]
INFO: [ app_begin ] --START--
INFO: Run Behavior\ReadHtmlCacheBehavior [ RunTime:0.001175s ]
INFO: [ app_begin ] --END-- [ RunTime:0.001218s ]
INFO: [ view_parse ] --START--
INFO: [ template_filter ] --START--
INFO: Run Behavior\ContentReplaceBehavior [ RunTime:0.000027s ]
INFO: [ template_filter ] --END-- [ RunTime:0.000055s ]
INFO: Run Behavior\ParseTemplateBehavior [ RunTime:0.007409s ]
INFO: [ view_parse ] --END-- [ RunTime:0.007454s ]
INFO: [ view_filter ] --START--
INFO: Run Behavior\WriteHtmlCacheBehavior [ RunTime:0.000294s ]
INFO: [ view_filter ] --END-- [ RunTime:0.000312s ]
INFO: [ app_end ] --START--
INFO: Run Behavior\ShowPageTraceBehavior [ RunTime:0.000551s ]
INFO: [ app_end ] --END-- [ RunTime:0.000574s ]

[ 2019-04-19T16:39:07+08:00 ] 127.0.0.1 /untitled/Hotel/index.php/home/Login/userLogin
INFO: [ app_init ] --START--
INFO: Run Behavior\BuildLiteBehavior [ RunTime:0.000008s ]
INFO: [ app_init ] --END-- [ RunTime:0.000384s ]
INFO: [ app_begin ] --START--
INFO: Run Behavior\ReadHtmlCacheBehavior [ RunTime:0.000543s ]
INFO: [ app_begin ] --END-- [ RunTime:0.000583s ]
SQL: SHOW COLUMNS FROM `m_user` [ RunTime:0.0104s ]
SQL: SELECT * FROM `m_user` WHERE ( Uname='11' ) LIMIT 1   [ RunTime:0.0005s ]

[ 2019-04-19T16:39:09+08:00 ] 127.0.0.1 /untitled/Hotel/index.php/home/Login/userLogin
INFO: [ app_init ] --START--
INFO: Run Behavior\BuildLiteBehavior [ RunTime:0.000006s ]
INFO: [ app_init ] --END-- [ RunTime:0.000362s ]
INFO: [ app_begin ] --START--
INFO: Run Behavior\ReadHtmlCacheBehavior [ RunTime:0.000504s ]
INFO: [ app_begin ] --END-- [ RunTime:0.000527s ]
SQL: SHOW COLUMNS FROM `m_user` [ RunTime:0.0090s ]
SQL: SELECT * FROM `m_user` WHERE ( Uname='11' ) LIMIT 1   [ RunTime:0.0003s ]

[ 2019-04-19T16:40:29+08:00 ] 127.0.0.1 /untitled/Hotel/index.php/home/Login/userLogin
INFO: [ app_init ] --START--
INFO: Run Behavior\BuildLiteBehavior [ RunTime:0.000009s ]
INFO: [ app_init ] --END-- [ RunTime:0.000408s ]
INFO: [ app_begin ] --START--
INFO: Run Behavior\ReadHtmlCacheBehavior [ RunTime:0.000561s ]
INFO: [ app_begin ] --END-- [ RunTime:0.000592s ]
SQL: SHOW COLUMNS FROM `m_user` [ RunTime:0.0101s ]
SQL: SELECT * FROM `m_user` WHERE ( Uname='11' ) LIMIT 1   [ RunTime:0.0003s ]

[ 2019-04-19T16:41:03+08:00 ] 127.0.0.1 /untitled/Hotel/index.php/home/Login/userLogin
INFO: [ app_init ] --START--
INFO: Run Behavior\BuildLiteBehavior [ RunTime:0.000006s ]
INFO: [ app_init ] --END-- [ RunTime:0.000350s ]
INFO: [ app_begin ] --START--
INFO: Run Behavior\ReadHtmlCacheBehavior [ RunTime:0.000815s ]
INFO: [ app_begin ] --END-- [ RunTime:0.000854s ]
SQL: SHOW COLUMNS FROM `m_user` [ RunTime:0.0095s ]
SQL: SELECT * FROM `m_user` WHERE ( Uname='11' ) LIMIT 1   [ RunTime:0.0004s ]

[ 2019-04-19T16:41:05+08:00 ] 127.0.0.1 /untitled/Hotel/index.php/home/Login/userLogin
INFO: [ app_init ] --START--
INFO: Run Behavior\BuildLiteBehavior [ RunTime:0.000006s ]
INFO: [ app_init ] --END-- [ RunTime:0.000368s ]
INFO: [ app_begin ] --START--
INFO: Run Behavior\ReadHtmlCacheBehavior [ RunTime:0.000511s ]
INFO: [ app_begin ] --END-- [ RunTime:0.000533s ]
SQL: SHOW COLUMNS FROM `m_user` [ RunTime:0.0783s ]
SQL: SELECT * FROM `m_user` WHERE ( Uname='11' ) LIMIT 1   [ RunTime:0.0004s ]

[ 2019-04-19T16:41:05+08:00 ] 127.0.0.1 /untitled/Hotel/index.php/home/Login/userLogin
INFO: [ app_init ] --START--
INFO: Run Behavior\BuildLiteBehavior [ RunTime:0.000007s ]
INFO: [ app_init ] --END-- [ RunTime:0.000354s ]
INFO: [ app_begin ] --START--
INFO: Run Behavior\ReadHtmlCacheBehavior [ RunTime:0.000540s ]
INFO: [ app_begin ] --END-- [ RunTime:0.000564s ]
SQL: SHOW COLUMNS FROM `m_user` [ RunTime:0.0093s ]
SQL: SELECT * FROM `m_user` WHERE ( Uname='11' ) LIMIT 1   [ RunTime:0.0004s ]

[ 2019-04-19T16:41:06+08:00 ] 127.0.0.1 /untitled/Hotel/index.php/home/Login/userLogin
INFO: [ app_init ] --START--
INFO: Run Behavior\BuildLiteBehavior [ RunTime:0.000006s ]
INFO: [ app_init ] --END-- [ RunTime:0.000289s ]
INFO: [ app_begin ] --START--
INFO: Run Behavior\ReadHtmlCacheBehavior [ RunTime:0.000486s ]
INFO: [ app_begin ] --END-- [ RunTime:0.000511s ]
SQL: SHOW COLUMNS FROM `m_user` [ RunTime:0.0098s ]
SQL: SELECT * FROM `m_user` WHERE ( Uname='11' ) LIMIT 1   [ RunTime:0.0004s ]

[ 2019-04-19T16:41:06+08:00 ] 127.0.0.1 /untitled/Hotel/index.php/home/Login/userLogin
INFO: [ app_init ] --START--
INFO: Run Behavior\BuildLiteBehavior [ RunTime:0.000006s ]
INFO: [ app_init ] --END-- [ RunTime:0.000308s ]
INFO: [ app_begin ] --START--
INFO: Run Behavior\ReadHtmlCacheBehavior [ RunTime:0.000469s ]
INFO: [ app_begin ] --END-- [ RunTime:0.000492s ]
SQL: SHOW COLUMNS FROM `m_user` [ RunTime:0.2035s ]
SQL: SELECT * FROM `m_user` WHERE ( Uname='11' ) LIMIT 1   [ RunTime:0.0003s ]

[ 2019-04-19T16:41:06+08:00 ] 127.0.0.1 /untitled/Hotel/index.php/home/Login/userLogin
INFO: [ app_init ] --START--
INFO: Run Behavior\BuildLiteBehavior [ RunTime:0.000009s ]
INFO: [ app_init ] --END-- [ RunTime:0.000351s ]
INFO: [ app_begin ] --START--
INFO: Run Behavior\ReadHtmlCacheBehavior [ RunTime:0.000695s ]
INFO: [ app_begin ] --END-- [ RunTime:0.000721s ]
SQL: SHOW COLUMNS FROM `m_user` [ RunTime:0.0100s ]
SQL: SELECT * FROM `m_user` WHERE ( Uname='11' ) LIMIT 1   [ RunTime:0.0004s ]

[ 2019-04-19T16:41:07+08:00 ] 127.0.0.1 /untitled/Hotel/index.php/home/Login/userLogin
INFO: [ app_init ] --START--
INFO: Run Behavior\BuildLiteBehavior [ RunTime:0.000006s ]
INFO: [ app_init ] --END-- [ RunTime:0.000287s ]
INFO: [ app_begin ] --START--
INFO: Run Behavior\ReadHtmlCacheBehavior [ RunTime:0.000490s ]
INFO: [ app_begin ] --END-- [ RunTime:0.000513s ]
SQL: SHOW COLUMNS FROM `m_user` [ RunTime:0.0092s ]
SQL: SELECT * FROM `m_user` WHERE ( Uname='11' ) LIMIT 1   [ RunTime:0.0003s ]

[ 2019-04-19T16:41:08+08:00 ] 127.0.0.1 /untitled/Hotel/index.php/home/Login/userLogin
INFO: [ app_init ] --START--
INFO: Run Behavior\BuildLiteBehavior [ RunTime:0.000007s ]
INFO: [ app_init ] --END-- [ RunTime:0.000289s ]
INFO: [ app_begin ] --START--
INFO: Run Behavior\ReadHtmlCacheBehavior [ RunTime:0.000511s ]
INFO: [ app_begin ] --END-- [ RunTime:0.000541s ]
SQL: SHOW COLUMNS FROM `m_user` [ RunTime:0.0090s ]
SQL: SELECT * FROM `m_user` WHERE ( Uname='11' ) LIMIT 1   [ RunTime:0.0003s ]

[ 2019-04-19T16:42:00+08:00 ] 127.0.0.1 /untitled/Hotel/index.php/home/Login/userLogin
INFO: [ app_init ] --START--
INFO: Run Behavior\BuildLiteBehavior [ RunTime:0.000006s ]
INFO: [ app_init ] --END-- [ RunTime:0.000375s ]
INFO: [ app_begin ] --START--
INFO: Run Behavior\ReadHtmlCacheBehavior [ RunTime:0.000503s ]
INFO: [ app_begin ] --END-- [ RunTime:0.000525s ]
SQL: SHOW COLUMNS FROM `m_user` [ RunTime:0.0111s ]
SQL: SELECT * FROM `m_user` WHERE ( Uname='' ) LIMIT 1   [ RunTime:0.0003s ]

[ 2019-04-19T16:42:09+08:00 ] 127.0.0.1 /untitled/Hotel/index.php/home/Login/index
INFO: [ app_init ] --START--
INFO: Run Behavior\BuildLiteBehavior [ RunTime:0.000007s ]
INFO: [ app_init ] --END-- [ RunTime:0.000291s ]
INFO: [ app_begin ] --START--
INFO: Run Behavior\ReadHtmlCacheBehavior [ RunTime:0.000448s ]
INFO: [ app_begin ] --END-- [ RunTime:0.000470s ]
INFO: [ view_parse ] --START--
INFO: [ template_filter ] --START--
INFO: Run Behavior\ContentReplaceBehavior [ RunTime:0.000049s ]
INFO: [ template_filter ] --END-- [ RunTime:0.000091s ]
INFO: Run Behavior\ParseTemplateBehavior [ RunTime:0.008498s ]
INFO: [ view_parse ] --END-- [ RunTime:0.008530s ]
INFO: [ view_filter ] --START--
INFO: Run Behavior\WriteHtmlCacheBehavior [ RunTime:0.000506s ]
INFO: [ view_filter ] --END-- [ RunTime:0.000531s ]
INFO: [ app_end ] --START--
INFO: Run Behavior\ShowPageTraceBehavior [ RunTime:0.001001s ]
INFO: [ app_end ] --END-- [ RunTime:0.001029s ]

[ 2019-04-19T16:43:13+08:00 ] 127.0.0.1 /untitled/Hotel/index.php/home/Login/userLogin
INFO: [ app_init ] --START--
INFO: Run Behavior\BuildLiteBehavior [ RunTime:0.000011s ]
INFO: [ app_init ] --END-- [ RunTime:0.000585s ]
INFO: [ app_begin ] --START--
INFO: Run Behavior\ReadHtmlCacheBehavior [ RunTime:0.000922s ]
INFO: [ app_begin ] --END-- [ RunTime:0.000972s ]
SQL: SHOW COLUMNS FROM `m_user` [ RunTime:0.0113s ]
SQL: SELECT * FROM `m_user` WHERE ( Uname='11' ) LIMIT 1   [ RunTime:0.0004s ]

[ 2019-04-19T16:47:35+08:00 ] 127.0.0.1 /untitled/Hotel/index.php/home/Homepage/lanjie
INFO: [ app_init ] --START--
INFO: Run Behavior\BuildLiteBehavior [ RunTime:0.000011s ]
INFO: [ app_init ] --END-- [ RunTime:0.000750s ]
INFO: [ app_begin ] --START--
INFO: Run Behavior\ReadHtmlCacheBehavior [ RunTime:0.001212s ]
INFO: [ app_begin ] --END-- [ RunTime:0.001268s ]

[ 2019-04-19T16:47:37+08:00 ] 127.0.0.1 /untitled/Hotel/index.php/home/Login/logout
INFO: [ app_init ] --START--
INFO: Run Behavior\BuildLiteBehavior [ RunTime:0.000010s ]
INFO: [ app_init ] --END-- [ RunTime:0.000565s ]
INFO: [ app_begin ] --START--
INFO: Run Behavior\ReadHtmlCacheBehavior [ RunTime:0.000984s ]
INFO: [ app_begin ] --END-- [ RunTime:0.001035s ]

[ 2019-04-19T16:47:45+08:00 ] 127.0.0.1 /untitled/Hotel/index.php/home/Login/userLogin
INFO: [ app_init ] --START--
INFO: Run Behavior\BuildLiteBehavior [ RunTime:0.000007s ]
INFO: [ app_init ] --END-- [ RunTime:0.000372s ]
INFO: [ app_begin ] --START--
INFO: Run Behavior\ReadHtmlCacheBehavior [ RunTime:0.000661s ]
INFO: [ app_begin ] --END-- [ RunTime:0.000701s ]
SQL: SHOW COLUMNS FROM `m_user` [ RunTime:0.1452s ]
SQL: SELECT * FROM `m_user` WHERE ( Uname='11' ) LIMIT 1   [ RunTime:0.0004s ]

[ 2019-04-19T16:48:28+08:00 ] 127.0.0.1 /untitled/Hotel/index.php/home/Homepage/lanjie
INFO: [ app_init ] --START--
INFO: Run Behavior\BuildLiteBehavior [ RunTime:0.000010s ]
INFO: [ app_init ] --END-- [ RunTime:0.000546s ]
INFO: [ app_begin ] --START--
INFO: Run Behavior\ReadHtmlCacheBehavior [ RunTime:0.000777s ]
INFO: [ app_begin ] --END-- [ RunTime:0.000825s ]

[ 2019-04-19T16:48:30+08:00 ] 127.0.0.1 /untitled/Hotel/index.php/home/Login/logout
INFO: [ app_init ] --START--
INFO: Run Behavior\BuildLiteBehavior [ RunTime:0.000010s ]
INFO: [ app_init ] --END-- [ RunTime:0.000459s ]
INFO: [ app_begin ] --START--
INFO: Run Behavior\ReadHtmlCacheBehavior [ RunTime:0.000717s ]
INFO: [ app_begin ] --END-- [ RunTime:0.000767s ]

[ 2019-04-19T16:48:38+08:00 ] 127.0.0.1 /untitled/Hotel/index.php/home/Login/userLogin
INFO: [ app_init ] --START--
INFO: Run Behavior\BuildLiteBehavior [ RunTime:0.000010s ]
INFO: [ app_init ] --END-- [ RunTime:0.000632s ]
INFO: [ app_begin ] --START--
INFO: Run Behavior\ReadHtmlCacheBehavior [ RunTime:0.001074s ]
INFO: [ app_begin ] --END-- [ RunTime:0.001127s ]
SQL: SHOW COLUMNS FROM `m_user` [ RunTime:0.0107s ]
SQL: SELECT * FROM `m_user` WHERE ( Uname='11' ) LIMIT 1   [ RunTime:0.0005s ]

[ 2019-04-19T16:49:21+08:00 ] 127.0.0.1 /untitled/Hotel/index.php/home/Homepage/lanjie
INFO: [ app_init ] --START--
INFO: Run Behavior\BuildLiteBehavior [ RunTime:0.000014s ]
INFO: [ app_init ] --END-- [ RunTime:0.000500s ]
INFO: [ app_begin ] --START--
INFO: Run Behavior\ReadHtmlCacheBehavior [ RunTime:0.000812s ]
INFO: [ app_begin ] --END-- [ RunTime:0.000861s ]

[ 2019-04-19T16:49:23+08:00 ] 127.0.0.1 /untitled/Hotel/index.php/home/Login/logout
INFO: [ app_init ] --START--
INFO: Run Behavior\BuildLiteBehavior [ RunTime:0.000006s ]
INFO: [ app_init ] --END-- [ RunTime:0.000300s ]
INFO: [ app_begin ] --START--
INFO: Run Behavior\ReadHtmlCacheBehavior [ RunTime:0.000483s ]
INFO: [ app_begin ] --END-- [ RunTime:0.000509s ]

[ 2019-04-19T16:49:24+08:00 ] 127.0.0.1 /untitled/Hotel/index.php/home/Login/logout
INFO: [ app_init ] --START--
INFO: Run Behavior\BuildLiteBehavior [ RunTime:0.000009s ]
INFO: [ app_init ] --END-- [ RunTime:0.000427s ]
INFO: [ app_begin ] --START--
INFO: Run Behavior\ReadHtmlCacheBehavior [ RunTime:0.000652s ]
INFO: [ app_begin ] --END-- [ RunTime:0.000690s ]

[ 2019-04-19T16:49:30+08:00 ] 127.0.0.1 /untitled/Hotel/index.php/home/Login/userLogin
INFO: [ app_init ] --START--
INFO: Run Behavior\BuildLiteBehavior [ RunTime:0.000010s ]
INFO: [ app_init ] --END-- [ RunTime:0.000666s ]
INFO: [ app_begin ] --START--
INFO: Run Behavior\ReadHtmlCacheBehavior [ RunTime:0.000906s ]
INFO: [ app_begin ] --END-- [ RunTime:0.000949s ]
SQL: SHOW COLUMNS FROM `m_user` [ RunTime:0.0093s ]
SQL: SELECT * FROM `m_user` WHERE ( Uname='11' ) LIMIT 1   [ RunTime:0.0004s ]

[ 2019-04-19T16:50:33+08:00 ] 127.0.0.1 /untitled/Hotel/index.php/home/Login/index
INFO: [ app_init ] --START--
INFO: Run Behavior\BuildLiteBehavior [ RunTime:0.000013s ]
INFO: [ app_init ] --END-- [ RunTime:0.000590s ]
INFO: [ app_begin ] --START--
INFO: Run Behavior\ReadHtmlCacheBehavior [ RunTime:0.001837s ]
INFO: [ app_begin ] --END-- [ RunTime:0.002130s ]
INFO: [ view_parse ] --START--
INFO: [ template_filter ] --START--
INFO: Run Behavior\ContentReplaceBehavior [ RunTime:0.000029s ]
INFO: [ template_filter ] --END-- [ RunTime:0.000055s ]
INFO: Run Behavior\ParseTemplateBehavior [ RunTime:0.006221s ]
INFO: [ view_parse ] --END-- [ RunTime:0.006255s ]
INFO: [ view_filter ] --START--
INFO: Run Behavior\WriteHtmlCacheBehavior [ RunTime:0.000459s ]
INFO: [ view_filter ] --END-- [ RunTime:0.000478s ]
INFO: [ app_end ] --START--
INFO: Run Behavior\ShowPageTraceBehavior [ RunTime:0.000606s ]
INFO: [ app_end ] --END-- [ RunTime:0.000625s ]

[ 2019-04-19T16:50:45+08:00 ] 127.0.0.1 /untitled/Hotel/index.php/home/Login/userLogin
INFO: [ app_init ] --START--
INFO: Run Behavior\BuildLiteBehavior [ RunTime:0.000008s ]
INFO: [ app_init ] --END-- [ RunTime:0.000352s ]
INFO: [ app_begin ] --START--
INFO: Run Behavior\ReadHtmlCacheBehavior [ RunTime:0.000487s ]
INFO: [ app_begin ] --END-- [ RunTime:0.000512s ]
SQL: SHOW COLUMNS FROM `m_user` [ RunTime:0.0093s ]
SQL: SELECT * FROM `m_user` WHERE ( Uname='' ) LIMIT 1   [ RunTime:0.0004s ]

[ 2019-04-19T16:50:48+08:00 ] 127.0.0.1 /untitled/Hotel/index.php/home/Login/index
INFO: [ app_init ] --START--
INFO: Run Behavior\BuildLiteBehavior [ RunTime:0.000007s ]
INFO: [ app_init ] --END-- [ RunTime:0.000319s ]
INFO: [ app_begin ] --START--
INFO: Run Behavior\ReadHtmlCacheBehavior [ RunTime:0.000502s ]
INFO: [ app_begin ] --END-- [ RunTime:0.000539s ]
INFO: [ view_parse ] --START--
INFO: [ template_filter ] --START--
INFO: Run Behavior\ContentReplaceBehavior [ RunTime:0.000026s ]
INFO: [ template_filter ] --END-- [ RunTime:0.000050s ]
INFO: Run Behavior\ParseTemplateBehavior [ RunTime:0.005750s ]
INFO: [ view_parse ] --END-- [ RunTime:0.005784s ]
INFO: [ view_filter ] --START--
INFO: Run Behavior\WriteHtmlCacheBehavior [ RunTime:0.000999s ]
INFO: [ view_filter ] --END-- [ RunTime:0.001100s ]
INFO: [ app_end ] --START--
INFO: Run Behavior\ShowPageTraceBehavior [ RunTime:0.000835s ]
INFO: [ app_end ] --END-- [ RunTime:0.000874s ]

[ 2019-04-19T16:50:51+08:00 ] 127.0.0.1 /untitled/Hotel/index.php/home/Homepage/lanjie
INFO: [ app_init ] --START--
INFO: Run Behavior\BuildLiteBehavior [ RunTime:0.000010s ]
INFO: [ app_init ] --END-- [ RunTime:0.000526s ]
INFO: [ app_begin ] --START--
INFO: Run Behavior\ReadHtmlCacheBehavior [ RunTime:0.000762s ]
INFO: [ app_begin ] --END-- [ RunTime:0.000808s ]

[ 2019-04-19T16:51:01+08:00 ] 127.0.0.1 /untitled/Hotel/index.php/home/Login/logout
INFO: [ app_init ] --START--
INFO: Run Behavior\BuildLiteBehavior [ RunTime:0.000009s ]
INFO: [ app_init ] --END-- [ RunTime:0.000357s ]
INFO: [ app_begin ] --START--
INFO: Run Behavior\ReadHtmlCacheBehavior [ RunTime:0.000695s ]
INFO: [ app_begin ] --END-- [ RunTime:0.000739s ]

[ 2019-04-19T16:53:24+08:00 ] 127.0.0.1 /untitled/Hotel/index.php/home/Login/userLogin
INFO: [ app_init ] --START--
INFO: Run Behavior\BuildLiteBehavior [ RunTime:0.000011s ]
INFO: [ app_init ] --END-- [ RunTime:0.000638s ]
INFO: [ app_begin ] --START--
INFO: Run Behavior\ReadHtmlCacheBehavior [ RunTime:0.001132s ]
INFO: [ app_begin ] --END-- [ RunTime:0.001186s ]
SQL: SHOW COLUMNS FROM `m_user` [ RunTime:0.0100s ]
SQL: SELECT * FROM `m_user` WHERE ( Uname='11' ) LIMIT 1   [ RunTime:0.0003s ]

[ 2019-04-19T16:53:24+08:00 ] 127.0.0.1 /untitled/Hotel/index.php/home/homepage/index.html
INFO: [ app_init ] --START--
INFO: Run Behavior\BuildLiteBehavior [ RunTime:0.000010s ]
INFO: [ app_init ] --END-- [ RunTime:0.000495s ]
INFO: [ app_begin ] --START--
INFO: Run Behavior\ReadHtmlCacheBehavior [ RunTime:0.000541s ]
INFO: [ app_begin ] --END-- [ RunTime:0.000565s ]
INFO: [ view_parse ] --START--
INFO: [ template_filter ] --START--
INFO: Run Behavior\ContentReplaceBehavior [ RunTime:0.000117s ]
INFO: [ template_filter ] --END-- [ RunTime:0.000162s ]
NOTIC: [8] Undefined variable: login C:\xampp\htdocs\untitled\Hotel\Application\Runtime\Cache\Home\ea5813382b22a8b3fd387828107dc05d.php 第 124 行.
NOTIC: [8] Undefined variable: register C:\xampp\htdocs\untitled\Hotel\Application\Runtime\Cache\Home\ea5813382b22a8b3fd387828107dc05d.php 第 125 行.
INFO: Run Behavior\ParseTemplateBehavior [ RunTime:0.011680s ]
INFO: [ view_parse ] --END-- [ RunTime:0.011705s ]
INFO: [ view_filter ] --START--
INFO: Run Behavior\WriteHtmlCacheBehavior [ RunTime:0.000550s ]
INFO: [ view_filter ] --END-- [ RunTime:0.000569s ]
INFO: [ app_end ] --START--
INFO: Run Behavior\ShowPageTraceBehavior [ RunTime:0.000987s ]
INFO: [ app_end ] --END-- [ RunTime:0.001036s ]

[ 2019-04-19T16:54:14+08:00 ] 127.0.0.1 /untitled/Hotel/index.php/home/Homepage/lanjie
INFO: [ app_init ] --START--
INFO: Run Behavior\BuildLiteBehavior [ RunTime:0.000011s ]
INFO: [ app_init ] --END-- [ RunTime:0.000507s ]
INFO: [ app_begin ] --START--
INFO: Run Behavior\ReadHtmlCacheBehavior [ RunTime:0.000996s ]
INFO: [ app_begin ] --END-- [ RunTime:0.001048s ]

[ 2019-04-19T16:54:17+08:00 ] 127.0.0.1 /untitled/Hotel/index.php/home/Login/logout
INFO: [ app_init ] --START--
INFO: Run Behavior\BuildLiteBehavior [ RunTime:0.000009s ]
INFO: [ app_init ] --END-- [ RunTime:0.012841s ]
INFO: [ app_begin ] --START--
INFO: Run Behavior\ReadHtmlCacheBehavior [ RunTime:0.000665s ]
INFO: [ app_begin ] --END-- [ RunTime:0.000692s ]

[ 2019-04-19T16:54:26+08:00 ] 127.0.0.1 /untitled/Hotel/index.php/home/Login/userLogin
INFO: [ app_init ] --START--
INFO: Run Behavior\BuildLiteBehavior [ RunTime:0.000007s ]
INFO: [ app_init ] --END-- [ RunTime:0.000430s ]
INFO: [ app_begin ] --START--
INFO: Run Behavior\ReadHtmlCacheBehavior [ RunTime:0.000857s ]
INFO: [ app_begin ] --END-- [ RunTime:0.000895s ]
SQL: SHOW COLUMNS FROM `m_user` [ RunTime:0.0105s ]
SQL: SELECT * FROM `m_user` WHERE ( Uname='1' ) LIMIT 1   [ RunTime:0.0002s ]

[ 2019-04-19T16:54:54+08:00 ] ::1 /untitled/Hotel/index.php/home/homepage/index.html
INFO: [ app_init ] --START--
INFO: Run Behavior\BuildLiteBehavior [ RunTime:0.000007s ]
INFO: [ app_init ] --END-- [ RunTime:0.000290s ]
INFO: [ app_begin ] --START--
INFO: Run Behavior\ReadHtmlCacheBehavior [ RunTime:0.000458s ]
INFO: [ app_begin ] --END-- [ RunTime:0.000480s ]
INFO: [ view_parse ] --START--
INFO: [ template_filter ] --START--
INFO: Run Behavior\ContentReplaceBehavior [ RunTime:0.000149s ]
INFO: [ template_filter ] --END-- [ RunTime:0.000187s ]
NOTIC: [8] Undefined variable: personal C:\xampp\htdocs\untitled\Hotel\Application\Runtime\Cache\Home\ea5813382b22a8b3fd387828107dc05d.php 第 126 行.
NOTIC: [8] Undefined variable: logout C:\xampp\htdocs\untitled\Hotel\Application\Runtime\Cache\Home\ea5813382b22a8b3fd387828107dc05d.php 第 127 行.
INFO: Run Behavior\ParseTemplateBehavior [ RunTime:0.009969s ]
INFO: [ view_parse ] --END-- [ RunTime:0.010005s ]
INFO: [ view_filter ] --START--
INFO: Run Behavior\WriteHtmlCacheBehavior [ RunTime:0.000376s ]
INFO: [ view_filter ] --END-- [ RunTime:0.000397s ]
INFO: [ app_end ] --START--
INFO: Run Behavior\ShowPageTraceBehavior [ RunTime:0.000845s ]
INFO: [ app_end ] --END-- [ RunTime:0.000880s ]

[ 2019-04-19T16:55:13+08:00 ] 127.0.0.1 /untitled/Hotel/index.php/home/Homepage/lanjie
INFO: [ app_init ] --START--
INFO: Run Behavior\BuildLiteBehavior [ RunTime:0.000012s ]
INFO: [ app_init ] --END-- [ RunTime:0.000620s ]
INFO: [ app_begin ] --START--
INFO: Run Behavior\ReadHtmlCacheBehavior [ RunTime:0.001026s ]
INFO: [ app_begin ] --END-- [ RunTime:0.001078s ]

[ 2019-04-19T16:55:32+08:00 ] 127.0.0.1 /untitled/Hotel/index.php/home/Login/userLogin
INFO: [ app_init ] --START--
INFO: Run Behavior\BuildLiteBehavior [ RunTime:0.000008s ]
INFO: [ app_init ] --END-- [ RunTime:0.000324s ]
INFO: [ app_begin ] --START--
INFO: Run Behavior\ReadHtmlCacheBehavior [ RunTime:0.000594s ]
INFO: [ app_begin ] --END-- [ RunTime:0.000642s ]
SQL: SHOW COLUMNS FROM `m_user` [ RunTime:0.0111s ]
SQL: SELECT * FROM `m_user` WHERE ( Uname='11' ) LIMIT 1   [ RunTime:0.0004s ]

[ 2019-04-19T16:55:32+08:00 ] ::1 /untitled/Hotel/index.php/home/homepage/index.html
INFO: [ app_init ] --START--
INFO: Run Behavior\BuildLiteBehavior [ RunTime:0.000010s ]
INFO: [ app_init ] --END-- [ RunTime:0.000517s ]
INFO: [ app_begin ] --START--
INFO: Run Behavior\ReadHtmlCacheBehavior [ RunTime:0.000829s ]
INFO: [ app_begin ] --END-- [ RunTime:0.000877s ]
INFO: [ view_parse ] --START--
INFO: [ template_filter ] --START--
INFO: Run Behavior\ContentReplaceBehavior [ RunTime:0.000128s ]
INFO: [ template_filter ] --END-- [ RunTime:0.000172s ]
NOTIC: [8] Undefined variable: login C:\xampp\htdocs\untitled\Hotel\Application\Runtime\Cache\Home\ea5813382b22a8b3fd387828107dc05d.php 第 124 行.
NOTIC: [8] Undefined variable: register C:\xampp\htdocs\untitled\Hotel\Application\Runtime\Cache\Home\ea5813382b22a8b3fd387828107dc05d.php 第 125 行.
INFO: Run Behavior\ParseTemplateBehavior [ RunTime:0.013119s ]
INFO: [ view_parse ] --END-- [ RunTime:0.013163s ]
INFO: [ view_filter ] --START--
INFO: Run Behavior\WriteHtmlCacheBehavior [ RunTime:0.000806s ]
INFO: [ view_filter ] --END-- [ RunTime:0.000846s ]
INFO: [ app_end ] --START--
INFO: Run Behavior\ShowPageTraceBehavior [ RunTime:0.001423s ]
INFO: [ app_end ] --END-- [ RunTime:0.001511s ]

[ 2019-04-19T17:06:04+08:00 ] 127.0.0.1 /untitled/Hotel/index.php/home/Login/userLogin
INFO: [ app_init ] --START--
INFO: Run Behavior\BuildLiteBehavior [ RunTime:0.000008s ]
INFO: [ app_init ] --END-- [ RunTime:0.000421s ]
INFO: [ app_begin ] --START--
INFO: Run Behavior\ReadHtmlCacheBehavior [ RunTime:0.000655s ]
INFO: [ app_begin ] --END-- [ RunTime:0.000679s ]
SQL: SHOW COLUMNS FROM `m_user` [ RunTime:0.0089s ]
SQL: SELECT * FROM `m_user` WHERE ( Uname='11' ) LIMIT 1   [ RunTime:0.0004s ]

[ 2019-04-19T17:06:04+08:00 ] ::1 /untitled/Hotel/index.php/home/homepage/index.html
INFO: [ app_init ] --START--
INFO: Run Behavior\BuildLiteBehavior [ RunTime:0.000007s ]
INFO: [ app_init ] --END-- [ RunTime:0.000319s ]
INFO: [ app_begin ] --START--
INFO: Run Behavior\ReadHtmlCacheBehavior [ RunTime:0.000557s ]
INFO: [ app_begin ] --END-- [ RunTime:0.000586s ]
INFO: [ view_parse ] --START--
INFO: [ template_filter ] --START--
INFO: Run Behavior\ContentReplaceBehavior [ RunTime:0.000148s ]
INFO: [ template_filter ] --END-- [ RunTime:0.000219s ]
NOTIC: [8] Undefined variable: login C:\xampp\htdocs\untitled\Hotel\Application\Runtime\Cache\Home\ea5813382b22a8b3fd387828107dc05d.php 第 124 行.
NOTIC: [8] Undefined variable: register C:\xampp\htdocs\untitled\Hotel\Application\Runtime\Cache\Home\ea5813382b22a8b3fd387828107dc05d.php 第 125 行.
INFO: Run Behavior\ParseTemplateBehavior [ RunTime:0.011372s ]
INFO: [ view_parse ] --END-- [ RunTime:0.011411s ]
INFO: [ view_filter ] --START--
INFO: Run Behavior\WriteHtmlCacheBehavior [ RunTime:0.000659s ]
INFO: [ view_filter ] --END-- [ RunTime:0.000690s ]
INFO: [ app_end ] --START--
INFO: Run Behavior\ShowPageTraceBehavior [ RunTime:0.001039s ]
INFO: [ app_end ] --END-- [ RunTime:0.001082s ]

[ 2019-04-19T17:06:24+08:00 ] 127.0.0.1 /untitled/Hotel/index.php/home/Homepage/lanjie
INFO: [ app_init ] --START--
INFO: Run Behavior\BuildLiteBehavior [ RunTime:0.000011s ]
INFO: [ app_init ] --END-- [ RunTime:0.000600s ]
INFO: [ app_begin ] --START--
INFO: Run Behavior\ReadHtmlCacheBehavior [ RunTime:0.000733s ]
INFO: [ app_begin ] --END-- [ RunTime:0.000777s ]

[ 2019-04-19T17:06:25+08:00 ] 127.0.0.1 /untitled/Hotel/index.php/home/Homepage/lanjie
INFO: [ app_init ] --START--
INFO: Run Behavior\BuildLiteBehavior [ RunTime:0.000012s ]
INFO: [ app_init ] --END-- [ RunTime:0.000862s ]
INFO: [ app_begin ] --START--
INFO: Run Behavior\ReadHtmlCacheBehavior [ RunTime:0.001344s ]
INFO: [ app_begin ] --END-- [ RunTime:0.001397s ]

[ 2019-04-19T17:06:44+08:00 ] 127.0.0.1 /untitled/Hotel/index.php/home/Homepage/lanjie
INFO: [ app_init ] --START--
INFO: Run Behavior\BuildLiteBehavior [ RunTime:0.000007s ]
INFO: [ app_init ] --END-- [ RunTime:0.000312s ]
INFO: [ app_begin ] --START--
INFO: Run Behavior\ReadHtmlCacheBehavior [ RunTime:0.000543s ]
INFO: [ app_begin ] --END-- [ RunTime:0.000576s ]

[ 2019-04-19T17:06:46+08:00 ] 127.0.0.1 /untitled/Hotel/index.php/home/Homepage/lanjie
INFO: [ app_init ] --START--
INFO: Run Behavior\BuildLiteBehavior [ RunTime:0.000010s ]
INFO: [ app_init ] --END-- [ RunTime:0.000517s ]
INFO: [ app_begin ] --START--
INFO: Run Behavior\ReadHtmlCacheBehavior [ RunTime:0.000728s ]
INFO: [ app_begin ] --END-- [ RunTime:0.000767s ]

[ 2019-04-19T17:07:04+08:00 ] 127.0.0.1 /untitled/Hotel/index.php/home/Login/logout
INFO: [ app_init ] --START--
INFO: Run Behavior\BuildLiteBehavior [ RunTime:0.000010s ]
INFO: [ app_init ] --END-- [ RunTime:0.000534s ]
INFO: [ app_begin ] --START--
INFO: Run Behavior\ReadHtmlCacheBehavior [ RunTime:0.000644s ]
INFO: [ app_begin ] --END-- [ RunTime:0.000682s ]

[ 2019-04-19T17:10:12+08:00 ] 127.0.0.1 /untitled/Hotel/index.php/home/Homepage/lanjie
INFO: [ app_init ] --START--
INFO: Run Behavior\BuildLiteBehavior [ RunTime:0.000010s ]
INFO: [ app_init ] --END-- [ RunTime:0.000554s ]
INFO: [ app_begin ] --START--
INFO: Run Behavior\ReadHtmlCacheBehavior [ RunTime:0.001114s ]
INFO: [ app_begin ] --END-- [ RunTime:0.001294s ]

[ 2019-04-19T17:10:56+08:00 ] 127.0.0.1 /untitled/Hotel/index.php/home/Homepage/lanjie
INFO: [ app_init ] --START--
INFO: Run Behavior\BuildLiteBehavior [ RunTime:0.000011s ]
INFO: [ app_init ] --END-- [ RunTime:0.000554s ]
INFO: [ app_begin ] --START--
INFO: Run Behavior\ReadHtmlCacheBehavior [ RunTime:0.000751s ]
INFO: [ app_begin ] --END-- [ RunTime:0.000800s ]

[ 2019-04-19T17:25:09+08:00 ] ::1 /untitled/Hotel/index.php/home/homepage/index.html
INFO: [ app_init ] --START--
INFO: Run Behavior\BuildLiteBehavior [ RunTime:0.000007s ]
INFO: [ app_init ] --END-- [ RunTime:0.000433s ]
INFO: [ app_begin ] --START--
INFO: Run Behavior\ReadHtmlCacheBehavior [ RunTime:0.000675s ]
INFO: [ app_begin ] --END-- [ RunTime:0.000717s ]
INFO: [ view_parse ] --START--
INFO: [ template_filter ] --START--
INFO: Run Behavior\ContentReplaceBehavior [ RunTime:0.000145s ]
INFO: [ template_filter ] --END-- [ RunTime:0.000210s ]
NOTIC: [8] Undefined variable: personal C:\xampp\htdocs\untitled\Hotel\Application\Runtime\Cache\Home\ea5813382b22a8b3fd387828107dc05d.php 第 126 行.
NOTIC: [8] Undefined variable: logout C:\xampp\htdocs\untitled\Hotel\Application\Runtime\Cache\Home\ea5813382b22a8b3fd387828107dc05d.php 第 127 行.
INFO: Run Behavior\ParseTemplateBehavior [ RunTime:0.013137s ]
INFO: [ view_parse ] --END-- [ RunTime:0.013167s ]
INFO: [ view_filter ] --START--
INFO: Run Behavior\WriteHtmlCacheBehavior [ RunTime:0.000525s ]
INFO: [ view_filter ] --END-- [ RunTime:0.000545s ]
INFO: [ app_end ] --START--
INFO: Run Behavior\ShowPageTraceBehavior [ RunTime:0.001020s ]
INFO: [ app_end ] --END-- [ RunTime:0.001055s ]

[ 2019-04-19T17:31:52+08:00 ] 127.0.0.1 /untitled/Hotel/index.php/home/Homepage/lanjie
INFO: [ app_init ] --START--
INFO: Run Behavior\BuildLiteBehavior [ RunTime:0.000012s ]
INFO: [ app_init ] --END-- [ RunTime:0.000685s ]
INFO: [ app_begin ] --START--
INFO: Run Behavior\ReadHtmlCacheBehavior [ RunTime:0.001646s ]
INFO: [ app_begin ] --END-- [ RunTime:0.001708s ]

[ 2019-04-19T20:28:23+08:00 ] ::1 /PHPstormProject/TP_hotel/Hotel/index.php/home/login/index
INFO: [ app_init ] --START--
INFO: Run Behavior\BuildLiteBehavior [ RunTime:0.000009s ]
INFO: [ app_init ] --END-- [ RunTime:0.000398s ]
INFO: [ app_begin ] --START--
INFO: Run Behavior\ReadHtmlCacheBehavior [ RunTime:0.000915s ]
INFO: [ app_begin ] --END-- [ RunTime:0.000954s ]
INFO: [ view_parse ] --START--
INFO: [ template_filter ] --START--
INFO: Run Behavior\ContentReplaceBehavior [ RunTime:0.000054s ]
INFO: [ template_filter ] --END-- [ RunTime:0.000095s ]
INFO: Run Behavior\ParseTemplateBehavior [ RunTime:0.007404s ]
INFO: [ view_parse ] --END-- [ RunTime:0.007450s ]
INFO: [ view_filter ] --START--
INFO: Run Behavior\WriteHtmlCacheBehavior [ RunTime:0.001541s ]
INFO: [ view_filter ] --END-- [ RunTime:0.001597s ]
INFO: [ app_end ] --START--
INFO: Run Behavior\ShowPageTraceBehavior [ RunTime:0.001656s ]
INFO: [ app_end ] --END-- [ RunTime:0.001696s ]

[ 2019-04-19T20:32:10+08:00 ] 127.0.0.1 /PHPstormProject/TP_hotel/Hotel/index.php/home/Login/userLogin
INFO: [ app_init ] --START--
INFO: Run Behavior\BuildLiteBehavior [ RunTime:0.000016s ]
INFO: [ app_init ] --END-- [ RunTime:0.000696s ]
INFO: [ app_begin ] --START--
INFO: Run Behavior\ReadHtmlCacheBehavior [ RunTime:0.000953s ]
INFO: [ app_begin ] --END-- [ RunTime:0.000997s ]
SQL: SHOW COLUMNS FROM `m_user` [ RunTime:0.0045s ]
SQL: SELECT * FROM `m_user` WHERE ( Uname='1' ) LIMIT 1   [ RunTime:0.0003s ]

[ 2019-04-19T20:32:56+08:00 ] 127.0.0.1 /PHPstormProject/TP_hotel/Hotel/index.php/home/Homepage/lanjie
INFO: [ app_init ] --START--
INFO: Run Behavior\BuildLiteBehavior [ RunTime:0.000012s ]
INFO: [ app_init ] --END-- [ RunTime:0.000429s ]
INFO: [ app_begin ] --START--
INFO: Run Behavior\ReadHtmlCacheBehavior [ RunTime:0.001366s ]
INFO: [ app_begin ] --END-- [ RunTime:0.001447s ]

[ 2019-04-19T20:33:53+08:00 ] 127.0.0.1 /PHPstormProject/TP_hotel/Hotel/index.php/home/Login/userLogin
INFO: [ app_init ] --START--
INFO: Run Behavior\BuildLiteBehavior [ RunTime:0.000009s ]
INFO: [ app_init ] --END-- [ RunTime:0.000410s ]
INFO: [ app_begin ] --START--
INFO: Run Behavior\ReadHtmlCacheBehavior [ RunTime:0.000893s ]
INFO: [ app_begin ] --END-- [ RunTime:0.000935s ]
SQL: SHOW COLUMNS FROM `m_user` [ RunTime:0.0045s ]
SQL: SELECT * FROM `m_user` WHERE ( Uname='1' ) LIMIT 1   [ RunTime:0.0004s ]

[ 2019-04-19T20:34:33+08:00 ] 127.0.0.1 /PHPstormProject/TP_hotel/Hotel/index.php/home/Login/userLogin
INFO: [ app_init ] --START--
INFO: Run Behavior\BuildLiteBehavior [ RunTime:0.000016s ]
INFO: [ app_init ] --END-- [ RunTime:0.000623s ]
INFO: [ app_begin ] --START--
INFO: Run Behavior\ReadHtmlCacheBehavior [ RunTime:0.000775s ]
INFO: [ app_begin ] --END-- [ RunTime:0.000839s ]
SQL: SHOW COLUMNS FROM `m_user` [ RunTime:0.0051s ]
SQL: SELECT * FROM `m_user` WHERE ( Uname='1' ) LIMIT 1   [ RunTime:0.0003s ]

[ 2019-04-19T20:34:33+08:00 ] 127.0.0.1 /PHPstormProject/TP_hotel/Hotel/index.php/home/Homepage/lanjie
INFO: [ app_init ] --START--
INFO: Run Behavior\BuildLiteBehavior [ RunTime:0.000011s ]
INFO: [ app_init ] --END-- [ RunTime:0.000410s ]
INFO: [ app_begin ] --START--
INFO: Run Behavior\ReadHtmlCacheBehavior [ RunTime:0.000954s ]
INFO: [ app_begin ] --END-- [ RunTime:0.001030s ]

[ 2019-04-19T20:34:58+08:00 ] 127.0.0.1 /PHPstormProject/TP_hotel/Hotel/index.php/home/Homepage/lanjie
INFO: [ app_init ] --START--
INFO: Run Behavior\BuildLiteBehavior [ RunTime:0.000015s ]
INFO: [ app_init ] --END-- [ RunTime:0.000624s ]
INFO: [ app_begin ] --START--
INFO: Run Behavior\ReadHtmlCacheBehavior [ RunTime:0.001382s ]
INFO: [ app_begin ] --END-- [ RunTime:0.001472s ]

[ 2019-04-19T20:35:01+08:00 ] 127.0.0.1 /PHPstormProject/TP_hotel/Hotel/index.php/home/Homepage/lanjie
INFO: [ app_init ] --START--
INFO: Run Behavior\BuildLiteBehavior [ RunTime:0.000046s ]
INFO: [ app_init ] --END-- [ RunTime:0.000924s ]
INFO: [ app_begin ] --START--
INFO: Run Behavior\ReadHtmlCacheBehavior [ RunTime:0.001383s ]
INFO: [ app_begin ] --END-- [ RunTime:0.001453s ]

[ 2019-04-19T20:35:02+08:00 ] 127.0.0.1 /PHPstormProject/TP_hotel/Hotel/index.php/home/Login/logout
INFO: [ app_init ] --START--
INFO: Run Behavior\BuildLiteBehavior [ RunTime:0.000009s ]
INFO: [ app_init ] --END-- [ RunTime:0.000353s ]
INFO: [ app_begin ] --START--
INFO: Run Behavior\ReadHtmlCacheBehavior [ RunTime:0.000935s ]
INFO: [ app_begin ] --END-- [ RunTime:0.000977s ]

[ 2019-04-19T20:35:10+08:00 ] 127.0.0.1 /PHPstormProject/TP_hotel/Hotel/index.php/home/Homepage/lanjie
INFO: [ app_init ] --START--
INFO: Run Behavior\BuildLiteBehavior [ RunTime:0.000010s ]
INFO: [ app_init ] --END-- [ RunTime:0.000368s ]
INFO: [ app_begin ] --START--
INFO: Run Behavior\ReadHtmlCacheBehavior [ RunTime:0.001220s ]
INFO: [ app_begin ] --END-- [ RunTime:0.001290s ]

[ 2019-04-19T20:35:18+08:00 ] 127.0.0.1 /PHPstormProject/TP_hotel/Hotel/index.php/home/Login/userLogin
INFO: [ app_init ] --START--
INFO: Run Behavior\BuildLiteBehavior [ RunTime:0.000009s ]
INFO: [ app_init ] --END-- [ RunTime:0.000352s ]
INFO: [ app_begin ] --START--
INFO: Run Behavior\ReadHtmlCacheBehavior [ RunTime:0.000751s ]
INFO: [ app_begin ] --END-- [ RunTime:0.000789s ]
SQL: SHOW COLUMNS FROM `m_user` [ RunTime:0.0045s ]
SQL: SELECT * FROM `m_user` WHERE ( Uname='1' ) LIMIT 1   [ RunTime:0.0003s ]

[ 2019-04-19T20:35:18+08:00 ] 127.0.0.1 /PHPstormProject/TP_hotel/Hotel/index.php/home/Homepage/lanjie
INFO: [ app_init ] --START--
INFO: Run Behavior\BuildLiteBehavior [ RunTime:0.000028s ]
INFO: [ app_init ] --END-- [ RunTime:0.001217s ]
INFO: [ app_begin ] --START--
INFO: Run Behavior\ReadHtmlCacheBehavior [ RunTime:0.002193s ]
INFO: [ app_begin ] --END-- [ RunTime:0.002292s ]

[ 2019-04-19T20:36:26+08:00 ] 127.0.0.1 /PHPstormProject/TP_hotel/Hotel/index.php/home/Homepage/lanjie
INFO: [ app_init ] --START--
INFO: Run Behavior\BuildLiteBehavior [ RunTime:0.000016s ]
INFO: [ app_init ] --END-- [ RunTime:0.000714s ]
INFO: [ app_begin ] --START--
INFO: Run Behavior\ReadHtmlCacheBehavior [ RunTime:0.001571s ]
INFO: [ app_begin ] --END-- [ RunTime:0.001709s ]

[ 2019-04-19T20:38:02+08:00 ] 127.0.0.1 /PHPstormProject/TP_hotel/Hotel/index.php/home/Homepage/lanjie
INFO: [ app_init ] --START--
INFO: Run Behavior\BuildLiteBehavior [ RunTime:0.000015s ]
INFO: [ app_init ] --END-- [ RunTime:0.000682s ]
INFO: [ app_begin ] --START--
INFO: Run Behavior\ReadHtmlCacheBehavior [ RunTime:0.007921s ]
INFO: [ app_begin ] --END-- [ RunTime:0.008012s ]

[ 2019-04-19T20:38:31+08:00 ] 127.0.0.1 /PHPstormProject/TP_hotel/Hotel/index.php/home/Homepage/lanjie
INFO: [ app_init ] --START--
INFO: Run Behavior\BuildLiteBehavior [ RunTime:0.000015s ]
INFO: [ app_init ] --END-- [ RunTime:0.000556s ]
INFO: [ app_begin ] --START--
INFO: Run Behavior\ReadHtmlCacheBehavior [ RunTime:0.001378s ]
INFO: [ app_begin ] --END-- [ RunTime:0.001469s ]

[ 2019-04-19T20:38:54+08:00 ] 127.0.0.1 /PHPstormProject/TP_hotel/Hotel/index.php/home/Homepage/lanjie
INFO: [ app_init ] --START--
INFO: Run Behavior\BuildLiteBehavior [ RunTime:0.000018s ]
INFO: [ app_init ] --END-- [ RunTime:0.000827s ]
INFO: [ app_begin ] --START--
INFO: Run Behavior\ReadHtmlCacheBehavior [ RunTime:0.001426s ]
INFO: [ app_begin ] --END-- [ RunTime:0.001517s ]

[ 2019-04-19T20:39:31+08:00 ] 127.0.0.1 /PHPstormProject/TP_hotel/Hotel/index.php/home/Homepage/lanjie
INFO: [ app_init ] --START--
INFO: Run Behavior\BuildLiteBehavior [ RunTime:0.000017s ]
INFO: [ app_init ] --END-- [ RunTime:0.000635s ]
INFO: [ app_begin ] --START--
INFO: Run Behavior\ReadHtmlCacheBehavior [ RunTime:0.001472s ]
INFO: [ app_begin ] --END-- [ RunTime:0.001555s ]

[ 2019-04-19T20:40:21+08:00 ] 127.0.0.1 /PHPstormProject/TP_hotel/Hotel/index.php/home/Homepage/lanjie
INFO: [ app_init ] --START--
INFO: Run Behavior\BuildLiteBehavior [ RunTime:0.000031s ]
INFO: [ app_init ] --END-- [ RunTime:0.002712s ]
INFO: [ app_begin ] --START--
INFO: Run Behavior\ReadHtmlCacheBehavior [ RunTime:0.001825s ]
INFO: [ app_begin ] --END-- [ RunTime:0.001930s ]

[ 2019-04-19T20:42:52+08:00 ] 127.0.0.1 /PHPstormProject/TP_hotel/Hotel/index.php/home/Homepage/lanjie
INFO: [ app_init ] --START--
INFO: Run Behavior\BuildLiteBehavior [ RunTime:0.000014s ]
INFO: [ app_init ] --END-- [ RunTime:0.000431s ]
INFO: [ app_begin ] --START--
INFO: Run Behavior\ReadHtmlCacheBehavior [ RunTime:0.001529s ]
INFO: [ app_begin ] --END-- [ RunTime:0.001602s ]

[ 2019-04-19T20:43:40+08:00 ] 127.0.0.1 /PHPstormProject/TP_hotel/Hotel/index.php/home/Homepage/lanjie
INFO: [ app_init ] --START--
INFO: Run Behavior\BuildLiteBehavior [ RunTime:0.000020s ]
INFO: [ app_init ] --END-- [ RunTime:0.000799s ]
INFO: [ app_begin ] --START--
INFO: Run Behavior\ReadHtmlCacheBehavior [ RunTime:0.001871s ]
INFO: [ app_begin ] --END-- [ RunTime:0.001984s ]

[ 2019-04-19T20:44:43+08:00 ] 127.0.0.1 /PHPstormProject/TP_hotel/Hotel/index.php/home/Homepage/lanjie
INFO: [ app_init ] --START--
INFO: Run Behavior\BuildLiteBehavior [ RunTime:0.000016s ]
INFO: [ app_init ] --END-- [ RunTime:0.000615s ]
INFO: [ app_begin ] --START--
INFO: Run Behavior\ReadHtmlCacheBehavior [ RunTime:0.001465s ]
INFO: [ app_begin ] --END-- [ RunTime:0.001549s ]

[ 2019-04-19T20:44:53+08:00 ] 127.0.0.1 /PHPstormProject/TP_hotel/Hotel/index.php/home/Homepage/lanjie
INFO: [ app_init ] --START--
INFO: Run Behavior\BuildLiteBehavior [ RunTime:0.000016s ]
INFO: [ app_init ] --END-- [ RunTime:0.000767s ]
INFO: [ app_begin ] --START--
INFO: Run Behavior\ReadHtmlCacheBehavior [ RunTime:0.002088s ]
INFO: [ app_begin ] --END-- [ RunTime:0.002168s ]

[ 2019-04-19T20:45:04+08:00 ] 127.0.0.1 /PHPstormProject/TP_hotel/Hotel/index.php/home/Homepage/lanjie
INFO: [ app_init ] --START--
INFO: Run Behavior\BuildLiteBehavior [ RunTime:0.000018s ]
INFO: [ app_init ] --END-- [ RunTime:0.000654s ]
INFO: [ app_begin ] --START--
INFO: Run Behavior\ReadHtmlCacheBehavior [ RunTime:0.001336s ]
INFO: [ app_begin ] --END-- [ RunTime:0.001428s ]

[ 2019-04-19T20:45:17+08:00 ] 127.0.0.1 /PHPstormProject/TP_hotel/Hotel/index.php/home/Homepage/lanjie
INFO: [ app_init ] --START--
INFO: Run Behavior\BuildLiteBehavior [ RunTime:0.000019s ]
INFO: [ app_init ] --END-- [ RunTime:0.000706s ]
INFO: [ app_begin ] --START--
INFO: Run Behavior\ReadHtmlCacheBehavior [ RunTime:0.001506s ]
INFO: [ app_begin ] --END-- [ RunTime:0.001585s ]

[ 2019-04-19T20:46:13+08:00 ] 127.0.0.1 /PHPstormProject/TP_hotel/Hotel/index.php/home/Homepage/lanjie
INFO: [ app_init ] --START--
INFO: Run Behavior\BuildLiteBehavior [ RunTime:0.000016s ]
INFO: [ app_init ] --END-- [ RunTime:0.000760s ]
INFO: [ app_begin ] --START--
INFO: Run Behavior\ReadHtmlCacheBehavior [ RunTime:0.000951s ]
INFO: [ app_begin ] --END-- [ RunTime:0.001017s ]

[ 2019-04-19T20:47:12+08:00 ] 127.0.0.1 /PHPstormProject/TP_hotel/Hotel/index.php/home/Homepage/lanjie
INFO: [ app_init ] --START--
INFO: Run Behavior\BuildLiteBehavior [ RunTime:0.000011s ]
INFO: [ app_init ] --END-- [ RunTime:0.000440s ]
INFO: [ app_begin ] --START--
INFO: Run Behavior\ReadHtmlCacheBehavior [ RunTime:0.000988s ]
INFO: [ app_begin ] --END-- [ RunTime:0.001052s ]

[ 2019-04-19T20:48:35+08:00 ] 127.0.0.1 /PHPstormProject/TP_hotel/Hotel/index.php/home/Homepage/lanjie
INFO: [ app_init ] --START--
INFO: Run Behavior\BuildLiteBehavior [ RunTime:0.000018s ]
INFO: [ app_init ] --END-- [ RunTime:0.000786s ]
INFO: [ app_begin ] --START--
INFO: Run Behavior\ReadHtmlCacheBehavior [ RunTime:0.001438s ]
INFO: [ app_begin ] --END-- [ RunTime:0.001517s ]

[ 2019-04-19T20:49:02+08:00 ] 127.0.0.1 /PHPstormProject/TP_hotel/Hotel/index.php/home/Homepage/lanjie
INFO: [ app_init ] --START--
INFO: Run Behavior\BuildLiteBehavior [ RunTime:0.000011s ]
INFO: [ app_init ] --END-- [ RunTime:0.000556s ]
INFO: [ app_begin ] --START--
INFO: Run Behavior\ReadHtmlCacheBehavior [ RunTime:0.002036s ]
INFO: [ app_begin ] --END-- [ RunTime:0.002117s ]

[ 2019-04-19T20:51:14+08:00 ] 127.0.0.1 /PHPstormProject/TP_hotel/Hotel/index.php/home/Homepage/lanjie
INFO: [ app_init ] --START--
INFO: Run Behavior\BuildLiteBehavior [ RunTime:0.000018s ]
INFO: [ app_init ] --END-- [ RunTime:0.001307s ]
INFO: [ app_begin ] --START--
INFO: Run Behavior\ReadHtmlCacheBehavior [ RunTime:0.002007s ]
INFO: [ app_begin ] --END-- [ RunTime:0.002152s ]

[ 2019-04-19T20:51:50+08:00 ] 127.0.0.1 /PHPstormProject/TP_hotel/Hotel/index.php/home/Homepage/lanjie
INFO: [ app_init ] --START--
INFO: Run Behavior\BuildLiteBehavior [ RunTime:0.000014s ]
INFO: [ app_init ] --END-- [ RunTime:0.000601s ]
INFO: [ app_begin ] --START--
INFO: Run Behavior\ReadHtmlCacheBehavior [ RunTime:0.001333s ]
INFO: [ app_begin ] --END-- [ RunTime:0.001455s ]

[ 2019-04-19T20:53:15+08:00 ] 127.0.0.1 /PHPstormProject/TP_hotel/Hotel/index.php/home/Homepage/lanjie
INFO: [ app_init ] --START--
INFO: Run Behavior\BuildLiteBehavior [ RunTime:0.000014s ]
INFO: [ app_init ] --END-- [ RunTime:0.000665s ]
INFO: [ app_begin ] --START--
INFO: Run Behavior\ReadHtmlCacheBehavior [ RunTime:0.001729s ]
INFO: [ app_begin ] --END-- [ RunTime:0.001822s ]

[ 2019-04-19T20:53:59+08:00 ] 127.0.0.1 /PHPstormProject/TP_hotel/Hotel/index.php/home/Homepage/lanjie
INFO: [ app_init ] --START--
INFO: Run Behavior\BuildLiteBehavior [ RunTime:0.000016s ]
INFO: [ app_init ] --END-- [ RunTime:0.000853s ]
INFO: [ app_begin ] --START--
INFO: Run Behavior\ReadHtmlCacheBehavior [ RunTime:0.001750s ]
INFO: [ app_begin ] --END-- [ RunTime:0.001835s ]

[ 2019-04-19T20:54:20+08:00 ] 127.0.0.1 /PHPstormProject/TP_hotel/Hotel/index.php/home/Homepage/lanjie
INFO: [ app_init ] --START--
INFO: Run Behavior\BuildLiteBehavior [ RunTime:0.000019s ]
INFO: [ app_init ] --END-- [ RunTime:0.000839s ]
INFO: [ app_begin ] --START--
INFO: Run Behavior\ReadHtmlCacheBehavior [ RunTime:0.001457s ]
INFO: [ app_begin ] --END-- [ RunTime:0.001526s ]

[ 2019-04-19T20:54:23+08:00 ] 127.0.0.1 /PHPstormProject/TP_hotel/Hotel/index.php/home/Login/logout
INFO: [ app_init ] --START--
INFO: Run Behavior\BuildLiteBehavior [ RunTime:0.000010s ]
INFO: [ app_init ] --END-- [ RunTime:0.000402s ]
INFO: [ app_begin ] --START--
INFO: Run Behavior\ReadHtmlCacheBehavior [ RunTime:0.000903s ]
INFO: [ app_begin ] --END-- [ RunTime:0.000944s ]

[ 2019-04-19T20:54:28+08:00 ] 127.0.0.1 /PHPstormProject/TP_hotel/Hotel/index.php/home/Login/userLogin
INFO: [ app_init ] --START--
INFO: Run Behavior\BuildLiteBehavior [ RunTime:0.000009s ]
INFO: [ app_init ] --END-- [ RunTime:0.000417s ]
INFO: [ app_begin ] --START--
INFO: Run Behavior\ReadHtmlCacheBehavior [ RunTime:0.001669s ]
INFO: [ app_begin ] --END-- [ RunTime:0.001726s ]
SQL: SHOW COLUMNS FROM `m_user` [ RunTime:0.0044s ]
SQL: SELECT * FROM `m_user` WHERE ( Uname='1' ) LIMIT 1   [ RunTime:0.0005s ]

[ 2019-04-19T20:54:28+08:00 ] 127.0.0.1 /PHPstormProject/TP_hotel/Hotel/index.php/home/Homepage/lanjie
INFO: [ app_init ] --START--
INFO: Run Behavior\BuildLiteBehavior [ RunTime:0.000014s ]
INFO: [ app_init ] --END-- [ RunTime:0.000566s ]
INFO: [ app_begin ] --START--
INFO: Run Behavior\ReadHtmlCacheBehavior [ RunTime:0.001379s ]
INFO: [ app_begin ] --END-- [ RunTime:0.001443s ]

